Virtual User Script started at: 22.09.2020 9:59:46	[MsgId: MMSG-15967]
Starting action vuser_init.	[MsgId: MMSG-15919]
Web Turbo Replay of LoadRunner 12.55.0 for Windows 10; build 911 (èþë 24 2017 19:46:00)  	[MsgId: MMSG-26983]
Run mode: HTML  	[MsgId: MMSG-26993]
Replay user agent: Mozilla/5.0 (Windows NT 10.0; WOW64; Trident/7.0; rv:11.0) like Gecko  	[MsgId: MMSG-26988]
Run-Time Settings file: "C:\Users\alex\AppData\Local\Temp\lr5tmpdirSAB.712\lrcfg8ct.724\cfgSv6.725"  	[MsgId: MMSG-27141]
Ending action vuser_init.	[MsgId: MMSG-15918]
Running Vuser...	[MsgId: MMSG-15964]
Starting iteration 1.	[MsgId: MMSG-15968]
Maximum number of concurrent connections per server: 6  	[MsgId: MMSG-26989]
Starting action Action.	[MsgId: MMSG-15919]
Action.c(2): Notify: Transaction "UC5_View_Tickets" started.	[MsgId: MMSG-16999]
Action.c(4): Notify: Transaction "goToSite" started.	[MsgId: MMSG-16999]
Action.c(24): web_reg_save_param started  	[MsgId: MMSG-26355]
Action.c(24): Registering web_reg_save_param was successful  	[MsgId: MMSG-26390]
Action.c(30): web_reg_find started  	[MsgId: MMSG-26355]
Action.c(30): Registering web_reg_find was successful  	[MsgId: MMSG-26390]
Action.c(33): web_url("WebTours") started  	[MsgId: MMSG-26355]
Action.c(33): Detected non-resource "http://localhost:1080/WebTours/header.html" in "http://localhost:1080/WebTours/"  	[MsgId: MMSG-26574]
Action.c(33): Detected non-resource "http://localhost:1080/cgi-bin/welcome.pl?signOff=true" in "http://localhost:1080/WebTours/"  	[MsgId: MMSG-26574]
Action.c(33): Found resource "http://localhost:1080/WebTours/images/hp_logo.png" in HTML "http://localhost:1080/WebTours/header.html"  	[MsgId: MMSG-26659]
Action.c(33): Found resource "http://localhost:1080/WebTours/images/webtours.png" in HTML "http://localhost:1080/WebTours/header.html"  	[MsgId: MMSG-26659]
Action.c(33): Detected non-resource "http://localhost:1080/cgi-bin/nav.pl?in=home" in "http://localhost:1080/cgi-bin/welcome.pl?signOff=true"  	[MsgId: MMSG-26574]
Action.c(33): Detected non-resource "http://localhost:1080/WebTours/home.html" in "http://localhost:1080/cgi-bin/welcome.pl?signOff=true"  	[MsgId: MMSG-26574]
Action.c(33): Notify: Saving Parameter "userSession = 129667.945402997zzzQHQtpQtVzzzzHtAAVipHzQzf".	[MsgId: MMSG-13798]
Action.c(33): Found resource "http://localhost:1080/WebTours/images/mer_login.gif" in HTML "http://localhost:1080/cgi-bin/nav.pl?in=home"  	[MsgId: MMSG-26659]
Action.c(33): Registered web_reg_find successful for "Text=Welcome to the Web Tours site" (count=1)  	[MsgId: MMSG-26364]
Action.c(33): web_url("WebTours") was successful, 10079 body bytes, 2371 header bytes, 24 chunking overhead bytes  	[MsgId: MMSG-26385]
Action.c(43): Notify: Transaction "goToSite" ended with a "Pass" status (Duration: 0,2562 Wasted Time: 0,0043).	[MsgId: MMSG-16871]
Action.c(46): lr_think_time: 5,00 seconds.	[MsgId: MMSG-15948]
Action.c(49): Notify: Transaction "login" started.	[MsgId: MMSG-16999]
Action.c(51): web_reg_find started  	[MsgId: MMSG-26355]
Action.c(51): Registering web_reg_find was successful  	[MsgId: MMSG-26390]
Action.c(54): web_submit_data("login.pl") started  	[MsgId: MMSG-26355]
Action.c(54): Notify: Parameter Substitution: parameter "userSession" =  "129667.945402997zzzQHQtpQtVzzzzHtAAVipHzQzf"	[MsgId: MMSG-13992]
Action.c(54): Notify: Parameter Substitution: parameter "login" =  "nina"	[MsgId: MMSG-13992]
Action.c(54): Notify: Next row for parameter password = 1 [table  = password].	[MsgId: MMSG-13876]
Action.c(54): Notify: Parameter Substitution: parameter "password" =  "dvde"	[MsgId: MMSG-13992]
Action.c(54): Detected non-resource "http://localhost:1080/cgi-bin/nav.pl?page=menu&in=home" in "http://localhost:1080/cgi-bin/login.pl"  	[MsgId: MMSG-26574]
Action.c(54): Detected non-resource "http://localhost:1080/cgi-bin/login.pl?intro=true" in "http://localhost:1080/cgi-bin/login.pl"  	[MsgId: MMSG-26574]
Action.c(54): Found resource "http://localhost:1080/WebTours/images/flights.gif" in HTML "http://localhost:1080/cgi-bin/nav.pl?page=menu&in=home"  	[MsgId: MMSG-26659]
Action.c(54): Found resource "http://localhost:1080/WebTours/images/itinerary.gif" in HTML "http://localhost:1080/cgi-bin/nav.pl?page=menu&in=home"  	[MsgId: MMSG-26659]
Action.c(54): Found resource "http://localhost:1080/WebTours/images/in_home.gif" in HTML "http://localhost:1080/cgi-bin/nav.pl?page=menu&in=home"  	[MsgId: MMSG-26659]
Action.c(54): Found resource "http://localhost:1080/WebTours/images/signoff.gif" in HTML "http://localhost:1080/cgi-bin/nav.pl?page=menu&in=home"  	[MsgId: MMSG-26659]
Action.c(54): Registered web_reg_find successful for "Text=Welcome" (count=2)  	[MsgId: MMSG-26364]
Action.c(54): web_submit_data("login.pl") was successful, 5779 body bytes, 2034 header bytes, 36 chunking overhead bytes  	[MsgId: MMSG-26385]
Action.c(71): Notify: Transaction "login" ended with a "Pass" status (Duration: 0,1654 Wasted Time: 0,0001).	[MsgId: MMSG-16871]
Action.c(73): lr_think_time: 5,00 seconds.	[MsgId: MMSG-15948]
Action.c(75): Notify: Transaction "click itinerary" started.	[MsgId: MMSG-16999]
Action.c(77): web_reg_find started  	[MsgId: MMSG-26355]
Action.c(77): Registering web_reg_find was successful  	[MsgId: MMSG-26390]
Action.c(80): web_url("Itinerary Button") started  	[MsgId: MMSG-26355]
Action.c(80): Detected non-resource "http://localhost:1080/cgi-bin/nav.pl?page=menu&in=itinerary" in "http://localhost:1080/cgi-bin/welcome.pl?page=itinerary"  	[MsgId: MMSG-26574]
Action.c(80): Detected non-resource "http://localhost:1080/cgi-bin/itinerary.pl" in "http://localhost:1080/cgi-bin/welcome.pl?page=itinerary"  	[MsgId: MMSG-26574]
Action.c(80): Resource "http://localhost:1080/WebTours/images/flights.gif" is in the cache already and will not be downloaded again  	[MsgId: MMSG-26655]
Action.c(80): Found resource "http://localhost:1080/WebTours/images/in_itinerary.gif" in HTML "http://localhost:1080/cgi-bin/nav.pl?page=menu&in=itinerary"  	[MsgId: MMSG-26659]
Action.c(80): Found resource "http://localhost:1080/WebTours/images/home.gif" in HTML "http://localhost:1080/cgi-bin/nav.pl?page=menu&in=itinerary"  	[MsgId: MMSG-26659]
Action.c(80): Resource "http://localhost:1080/WebTours/images/signoff.gif" is in the cache already and will not be downloaded again  	[MsgId: MMSG-26655]
Action.c(80): Found resource "http://localhost:1080/WebTours/images/cancelreservation.gif" in HTML "http://localhost:1080/cgi-bin/itinerary.pl"  	[MsgId: MMSG-26659]
Action.c(80): Found resource "http://localhost:1080/WebTours/images/cancelallreservations.gif" in HTML "http://localhost:1080/cgi-bin/itinerary.pl"  	[MsgId: MMSG-26659]
Action.c(80): Registered web_reg_find successful for "Text=Itinerary" (count=3)  	[MsgId: MMSG-26364]
Action.c(80): web_url("Itinerary Button") was successful, 40387 body bytes, 1917 header bytes, 99 chunking overhead bytes  	[MsgId: MMSG-26385]
Action.c(90): Notify: Transaction "click itinerary" ended with a "Pass" status (Duration: 0,1854 Wasted Time: 0,0001).	[MsgId: MMSG-16871]
Action.c(92): lr_think_time: 5,00 seconds.	[MsgId: MMSG-15948]
Action.c(94): Notify: Transaction "logout" started.	[MsgId: MMSG-16999]
Action.c(96): web_reg_find started  	[MsgId: MMSG-26355]
Action.c(96): Registering web_reg_find was successful  	[MsgId: MMSG-26390]
Action.c(99): web_url("SignOff Button") started  	[MsgId: MMSG-26355]
Action.c(99): Detected non-resource "http://localhost:1080/cgi-bin/nav.pl?in=home" in "http://localhost:1080/cgi-bin/welcome.pl?signOff=1"  	[MsgId: MMSG-26574]
Action.c(99): Detected non-resource "http://localhost:1080/WebTours/home.html" in "http://localhost:1080/cgi-bin/welcome.pl?signOff=1"  	[MsgId: MMSG-26574]
Action.c(99): Retrieving data from cache for "http://localhost:1080/WebTours/home.html"  	[MsgId: MMSG-26558]
Action.c(99): Resource "http://localhost:1080/WebTours/images/mer_login.gif" is in the cache already and will not be downloaded again  	[MsgId: MMSG-26655]
Action.c(99): Registered web_reg_find successful for "Text=To make reservations,please enter your account information to the left" (count=1)  	[MsgId: MMSG-26364]
Action.c(99): web_url("SignOff Button") was successful, 2175 body bytes, 584 header bytes, 24 chunking overhead bytes  	[MsgId: MMSG-26385]
Action.c(109): Notify: Transaction "logout" ended with a "Pass" status (Duration: 0,1507 Wasted Time: 0,0000).	[MsgId: MMSG-16871]
Action.c(111): Notify: Transaction "UC5_View_Tickets" ended with a "Pass" status (Duration: 15,7600 Think Time: 15,0011 Wasted Time: 0,0044).	[MsgId: MMSG-16870]
Ending action Action.	[MsgId: MMSG-15918]
Ending iteration 1.	[MsgId: MMSG-15965]
Waiting 44,2390 seconds for iteration pacing.	[MsgId: MMSG-15996]
Starting iteration 2.	[MsgId: MMSG-15968]
Notify: Next row for parameter login = 2 [table  = login].	[MsgId: MMSG-13876]
Notify: Getting new value for parameter 'login': table = '..\Parameters\login.dat' column = '0' row = '2'.	[MsgId: MMSG-13877]
Notify: Next row for parameter password = 2 [table  = password].	[MsgId: MMSG-13876]
Notify: Getting new value for parameter 'password': table = '..\Parameters\password.dat' column = '0' row = '2'.	[MsgId: MMSG-13877]
Starting action Action.	[MsgId: MMSG-15919]
Action.c(2): Notify: Transaction "UC5_View_Tickets" started.	[MsgId: MMSG-16999]
Action.c(4): Notify: Transaction "goToSite" started.	[MsgId: MMSG-16999]
Action.c(24): web_reg_save_param started  	[MsgId: MMSG-26355]
Action.c(24): Registering web_reg_save_param was successful  	[MsgId: MMSG-26390]
Action.c(30): web_reg_find started  	[MsgId: MMSG-26355]
Action.c(30): Registering web_reg_find was successful  	[MsgId: MMSG-26390]
Action.c(33): web_url("WebTours") started  	[MsgId: MMSG-26355]
Action.c(33): Detected non-resource "http://localhost:1080/WebTours/header.html" in "http://localhost:1080/WebTours/"  	[MsgId: MMSG-26574]
Action.c(33): Detected non-resource "http://localhost:1080/cgi-bin/welcome.pl?signOff=true" in "http://localhost:1080/WebTours/"  	[MsgId: MMSG-26574]
Action.c(33): Found resource "http://localhost:1080/WebTours/images/hp_logo.png" in HTML "http://localhost:1080/WebTours/header.html"  	[MsgId: MMSG-26659]
Action.c(33): Found resource "http://localhost:1080/WebTours/images/webtours.png" in HTML "http://localhost:1080/WebTours/header.html"  	[MsgId: MMSG-26659]
Action.c(33): Detected non-resource "http://localhost:1080/cgi-bin/nav.pl?in=home" in "http://localhost:1080/cgi-bin/welcome.pl?signOff=true"  	[MsgId: MMSG-26574]
Action.c(33): Detected non-resource "http://localhost:1080/WebTours/home.html" in "http://localhost:1080/cgi-bin/welcome.pl?signOff=true"  	[MsgId: MMSG-26574]
Action.c(33): Notify: Saving Parameter "userSession = 129667.950263264zzzQHQfpVQVzzzzHtAAVipHHVVf".	[MsgId: MMSG-13798]
Action.c(33): Found resource "http://localhost:1080/WebTours/images/mer_login.gif" in HTML "http://localhost:1080/cgi-bin/nav.pl?in=home"  	[MsgId: MMSG-26659]
Action.c(33): Registered web_reg_find successful for "Text=Welcome to the Web Tours site" (count=1)  	[MsgId: MMSG-26364]
Action.c(33): web_url("WebTours") was successful, 10079 body bytes, 2371 header bytes, 24 chunking overhead bytes  	[MsgId: MMSG-26385]
Action.c(43): Notify: Transaction "goToSite" ended with a "Pass" status (Duration: 0,1462 Wasted Time: 0,0002).	[MsgId: MMSG-16871]
Action.c(46): lr_think_time: 5,00 seconds.	[MsgId: MMSG-15948]
Action.c(49): Notify: Transaction "login" started.	[MsgId: MMSG-16999]
Action.c(51): web_reg_find started  	[MsgId: MMSG-26355]
Action.c(51): Registering web_reg_find was successful  	[MsgId: MMSG-26390]
Action.c(54): web_submit_data("login.pl") started  	[MsgId: MMSG-26355]
Action.c(54): Notify: Parameter Substitution: parameter "userSession" =  "129667.950263264zzzQHQfpVQVzzzzHtAAVipHHVVf"	[MsgId: MMSG-13992]
Action.c(54): Notify: Parameter Substitution: parameter "login" =  "nina1"	[MsgId: MMSG-13992]
Action.c(54): Notify: Next row for parameter password = 2 [table  = password].	[MsgId: MMSG-13876]
Action.c(54): Notify: Parameter Substitution: parameter "password" =  "dvde1"	[MsgId: MMSG-13992]
Action.c(54): Detected non-resource "http://localhost:1080/cgi-bin/nav.pl?page=menu&in=home" in "http://localhost:1080/cgi-bin/login.pl"  	[MsgId: MMSG-26574]
Action.c(54): Detected non-resource "http://localhost:1080/cgi-bin/login.pl?intro=true" in "http://localhost:1080/cgi-bin/login.pl"  	[MsgId: MMSG-26574]
Action.c(54): Found resource "http://localhost:1080/WebTours/images/flights.gif" in HTML "http://localhost:1080/cgi-bin/nav.pl?page=menu&in=home"  	[MsgId: MMSG-26659]
Action.c(54): Found resource "http://localhost:1080/WebTours/images/itinerary.gif" in HTML "http://localhost:1080/cgi-bin/nav.pl?page=menu&in=home"  	[MsgId: MMSG-26659]
Action.c(54): Found resource "http://localhost:1080/WebTours/images/in_home.gif" in HTML "http://localhost:1080/cgi-bin/nav.pl?page=menu&in=home"  	[MsgId: MMSG-26659]
Action.c(54): Found resource "http://localhost:1080/WebTours/images/signoff.gif" in HTML "http://localhost:1080/cgi-bin/nav.pl?page=menu&in=home"  	[MsgId: MMSG-26659]
Action.c(54): Registered web_reg_find successful for "Text=Welcome" (count=2)  	[MsgId: MMSG-26364]
Action.c(54): web_submit_data("login.pl") was successful, 5780 body bytes, 2037 header bytes, 36 chunking overhead bytes  	[MsgId: MMSG-26385]
Action.c(71): Notify: Transaction "login" ended with a "Pass" status (Duration: 0,1522 Wasted Time: 0,0000).	[MsgId: MMSG-16871]
Action.c(73): lr_think_time: 5,00 seconds.	[MsgId: MMSG-15948]
Action.c(75): Notify: Transaction "click itinerary" started.	[MsgId: MMSG-16999]
Action.c(77): web_reg_find started  	[MsgId: MMSG-26355]
Action.c(77): Registering web_reg_find was successful  	[MsgId: MMSG-26390]
Action.c(80): web_url("Itinerary Button") started  	[MsgId: MMSG-26355]
Action.c(80): Detected non-resource "http://localhost:1080/cgi-bin/nav.pl?page=menu&in=itinerary" in "http://localhost:1080/cgi-bin/welcome.pl?page=itinerary"  	[MsgId: MMSG-26574]
Action.c(80): Detected non-resource "http://localhost:1080/cgi-bin/itinerary.pl" in "http://localhost:1080/cgi-bin/welcome.pl?page=itinerary"  	[MsgId: MMSG-26574]
Action.c(80): Error -26612: HTTP Status-Code=500 (Internal Server Error) for "http://localhost:1080/cgi-bin/nav.pl?page=menu&in=itinerary"  	[MsgId: MERR-26612]
Action.c(80): Found resource "http://localhost:1080/WebTours/images/cancelreservation.gif" in HTML "http://localhost:1080/cgi-bin/itinerary.pl"  	[MsgId: MMSG-26659]
Action.c(80): Found resource "http://localhost:1080/WebTours/images/cancelallreservations.gif" in HTML "http://localhost:1080/cgi-bin/itinerary.pl"  	[MsgId: MMSG-26659]
Action.c(80): Registered web_reg_find successful for "Text=Itinerary" (count=2)  	[MsgId: MMSG-26364]
Action.c(80): web_url("Itinerary Button") highest severity level was "ERROR", 24622 body bytes, 1258 header bytes, 63 chunking overhead bytes  	[MsgId: MMSG-26387]
Action.c(80): Notify: Transaction "click itinerary" ended with a "Fail" status (Duration: 0,1683 Wasted Time: 0,0000).	[MsgId: MMSG-16871]
Action.c(80): Notify: Transaction "click itinerary" has 1 error message(s).	[MsgId: MMSG-16818]
Action.c(80): Notify: The 1st error message associated with transaction "click itinerary" is "Error -26612: HTTP Status-Code=500 (Internal Server Error) for "http://localhost:1080/cgi-bin/nav.pl?page=menu&in=itinerary""	[MsgId: MMSG-16819]
Action.c(80): Notify: Transaction "UC5_View_Tickets" ended with a "Fail" status (Duration: 10,4681 Think Time: 10,0008 Wasted Time: 0,0003).	[MsgId: MMSG-16870]
Action.c(80): Notify: Transaction "UC5_View_Tickets" has 1 error message(s).	[MsgId: MMSG-16818]
Action.c(80): Notify: The 1st error message associated with transaction "UC5_View_Tickets" is "Error -26612: HTTP Status-Code=500 (Internal Server Error) for "http://localhost:1080/cgi-bin/nav.pl?page=menu&in=itinerary""	[MsgId: MMSG-16819]
Ending action Action.	[MsgId: MMSG-15918]
Ending iteration 2.	[MsgId: MMSG-15965]
Waiting 49,5300 seconds for iteration pacing.	[MsgId: MMSG-15996]
Starting iteration 3.	[MsgId: MMSG-15968]
Notify: Next row for parameter login = 3 [table  = login].	[MsgId: MMSG-13876]
Notify: Getting new value for parameter 'login': table = '..\Parameters\login.dat' column = '0' row = '3'.	[MsgId: MMSG-13877]
Notify: Next row for parameter password = 3 [table  = password].	[MsgId: MMSG-13876]
Notify: Getting new value for parameter 'password': table = '..\Parameters\password.dat' column = '0' row = '3'.	[MsgId: MMSG-13877]
Starting action Action.	[MsgId: MMSG-15919]
Action.c(2): Notify: Transaction "UC5_View_Tickets" started.	[MsgId: MMSG-16999]
Action.c(4): Notify: Transaction "goToSite" started.	[MsgId: MMSG-16999]
Action.c(24): web_reg_save_param started  	[MsgId: MMSG-26355]
Action.c(24): Registering web_reg_save_param was successful  	[MsgId: MMSG-26390]
Action.c(30): web_reg_find started  	[MsgId: MMSG-26355]
Action.c(30): Registering web_reg_find was successful  	[MsgId: MMSG-26390]
Action.c(33): web_url("WebTours") started  	[MsgId: MMSG-26355]
Action.c(33): Detected non-resource "http://localhost:1080/WebTours/header.html" in "http://localhost:1080/WebTours/"  	[MsgId: MMSG-26574]
Action.c(33): Detected non-resource "http://localhost:1080/cgi-bin/welcome.pl?signOff=true" in "http://localhost:1080/WebTours/"  	[MsgId: MMSG-26574]
Action.c(33): Found resource "http://localhost:1080/WebTours/images/hp_logo.png" in HTML "http://localhost:1080/WebTours/header.html"  	[MsgId: MMSG-26659]
Action.c(33): Found resource "http://localhost:1080/WebTours/images/webtours.png" in HTML "http://localhost:1080/WebTours/header.html"  	[MsgId: MMSG-26659]
Action.c(33): Detected non-resource "http://localhost:1080/cgi-bin/nav.pl?in=home" in "http://localhost:1080/cgi-bin/welcome.pl?signOff=true"  	[MsgId: MMSG-26574]
Action.c(33): Detected non-resource "http://localhost:1080/WebTours/home.html" in "http://localhost:1080/cgi-bin/welcome.pl?signOff=true"  	[MsgId: MMSG-26574]
Action.c(33): Notify: Saving Parameter "userSession = 129667.955123532zzzQHQfpttVzzzzHtAAVipHHczf".	[MsgId: MMSG-13798]
Action.c(33): Found resource "http://localhost:1080/WebTours/images/mer_login.gif" in HTML "http://localhost:1080/cgi-bin/nav.pl?in=home"  	[MsgId: MMSG-26659]
Action.c(33): Registered web_reg_find successful for "Text=Welcome to the Web Tours site" (count=1)  	[MsgId: MMSG-26364]
Action.c(33): web_url("WebTours") was successful, 10079 body bytes, 2371 header bytes, 24 chunking overhead bytes  	[MsgId: MMSG-26385]
Action.c(43): Notify: Transaction "goToSite" ended with a "Pass" status (Duration: 0,1447 Wasted Time: 0,0002).	[MsgId: MMSG-16871]
Action.c(46): lr_think_time: 5,00 seconds.	[MsgId: MMSG-15948]
Action.c(49): Notify: Transaction "login" started.	[MsgId: MMSG-16999]
Action.c(51): web_reg_find started  	[MsgId: MMSG-26355]
Action.c(51): Registering web_reg_find was successful  	[MsgId: MMSG-26390]
Action.c(54): web_submit_data("login.pl") started  	[MsgId: MMSG-26355]
Action.c(54): Notify: Parameter Substitution: parameter "userSession" =  "129667.955123532zzzQHQfpttVzzzzHtAAVipHHczf"	[MsgId: MMSG-13992]
Action.c(54): Notify: Parameter Substitution: parameter "login" =  "nina2"	[MsgId: MMSG-13992]
Action.c(54): Notify: Next row for parameter password = 3 [table  = password].	[MsgId: MMSG-13876]
Action.c(54): Notify: Parameter Substitution: parameter "password" =  "dvde2"	[MsgId: MMSG-13992]
Action.c(54): Detected non-resource "http://localhost:1080/cgi-bin/nav.pl?page=menu&in=home" in "http://localhost:1080/cgi-bin/login.pl"  	[MsgId: MMSG-26574]
Action.c(54): Detected non-resource "http://localhost:1080/cgi-bin/login.pl?intro=true" in "http://localhost:1080/cgi-bin/login.pl"  	[MsgId: MMSG-26574]
Action.c(54): Found resource "http://localhost:1080/WebTours/images/flights.gif" in HTML "http://localhost:1080/cgi-bin/nav.pl?page=menu&in=home"  	[MsgId: MMSG-26659]
Action.c(54): Found resource "http://localhost:1080/WebTours/images/itinerary.gif" in HTML "http://localhost:1080/cgi-bin/nav.pl?page=menu&in=home"  	[MsgId: MMSG-26659]
Action.c(54): Found resource "http://localhost:1080/WebTours/images/in_home.gif" in HTML "http://localhost:1080/cgi-bin/nav.pl?page=menu&in=home"  	[MsgId: MMSG-26659]
Action.c(54): Found resource "http://localhost:1080/WebTours/images/signoff.gif" in HTML "http://localhost:1080/cgi-bin/nav.pl?page=menu&in=home"  	[MsgId: MMSG-26659]
Action.c(54): Registered web_reg_find successful for "Text=Welcome" (count=2)  	[MsgId: MMSG-26364]
Action.c(54): web_submit_data("login.pl") was successful, 5780 body bytes, 2037 header bytes, 36 chunking overhead bytes  	[MsgId: MMSG-26385]
Action.c(71): Notify: Transaction "login" ended with a "Pass" status (Duration: 0,1579 Wasted Time: 0,0000).	[MsgId: MMSG-16871]
Action.c(73): lr_think_time: 5,00 seconds.	[MsgId: MMSG-15948]
Action.c(75): Notify: Transaction "click itinerary" started.	[MsgId: MMSG-16999]
Action.c(77): web_reg_find started  	[MsgId: MMSG-26355]
Action.c(77): Registering web_reg_find was successful  	[MsgId: MMSG-26390]
Action.c(80): web_url("Itinerary Button") started  	[MsgId: MMSG-26355]
Action.c(80): Detected non-resource "http://localhost:1080/cgi-bin/nav.pl?page=menu&in=itinerary" in "http://localhost:1080/cgi-bin/welcome.pl?page=itinerary"  	[MsgId: MMSG-26574]
Action.c(80): Detected non-resource "http://localhost:1080/cgi-bin/itinerary.pl" in "http://localhost:1080/cgi-bin/welcome.pl?page=itinerary"  	[MsgId: MMSG-26574]
Action.c(80): Resource "http://localhost:1080/WebTours/images/flights.gif" is in the cache already and will not be downloaded again  	[MsgId: MMSG-26655]
Action.c(80): Found resource "http://localhost:1080/WebTours/images/in_itinerary.gif" in HTML "http://localhost:1080/cgi-bin/nav.pl?page=menu&in=itinerary"  	[MsgId: MMSG-26659]
Action.c(80): Found resource "http://localhost:1080/WebTours/images/home.gif" in HTML "http://localhost:1080/cgi-bin/nav.pl?page=menu&in=itinerary"  	[MsgId: MMSG-26659]
Action.c(80): Resource "http://localhost:1080/WebTours/images/signoff.gif" is in the cache already and will not be downloaded again  	[MsgId: MMSG-26655]
Action.c(80): Found resource "http://localhost:1080/WebTours/images/cancelreservation.gif" in HTML "http://localhost:1080/cgi-bin/itinerary.pl"  	[MsgId: MMSG-26659]
Action.c(80): Found resource "http://localhost:1080/WebTours/images/cancelallreservations.gif" in HTML "http://localhost:1080/cgi-bin/itinerary.pl"  	[MsgId: MMSG-26659]
Action.c(80): Registered web_reg_find successful for "Text=Itinerary" (count=3)  	[MsgId: MMSG-26364]
Action.c(80): web_url("Itinerary Button") was successful, 23506 body bytes, 1917 header bytes, 67 chunking overhead bytes  	[MsgId: MMSG-26385]
Action.c(90): Notify: Transaction "click itinerary" ended with a "Pass" status (Duration: 0,2120 Wasted Time: 0,0001).	[MsgId: MMSG-16871]
Action.c(92): lr_think_time: 5,00 seconds.	[MsgId: MMSG-15948]
Action.c(94): Notify: Transaction "logout" started.	[MsgId: MMSG-16999]
Action.c(96): web_reg_find started  	[MsgId: MMSG-26355]
Action.c(96): Registering web_reg_find was successful  	[MsgId: MMSG-26390]
Action.c(99): web_url("SignOff Button") started  	[MsgId: MMSG-26355]
Action.c(99): Detected non-resource "http://localhost:1080/cgi-bin/nav.pl?in=home" in "http://localhost:1080/cgi-bin/welcome.pl?signOff=1"  	[MsgId: MMSG-26574]
Action.c(99): Detected non-resource "http://localhost:1080/WebTours/home.html" in "http://localhost:1080/cgi-bin/welcome.pl?signOff=1"  	[MsgId: MMSG-26574]
Action.c(99): Retrieving data from cache for "http://localhost:1080/WebTours/home.html"  	[MsgId: MMSG-26558]
Action.c(99): Resource "http://localhost:1080/WebTours/images/mer_login.gif" is in the cache already and will not be downloaded again  	[MsgId: MMSG-26655]
Action.c(99): Registered web_reg_find successful for "Text=To make reservations,please enter your account information to the left" (count=1)  	[MsgId: MMSG-26364]
Action.c(99): web_url("SignOff Button") was successful, 2175 body bytes, 584 header bytes, 24 chunking overhead bytes  	[MsgId: MMSG-26385]
Action.c(109): Notify: Transaction "logout" ended with a "Pass" status (Duration: 0,1431 Wasted Time: 0,0000).	[MsgId: MMSG-16871]
Action.c(111): Notify: Transaction "UC5_View_Tickets" ended with a "Pass" status (Duration: 15,6602 Think Time: 15,0016 Wasted Time: 0,0003).	[MsgId: MMSG-16870]
Ending action Action.	[MsgId: MMSG-15918]
Action was aborted.	[MsgId: MMSG-10694]
Ending Vuser...	[MsgId: MMSG-15966]
Starting action vuser_end.	[MsgId: MMSG-15919]
Ending action vuser_end.	[MsgId: MMSG-15918]
Vuser Terminated.	[MsgId: MMSG-15963]
Vuser 0 (thread 25316), ended OK."	[MsgId: MMSG-10695]
