Virtual User Script started at: 25.09.2020 15:20:25	[MsgId: MMSG-15967]
Starting action vuser_init.	[MsgId: MMSG-15919]
Web Turbo Replay of LoadRunner 2020.0.0 for Windows 10; build 793 (ноя 27 2019 19:51:20)  	[MsgId: MMSG-26983]
Run mode: HTML  	[MsgId: MMSG-26993]
Replay user agent: Mozilla/5.0 (Windows NT 10.0; WOW64; Trident/7.0; rv:11.0) like Gecko  	[MsgId: MMSG-26988]
Runtime Settings file: "C:\Users\alex\AppData\Local\Temp\lr5tmpdire8E.814\lrcfgFQ6.815\cfgvW1.826"  	[MsgId: MMSG-27141]
Ending action vuser_init.	[MsgId: MMSG-15918]
Running Vuser...	[MsgId: MMSG-15964]
Starting iteration 1.	[MsgId: MMSG-15968]
Maximum number of concurrent connections per server: 6  	[MsgId: MMSG-26989]
Starting action Action.	[MsgId: MMSG-15919]
Action.c(2): Notify: Transaction "UC5_View_Tickets" started.	[MsgId: MMSG-16999]
Action.c(4): Notify: Transaction "goToSite" started.	[MsgId: MMSG-16999]
Action.c(24): web_reg_save_param started  	[MsgId: MMSG-26355]
Action.c(24): Registering web_reg_save_param was successful  	[MsgId: MMSG-26390]
Action.c(30): web_reg_find started  	[MsgId: MMSG-26355]
Action.c(30): Registering web_reg_find was successful  	[MsgId: MMSG-26390]
Action.c(33): web_url("WebTours") started  	[MsgId: MMSG-26355]
Action.c(33): Detected non-resource "http://localhost:1080/WebTours/header.html" in "http://localhost:1080/WebTours/"  	[MsgId: MMSG-26574]
Action.c(33): Detected non-resource "http://localhost:1080/cgi-bin/welcome.pl?signOff=true" in "http://localhost:1080/WebTours/"  	[MsgId: MMSG-26574]
Action.c(33): Found resource "http://localhost:1080/WebTours/images/hp_logo.png" in HTML "http://localhost:1080/WebTours/header.html"  	[MsgId: MMSG-26659]
Action.c(33): Found resource "http://localhost:1080/WebTours/images/webtours.png" in HTML "http://localhost:1080/WebTours/header.html"  	[MsgId: MMSG-26659]
Action.c(33): Detected non-resource "http://localhost:1080/cgi-bin/nav.pl?in=home" in "http://localhost:1080/cgi-bin/welcome.pl?signOff=true"  	[MsgId: MMSG-26574]
Action.c(33): Detected non-resource "http://localhost:1080/WebTours/home.html" in "http://localhost:1080/cgi-bin/welcome.pl?signOff=true"  	[MsgId: MMSG-26574]
Action.c(33): Notify: Saving Parameter "userSession = 129690.500202511zzHAQffpVAtVzzzHtAAcfpHDAzcf".	[MsgId: MMSG-13798]
Action.c(33): Found resource "http://localhost:1080/WebTours/images/mer_login.gif" in HTML "http://localhost:1080/cgi-bin/nav.pl?in=home"  	[MsgId: MMSG-26659]
Action.c(33): Registered web_reg_find successful for "Text=Welcome to the Web Tours site" (count=1)  	[MsgId: MMSG-26364]
Action.c(33): web_url("WebTours") was successful, 10080 body bytes, 2371 header bytes, 24 chunking overhead bytes  	[MsgId: MMSG-26385]
Action.c(43): Notify: Transaction "goToSite" ended with a "Pass" status (Duration: 0,1647 Wasted Time: 0,0003).	[MsgId: MMSG-16871]
Action.c(46): lr_think_time: 5,00 seconds.	[MsgId: MMSG-15948]
Virtual User Script started at: 25.09.2020 15:20:30	[MsgId: MMSG-15967]
Starting action vuser_init.	[MsgId: MMSG-15919]
Web Turbo Replay of LoadRunner 2020.0.0 for Windows 10; build 793 (ноя 27 2019 19:51:20)  	[MsgId: MMSG-26983]
Run mode: HTML  	[MsgId: MMSG-26993]
Replay user agent: Mozilla/5.0 (Windows NT 10.0; WOW64; Trident/7.0; rv:11.0) like Gecko  	[MsgId: MMSG-26988]
Runtime Settings file: "C:\Users\alex\AppData\Local\Temp\lr5tmpdire8E.814\lrcfgFQ6.815\cfgvW1.826"  	[MsgId: MMSG-27141]
Ending action vuser_init.	[MsgId: MMSG-15918]
Running Vuser...	[MsgId: MMSG-15964]
Starting iteration 1.	[MsgId: MMSG-15968]
Maximum number of concurrent connections per server: 6  	[MsgId: MMSG-26989]
Starting action Action.	[MsgId: MMSG-15919]
Action.c(2): Notify: Transaction "UC5_View_Tickets" started.	[MsgId: MMSG-16999]
Action.c(4): Notify: Transaction "goToSite" started.	[MsgId: MMSG-16999]
Action.c(24): web_reg_save_param started  	[MsgId: MMSG-26355]
Action.c(24): Registering web_reg_save_param was successful  	[MsgId: MMSG-26390]
Action.c(30): web_reg_find started  	[MsgId: MMSG-26355]
Action.c(30): Registering web_reg_find was successful  	[MsgId: MMSG-26390]
Action.c(33): web_url("WebTours") started  	[MsgId: MMSG-26355]
Action.c(33): Detected non-resource "http://localhost:1080/WebTours/header.html" in "http://localhost:1080/WebTours/"  	[MsgId: MMSG-26574]
Action.c(33): Detected non-resource "http://localhost:1080/cgi-bin/welcome.pl?signOff=true" in "http://localhost:1080/WebTours/"  	[MsgId: MMSG-26574]
Action.c(33): Found resource "http://localhost:1080/WebTours/images/hp_logo.png" in HTML "http://localhost:1080/WebTours/header.html"  	[MsgId: MMSG-26659]
Action.c(33): Found resource "http://localhost:1080/WebTours/images/webtours.png" in HTML "http://localhost:1080/WebTours/header.html"  	[MsgId: MMSG-26659]
Action.c(33): Detected non-resource "http://localhost:1080/cgi-bin/nav.pl?in=home" in "http://localhost:1080/cgi-bin/welcome.pl?signOff=true"  	[MsgId: MMSG-26574]
Action.c(33): Detected non-resource "http://localhost:1080/WebTours/home.html" in "http://localhost:1080/cgi-bin/welcome.pl?signOff=true"  	[MsgId: MMSG-26574]
Action.c(33): Notify: Saving Parameter "userSession = 129690.500607533zzHAQffpVcftAAcfpHDAHf".	[MsgId: MMSG-13798]
Action.c(33): Found resource "http://localhost:1080/WebTours/images/mer_login.gif" in HTML "http://localhost:1080/cgi-bin/nav.pl?in=home"  	[MsgId: MMSG-26659]
Action.c(33): Registered web_reg_find successful for "Text=Welcome to the Web Tours site" (count=1)  	[MsgId: MMSG-26364]
Action.c(33): web_url("WebTours") was successful, 10074 body bytes, 2371 header bytes, 24 chunking overhead bytes  	[MsgId: MMSG-26385]
Action.c(43): Notify: Transaction "goToSite" ended with a "Pass" status (Duration: 0,1659 Wasted Time: 0,0002).	[MsgId: MMSG-16871]
Action.c(46): lr_think_time: 5,00 seconds.	[MsgId: MMSG-15948]
Action.c(49): Notify: Transaction "login" started.	[MsgId: MMSG-16999]
Action.c(51): web_reg_find started  	[MsgId: MMSG-26355]
Action.c(51): Registering web_reg_find was successful  	[MsgId: MMSG-26390]
Action.c(54): web_submit_data("login.pl") started  	[MsgId: MMSG-26355]
Action.c(54): Notify: Parameter Substitution: parameter "userSession" =  "129690.500202511zzHAQffpVAtVzzzHtAAcfpHDAzcf"	[MsgId: MMSG-13992]
Action.c(54): Notify: Parameter Substitution: parameter "login" =  "nina"	[MsgId: MMSG-13992]
Action.c(54): Notify: Next row for parameter password = 1 [table  = password].	[MsgId: MMSG-13876]
Action.c(54): Notify: Parameter Substitution: parameter "password" =  "dvde"	[MsgId: MMSG-13992]
Action.c(54): Detected non-resource "http://localhost:1080/cgi-bin/nav.pl?page=menu&in=home" in "http://localhost:1080/cgi-bin/login.pl"  	[MsgId: MMSG-26574]
Action.c(54): Detected non-resource "http://localhost:1080/cgi-bin/login.pl?intro=true" in "http://localhost:1080/cgi-bin/login.pl"  	[MsgId: MMSG-26574]
Action.c(54): Found resource "http://localhost:1080/WebTours/images/flights.gif" in HTML "http://localhost:1080/cgi-bin/nav.pl?page=menu&in=home"  	[MsgId: MMSG-26659]
Action.c(54): Found resource "http://localhost:1080/WebTours/images/itinerary.gif" in HTML "http://localhost:1080/cgi-bin/nav.pl?page=menu&in=home"  	[MsgId: MMSG-26659]
Action.c(54): Found resource "http://localhost:1080/WebTours/images/in_home.gif" in HTML "http://localhost:1080/cgi-bin/nav.pl?page=menu&in=home"  	[MsgId: MMSG-26659]
Action.c(54): Found resource "http://localhost:1080/WebTours/images/signoff.gif" in HTML "http://localhost:1080/cgi-bin/nav.pl?page=menu&in=home"  	[MsgId: MMSG-26659]
Action.c(54): Registered web_reg_find successful for "Text=Welcome" (count=2)  	[MsgId: MMSG-26364]
Action.c(54): web_submit_data("login.pl") was successful, 5779 body bytes, 2034 header bytes, 36 chunking overhead bytes  	[MsgId: MMSG-26385]
Action.c(71): Notify: Transaction "login" ended with a "Pass" status (Duration: 0,1391 Wasted Time: 0,0000).	[MsgId: MMSG-16871]
Action.c(73): lr_think_time: 5,00 seconds.	[MsgId: MMSG-15948]
Action.c(49): Notify: Transaction "login" started.	[MsgId: MMSG-16999]
Action.c(51): web_reg_find started  	[MsgId: MMSG-26355]
Action.c(51): Registering web_reg_find was successful  	[MsgId: MMSG-26390]
Action.c(54): web_submit_data("login.pl") started  	[MsgId: MMSG-26355]
Action.c(54): Notify: Parameter Substitution: parameter "userSession" =  "129690.500607533zzHAQffpVcftAAcfpHDAHf"	[MsgId: MMSG-13992]
Action.c(54): Notify: Parameter Substitution: parameter "login" =  "nina"	[MsgId: MMSG-13992]
Action.c(54): Notify: Next row for parameter password = 1 [table  = password].	[MsgId: MMSG-13876]
Action.c(54): Notify: Parameter Substitution: parameter "password" =  "dvde"	[MsgId: MMSG-13992]
Action.c(54): Detected non-resource "http://localhost:1080/cgi-bin/nav.pl?page=menu&in=home" in "http://localhost:1080/cgi-bin/login.pl"  	[MsgId: MMSG-26574]
Action.c(54): Detected non-resource "http://localhost:1080/cgi-bin/login.pl?intro=true" in "http://localhost:1080/cgi-bin/login.pl"  	[MsgId: MMSG-26574]
Action.c(54): Found resource "http://localhost:1080/WebTours/images/flights.gif" in HTML "http://localhost:1080/cgi-bin/nav.pl?page=menu&in=home"  	[MsgId: MMSG-26659]
Action.c(54): Found resource "http://localhost:1080/WebTours/images/itinerary.gif" in HTML "http://localhost:1080/cgi-bin/nav.pl?page=menu&in=home"  	[MsgId: MMSG-26659]
Action.c(54): Found resource "http://localhost:1080/WebTours/images/in_home.gif" in HTML "http://localhost:1080/cgi-bin/nav.pl?page=menu&in=home"  	[MsgId: MMSG-26659]
Action.c(54): Found resource "http://localhost:1080/WebTours/images/signoff.gif" in HTML "http://localhost:1080/cgi-bin/nav.pl?page=menu&in=home"  	[MsgId: MMSG-26659]
Action.c(54): Registered web_reg_find successful for "Text=Welcome" (count=2)  	[MsgId: MMSG-26364]
Action.c(54): web_submit_data("login.pl") was successful, 5779 body bytes, 2034 header bytes, 36 chunking overhead bytes  	[MsgId: MMSG-26385]
Action.c(71): Notify: Transaction "login" ended with a "Pass" status (Duration: 0,2162 Wasted Time: 0,0001).	[MsgId: MMSG-16871]
Action.c(73): lr_think_time: 5,00 seconds.	[MsgId: MMSG-15948]
Action.c(75): Notify: Transaction "click itinerary" started.	[MsgId: MMSG-16999]
Action.c(77): web_reg_find started  	[MsgId: MMSG-26355]
Action.c(77): Registering web_reg_find was successful  	[MsgId: MMSG-26390]
Action.c(80): web_url("Itinerary Button") started  	[MsgId: MMSG-26355]
Action.c(80): Detected non-resource "http://localhost:1080/cgi-bin/nav.pl?page=menu&in=itinerary" in "http://localhost:1080/cgi-bin/welcome.pl?page=itinerary"  	[MsgId: MMSG-26574]
Action.c(80): Detected non-resource "http://localhost:1080/cgi-bin/itinerary.pl" in "http://localhost:1080/cgi-bin/welcome.pl?page=itinerary"  	[MsgId: MMSG-26574]
Action.c(80): Resource "http://localhost:1080/WebTours/images/flights.gif" is in the cache already and will not be downloaded again  	[MsgId: MMSG-26655]
Action.c(80): Found resource "http://localhost:1080/WebTours/images/in_itinerary.gif" in HTML "http://localhost:1080/cgi-bin/nav.pl?page=menu&in=itinerary"  	[MsgId: MMSG-26659]
Action.c(80): Found resource "http://localhost:1080/WebTours/images/home.gif" in HTML "http://localhost:1080/cgi-bin/nav.pl?page=menu&in=itinerary"  	[MsgId: MMSG-26659]
Action.c(80): Resource "http://localhost:1080/WebTours/images/signoff.gif" is in the cache already and will not be downloaded again  	[MsgId: MMSG-26655]
Action.c(80): Found resource "http://localhost:1080/WebTours/images/cancelreservation.gif" in HTML "http://localhost:1080/cgi-bin/itinerary.pl"  	[MsgId: MMSG-26659]
Action.c(80): Found resource "http://localhost:1080/WebTours/images/cancelallreservations.gif" in HTML "http://localhost:1080/cgi-bin/itinerary.pl"  	[MsgId: MMSG-26659]
Action.c(80): Registered web_reg_find successful for "Text=Itinerary" (count=3)  	[MsgId: MMSG-26364]
Action.c(80): web_url("Itinerary Button") was successful, 26865 body bytes, 1917 header bytes, 75 chunking overhead bytes  	[MsgId: MMSG-26385]
Action.c(90): Notify: Transaction "click itinerary" ended with a "Pass" status (Duration: 0,1767 Wasted Time: 0,0001).	[MsgId: MMSG-16871]
Action.c(92): lr_think_time: 5,00 seconds.	[MsgId: MMSG-15948]
Action.c(75): Notify: Transaction "click itinerary" started.	[MsgId: MMSG-16999]
Action.c(77): web_reg_find started  	[MsgId: MMSG-26355]
Action.c(77): Registering web_reg_find was successful  	[MsgId: MMSG-26390]
Action.c(80): web_url("Itinerary Button") started  	[MsgId: MMSG-26355]
Action.c(80): Detected non-resource "http://localhost:1080/cgi-bin/nav.pl?page=menu&in=itinerary" in "http://localhost:1080/cgi-bin/welcome.pl?page=itinerary"  	[MsgId: MMSG-26574]
Action.c(80): Detected non-resource "http://localhost:1080/cgi-bin/itinerary.pl" in "http://localhost:1080/cgi-bin/welcome.pl?page=itinerary"  	[MsgId: MMSG-26574]
Action.c(80): Resource "http://localhost:1080/WebTours/images/flights.gif" is in the cache already and will not be downloaded again  	[MsgId: MMSG-26655]
Action.c(80): Found resource "http://localhost:1080/WebTours/images/in_itinerary.gif" in HTML "http://localhost:1080/cgi-bin/nav.pl?page=menu&in=itinerary"  	[MsgId: MMSG-26659]
Action.c(80): Found resource "http://localhost:1080/WebTours/images/home.gif" in HTML "http://localhost:1080/cgi-bin/nav.pl?page=menu&in=itinerary"  	[MsgId: MMSG-26659]
Action.c(80): Resource "http://localhost:1080/WebTours/images/signoff.gif" is in the cache already and will not be downloaded again  	[MsgId: MMSG-26655]
Action.c(80): Found resource "http://localhost:1080/WebTours/images/cancelreservation.gif" in HTML "http://localhost:1080/cgi-bin/itinerary.pl"  	[MsgId: MMSG-26659]
Action.c(80): Found resource "http://localhost:1080/WebTours/images/cancelallreservations.gif" in HTML "http://localhost:1080/cgi-bin/itinerary.pl"  	[MsgId: MMSG-26659]
Action.c(80): Registered web_reg_find successful for "Text=Itinerary" (count=3)  	[MsgId: MMSG-26364]
Action.c(80): web_url("Itinerary Button") was successful, 22265 body bytes, 1917 header bytes, 67 chunking overhead bytes  	[MsgId: MMSG-26385]
Action.c(90): Notify: Transaction "click itinerary" ended with a "Pass" status (Duration: 0,1834 Wasted Time: 0,0001).	[MsgId: MMSG-16871]
Action.c(92): lr_think_time: 5,00 seconds.	[MsgId: MMSG-15948]
Action.c(94): Notify: Transaction "logout" started.	[MsgId: MMSG-16999]
Action.c(96): web_reg_find started  	[MsgId: MMSG-26355]
Action.c(96): Registering web_reg_find was successful  	[MsgId: MMSG-26390]
Action.c(99): web_url("SignOff Button") started  	[MsgId: MMSG-26355]
Action.c(99): Detected non-resource "http://localhost:1080/cgi-bin/nav.pl?in=home" in "http://localhost:1080/cgi-bin/welcome.pl?signOff=1"  	[MsgId: MMSG-26574]
Action.c(99): Detected non-resource "http://localhost:1080/WebTours/home.html" in "http://localhost:1080/cgi-bin/welcome.pl?signOff=1"  	[MsgId: MMSG-26574]
Action.c(99): Retrieving data from cache for "http://localhost:1080/WebTours/home.html"  	[MsgId: MMSG-26558]
Action.c(99): Resource "http://localhost:1080/WebTours/images/mer_login.gif" is in the cache already and will not be downloaded again  	[MsgId: MMSG-26655]
Action.c(99): Registered web_reg_find successful for "Text=To make reservations,please enter your account information to the left" (count=1)  	[MsgId: MMSG-26364]
Action.c(99): web_url("SignOff Button") was successful, 2173 body bytes, 584 header bytes, 24 chunking overhead bytes  	[MsgId: MMSG-26385]
Action.c(109): Notify: Transaction "logout" ended with a "Pass" status (Duration: 0,1148 Wasted Time: 0,0000).	[MsgId: MMSG-16871]
Action.c(111): Notify: Transaction "UC5_View_Tickets" ended with a "Pass" status (Duration: 15,5968 Think Time: 15,0007 Wasted Time: 0,0004).	[MsgId: MMSG-16870]
Ending action Action.	[MsgId: MMSG-15918]
Ending iteration 1.	[MsgId: MMSG-15965]
Waiting 44,4020 seconds for iteration pacing.	[MsgId: MMSG-15996]
Action.c(94): Notify: Transaction "logout" started.	[MsgId: MMSG-16999]
Action.c(96): web_reg_find started  	[MsgId: MMSG-26355]
Action.c(96): Registering web_reg_find was successful  	[MsgId: MMSG-26390]
Action.c(99): web_url("SignOff Button") started  	[MsgId: MMSG-26355]
Action.c(99): Detected non-resource "http://localhost:1080/cgi-bin/nav.pl?in=home" in "http://localhost:1080/cgi-bin/welcome.pl?signOff=1"  	[MsgId: MMSG-26574]
Action.c(99): Detected non-resource "http://localhost:1080/WebTours/home.html" in "http://localhost:1080/cgi-bin/welcome.pl?signOff=1"  	[MsgId: MMSG-26574]
Action.c(99): Retrieving data from cache for "http://localhost:1080/WebTours/home.html"  	[MsgId: MMSG-26558]
Action.c(99): Resource "http://localhost:1080/WebTours/images/mer_login.gif" is in the cache already and will not be downloaded again  	[MsgId: MMSG-26655]
Action.c(99): Registered web_reg_find successful for "Text=To make reservations,please enter your account information to the left" (count=1)  	[MsgId: MMSG-26364]
Action.c(99): web_url("SignOff Button") was successful, 2170 body bytes, 584 header bytes, 24 chunking overhead bytes  	[MsgId: MMSG-26385]
Action.c(109): Notify: Transaction "logout" ended with a "Pass" status (Duration: 0,1113 Wasted Time: 0,0000).	[MsgId: MMSG-16871]
Action.c(111): Notify: Transaction "UC5_View_Tickets" ended with a "Pass" status (Duration: 15,6802 Think Time: 15,0021 Wasted Time: 0,0004).	[MsgId: MMSG-16870]
Ending action Action.	[MsgId: MMSG-15918]
Ending iteration 1.	[MsgId: MMSG-15965]
Waiting 44,3200 seconds for iteration pacing.	[MsgId: MMSG-15996]
Starting iteration 2.	[MsgId: MMSG-15968]
Notify: Next row for parameter login = 2 [table  = login].	[MsgId: MMSG-13876]
Notify: Getting new value for parameter 'login': table = '..\Parameters\login.dat' column = '0' row = '2'.	[MsgId: MMSG-13877]
Notify: Next row for parameter password = 2 [table  = password].	[MsgId: MMSG-13876]
Notify: Getting new value for parameter 'password': table = '..\Parameters\password.dat' column = '0' row = '2'.	[MsgId: MMSG-13877]
Starting action Action.	[MsgId: MMSG-15919]
Action.c(2): Notify: Transaction "UC5_View_Tickets" started.	[MsgId: MMSG-16999]
Action.c(4): Notify: Transaction "goToSite" started.	[MsgId: MMSG-16999]
Action.c(24): web_reg_save_param started  	[MsgId: MMSG-26355]
Action.c(24): Registering web_reg_save_param was successful  	[MsgId: MMSG-26390]
Action.c(30): web_reg_find started  	[MsgId: MMSG-26355]
Action.c(30): Registering web_reg_find was successful  	[MsgId: MMSG-26390]
Action.c(33): web_url("WebTours") started  	[MsgId: MMSG-26355]
Action.c(33): Detected non-resource "http://localhost:1080/WebTours/header.html" in "http://localhost:1080/WebTours/"  	[MsgId: MMSG-26574]
Action.c(33): Detected non-resource "http://localhost:1080/cgi-bin/welcome.pl?signOff=true" in "http://localhost:1080/WebTours/"  	[MsgId: MMSG-26574]
Action.c(33): Found resource "http://localhost:1080/WebTours/images/hp_logo.png" in HTML "http://localhost:1080/WebTours/header.html"  	[MsgId: MMSG-26659]
Action.c(33): Found resource "http://localhost:1080/WebTours/images/webtours.png" in HTML "http://localhost:1080/WebTours/header.html"  	[MsgId: MMSG-26659]
Action.c(33): Detected non-resource "http://localhost:1080/cgi-bin/nav.pl?in=home" in "http://localhost:1080/cgi-bin/welcome.pl?signOff=true"  	[MsgId: MMSG-26574]
Action.c(33): Detected non-resource "http://localhost:1080/WebTours/home.html" in "http://localhost:1080/cgi-bin/welcome.pl?signOff=true"  	[MsgId: MMSG-26574]
Action.c(33): Notify: Saving Parameter "userSession = 129690.505062778zzHAQffpDftVzzzHtAAcfpHDcVcf".	[MsgId: MMSG-13798]
Action.c(33): Found resource "http://localhost:1080/WebTours/images/mer_login.gif" in HTML "http://localhost:1080/cgi-bin/nav.pl?in=home"  	[MsgId: MMSG-26659]
Action.c(33): Registered web_reg_find successful for "Text=Welcome to the Web Tours site" (count=1)  	[MsgId: MMSG-26364]
Action.c(33): web_url("WebTours") was successful, 10080 body bytes, 2371 header bytes, 24 chunking overhead bytes  	[MsgId: MMSG-26385]
Action.c(43): Notify: Transaction "goToSite" ended with a "Pass" status (Duration: 0,1357 Wasted Time: 0,0003).	[MsgId: MMSG-16871]
Action.c(46): lr_think_time: 5,00 seconds.	[MsgId: MMSG-15948]
Starting iteration 2.	[MsgId: MMSG-15968]
Notify: Next row for parameter login = 2 [table  = login].	[MsgId: MMSG-13876]
Notify: Getting new value for parameter 'login': table = '..\Parameters\login.dat' column = '0' row = '2'.	[MsgId: MMSG-13877]
Notify: Next row for parameter password = 2 [table  = password].	[MsgId: MMSG-13876]
Notify: Getting new value for parameter 'password': table = '..\Parameters\password.dat' column = '0' row = '2'.	[MsgId: MMSG-13877]
Starting action Action.	[MsgId: MMSG-15919]
Action.c(2): Notify: Transaction "UC5_View_Tickets" started.	[MsgId: MMSG-16999]
Action.c(4): Notify: Transaction "goToSite" started.	[MsgId: MMSG-16999]
Action.c(24): web_reg_save_param started  	[MsgId: MMSG-26355]
Action.c(24): Registering web_reg_save_param was successful  	[MsgId: MMSG-26390]
Action.c(30): web_reg_find started  	[MsgId: MMSG-26355]
Action.c(30): Registering web_reg_find was successful  	[MsgId: MMSG-26390]
Action.c(33): web_url("WebTours") started  	[MsgId: MMSG-26355]
Action.c(33): Detected non-resource "http://localhost:1080/WebTours/header.html" in "http://localhost:1080/WebTours/"  	[MsgId: MMSG-26574]
Action.c(33): Detected non-resource "http://localhost:1080/cgi-bin/welcome.pl?signOff=true" in "http://localhost:1080/WebTours/"  	[MsgId: MMSG-26574]
Action.c(33): Found resource "http://localhost:1080/WebTours/images/hp_logo.png" in HTML "http://localhost:1080/WebTours/header.html"  	[MsgId: MMSG-26659]
Action.c(33): Found resource "http://localhost:1080/WebTours/images/webtours.png" in HTML "http://localhost:1080/WebTours/header.html"  	[MsgId: MMSG-26659]
Action.c(33): Detected non-resource "http://localhost:1080/cgi-bin/nav.pl?in=home" in "http://localhost:1080/cgi-bin/welcome.pl?signOff=true"  	[MsgId: MMSG-26574]
Action.c(33): Detected non-resource "http://localhost:1080/WebTours/home.html" in "http://localhost:1080/cgi-bin/welcome.pl?signOff=true"  	[MsgId: MMSG-26574]
Action.c(33): Notify: Saving Parameter "userSession = 129690.505467801zzHAQffpDHftAAcfpHDccf".	[MsgId: MMSG-13798]
Action.c(33): Found resource "http://localhost:1080/WebTours/images/mer_login.gif" in HTML "http://localhost:1080/cgi-bin/nav.pl?in=home"  	[MsgId: MMSG-26659]
Action.c(33): Registered web_reg_find successful for "Text=Welcome to the Web Tours site" (count=1)  	[MsgId: MMSG-26364]
Action.c(33): web_url("WebTours") was successful, 10074 body bytes, 2371 header bytes, 24 chunking overhead bytes  	[MsgId: MMSG-26385]
Action.c(43): Notify: Transaction "goToSite" ended with a "Pass" status (Duration: 0,1370 Wasted Time: 0,0002).	[MsgId: MMSG-16871]
Action.c(46): lr_think_time: 5,00 seconds.	[MsgId: MMSG-15948]
Action.c(49): Notify: Transaction "login" started.	[MsgId: MMSG-16999]
Action.c(51): web_reg_find started  	[MsgId: MMSG-26355]
Action.c(51): Registering web_reg_find was successful  	[MsgId: MMSG-26390]
Action.c(54): web_submit_data("login.pl") started  	[MsgId: MMSG-26355]
Action.c(54): Notify: Parameter Substitution: parameter "userSession" =  "129690.505062778zzHAQffpDftVzzzHtAAcfpHDcVcf"	[MsgId: MMSG-13992]
Action.c(54): Notify: Parameter Substitution: parameter "login" =  "nina1"	[MsgId: MMSG-13992]
Action.c(54): Notify: Next row for parameter password = 2 [table  = password].	[MsgId: MMSG-13876]
Action.c(54): Notify: Parameter Substitution: parameter "password" =  "dvde1"	[MsgId: MMSG-13992]
Action.c(54): Detected non-resource "http://localhost:1080/cgi-bin/nav.pl?page=menu&in=home" in "http://localhost:1080/cgi-bin/login.pl"  	[MsgId: MMSG-26574]
Action.c(54): Detected non-resource "http://localhost:1080/cgi-bin/login.pl?intro=true" in "http://localhost:1080/cgi-bin/login.pl"  	[MsgId: MMSG-26574]
Action.c(54): Found resource "http://localhost:1080/WebTours/images/flights.gif" in HTML "http://localhost:1080/cgi-bin/nav.pl?page=menu&in=home"  	[MsgId: MMSG-26659]
Action.c(54): Found resource "http://localhost:1080/WebTours/images/itinerary.gif" in HTML "http://localhost:1080/cgi-bin/nav.pl?page=menu&in=home"  	[MsgId: MMSG-26659]
Action.c(54): Found resource "http://localhost:1080/WebTours/images/in_home.gif" in HTML "http://localhost:1080/cgi-bin/nav.pl?page=menu&in=home"  	[MsgId: MMSG-26659]
Action.c(54): Found resource "http://localhost:1080/WebTours/images/signoff.gif" in HTML "http://localhost:1080/cgi-bin/nav.pl?page=menu&in=home"  	[MsgId: MMSG-26659]
Action.c(54): Registered web_reg_find successful for "Text=Welcome" (count=2)  	[MsgId: MMSG-26364]
Action.c(54): web_submit_data("login.pl") was successful, 5780 body bytes, 2037 header bytes, 36 chunking overhead bytes  	[MsgId: MMSG-26385]
Action.c(71): Notify: Transaction "login" ended with a "Pass" status (Duration: 0,1936 Wasted Time: 0,0000).	[MsgId: MMSG-16871]
Action.c(73): lr_think_time: 5,00 seconds.	[MsgId: MMSG-15948]
Virtual User Script started at: 25.09.2020 15:21:33	[MsgId: MMSG-15967]
Starting action vuser_init.	[MsgId: MMSG-15919]
Web Turbo Replay of LoadRunner 2020.0.0 for Windows 10; build 793 (ноя 27 2019 19:51:20)  	[MsgId: MMSG-26983]
Run mode: HTML  	[MsgId: MMSG-26993]
Replay user agent: Mozilla/5.0 (Windows NT 10.0; WOW64; Trident/7.0; rv:11.0) like Gecko  	[MsgId: MMSG-26988]
Runtime Settings file: "C:\Users\alex\AppData\Local\Temp\lr5tmpdire8E.814\lrcfgFQ6.815\cfgvW1.826"  	[MsgId: MMSG-27141]
Ending action vuser_init.	[MsgId: MMSG-15918]
Running Vuser...	[MsgId: MMSG-15964]
Starting iteration 1.	[MsgId: MMSG-15968]
Maximum number of concurrent connections per server: 6  	[MsgId: MMSG-26989]
Starting action Action.	[MsgId: MMSG-15919]
Action.c(2): Notify: Transaction "UC5_View_Tickets" started.	[MsgId: MMSG-16999]
Action.c(4): Notify: Transaction "goToSite" started.	[MsgId: MMSG-16999]
Action.c(24): web_reg_save_param started  	[MsgId: MMSG-26355]
Action.c(24): Registering web_reg_save_param was successful  	[MsgId: MMSG-26390]
Action.c(30): web_reg_find started  	[MsgId: MMSG-26355]
Action.c(30): Registering web_reg_find was successful  	[MsgId: MMSG-26390]
Action.c(33): web_url("WebTours") started  	[MsgId: MMSG-26355]
Action.c(33): Detected non-resource "http://localhost:1080/WebTours/header.html" in "http://localhost:1080/WebTours/"  	[MsgId: MMSG-26574]
Action.c(33): Detected non-resource "http://localhost:1080/cgi-bin/welcome.pl?signOff=true" in "http://localhost:1080/WebTours/"  	[MsgId: MMSG-26574]
Action.c(33): Found resource "http://localhost:1080/WebTours/images/hp_logo.png" in HTML "http://localhost:1080/WebTours/header.html"  	[MsgId: MMSG-26659]
Action.c(33): Found resource "http://localhost:1080/WebTours/images/webtours.png" in HTML "http://localhost:1080/WebTours/header.html"  	[MsgId: MMSG-26659]
Action.c(33): Detected non-resource "http://localhost:1080/cgi-bin/nav.pl?in=home" in "http://localhost:1080/cgi-bin/welcome.pl?signOff=true"  	[MsgId: MMSG-26574]
Action.c(33): Detected non-resource "http://localhost:1080/WebTours/home.html" in "http://localhost:1080/cgi-bin/welcome.pl?signOff=true"  	[MsgId: MMSG-26574]
Action.c(33): Notify: Saving Parameter "userSession = 129690.505710814zzHAQffpDiHftAAcfpHDcDcf".	[MsgId: MMSG-13798]
Action.c(33): Found resource "http://localhost:1080/WebTours/images/mer_login.gif" in HTML "http://localhost:1080/cgi-bin/nav.pl?in=home"  	[MsgId: MMSG-26659]
Action.c(33): Registered web_reg_find successful for "Text=Welcome to the Web Tours site" (count=1)  	[MsgId: MMSG-26364]
Action.c(33): web_url("WebTours") was successful, 10076 body bytes, 2371 header bytes, 24 chunking overhead bytes  	[MsgId: MMSG-26385]
Action.c(43): Notify: Transaction "goToSite" ended with a "Pass" status (Duration: 0,1455 Wasted Time: 0,0002).	[MsgId: MMSG-16871]
Action.c(46): lr_think_time: 5,00 seconds.	[MsgId: MMSG-15948]
Action.c(49): Notify: Transaction "login" started.	[MsgId: MMSG-16999]
Action.c(51): web_reg_find started  	[MsgId: MMSG-26355]
Action.c(51): Registering web_reg_find was successful  	[MsgId: MMSG-26390]
Action.c(54): web_submit_data("login.pl") started  	[MsgId: MMSG-26355]
Action.c(54): Notify: Parameter Substitution: parameter "userSession" =  "129690.505467801zzHAQffpDHftAAcfpHDccf"	[MsgId: MMSG-13992]
Action.c(54): Notify: Parameter Substitution: parameter "login" =  "nina1"	[MsgId: MMSG-13992]
Action.c(54): Notify: Next row for parameter password = 2 [table  = password].	[MsgId: MMSG-13876]
Action.c(54): Notify: Parameter Substitution: parameter "password" =  "dvde1"	[MsgId: MMSG-13992]
Action.c(54): Detected non-resource "http://localhost:1080/cgi-bin/nav.pl?page=menu&in=home" in "http://localhost:1080/cgi-bin/login.pl"  	[MsgId: MMSG-26574]
Action.c(54): Detected non-resource "http://localhost:1080/cgi-bin/login.pl?intro=true" in "http://localhost:1080/cgi-bin/login.pl"  	[MsgId: MMSG-26574]
Action.c(75): Notify: Transaction "click itinerary" started.	[MsgId: MMSG-16999]
Action.c(77): web_reg_find started  	[MsgId: MMSG-26355]
Action.c(77): Registering web_reg_find was successful  	[MsgId: MMSG-26390]
Action.c(80): web_url("Itinerary Button") started  	[MsgId: MMSG-26355]
Action.c(54): Found resource "http://localhost:1080/WebTours/images/flights.gif" in HTML "http://localhost:1080/cgi-bin/nav.pl?page=menu&in=home"  	[MsgId: MMSG-26659]
Action.c(54): Found resource "http://localhost:1080/WebTours/images/itinerary.gif" in HTML "http://localhost:1080/cgi-bin/nav.pl?page=menu&in=home"  	[MsgId: MMSG-26659]
Action.c(54): Found resource "http://localhost:1080/WebTours/images/in_home.gif" in HTML "http://localhost:1080/cgi-bin/nav.pl?page=menu&in=home"  	[MsgId: MMSG-26659]
Action.c(54): Found resource "http://localhost:1080/WebTours/images/signoff.gif" in HTML "http://localhost:1080/cgi-bin/nav.pl?page=menu&in=home"  	[MsgId: MMSG-26659]
Action.c(54): Registered web_reg_find successful for "Text=Welcome" (count=2)  	[MsgId: MMSG-26364]
Action.c(54): web_submit_data("login.pl") was successful, 5780 body bytes, 2036 header bytes, 36 chunking overhead bytes  	[MsgId: MMSG-26385]
Action.c(71): Notify: Transaction "login" ended with a "Pass" status (Duration: 0,9929 Wasted Time: 0,0000).	[MsgId: MMSG-16871]
Action.c(73): lr_think_time: 5,00 seconds.	[MsgId: MMSG-15948]
Action.c(80): Detected non-resource "http://localhost:1080/cgi-bin/nav.pl?page=menu&in=itinerary" in "http://localhost:1080/cgi-bin/welcome.pl?page=itinerary"  	[MsgId: MMSG-26574]
Action.c(80): Detected non-resource "http://localhost:1080/cgi-bin/itinerary.pl" in "http://localhost:1080/cgi-bin/welcome.pl?page=itinerary"  	[MsgId: MMSG-26574]
Action.c(80): Found resource "http://localhost:1080/WebTours/images/cancelreservation.gif" in HTML "http://localhost:1080/cgi-bin/itinerary.pl"  	[MsgId: MMSG-26659]
Action.c(80): Found resource "http://localhost:1080/WebTours/images/cancelallreservations.gif" in HTML "http://localhost:1080/cgi-bin/itinerary.pl"  	[MsgId: MMSG-26659]
Action.c(80): Resource "http://localhost:1080/WebTours/images/flights.gif" is in the cache already and will not be downloaded again  	[MsgId: MMSG-26655]
Action.c(80): Found resource "http://localhost:1080/WebTours/images/in_itinerary.gif" in HTML "http://localhost:1080/cgi-bin/nav.pl?page=menu&in=itinerary"  	[MsgId: MMSG-26659]
Action.c(80): Found resource "http://localhost:1080/WebTours/images/home.gif" in HTML "http://localhost:1080/cgi-bin/nav.pl?page=menu&in=itinerary"  	[MsgId: MMSG-26659]
Action.c(80): Resource "http://localhost:1080/WebTours/images/signoff.gif" is in the cache already and will not be downloaded again  	[MsgId: MMSG-26655]
Action.c(80): Registered web_reg_find successful for "Text=Itinerary" (count=3)  	[MsgId: MMSG-26364]
Action.c(80): web_url("Itinerary Button") was successful, 215767 body bytes, 1917 header bytes, 428 chunking overhead bytes  	[MsgId: MMSG-26385]
Action.c(90): Notify: Transaction "click itinerary" ended with a "Pass" status (Duration: 1,1926 Wasted Time: 0,0005).	[MsgId: MMSG-16871]
Action.c(92): lr_think_time: 5,00 seconds.	[MsgId: MMSG-15948]
Action.c(49): Notify: Transaction "login" started.	[MsgId: MMSG-16999]
Action.c(51): web_reg_find started  	[MsgId: MMSG-26355]
Action.c(51): Registering web_reg_find was successful  	[MsgId: MMSG-26390]
Action.c(54): web_submit_data("login.pl") started  	[MsgId: MMSG-26355]
Action.c(54): Notify: Parameter Substitution: parameter "userSession" =  "129690.505710814zzHAQffpDiHftAAcfpHDcDcf"	[MsgId: MMSG-13992]
Action.c(54): Notify: Parameter Substitution: parameter "login" =  "nina"	[MsgId: MMSG-13992]
Action.c(54): Notify: Next row for parameter password = 1 [table  = password].	[MsgId: MMSG-13876]
Action.c(54): Notify: Parameter Substitution: parameter "password" =  "dvde"	[MsgId: MMSG-13992]
Action.c(54): Detected non-resource "http://localhost:1080/cgi-bin/nav.pl?page=menu&in=home" in "http://localhost:1080/cgi-bin/login.pl"  	[MsgId: MMSG-26574]
Action.c(54): Detected non-resource "http://localhost:1080/cgi-bin/login.pl?intro=true" in "http://localhost:1080/cgi-bin/login.pl"  	[MsgId: MMSG-26574]
Action.c(54): Found resource "http://localhost:1080/WebTours/images/flights.gif" in HTML "http://localhost:1080/cgi-bin/nav.pl?page=menu&in=home"  	[MsgId: MMSG-26659]
Action.c(54): Found resource "http://localhost:1080/WebTours/images/itinerary.gif" in HTML "http://localhost:1080/cgi-bin/nav.pl?page=menu&in=home"  	[MsgId: MMSG-26659]
Action.c(54): Found resource "http://localhost:1080/WebTours/images/in_home.gif" in HTML "http://localhost:1080/cgi-bin/nav.pl?page=menu&in=home"  	[MsgId: MMSG-26659]
Action.c(54): Found resource "http://localhost:1080/WebTours/images/signoff.gif" in HTML "http://localhost:1080/cgi-bin/nav.pl?page=menu&in=home"  	[MsgId: MMSG-26659]
Action.c(54): Registered web_reg_find successful for "Text=Welcome" (count=2)  	[MsgId: MMSG-26364]
Action.c(54): web_submit_data("login.pl") was successful, 5779 body bytes, 2034 header bytes, 36 chunking overhead bytes  	[MsgId: MMSG-26385]
Action.c(71): Notify: Transaction "login" ended with a "Pass" status (Duration: 1,9251 Wasted Time: 0,0015).	[MsgId: MMSG-16871]
Action.c(73): lr_think_time: 5,00 seconds.	[MsgId: MMSG-15948]
Action.c(75): Notify: Transaction "click itinerary" started.	[MsgId: MMSG-16999]
Action.c(77): web_reg_find started  	[MsgId: MMSG-26355]
Action.c(77): Registering web_reg_find was successful  	[MsgId: MMSG-26390]
Action.c(80): web_url("Itinerary Button") started  	[MsgId: MMSG-26355]
Action.c(80): Detected non-resource "http://localhost:1080/cgi-bin/nav.pl?page=menu&in=itinerary" in "http://localhost:1080/cgi-bin/welcome.pl?page=itinerary"  	[MsgId: MMSG-26574]
Action.c(80): Detected non-resource "http://localhost:1080/cgi-bin/itinerary.pl" in "http://localhost:1080/cgi-bin/welcome.pl?page=itinerary"  	[MsgId: MMSG-26574]
Action.c(94): Notify: Transaction "logout" started.	[MsgId: MMSG-16999]
Action.c(96): web_reg_find started  	[MsgId: MMSG-26355]
Action.c(96): Registering web_reg_find was successful  	[MsgId: MMSG-26390]
Action.c(99): web_url("SignOff Button") started  	[MsgId: MMSG-26355]
Action.c(80): Resource "http://localhost:1080/WebTours/images/flights.gif" is in the cache already and will not be downloaded again  	[MsgId: MMSG-26655]
Action.c(80): Found resource "http://localhost:1080/WebTours/images/in_itinerary.gif" in HTML "http://localhost:1080/cgi-bin/nav.pl?page=menu&in=itinerary"  	[MsgId: MMSG-26659]
Action.c(80): Found resource "http://localhost:1080/WebTours/images/home.gif" in HTML "http://localhost:1080/cgi-bin/nav.pl?page=menu&in=itinerary"  	[MsgId: MMSG-26659]
Action.c(80): Resource "http://localhost:1080/WebTours/images/signoff.gif" is in the cache already and will not be downloaded again  	[MsgId: MMSG-26655]
Action.c(99): Detected non-resource "http://localhost:1080/cgi-bin/nav.pl?in=home" in "http://localhost:1080/cgi-bin/welcome.pl?signOff=1"  	[MsgId: MMSG-26574]
Action.c(99): Detected non-resource "http://localhost:1080/WebTours/home.html" in "http://localhost:1080/cgi-bin/welcome.pl?signOff=1"  	[MsgId: MMSG-26574]
Action.c(99): Retrieving data from cache for "http://localhost:1080/WebTours/home.html"  	[MsgId: MMSG-26558]
Action.c(80): Found resource "http://localhost:1080/WebTours/images/cancelreservation.gif" in HTML "http://localhost:1080/cgi-bin/itinerary.pl"  	[MsgId: MMSG-26659]
Action.c(80): Found resource "http://localhost:1080/WebTours/images/cancelallreservations.gif" in HTML "http://localhost:1080/cgi-bin/itinerary.pl"  	[MsgId: MMSG-26659]
Action.c(80): Registered web_reg_find successful for "Text=Itinerary" (count=3)  	[MsgId: MMSG-26364]
Action.c(80): web_url("Itinerary Button") was successful, 214627 body bytes, 1917 header bytes, 427 chunking overhead bytes  	[MsgId: MMSG-26385]
Action.c(90): Notify: Transaction "click itinerary" ended with a "Pass" status (Duration: 1,3310 Wasted Time: 0,0005).	[MsgId: MMSG-16871]
Action.c(92): lr_think_time: 5,00 seconds.	[MsgId: MMSG-15948]
Action.c(99): Resource "http://localhost:1080/WebTours/images/mer_login.gif" is in the cache already and will not be downloaded again  	[MsgId: MMSG-26655]
Action.c(99): Registered web_reg_find successful for "Text=To make reservations,please enter your account information to the left" (count=1)  	[MsgId: MMSG-26364]
Action.c(99): web_url("SignOff Button") was successful, 2175 body bytes, 584 header bytes, 24 chunking overhead bytes  	[MsgId: MMSG-26385]
Action.c(109): Notify: Transaction "logout" ended with a "Pass" status (Duration: 0,8433 Wasted Time: 0,0000).	[MsgId: MMSG-16871]
Action.c(111): Notify: Transaction "UC5_View_Tickets" ended with a "Pass" status (Duration: 17,3668 Think Time: 15,0006 Wasted Time: 0,0008).	[MsgId: MMSG-16870]
Ending action Action.	[MsgId: MMSG-15918]
Ending iteration 2.	[MsgId: MMSG-15965]
Waiting 42,6310 seconds for iteration pacing.	[MsgId: MMSG-15996]
Action.c(75): Notify: Transaction "click itinerary" started.	[MsgId: MMSG-16999]
Action.c(77): web_reg_find started  	[MsgId: MMSG-26355]
Action.c(77): Registering web_reg_find was successful  	[MsgId: MMSG-26390]
Action.c(80): web_url("Itinerary Button") started  	[MsgId: MMSG-26355]
Action.c(80): Detected non-resource "http://localhost:1080/cgi-bin/nav.pl?page=menu&in=itinerary" in "http://localhost:1080/cgi-bin/welcome.pl?page=itinerary"  	[MsgId: MMSG-26574]
Action.c(80): Detected non-resource "http://localhost:1080/cgi-bin/itinerary.pl" in "http://localhost:1080/cgi-bin/welcome.pl?page=itinerary"  	[MsgId: MMSG-26574]
Action.c(80): Resource "http://localhost:1080/WebTours/images/flights.gif" is in the cache already and will not be downloaded again  	[MsgId: MMSG-26655]
Action.c(80): Found resource "http://localhost:1080/WebTours/images/in_itinerary.gif" in HTML "http://localhost:1080/cgi-bin/nav.pl?page=menu&in=itinerary"  	[MsgId: MMSG-26659]
Action.c(80): Found resource "http://localhost:1080/WebTours/images/home.gif" in HTML "http://localhost:1080/cgi-bin/nav.pl?page=menu&in=itinerary"  	[MsgId: MMSG-26659]
Action.c(80): Resource "http://localhost:1080/WebTours/images/signoff.gif" is in the cache already and will not be downloaded again  	[MsgId: MMSG-26655]
Action.c(80): Found resource "http://localhost:1080/WebTours/images/cancelreservation.gif" in HTML "http://localhost:1080/cgi-bin/itinerary.pl"  	[MsgId: MMSG-26659]
Action.c(80): Found resource "http://localhost:1080/WebTours/images/cancelallreservations.gif" in HTML "http://localhost:1080/cgi-bin/itinerary.pl"  	[MsgId: MMSG-26659]
Action.c(80): Registered web_reg_find successful for "Text=Itinerary" (count=3)  	[MsgId: MMSG-26364]
Action.c(80): web_url("Itinerary Button") was successful, 22171 body bytes, 1917 header bytes, 67 chunking overhead bytes  	[MsgId: MMSG-26385]
Action.c(90): Notify: Transaction "click itinerary" ended with a "Pass" status (Duration: 0,2479 Wasted Time: 0,0001).	[MsgId: MMSG-16871]
Action.c(92): lr_think_time: 5,00 seconds.	[MsgId: MMSG-15948]
Action.c(94): Notify: Transaction "logout" started.	[MsgId: MMSG-16999]
Action.c(96): web_reg_find started  	[MsgId: MMSG-26355]
Action.c(96): Registering web_reg_find was successful  	[MsgId: MMSG-26390]
Action.c(99): web_url("SignOff Button") started  	[MsgId: MMSG-26355]
Action.c(99): Detected non-resource "http://localhost:1080/cgi-bin/nav.pl?in=home" in "http://localhost:1080/cgi-bin/welcome.pl?signOff=1"  	[MsgId: MMSG-26574]
Action.c(99): Detected non-resource "http://localhost:1080/WebTours/home.html" in "http://localhost:1080/cgi-bin/welcome.pl?signOff=1"  	[MsgId: MMSG-26574]
Action.c(99): Retrieving data from cache for "http://localhost:1080/WebTours/home.html"  	[MsgId: MMSG-26558]
Action.c(99): Resource "http://localhost:1080/WebTours/images/mer_login.gif" is in the cache already and will not be downloaded again  	[MsgId: MMSG-26655]
Action.c(99): Registered web_reg_find successful for "Text=To make reservations,please enter your account information to the left" (count=1)  	[MsgId: MMSG-26364]
Action.c(99): web_url("SignOff Button") was successful, 2176 body bytes, 584 header bytes, 24 chunking overhead bytes  	[MsgId: MMSG-26385]
Action.c(109): Notify: Transaction "logout" ended with a "Pass" status (Duration: 0,1453 Wasted Time: 0,0000).	[MsgId: MMSG-16871]
Action.c(111): Notify: Transaction "UC5_View_Tickets" ended with a "Pass" status (Duration: 17,6173 Think Time: 15,0092 Wasted Time: 0,0008).	[MsgId: MMSG-16870]
Ending action Action.	[MsgId: MMSG-15918]
Ending iteration 2.	[MsgId: MMSG-15965]
Waiting 42,3820 seconds for iteration pacing.	[MsgId: MMSG-15996]
Action.c(94): Notify: Transaction "logout" started.	[MsgId: MMSG-16999]
Action.c(96): web_reg_find started  	[MsgId: MMSG-26355]
Action.c(96): Registering web_reg_find was successful  	[MsgId: MMSG-26390]
Action.c(99): web_url("SignOff Button") started  	[MsgId: MMSG-26355]
Action.c(99): Detected non-resource "http://localhost:1080/cgi-bin/nav.pl?in=home" in "http://localhost:1080/cgi-bin/welcome.pl?signOff=1"  	[MsgId: MMSG-26574]
Action.c(99): Detected non-resource "http://localhost:1080/WebTours/home.html" in "http://localhost:1080/cgi-bin/welcome.pl?signOff=1"  	[MsgId: MMSG-26574]
Action.c(99): Retrieving data from cache for "http://localhost:1080/WebTours/home.html"  	[MsgId: MMSG-26558]
Action.c(99): Resource "http://localhost:1080/WebTours/images/mer_login.gif" is in the cache already and will not be downloaded again  	[MsgId: MMSG-26655]
Action.c(99): Registered web_reg_find successful for "Text=To make reservations,please enter your account information to the left" (count=1)  	[MsgId: MMSG-26364]
Action.c(99): web_url("SignOff Button") was successful, 2172 body bytes, 584 header bytes, 24 chunking overhead bytes  	[MsgId: MMSG-26385]
Action.c(109): Notify: Transaction "logout" ended with a "Pass" status (Duration: 0,1200 Wasted Time: 0,0000).	[MsgId: MMSG-16871]
Action.c(111): Notify: Transaction "UC5_View_Tickets" ended with a "Pass" status (Duration: 17,4590 Think Time: 15,0193 Wasted Time: 0,0018).	[MsgId: MMSG-16870]
Ending action Action.	[MsgId: MMSG-15918]
Ending iteration 1.	[MsgId: MMSG-15965]
Waiting 42,5390 seconds for iteration pacing.	[MsgId: MMSG-15996]
Starting iteration 3.	[MsgId: MMSG-15968]
Notify: Next row for parameter login = 3 [table  = login].	[MsgId: MMSG-13876]
Notify: Getting new value for parameter 'login': table = '..\Parameters\login.dat' column = '0' row = '3'.	[MsgId: MMSG-13877]
Notify: Next row for parameter password = 3 [table  = password].	[MsgId: MMSG-13876]
Notify: Getting new value for parameter 'password': table = '..\Parameters\password.dat' column = '0' row = '3'.	[MsgId: MMSG-13877]
Starting action Action.	[MsgId: MMSG-15919]
Action.c(2): Notify: Transaction "UC5_View_Tickets" started.	[MsgId: MMSG-16999]
Action.c(4): Notify: Transaction "goToSite" started.	[MsgId: MMSG-16999]
Action.c(24): web_reg_save_param started  	[MsgId: MMSG-26355]
Action.c(24): Registering web_reg_save_param was successful  	[MsgId: MMSG-26390]
Action.c(30): web_reg_find started  	[MsgId: MMSG-26355]
Action.c(30): Registering web_reg_find was successful  	[MsgId: MMSG-26390]
Action.c(33): web_url("WebTours") started  	[MsgId: MMSG-26355]
Action.c(33): Detected non-resource "http://localhost:1080/WebTours/header.html" in "http://localhost:1080/WebTours/"  	[MsgId: MMSG-26574]
Action.c(33): Detected non-resource "http://localhost:1080/cgi-bin/welcome.pl?signOff=true" in "http://localhost:1080/WebTours/"  	[MsgId: MMSG-26574]
Action.c(33): Found resource "http://localhost:1080/WebTours/images/hp_logo.png" in HTML "http://localhost:1080/WebTours/header.html"  	[MsgId: MMSG-26659]
Action.c(33): Found resource "http://localhost:1080/WebTours/images/webtours.png" in HTML "http://localhost:1080/WebTours/header.html"  	[MsgId: MMSG-26659]
Action.c(33): Detected non-resource "http://localhost:1080/cgi-bin/nav.pl?in=home" in "http://localhost:1080/cgi-bin/welcome.pl?signOff=true"  	[MsgId: MMSG-26574]
Action.c(33): Detected non-resource "http://localhost:1080/WebTours/home.html" in "http://localhost:1080/cgi-bin/welcome.pl?signOff=true"  	[MsgId: MMSG-26574]
Action.c(33): Notify: Saving Parameter "userSession = 129690.509923046zzHAQffpzAtVzzzHtAAcfpHDDzcf".	[MsgId: MMSG-13798]
Action.c(33): Found resource "http://localhost:1080/WebTours/images/mer_login.gif" in HTML "http://localhost:1080/cgi-bin/nav.pl?in=home"  	[MsgId: MMSG-26659]
Action.c(33): Registered web_reg_find successful for "Text=Welcome to the Web Tours site" (count=1)  	[MsgId: MMSG-26364]
Action.c(33): web_url("WebTours") was successful, 10080 body bytes, 2371 header bytes, 24 chunking overhead bytes  	[MsgId: MMSG-26385]
Action.c(43): Notify: Transaction "goToSite" ended with a "Pass" status (Duration: 0,1430 Wasted Time: 0,0003).	[MsgId: MMSG-16871]
Action.c(46): lr_think_time: 5,00 seconds.	[MsgId: MMSG-15948]
Starting iteration 3.	[MsgId: MMSG-15968]
Notify: Next row for parameter login = 3 [table  = login].	[MsgId: MMSG-13876]
Notify: Getting new value for parameter 'login': table = '..\Parameters\login.dat' column = '0' row = '3'.	[MsgId: MMSG-13877]
Notify: Next row for parameter password = 3 [table  = password].	[MsgId: MMSG-13876]
Notify: Getting new value for parameter 'password': table = '..\Parameters\password.dat' column = '0' row = '3'.	[MsgId: MMSG-13877]
Starting action Action.	[MsgId: MMSG-15919]
Action.c(2): Notify: Transaction "UC5_View_Tickets" started.	[MsgId: MMSG-16999]
Action.c(4): Notify: Transaction "goToSite" started.	[MsgId: MMSG-16999]
Action.c(24): web_reg_save_param started  	[MsgId: MMSG-26355]
Action.c(24): Registering web_reg_save_param was successful  	[MsgId: MMSG-26390]
Action.c(30): web_reg_find started  	[MsgId: MMSG-26355]
Action.c(30): Registering web_reg_find was successful  	[MsgId: MMSG-26390]
Action.c(33): web_url("WebTours") started  	[MsgId: MMSG-26355]
Action.c(33): Detected non-resource "http://localhost:1080/WebTours/header.html" in "http://localhost:1080/WebTours/"  	[MsgId: MMSG-26574]
Action.c(33): Detected non-resource "http://localhost:1080/cgi-bin/welcome.pl?signOff=true" in "http://localhost:1080/WebTours/"  	[MsgId: MMSG-26574]
Action.c(33): Found resource "http://localhost:1080/WebTours/images/hp_logo.png" in HTML "http://localhost:1080/WebTours/header.html"  	[MsgId: MMSG-26659]
Action.c(33): Found resource "http://localhost:1080/WebTours/images/webtours.png" in HTML "http://localhost:1080/WebTours/header.html"  	[MsgId: MMSG-26659]
Action.c(33): Detected non-resource "http://localhost:1080/cgi-bin/nav.pl?in=home" in "http://localhost:1080/cgi-bin/welcome.pl?signOff=true"  	[MsgId: MMSG-26574]
Action.c(33): Detected non-resource "http://localhost:1080/WebTours/home.html" in "http://localhost:1080/cgi-bin/welcome.pl?signOff=true"  	[MsgId: MMSG-26574]
Action.c(33): Notify: Saving Parameter "userSession = 129690.510328068zzHAQffpzcftAAcfpHDDHf".	[MsgId: MMSG-13798]
Action.c(33): Found resource "http://localhost:1080/WebTours/images/mer_login.gif" in HTML "http://localhost:1080/cgi-bin/nav.pl?in=home"  	[MsgId: MMSG-26659]
Action.c(33): Registered web_reg_find successful for "Text=Welcome to the Web Tours site" (count=1)  	[MsgId: MMSG-26364]
Action.c(33): web_url("WebTours") was successful, 10074 body bytes, 2371 header bytes, 24 chunking overhead bytes  	[MsgId: MMSG-26385]
Action.c(43): Notify: Transaction "goToSite" ended with a "Pass" status (Duration: 0,1295 Wasted Time: 0,0002).	[MsgId: MMSG-16871]
Action.c(46): lr_think_time: 5,00 seconds.	[MsgId: MMSG-15948]
Action.c(49): Notify: Transaction "login" started.	[MsgId: MMSG-16999]
Action.c(51): web_reg_find started  	[MsgId: MMSG-26355]
Action.c(51): Registering web_reg_find was successful  	[MsgId: MMSG-26390]
Action.c(54): web_submit_data("login.pl") started  	[MsgId: MMSG-26355]
Action.c(54): Notify: Parameter Substitution: parameter "userSession" =  "129690.509923046zzHAQffpzAtVzzzHtAAcfpHDDzcf"	[MsgId: MMSG-13992]
Action.c(54): Notify: Parameter Substitution: parameter "login" =  "nina2"	[MsgId: MMSG-13992]
Action.c(54): Notify: Next row for parameter password = 3 [table  = password].	[MsgId: MMSG-13876]
Action.c(54): Notify: Parameter Substitution: parameter "password" =  "dvde2"	[MsgId: MMSG-13992]
Action.c(54): Detected non-resource "http://localhost:1080/cgi-bin/nav.pl?page=menu&in=home" in "http://localhost:1080/cgi-bin/login.pl"  	[MsgId: MMSG-26574]
Action.c(54): Detected non-resource "http://localhost:1080/cgi-bin/login.pl?intro=true" in "http://localhost:1080/cgi-bin/login.pl"  	[MsgId: MMSG-26574]
Action.c(54): Found resource "http://localhost:1080/WebTours/images/flights.gif" in HTML "http://localhost:1080/cgi-bin/nav.pl?page=menu&in=home"  	[MsgId: MMSG-26659]
Action.c(54): Found resource "http://localhost:1080/WebTours/images/itinerary.gif" in HTML "http://localhost:1080/cgi-bin/nav.pl?page=menu&in=home"  	[MsgId: MMSG-26659]
Action.c(54): Found resource "http://localhost:1080/WebTours/images/in_home.gif" in HTML "http://localhost:1080/cgi-bin/nav.pl?page=menu&in=home"  	[MsgId: MMSG-26659]
Action.c(54): Found resource "http://localhost:1080/WebTours/images/signoff.gif" in HTML "http://localhost:1080/cgi-bin/nav.pl?page=menu&in=home"  	[MsgId: MMSG-26659]
Action.c(54): Registered web_reg_find successful for "Text=Welcome" (count=2)  	[MsgId: MMSG-26364]
Action.c(54): web_submit_data("login.pl") was successful, 5780 body bytes, 2037 header bytes, 36 chunking overhead bytes  	[MsgId: MMSG-26385]
Action.c(71): Notify: Transaction "login" ended with a "Pass" status (Duration: 0,1335 Wasted Time: 0,0000).	[MsgId: MMSG-16871]
Action.c(73): lr_think_time: 5,00 seconds.	[MsgId: MMSG-15948]
Starting iteration 2.	[MsgId: MMSG-15968]
Notify: Next row for parameter login = 2 [table  = login].	[MsgId: MMSG-13876]
Notify: Getting new value for parameter 'login': table = '..\Parameters\login.dat' column = '0' row = '2'.	[MsgId: MMSG-13877]
Notify: Next row for parameter password = 2 [table  = password].	[MsgId: MMSG-13876]
Notify: Getting new value for parameter 'password': table = '..\Parameters\password.dat' column = '0' row = '2'.	[MsgId: MMSG-13877]
Starting action Action.	[MsgId: MMSG-15919]
Action.c(2): Notify: Transaction "UC5_View_Tickets" started.	[MsgId: MMSG-16999]
Action.c(4): Notify: Transaction "goToSite" started.	[MsgId: MMSG-16999]
Action.c(24): web_reg_save_param started  	[MsgId: MMSG-26355]
Action.c(24): Registering web_reg_save_param was successful  	[MsgId: MMSG-26390]
Action.c(30): web_reg_find started  	[MsgId: MMSG-26355]
Action.c(30): Registering web_reg_find was successful  	[MsgId: MMSG-26390]
Action.c(33): web_url("WebTours") started  	[MsgId: MMSG-26355]
Action.c(33): Detected non-resource "http://localhost:1080/WebTours/header.html" in "http://localhost:1080/WebTours/"  	[MsgId: MMSG-26574]
Action.c(33): Detected non-resource "http://localhost:1080/cgi-bin/welcome.pl?signOff=true" in "http://localhost:1080/WebTours/"  	[MsgId: MMSG-26574]
Action.c(33): Found resource "http://localhost:1080/WebTours/images/hp_logo.png" in HTML "http://localhost:1080/WebTours/header.html"  	[MsgId: MMSG-26659]
Action.c(33): Found resource "http://localhost:1080/WebTours/images/webtours.png" in HTML "http://localhost:1080/WebTours/header.html"  	[MsgId: MMSG-26659]
Action.c(33): Detected non-resource "http://localhost:1080/cgi-bin/nav.pl?in=home" in "http://localhost:1080/cgi-bin/welcome.pl?signOff=true"  	[MsgId: MMSG-26574]
Action.c(33): Detected non-resource "http://localhost:1080/WebTours/home.html" in "http://localhost:1080/cgi-bin/welcome.pl?signOff=true"  	[MsgId: MMSG-26574]
Action.c(33): Notify: Saving Parameter "userSession = 129690.510571081zzHAQffpzDHftAAcfpHDDicf".	[MsgId: MMSG-13798]
Action.c(33): Found resource "http://localhost:1080/WebTours/images/mer_login.gif" in HTML "http://localhost:1080/cgi-bin/nav.pl?in=home"  	[MsgId: MMSG-26659]
Action.c(33): Registered web_reg_find successful for "Text=Welcome to the Web Tours site" (count=1)  	[MsgId: MMSG-26364]
Action.c(33): web_url("WebTours") was successful, 10076 body bytes, 2371 header bytes, 24 chunking overhead bytes  	[MsgId: MMSG-26385]
Action.c(43): Notify: Transaction "goToSite" ended with a "Pass" status (Duration: 0,6310 Wasted Time: 0,0003).	[MsgId: MMSG-16871]
Action.c(46): lr_think_time: 5,00 seconds.	[MsgId: MMSG-15948]
Action.c(49): Notify: Transaction "login" started.	[MsgId: MMSG-16999]
Action.c(51): web_reg_find started  	[MsgId: MMSG-26355]
Action.c(51): Registering web_reg_find was successful  	[MsgId: MMSG-26390]
Action.c(54): web_submit_data("login.pl") started  	[MsgId: MMSG-26355]
Action.c(54): Notify: Parameter Substitution: parameter "userSession" =  "129690.510328068zzHAQffpzcftAAcfpHDDHf"	[MsgId: MMSG-13992]
Action.c(54): Notify: Parameter Substitution: parameter "login" =  "nina2"	[MsgId: MMSG-13992]
Action.c(54): Notify: Next row for parameter password = 3 [table  = password].	[MsgId: MMSG-13876]
Action.c(54): Notify: Parameter Substitution: parameter "password" =  "dvde2"	[MsgId: MMSG-13992]
Action.c(54): Detected non-resource "http://localhost:1080/cgi-bin/nav.pl?page=menu&in=home" in "http://localhost:1080/cgi-bin/login.pl"  	[MsgId: MMSG-26574]
Action.c(54): Detected non-resource "http://localhost:1080/cgi-bin/login.pl?intro=true" in "http://localhost:1080/cgi-bin/login.pl"  	[MsgId: MMSG-26574]
Action.c(75): Notify: Transaction "click itinerary" started.	[MsgId: MMSG-16999]
Action.c(77): web_reg_find started  	[MsgId: MMSG-26355]
Action.c(77): Registering web_reg_find was successful  	[MsgId: MMSG-26390]
Action.c(80): web_url("Itinerary Button") started  	[MsgId: MMSG-26355]
Action.c(54): Found resource "http://localhost:1080/WebTours/images/flights.gif" in HTML "http://localhost:1080/cgi-bin/nav.pl?page=menu&in=home"  	[MsgId: MMSG-26659]
Action.c(54): Found resource "http://localhost:1080/WebTours/images/itinerary.gif" in HTML "http://localhost:1080/cgi-bin/nav.pl?page=menu&in=home"  	[MsgId: MMSG-26659]
Action.c(54): Found resource "http://localhost:1080/WebTours/images/in_home.gif" in HTML "http://localhost:1080/cgi-bin/nav.pl?page=menu&in=home"  	[MsgId: MMSG-26659]
Action.c(54): Found resource "http://localhost:1080/WebTours/images/signoff.gif" in HTML "http://localhost:1080/cgi-bin/nav.pl?page=menu&in=home"  	[MsgId: MMSG-26659]
Action.c(80): Detected non-resource "http://localhost:1080/cgi-bin/nav.pl?page=menu&in=itinerary" in "http://localhost:1080/cgi-bin/welcome.pl?page=itinerary"  	[MsgId: MMSG-26574]
Action.c(80): Detected non-resource "http://localhost:1080/cgi-bin/itinerary.pl" in "http://localhost:1080/cgi-bin/welcome.pl?page=itinerary"  	[MsgId: MMSG-26574]
Action.c(54): Registered web_reg_find successful for "Text=Welcome" (count=2)  	[MsgId: MMSG-26364]
Action.c(54): web_submit_data("login.pl") was successful, 5780 body bytes, 2037 header bytes, 36 chunking overhead bytes  	[MsgId: MMSG-26385]
Action.c(71): Notify: Transaction "login" ended with a "Pass" status (Duration: 1,0055 Wasted Time: 0,0001).	[MsgId: MMSG-16871]
Action.c(73): lr_think_time: 5,00 seconds.	[MsgId: MMSG-15948]
Action.c(80): Resource "http://localhost:1080/WebTours/images/flights.gif" is in the cache already and will not be downloaded again  	[MsgId: MMSG-26655]
Action.c(80): Found resource "http://localhost:1080/WebTours/images/in_itinerary.gif" in HTML "http://localhost:1080/cgi-bin/nav.pl?page=menu&in=itinerary"  	[MsgId: MMSG-26659]
Action.c(80): Found resource "http://localhost:1080/WebTours/images/home.gif" in HTML "http://localhost:1080/cgi-bin/nav.pl?page=menu&in=itinerary"  	[MsgId: MMSG-26659]
Action.c(80): Resource "http://localhost:1080/WebTours/images/signoff.gif" is in the cache already and will not be downloaded again  	[MsgId: MMSG-26655]
Action.c(80): Found resource "http://localhost:1080/WebTours/images/cancelreservation.gif" in HTML "http://localhost:1080/cgi-bin/itinerary.pl"  	[MsgId: MMSG-26659]
Action.c(80): Found resource "http://localhost:1080/WebTours/images/cancelallreservations.gif" in HTML "http://localhost:1080/cgi-bin/itinerary.pl"  	[MsgId: MMSG-26659]
Action.c(80): Registered web_reg_find successful for "Text=Itinerary" (count=3)  	[MsgId: MMSG-26364]
Action.c(80): web_url("Itinerary Button") was successful, 199171 body bytes, 1917 header bytes, 403 chunking overhead bytes  	[MsgId: MMSG-26385]
Action.c(90): Notify: Transaction "click itinerary" ended with a "Pass" status (Duration: 1,7734 Wasted Time: 0,0008).	[MsgId: MMSG-16871]
Action.c(92): lr_think_time: 5,00 seconds.	[MsgId: MMSG-15948]
Action.c(49): Notify: Transaction "login" started.	[MsgId: MMSG-16999]
Action.c(51): web_reg_find started  	[MsgId: MMSG-26355]
Action.c(51): Registering web_reg_find was successful  	[MsgId: MMSG-26390]
Action.c(54): web_submit_data("login.pl") started  	[MsgId: MMSG-26355]
Action.c(54): Notify: Parameter Substitution: parameter "userSession" =  "129690.510571081zzHAQffpzDHftAAcfpHDDicf"	[MsgId: MMSG-13992]
Action.c(54): Notify: Parameter Substitution: parameter "login" =  "nina1"	[MsgId: MMSG-13992]
Action.c(54): Notify: Next row for parameter password = 2 [table  = password].	[MsgId: MMSG-13876]
Action.c(54): Notify: Parameter Substitution: parameter "password" =  "dvde1"	[MsgId: MMSG-13992]
Action.c(54): Detected non-resource "http://localhost:1080/cgi-bin/nav.pl?page=menu&in=home" in "http://localhost:1080/cgi-bin/login.pl"  	[MsgId: MMSG-26574]
Action.c(54): Detected non-resource "http://localhost:1080/cgi-bin/login.pl?intro=true" in "http://localhost:1080/cgi-bin/login.pl"  	[MsgId: MMSG-26574]
Action.c(54): Found resource "http://localhost:1080/WebTours/images/flights.gif" in HTML "http://localhost:1080/cgi-bin/nav.pl?page=menu&in=home"  	[MsgId: MMSG-26659]
Action.c(54): Found resource "http://localhost:1080/WebTours/images/itinerary.gif" in HTML "http://localhost:1080/cgi-bin/nav.pl?page=menu&in=home"  	[MsgId: MMSG-26659]
Action.c(54): Found resource "http://localhost:1080/WebTours/images/in_home.gif" in HTML "http://localhost:1080/cgi-bin/nav.pl?page=menu&in=home"  	[MsgId: MMSG-26659]
Action.c(54): Found resource "http://localhost:1080/WebTours/images/signoff.gif" in HTML "http://localhost:1080/cgi-bin/nav.pl?page=menu&in=home"  	[MsgId: MMSG-26659]
Action.c(75): Notify: Transaction "click itinerary" started.	[MsgId: MMSG-16999]
Action.c(77): web_reg_find started  	[MsgId: MMSG-26355]
Action.c(77): Registering web_reg_find was successful  	[MsgId: MMSG-26390]
Action.c(80): web_url("Itinerary Button") started  	[MsgId: MMSG-26355]
Action.c(54): Registered web_reg_find successful for "Text=Welcome" (count=2)  	[MsgId: MMSG-26364]
Action.c(54): web_submit_data("login.pl") was successful, 5780 body bytes, 2038 header bytes, 36 chunking overhead bytes  	[MsgId: MMSG-26385]
Action.c(71): Notify: Transaction "login" ended with a "Pass" status (Duration: 2,5014 Wasted Time: 0,0000).	[MsgId: MMSG-16871]
Action.c(73): lr_think_time: 5,00 seconds.	[MsgId: MMSG-15948]
Action.c(80): Detected non-resource "http://localhost:1080/cgi-bin/nav.pl?page=menu&in=itinerary" in "http://localhost:1080/cgi-bin/welcome.pl?page=itinerary"  	[MsgId: MMSG-26574]
Action.c(80): Detected non-resource "http://localhost:1080/cgi-bin/itinerary.pl" in "http://localhost:1080/cgi-bin/welcome.pl?page=itinerary"  	[MsgId: MMSG-26574]
Action.c(94): Notify: Transaction "logout" started.	[MsgId: MMSG-16999]
Action.c(96): web_reg_find started  	[MsgId: MMSG-26355]
Action.c(96): Registering web_reg_find was successful  	[MsgId: MMSG-26390]
Action.c(99): web_url("SignOff Button") started  	[MsgId: MMSG-26355]
Action.c(80): Resource "http://localhost:1080/WebTours/images/flights.gif" is in the cache already and will not be downloaded again  	[MsgId: MMSG-26655]
Action.c(80): Found resource "http://localhost:1080/WebTours/images/in_itinerary.gif" in HTML "http://localhost:1080/cgi-bin/nav.pl?page=menu&in=itinerary"  	[MsgId: MMSG-26659]
Action.c(80): Found resource "http://localhost:1080/WebTours/images/home.gif" in HTML "http://localhost:1080/cgi-bin/nav.pl?page=menu&in=itinerary"  	[MsgId: MMSG-26659]
Action.c(80): Resource "http://localhost:1080/WebTours/images/signoff.gif" is in the cache already and will not be downloaded again  	[MsgId: MMSG-26655]
Action.c(99): Detected non-resource "http://localhost:1080/cgi-bin/nav.pl?in=home" in "http://localhost:1080/cgi-bin/welcome.pl?signOff=1"  	[MsgId: MMSG-26574]
Action.c(99): Detected non-resource "http://localhost:1080/WebTours/home.html" in "http://localhost:1080/cgi-bin/welcome.pl?signOff=1"  	[MsgId: MMSG-26574]
Action.c(99): Retrieving data from cache for "http://localhost:1080/WebTours/home.html"  	[MsgId: MMSG-26558]
Action.c(80): Found resource "http://localhost:1080/WebTours/images/cancelreservation.gif" in HTML "http://localhost:1080/cgi-bin/itinerary.pl"  	[MsgId: MMSG-26659]
Action.c(80): Found resource "http://localhost:1080/WebTours/images/cancelallreservations.gif" in HTML "http://localhost:1080/cgi-bin/itinerary.pl"  	[MsgId: MMSG-26659]
Action.c(80): Registered web_reg_find successful for "Text=Itinerary" (count=3)  	[MsgId: MMSG-26364]
Action.c(80): web_url("Itinerary Button") was successful, 198035 body bytes, 1917 header bytes, 395 chunking overhead bytes  	[MsgId: MMSG-26385]
Action.c(90): Notify: Transaction "click itinerary" ended with a "Pass" status (Duration: 1,2478 Wasted Time: 0,0004).	[MsgId: MMSG-16871]
Action.c(92): lr_think_time: 5,00 seconds.	[MsgId: MMSG-15948]
Action.c(99): Resource "http://localhost:1080/WebTours/images/mer_login.gif" is in the cache already and will not be downloaded again  	[MsgId: MMSG-26655]
Action.c(99): Registered web_reg_find successful for "Text=To make reservations,please enter your account information to the left" (count=1)  	[MsgId: MMSG-26364]
Action.c(99): web_url("SignOff Button") was successful, 2170 body bytes, 584 header bytes, 24 chunking overhead bytes  	[MsgId: MMSG-26385]
Action.c(109): Notify: Transaction "logout" ended with a "Pass" status (Duration: 0,7656 Wasted Time: 0,0000).	[MsgId: MMSG-16871]
Action.c(111): Notify: Transaction "UC5_View_Tickets" ended with a "Pass" status (Duration: 17,8190 Think Time: 15,0019 Wasted Time: 0,0011).	[MsgId: MMSG-16870]
Ending action Action.	[MsgId: MMSG-15918]
Action was aborted.	[MsgId: MMSG-10694]
Ending Vuser...	[MsgId: MMSG-15966]
Starting action vuser_end.	[MsgId: MMSG-15919]
Ending action vuser_end.	[MsgId: MMSG-15918]
Vuser Terminated.	[MsgId: MMSG-15963]
Vuser 0 (thread 1152), ended OK."	[MsgId: MMSG-10695]
Action.c(75): Notify: Transaction "click itinerary" started.	[MsgId: MMSG-16999]
Action.c(77): web_reg_find started  	[MsgId: MMSG-26355]
Action.c(77): Registering web_reg_find was successful  	[MsgId: MMSG-26390]
Action.c(80): web_url("Itinerary Button") started  	[MsgId: MMSG-26355]
Action.c(80): Detected non-resource "http://localhost:1080/cgi-bin/nav.pl?page=menu&in=itinerary" in "http://localhost:1080/cgi-bin/welcome.pl?page=itinerary"  	[MsgId: MMSG-26574]
Action.c(80): Detected non-resource "http://localhost:1080/cgi-bin/itinerary.pl" in "http://localhost:1080/cgi-bin/welcome.pl?page=itinerary"  	[MsgId: MMSG-26574]
Action.c(80): Resource "http://localhost:1080/WebTours/images/flights.gif" is in the cache already and will not be downloaded again  	[MsgId: MMSG-26655]
Action.c(80): Found resource "http://localhost:1080/WebTours/images/in_itinerary.gif" in HTML "http://localhost:1080/cgi-bin/nav.pl?page=menu&in=itinerary"  	[MsgId: MMSG-26659]
Action.c(80): Found resource "http://localhost:1080/WebTours/images/home.gif" in HTML "http://localhost:1080/cgi-bin/nav.pl?page=menu&in=itinerary"  	[MsgId: MMSG-26659]
Action.c(80): Resource "http://localhost:1080/WebTours/images/signoff.gif" is in the cache already and will not be downloaded again  	[MsgId: MMSG-26655]
Action.c(80): Found resource "http://localhost:1080/WebTours/images/cancelreservation.gif" in HTML "http://localhost:1080/cgi-bin/itinerary.pl"  	[MsgId: MMSG-26659]
Action.c(80): Found resource "http://localhost:1080/WebTours/images/cancelallreservations.gif" in HTML "http://localhost:1080/cgi-bin/itinerary.pl"  	[MsgId: MMSG-26659]
Action.c(80): Registered web_reg_find successful for "Text=Itinerary" (count=3)  	[MsgId: MMSG-26364]
Action.c(80): web_url("Itinerary Button") was successful, 218044 body bytes, 1917 header bytes, 434 chunking overhead bytes  	[MsgId: MMSG-26385]
Action.c(90): Notify: Transaction "click itinerary" ended with a "Pass" status (Duration: 0,2078 Wasted Time: 0,0005).	[MsgId: MMSG-16871]
Action.c(92): lr_think_time: 5,00 seconds.	[MsgId: MMSG-15948]
Action.c(94): Notify: Transaction "logout" started.	[MsgId: MMSG-16999]
Action.c(96): web_reg_find started  	[MsgId: MMSG-26355]
Action.c(96): Registering web_reg_find was successful  	[MsgId: MMSG-26390]
Action.c(99): web_url("SignOff Button") started  	[MsgId: MMSG-26355]
Action.c(99): Detected non-resource "http://localhost:1080/cgi-bin/nav.pl?in=home" in "http://localhost:1080/cgi-bin/welcome.pl?signOff=1"  	[MsgId: MMSG-26574]
Action.c(99): Detected non-resource "http://localhost:1080/WebTours/home.html" in "http://localhost:1080/cgi-bin/welcome.pl?signOff=1"  	[MsgId: MMSG-26574]
Action.c(99): Retrieving data from cache for "http://localhost:1080/WebTours/home.html"  	[MsgId: MMSG-26558]
Action.c(99): Resource "http://localhost:1080/WebTours/images/mer_login.gif" is in the cache already and will not be downloaded again  	[MsgId: MMSG-26655]
Action.c(99): Registered web_reg_find successful for "Text=To make reservations,please enter your account information to the left" (count=1)  	[MsgId: MMSG-26364]
Action.c(99): web_url("SignOff Button") was successful, 2176 body bytes, 584 header bytes, 24 chunking overhead bytes  	[MsgId: MMSG-26385]
Action.c(109): Notify: Transaction "logout" ended with a "Pass" status (Duration: 0,1548 Wasted Time: 0,0000).	[MsgId: MMSG-16871]
Action.c(111): Notify: Transaction "UC5_View_Tickets" ended with a "Pass" status (Duration: 17,5395 Think Time: 15,0006 Wasted Time: 0,0007).	[MsgId: MMSG-16870]
Ending action Action.	[MsgId: MMSG-15918]
Action was aborted.	[MsgId: MMSG-10694]
Ending Vuser...	[MsgId: MMSG-15966]
Starting action vuser_end.	[MsgId: MMSG-15919]
Ending action vuser_end.	[MsgId: MMSG-15918]
Vuser Terminated.	[MsgId: MMSG-15963]
Vuser 1 (thread 8252), ended OK."	[MsgId: MMSG-10695]
Action.c(94): Notify: Transaction "logout" started.	[MsgId: MMSG-16999]
Action.c(96): web_reg_find started  	[MsgId: MMSG-26355]
Action.c(96): Registering web_reg_find was successful  	[MsgId: MMSG-26390]
Action.c(99): web_url("SignOff Button") started  	[MsgId: MMSG-26355]
Action.c(99): Detected non-resource "http://localhost:1080/cgi-bin/nav.pl?in=home" in "http://localhost:1080/cgi-bin/welcome.pl?signOff=1"  	[MsgId: MMSG-26574]
Action.c(99): Detected non-resource "http://localhost:1080/WebTours/home.html" in "http://localhost:1080/cgi-bin/welcome.pl?signOff=1"  	[MsgId: MMSG-26574]
Action.c(99): Retrieving data from cache for "http://localhost:1080/WebTours/home.html"  	[MsgId: MMSG-26558]
Action.c(99): Resource "http://localhost:1080/WebTours/images/mer_login.gif" is in the cache already and will not be downloaded again  	[MsgId: MMSG-26655]
Action.c(99): Registered web_reg_find successful for "Text=To make reservations,please enter your account information to the left" (count=1)  	[MsgId: MMSG-26364]
Action.c(99): web_url("SignOff Button") was successful, 2174 body bytes, 584 header bytes, 24 chunking overhead bytes  	[MsgId: MMSG-26385]
Action.c(109): Notify: Transaction "logout" ended with a "Pass" status (Duration: 0,1053 Wasted Time: 0,0000).	[MsgId: MMSG-16871]
Action.c(111): Notify: Transaction "UC5_View_Tickets" ended with a "Pass" status (Duration: 18,4493 Think Time: 15,0016 Wasted Time: 0,0009).	[MsgId: MMSG-16870]
Ending action Action.	[MsgId: MMSG-15918]
Action was aborted.	[MsgId: MMSG-10694]
Ending Vuser...	[MsgId: MMSG-15966]
Starting action vuser_end.	[MsgId: MMSG-15919]
Ending action vuser_end.	[MsgId: MMSG-15918]
Vuser Terminated.	[MsgId: MMSG-15963]
Vuser 2 (thread 25812), ended OK."	[MsgId: MMSG-10695]
