Start auto log messages stack - Iteration 1.	[MsgId: MMSG-10545]
Action.c(118): Resource "http://localhost:1080/WebTours/images/cancelallreservations.gif" is in the cache already and will not be downloaded again  	[MsgId: MMSG-26655]
Action.c(118): Registered web_reg_find successful for "Text=A total of" (count=2)  	[MsgId: MMSG-26364]
Action.c(118): Warning -26376: Requested parameter "flights_numbers" found in 2 different pages/frames. Use "web_reg_save_param" with more restrictive LB/RB/RelFrameId  	[MsgId: MWAR-26376]
Action.c(118): Warning -26373: Parameter "flights_numbers" saved from a resource (URL="http://localhost:1080/cgi-bin/itinerary.pl")  	[MsgId: MWAR-26373]
Action.c(118): web_submit_form("web_submit_form") highest severity level was "warning", 301514 body bytes, 512 header bytes, 598 chunking overhead bytes  	[MsgId: MMSG-26387]
Action.c(130): Error: itinerary not deleted	[MsgId: MERR-17999]
End auto log messages stack.	[MsgId: MMSG-10544]


Start auto log messages stack - Iteration 1.	[MsgId: MMSG-10545]
Action.c(118): Resource "http://localhost:1080/WebTours/images/cancelallreservations.gif" is in the cache already and will not be downloaded again  	[MsgId: MMSG-26655]
Action.c(118): Registered web_reg_find successful for "Text=A total of" (count=2)  	[MsgId: MMSG-26364]
Action.c(118): Warning -26376: Requested parameter "flights_numbers" found in 2 different pages/frames. Use "web_reg_save_param" with more restrictive LB/RB/RelFrameId  	[MsgId: MWAR-26376]
Action.c(118): Warning -26373: Parameter "flights_numbers" saved from a resource (URL="http://localhost:1080/cgi-bin/itinerary.pl")  	[MsgId: MWAR-26373]
Action.c(118): web_submit_form("web_submit_form") highest severity level was "warning", 303760 body bytes, 512 header bytes, 591 chunking overhead bytes  	[MsgId: MMSG-26387]
Action.c(130): Error: itinerary not deleted	[MsgId: MERR-17999]
End auto log messages stack.	[MsgId: MMSG-10544]


Start auto log messages stack - Iteration 1.	[MsgId: MMSG-10545]
Action.c(118): Resource "http://localhost:1080/WebTours/images/cancelallreservations.gif" is in the cache already and will not be downloaded again  	[MsgId: MMSG-26655]
Action.c(118): Registered web_reg_find successful for "Text=A total of" (count=2)  	[MsgId: MMSG-26364]
Action.c(118): Warning -26376: Requested parameter "flights_numbers" found in 2 different pages/frames. Use "web_reg_save_param" with more restrictive LB/RB/RelFrameId  	[MsgId: MWAR-26376]
Action.c(118): Warning -26373: Parameter "flights_numbers" saved from a resource (URL="http://localhost:1080/cgi-bin/itinerary.pl")  	[MsgId: MWAR-26373]
Action.c(118): web_submit_form("web_submit_form") highest severity level was "warning", 304875 body bytes, 512 header bytes, 606 chunking overhead bytes  	[MsgId: MMSG-26387]
Action.c(130): Error: itinerary not deleted	[MsgId: MERR-17999]
End auto log messages stack.	[MsgId: MMSG-10544]


Start auto log messages stack - Iteration 1.	[MsgId: MMSG-10545]
Action.c(118): Resource "http://localhost:1080/WebTours/images/cancelallreservations.gif" is in the cache already and will not be downloaded again  	[MsgId: MMSG-26655]
Action.c(118): Registered web_reg_find successful for "Text=A total of" (count=2)  	[MsgId: MMSG-26364]
Action.c(118): Warning -26376: Requested parameter "flights_numbers" found in 2 different pages/frames. Use "web_reg_save_param" with more restrictive LB/RB/RelFrameId  	[MsgId: MWAR-26376]
Action.c(118): Warning -26373: Parameter "flights_numbers" saved from a resource (URL="http://localhost:1080/cgi-bin/itinerary.pl")  	[MsgId: MWAR-26373]
Action.c(118): web_submit_form("web_submit_form") highest severity level was "warning", 308268 body bytes, 512 header bytes, 598 chunking overhead bytes  	[MsgId: MMSG-26387]
Action.c(130): Error: itinerary not deleted	[MsgId: MERR-17999]
End auto log messages stack.	[MsgId: MMSG-10544]


Start auto log messages stack - Iteration 3.	[MsgId: MMSG-10545]
Action.c(34): Detected non-resource "http://localhost:1080/cgi-bin/welcome.pl?signOff=true" in "http://localhost:1080/WebTours/"  	[MsgId: MMSG-26574]
Action.c(34): Found resource "http://localhost:1080/WebTours/images/hp_logo.png" in HTML "http://localhost:1080/WebTours/header.html"  	[MsgId: MMSG-26659]
Action.c(34): Found resource "http://localhost:1080/WebTours/images/webtours.png" in HTML "http://localhost:1080/WebTours/header.html"  	[MsgId: MMSG-26659]
Action.c(34): Detected non-resource "http://localhost:1080/cgi-bin/nav.pl?in=home" in "http://localhost:1080/cgi-bin/welcome.pl?signOff=true"  	[MsgId: MMSG-26574]
Action.c(34): Detected non-resource "http://localhost:1080/WebTours/home.html" in "http://localhost:1080/cgi-bin/welcome.pl?signOff=true"  	[MsgId: MMSG-26574]
Action.c(34): Error -26612: HTTP Status-Code=500 (Internal Server Error) for "http://localhost:1080/cgi-bin/nav.pl?in=home"  	[MsgId: MERR-26612]
Action.c(34): Error -26377: No match found for the requested parameter "userSession". Either the specified boundaries were not found in the response or the matched text is longer than current max html parameter size of 256 bytes. The total length of the response is 8446 bytes. You can use "web_set_max_html_param_len" to increase the max parameter size.  	[MsgId: MERR-26377]
End auto log messages stack.	[MsgId: MMSG-10544]


Start auto log messages stack - Iteration 7.	[MsgId: MMSG-10545]
Action.c(118): web_submit_form("web_submit_form") started  	[MsgId: MMSG-26355]
Action.c(118): Submitting form to "http://localhost:1080/cgi-bin/itinerary.pl", Target Frame=""  	[MsgId: MMSG-27978]
Action.c(118): Downloading resource "http://localhost:1080/cgi-bin/itinerary.pl" (specified by argument number 13)  	[MsgId: MMSG-26577]
Action.c(118): Registered web_reg_find successful for "Text=A total of" (count=1)  	[MsgId: MMSG-26364]
Action.c(118): Warning -26373: Parameter "flights_numbers" saved from a resource (URL="http://localhost:1080/cgi-bin/itinerary.pl")  	[MsgId: MWAR-26373]
Action.c(118): web_submit_form("web_submit_form") highest severity level was "warning", 539606 body bytes, 512 header bytes, 1031 chunking overhead bytes  	[MsgId: MMSG-26387]
Action.c(130): Error: itinerary not deleted	[MsgId: MERR-17999]
End auto log messages stack.	[MsgId: MMSG-10544]


Start auto log messages stack - Iteration 7.	[MsgId: MMSG-10545]
Action.c(118): web_submit_form("web_submit_form") started  	[MsgId: MMSG-26355]
Action.c(118): Submitting form to "http://localhost:1080/cgi-bin/itinerary.pl", Target Frame=""  	[MsgId: MMSG-27978]
Action.c(118): Downloading resource "http://localhost:1080/cgi-bin/itinerary.pl" (specified by argument number 13)  	[MsgId: MMSG-26577]
Action.c(118): Registered web_reg_find successful for "Text=A total of" (count=1)  	[MsgId: MMSG-26364]
Action.c(118): Warning -26373: Parameter "flights_numbers" saved from a resource (URL="http://localhost:1080/cgi-bin/itinerary.pl")  	[MsgId: MWAR-26373]
Action.c(118): web_submit_form("web_submit_form") highest severity level was "warning", 540741 body bytes, 512 header bytes, 1039 chunking overhead bytes  	[MsgId: MMSG-26387]
Action.c(130): Error: itinerary not deleted	[MsgId: MERR-17999]
End auto log messages stack.	[MsgId: MMSG-10544]


Start auto log messages stack - Iteration 8.	[MsgId: MMSG-10545]
Action.c(118): web_submit_form("web_submit_form") started  	[MsgId: MMSG-26355]
Action.c(118): Submitting form to "http://localhost:1080/cgi-bin/itinerary.pl", Target Frame=""  	[MsgId: MMSG-27978]
Action.c(118): Downloading resource "http://localhost:1080/cgi-bin/itinerary.pl" (specified by argument number 13)  	[MsgId: MMSG-26577]
Action.c(118): Registered web_reg_find successful for "Text=A total of" (count=1)  	[MsgId: MMSG-26364]
Action.c(118): Warning -26373: Parameter "flights_numbers" saved from a resource (URL="http://localhost:1080/cgi-bin/itinerary.pl")  	[MsgId: MWAR-26373]
Action.c(118): web_submit_form("web_submit_form") highest severity level was "warning", 529470 body bytes, 512 header bytes, 1007 chunking overhead bytes  	[MsgId: MMSG-26387]
Action.c(130): Error: itinerary not deleted	[MsgId: MERR-17999]
End auto log messages stack.	[MsgId: MMSG-10544]


Start auto log messages stack - Iteration 8.	[MsgId: MMSG-10545]
Action.c(118): web_submit_form("web_submit_form") started  	[MsgId: MMSG-26355]
Action.c(118): Submitting form to "http://localhost:1080/cgi-bin/itinerary.pl", Target Frame=""  	[MsgId: MMSG-27978]
Action.c(118): Downloading resource "http://localhost:1080/cgi-bin/itinerary.pl" (specified by argument number 13)  	[MsgId: MMSG-26577]
Action.c(118): Registered web_reg_find successful for "Text=A total of" (count=1)  	[MsgId: MMSG-26364]
Action.c(118): Warning -26373: Parameter "flights_numbers" saved from a resource (URL="http://localhost:1080/cgi-bin/itinerary.pl")  	[MsgId: MWAR-26373]
Action.c(118): web_submit_form("web_submit_form") highest severity level was "warning", 530606 body bytes, 512 header bytes, 1015 chunking overhead bytes  	[MsgId: MMSG-26387]
Action.c(130): Error: itinerary not deleted	[MsgId: MERR-17999]
End auto log messages stack.	[MsgId: MMSG-10544]


Start auto log messages stack - Iteration 9.	[MsgId: MMSG-10545]
Action.c(118): web_submit_form("web_submit_form") started  	[MsgId: MMSG-26355]
Action.c(118): Submitting form to "http://localhost:1080/cgi-bin/itinerary.pl", Target Frame=""  	[MsgId: MMSG-27978]
Action.c(118): Downloading resource "http://localhost:1080/cgi-bin/itinerary.pl" (specified by argument number 13)  	[MsgId: MMSG-26577]
Action.c(118): Registered web_reg_find successful for "Text=A total of" (count=1)  	[MsgId: MMSG-26364]
Action.c(118): Warning -26373: Parameter "flights_numbers" saved from a resource (URL="http://localhost:1080/cgi-bin/itinerary.pl")  	[MsgId: MWAR-26373]
Action.c(118): web_submit_form("web_submit_form") highest severity level was "warning", 520649 body bytes, 512 header bytes, 991 chunking overhead bytes  	[MsgId: MMSG-26387]
Action.c(130): Error: itinerary not deleted	[MsgId: MERR-17999]
End auto log messages stack.	[MsgId: MMSG-10544]


Start auto log messages stack - Iteration 8.	[MsgId: MMSG-10545]
Action.c(118): web_submit_form("web_submit_form") started  	[MsgId: MMSG-26355]
Action.c(118): Submitting form to "http://localhost:1080/cgi-bin/itinerary.pl", Target Frame=""  	[MsgId: MMSG-27978]
Action.c(118): Downloading resource "http://localhost:1080/cgi-bin/itinerary.pl" (specified by argument number 13)  	[MsgId: MMSG-26577]
Action.c(118): Registered web_reg_find successful for "Text=A total of" (count=1)  	[MsgId: MMSG-26364]
Action.c(118): Warning -26373: Parameter "flights_numbers" saved from a resource (URL="http://localhost:1080/cgi-bin/itinerary.pl")  	[MsgId: MWAR-26373]
Action.c(118): web_submit_form("web_submit_form") highest severity level was "warning", 531742 body bytes, 512 header bytes, 1023 chunking overhead bytes  	[MsgId: MMSG-26387]
Action.c(130): Error: itinerary not deleted	[MsgId: MERR-17999]
End auto log messages stack.	[MsgId: MMSG-10544]


Start auto log messages stack - Iteration 9.	[MsgId: MMSG-10545]
Action.c(118): web_submit_form("web_submit_form") started  	[MsgId: MMSG-26355]
Action.c(118): Submitting form to "http://localhost:1080/cgi-bin/itinerary.pl", Target Frame=""  	[MsgId: MMSG-27978]
Action.c(118): Downloading resource "http://localhost:1080/cgi-bin/itinerary.pl" (specified by argument number 13)  	[MsgId: MMSG-26577]
Action.c(118): Registered web_reg_find successful for "Text=A total of" (count=1)  	[MsgId: MMSG-26364]
Action.c(118): Warning -26373: Parameter "flights_numbers" saved from a resource (URL="http://localhost:1080/cgi-bin/itinerary.pl")  	[MsgId: MWAR-26373]
Action.c(118): web_submit_form("web_submit_form") highest severity level was "warning", 521795 body bytes, 512 header bytes, 1015 chunking overhead bytes  	[MsgId: MMSG-26387]
Action.c(130): Error: itinerary not deleted	[MsgId: MERR-17999]
End auto log messages stack.	[MsgId: MMSG-10544]


Start auto log messages stack - Iteration 8.	[MsgId: MMSG-10545]
Action.c(118): web_submit_form("web_submit_form") started  	[MsgId: MMSG-26355]
Action.c(118): Submitting form to "http://localhost:1080/cgi-bin/itinerary.pl", Target Frame=""  	[MsgId: MMSG-27978]
Action.c(118): Downloading resource "http://localhost:1080/cgi-bin/itinerary.pl" (specified by argument number 13)  	[MsgId: MMSG-26577]
Action.c(118): Registered web_reg_find successful for "Text=A total of" (count=1)  	[MsgId: MMSG-26364]
Action.c(118): Warning -26373: Parameter "flights_numbers" saved from a resource (URL="http://localhost:1080/cgi-bin/itinerary.pl")  	[MsgId: MWAR-26373]
Action.c(118): web_submit_form("web_submit_form") highest severity level was "warning", 532878 body bytes, 512 header bytes, 1015 chunking overhead bytes  	[MsgId: MMSG-26387]
Action.c(130): Error: itinerary not deleted	[MsgId: MERR-17999]
End auto log messages stack.	[MsgId: MMSG-10544]


Start auto log messages stack - Iteration 9.	[MsgId: MMSG-10545]
Action.c(118): web_submit_form("web_submit_form") started  	[MsgId: MMSG-26355]
Action.c(118): Submitting form to "http://localhost:1080/cgi-bin/itinerary.pl", Target Frame=""  	[MsgId: MMSG-27978]
Action.c(118): Downloading resource "http://localhost:1080/cgi-bin/itinerary.pl" (specified by argument number 13)  	[MsgId: MMSG-26577]
Action.c(118): Registered web_reg_find successful for "Text=A total of" (count=1)  	[MsgId: MMSG-26364]
Action.c(118): Warning -26373: Parameter "flights_numbers" saved from a resource (URL="http://localhost:1080/cgi-bin/itinerary.pl")  	[MsgId: MWAR-26373]
Action.c(118): web_submit_form("web_submit_form") highest severity level was "warning", 522941 body bytes, 512 header bytes, 999 chunking overhead bytes  	[MsgId: MMSG-26387]
Action.c(130): Error: itinerary not deleted	[MsgId: MERR-17999]
End auto log messages stack.	[MsgId: MMSG-10544]


Start auto log messages stack - Iteration 9.	[MsgId: MMSG-10545]
Action.c(118): web_submit_form("web_submit_form") started  	[MsgId: MMSG-26355]
Action.c(118): Submitting form to "http://localhost:1080/cgi-bin/itinerary.pl", Target Frame=""  	[MsgId: MMSG-27978]
Action.c(118): Downloading resource "http://localhost:1080/cgi-bin/itinerary.pl" (specified by argument number 13)  	[MsgId: MMSG-26577]
Action.c(118): Registered web_reg_find successful for "Text=A total of" (count=1)  	[MsgId: MMSG-26364]
Action.c(118): Warning -26373: Parameter "flights_numbers" saved from a resource (URL="http://localhost:1080/cgi-bin/itinerary.pl")  	[MsgId: MWAR-26373]
Action.c(118): web_submit_form("web_submit_form") highest severity level was "warning", 524087 body bytes, 512 header bytes, 999 chunking overhead bytes  	[MsgId: MMSG-26387]
Action.c(130): Error: itinerary not deleted	[MsgId: MERR-17999]
End auto log messages stack.	[MsgId: MMSG-10544]


Start auto log messages stack - Iteration 10.	[MsgId: MMSG-10545]
Action.c(118): web_submit_form("web_submit_form") started  	[MsgId: MMSG-26355]
Action.c(118): Submitting form to "http://localhost:1080/cgi-bin/itinerary.pl", Target Frame=""  	[MsgId: MMSG-27978]
Action.c(118): Downloading resource "http://localhost:1080/cgi-bin/itinerary.pl" (specified by argument number 13)  	[MsgId: MMSG-26577]
Action.c(118): Registered web_reg_find successful for "Text=A total of" (count=1)  	[MsgId: MMSG-26364]
Action.c(118): Warning -26373: Parameter "flights_numbers" saved from a resource (URL="http://localhost:1080/cgi-bin/itinerary.pl")  	[MsgId: MWAR-26373]
Action.c(118): web_submit_form("web_submit_form") highest severity level was "warning", 497507 body bytes, 512 header bytes, 959 chunking overhead bytes  	[MsgId: MMSG-26387]
Action.c(130): Error: itinerary not deleted	[MsgId: MERR-17999]
End auto log messages stack.	[MsgId: MMSG-10544]


Start auto log messages stack - Iteration 9.	[MsgId: MMSG-10545]
Action.c(118): web_submit_form("web_submit_form") started  	[MsgId: MMSG-26355]
Action.c(118): Submitting form to "http://localhost:1080/cgi-bin/itinerary.pl", Target Frame=""  	[MsgId: MMSG-27978]
Action.c(118): Downloading resource "http://localhost:1080/cgi-bin/itinerary.pl" (specified by argument number 13)  	[MsgId: MMSG-26577]
Action.c(118): Registered web_reg_find successful for "Text=A total of" (count=1)  	[MsgId: MMSG-26364]
Action.c(118): Warning -26373: Parameter "flights_numbers" saved from a resource (URL="http://localhost:1080/cgi-bin/itinerary.pl")  	[MsgId: MWAR-26373]
Action.c(118): web_submit_form("web_submit_form") highest severity level was "warning", 525233 body bytes, 512 header bytes, 1006 chunking overhead bytes  	[MsgId: MMSG-26387]
Action.c(130): Error: itinerary not deleted	[MsgId: MERR-17999]
End auto log messages stack.	[MsgId: MMSG-10544]


Start auto log messages stack - Iteration 10.	[MsgId: MMSG-10545]
Action.c(118): web_submit_form("web_submit_form") started  	[MsgId: MMSG-26355]
Action.c(118): Submitting form to "http://localhost:1080/cgi-bin/itinerary.pl", Target Frame=""  	[MsgId: MMSG-27978]
Action.c(118): Downloading resource "http://localhost:1080/cgi-bin/itinerary.pl" (specified by argument number 13)  	[MsgId: MMSG-26577]
Action.c(118): Registered web_reg_find successful for "Text=A total of" (count=1)  	[MsgId: MMSG-26364]
Action.c(118): Warning -26373: Parameter "flights_numbers" saved from a resource (URL="http://localhost:1080/cgi-bin/itinerary.pl")  	[MsgId: MWAR-26373]
Action.c(118): web_submit_form("web_submit_form") highest severity level was "warning", 498654 body bytes, 512 header bytes, 951 chunking overhead bytes  	[MsgId: MMSG-26387]
Action.c(130): Error: itinerary not deleted	[MsgId: MERR-17999]
End auto log messages stack.	[MsgId: MMSG-10544]


Start auto log messages stack - Iteration 9.	[MsgId: MMSG-10545]
Action.c(118): web_submit_form("web_submit_form") started  	[MsgId: MMSG-26355]
Action.c(118): Submitting form to "http://localhost:1080/cgi-bin/itinerary.pl", Target Frame=""  	[MsgId: MMSG-27978]
Action.c(118): Downloading resource "http://localhost:1080/cgi-bin/itinerary.pl" (specified by argument number 13)  	[MsgId: MMSG-26577]
Action.c(118): Registered web_reg_find successful for "Text=A total of" (count=1)  	[MsgId: MMSG-26364]
Action.c(118): Warning -26373: Parameter "flights_numbers" saved from a resource (URL="http://localhost:1080/cgi-bin/itinerary.pl")  	[MsgId: MWAR-26373]
Action.c(118): web_submit_form("web_submit_form") highest severity level was "warning", 526379 body bytes, 512 header bytes, 1007 chunking overhead bytes  	[MsgId: MMSG-26387]
Action.c(130): Error: itinerary not deleted	[MsgId: MERR-17999]
End auto log messages stack.	[MsgId: MMSG-10544]


Start auto log messages stack - Iteration 10.	[MsgId: MMSG-10545]
Action.c(118): web_submit_form("web_submit_form") started  	[MsgId: MMSG-26355]
Action.c(118): Submitting form to "http://localhost:1080/cgi-bin/itinerary.pl", Target Frame=""  	[MsgId: MMSG-27978]
Action.c(118): Downloading resource "http://localhost:1080/cgi-bin/itinerary.pl" (specified by argument number 13)  	[MsgId: MMSG-26577]
Action.c(118): Registered web_reg_find successful for "Text=A total of" (count=1)  	[MsgId: MMSG-26364]
Action.c(118): Warning -26373: Parameter "flights_numbers" saved from a resource (URL="http://localhost:1080/cgi-bin/itinerary.pl")  	[MsgId: MWAR-26373]
Action.c(118): web_submit_form("web_submit_form") highest severity level was "warning", 499801 body bytes, 512 header bytes, 959 chunking overhead bytes  	[MsgId: MMSG-26387]
Action.c(130): Error: itinerary not deleted	[MsgId: MERR-17999]
End auto log messages stack.	[MsgId: MMSG-10544]


Start auto log messages stack - Iteration 11.	[MsgId: MMSG-10545]
Action.c(118): web_submit_form("web_submit_form") started  	[MsgId: MMSG-26355]
Action.c(118): Submitting form to "http://localhost:1080/cgi-bin/itinerary.pl", Target Frame=""  	[MsgId: MMSG-27978]
Action.c(118): Downloading resource "http://localhost:1080/cgi-bin/itinerary.pl" (specified by argument number 13)  	[MsgId: MMSG-26577]
Action.c(118): Registered web_reg_find successful for "Text=A total of" (count=1)  	[MsgId: MMSG-26364]
Action.c(118): Warning -26373: Parameter "flights_numbers" saved from a resource (URL="http://localhost:1080/cgi-bin/itinerary.pl")  	[MsgId: MWAR-26373]
Action.c(118): web_submit_form("web_submit_form") highest severity level was "warning", 172019 body bytes, 512 header bytes, 343 chunking overhead bytes  	[MsgId: MMSG-26387]
Action.c(130): Error: itinerary not deleted	[MsgId: MERR-17999]
End auto log messages stack.	[MsgId: MMSG-10544]


Start auto log messages stack - Iteration 10.	[MsgId: MMSG-10545]
Action.c(118): web_submit_form("web_submit_form") started  	[MsgId: MMSG-26355]
Action.c(118): Submitting form to "http://localhost:1080/cgi-bin/itinerary.pl", Target Frame=""  	[MsgId: MMSG-27978]
Action.c(118): Downloading resource "http://localhost:1080/cgi-bin/itinerary.pl" (specified by argument number 13)  	[MsgId: MMSG-26577]
Action.c(118): Registered web_reg_find successful for "Text=A total of" (count=1)  	[MsgId: MMSG-26364]
Action.c(118): Warning -26373: Parameter "flights_numbers" saved from a resource (URL="http://localhost:1080/cgi-bin/itinerary.pl")  	[MsgId: MWAR-26373]
Action.c(118): web_submit_form("web_submit_form") highest severity level was "warning", 500948 body bytes, 512 header bytes, 959 chunking overhead bytes  	[MsgId: MMSG-26387]
Action.c(130): Error: itinerary not deleted	[MsgId: MERR-17999]
End auto log messages stack.	[MsgId: MMSG-10544]


Start auto log messages stack - Iteration 10.	[MsgId: MMSG-10545]
Action.c(118): web_submit_form("web_submit_form") started  	[MsgId: MMSG-26355]
Action.c(118): Submitting form to "http://localhost:1080/cgi-bin/itinerary.pl", Target Frame=""  	[MsgId: MMSG-27978]
Action.c(118): Downloading resource "http://localhost:1080/cgi-bin/itinerary.pl" (specified by argument number 13)  	[MsgId: MMSG-26577]
Action.c(118): Registered web_reg_find successful for "Text=A total of" (count=1)  	[MsgId: MMSG-26364]
Action.c(118): Warning -26373: Parameter "flights_numbers" saved from a resource (URL="http://localhost:1080/cgi-bin/itinerary.pl")  	[MsgId: MWAR-26373]
Action.c(118): web_submit_form("web_submit_form") highest severity level was "warning", 502095 body bytes, 512 header bytes, 967 chunking overhead bytes  	[MsgId: MMSG-26387]
Action.c(130): Error: itinerary not deleted	[MsgId: MERR-17999]
End auto log messages stack.	[MsgId: MMSG-10544]


Start auto log messages stack - Iteration 10.	[MsgId: MMSG-10545]
Action.c(118): web_submit_form("web_submit_form") started  	[MsgId: MMSG-26355]
Action.c(118): Submitting form to "http://localhost:1080/cgi-bin/itinerary.pl", Target Frame=""  	[MsgId: MMSG-27978]
Action.c(118): Downloading resource "http://localhost:1080/cgi-bin/itinerary.pl" (specified by argument number 13)  	[MsgId: MMSG-26577]
Action.c(118): Registered web_reg_find successful for "Text=A total of" (count=1)  	[MsgId: MMSG-26364]
Action.c(118): Warning -26373: Parameter "flights_numbers" saved from a resource (URL="http://localhost:1080/cgi-bin/itinerary.pl")  	[MsgId: MWAR-26373]
Action.c(118): web_submit_form("web_submit_form") highest severity level was "warning", 503242 body bytes, 512 header bytes, 959 chunking overhead bytes  	[MsgId: MMSG-26387]
Action.c(130): Error: itinerary not deleted	[MsgId: MERR-17999]
End auto log messages stack.	[MsgId: MMSG-10544]


Start auto log messages stack - Iteration 12.	[MsgId: MMSG-10545]
Action.c(118): web_submit_form("web_submit_form") started  	[MsgId: MMSG-26355]
Action.c(118): Submitting form to "http://localhost:1080/cgi-bin/itinerary.pl", Target Frame=""  	[MsgId: MMSG-27978]
Action.c(118): Downloading resource "http://localhost:1080/cgi-bin/itinerary.pl" (specified by argument number 13)  	[MsgId: MMSG-26577]
Action.c(118): Registered web_reg_find successful for "Text=A total of" (count=1)  	[MsgId: MMSG-26364]
Action.c(118): Warning -26373: Parameter "flights_numbers" saved from a resource (URL="http://localhost:1080/cgi-bin/itinerary.pl")  	[MsgId: MWAR-26373]
Action.c(118): web_submit_form("web_submit_form") highest severity level was "warning", 611439 body bytes, 512 header bytes, 1167 chunking overhead bytes  	[MsgId: MMSG-26387]
Action.c(130): Error: itinerary not deleted	[MsgId: MERR-17999]
End auto log messages stack.	[MsgId: MMSG-10544]


Start auto log messages stack - Iteration 13.	[MsgId: MMSG-10545]
Action.c(118): web_submit_form("web_submit_form") started  	[MsgId: MMSG-26355]
Action.c(118): Submitting form to "http://localhost:1080/cgi-bin/itinerary.pl", Target Frame=""  	[MsgId: MMSG-27978]
Action.c(118): Downloading resource "http://localhost:1080/cgi-bin/itinerary.pl" (specified by argument number 13)  	[MsgId: MMSG-26577]
Action.c(118): Registered web_reg_find successful for "Text=A total of" (count=1)  	[MsgId: MMSG-26364]
Action.c(118): Warning -26373: Parameter "flights_numbers" saved from a resource (URL="http://localhost:1080/cgi-bin/itinerary.pl")  	[MsgId: MWAR-26373]
Action.c(118): web_submit_form("web_submit_form") highest severity level was "warning", 604866 body bytes, 512 header bytes, 1159 chunking overhead bytes  	[MsgId: MMSG-26387]
Action.c(130): Error: itinerary not deleted	[MsgId: MERR-17999]
End auto log messages stack.	[MsgId: MMSG-10544]


Start auto log messages stack - Iteration 19.	[MsgId: MMSG-10545]
Action.c(118): web_submit_form("web_submit_form") started  	[MsgId: MMSG-26355]
Action.c(118): Submitting form to "http://localhost:1080/cgi-bin/itinerary.pl", Target Frame=""  	[MsgId: MMSG-27978]
Action.c(118): Downloading resource "http://localhost:1080/cgi-bin/itinerary.pl" (specified by argument number 13)  	[MsgId: MMSG-26577]
Action.c(118): Registered web_reg_find successful for "Text=A total of" (count=1)  	[MsgId: MMSG-26364]
Action.c(118): Warning -26373: Parameter "flights_numbers" saved from a resource (URL="http://localhost:1080/cgi-bin/itinerary.pl")  	[MsgId: MWAR-26373]
Action.c(118): web_submit_form("web_submit_form") highest severity level was "warning", 542352 body bytes, 512 header bytes, 1031 chunking overhead bytes  	[MsgId: MMSG-26387]
Action.c(130): Error: itinerary not deleted	[MsgId: MERR-17999]
End auto log messages stack.	[MsgId: MMSG-10544]


Start auto log messages stack - Iteration 21.	[MsgId: MMSG-10545]
Action.c(118): web_submit_form("web_submit_form") started  	[MsgId: MMSG-26355]
Action.c(118): Submitting form to "http://localhost:1080/cgi-bin/itinerary.pl", Target Frame=""  	[MsgId: MMSG-27978]
Action.c(118): Downloading resource "http://localhost:1080/cgi-bin/itinerary.pl" (specified by argument number 13)  	[MsgId: MMSG-26577]
Action.c(118): Registered web_reg_find successful for "Text=A total of" (count=1)  	[MsgId: MMSG-26364]
Action.c(118): Warning -26373: Parameter "flights_numbers" saved from a resource (URL="http://localhost:1080/cgi-bin/itinerary.pl")  	[MsgId: MWAR-26373]
Action.c(118): web_submit_form("web_submit_form") highest severity level was "warning", 186826 body bytes, 512 header bytes, 375 chunking overhead bytes  	[MsgId: MMSG-26387]
Action.c(130): Error: itinerary not deleted	[MsgId: MERR-17999]
End auto log messages stack.	[MsgId: MMSG-10544]


Start auto log messages stack - Iteration 25.	[MsgId: MMSG-10545]
Action.c(83): Detected non-resource "http://localhost:1080/cgi-bin/itinerary.pl" in "http://localhost:1080/cgi-bin/welcome.pl?page=itinerary"  	[MsgId: MMSG-26574]
Action.c(83): Resource "http://localhost:1080/WebTours/images/flights.gif" is in the cache already and will not be downloaded again  	[MsgId: MMSG-26655]
Action.c(83): Found resource "http://localhost:1080/WebTours/images/in_itinerary.gif" in HTML "http://localhost:1080/cgi-bin/nav.pl?page=menu&in=itinerary"  	[MsgId: MMSG-26659]
Action.c(83): Found resource "http://localhost:1080/WebTours/images/home.gif" in HTML "http://localhost:1080/cgi-bin/nav.pl?page=menu&in=itinerary"  	[MsgId: MMSG-26659]
Action.c(83): Resource "http://localhost:1080/WebTours/images/signoff.gif" is in the cache already and will not be downloaded again  	[MsgId: MMSG-26655]
Action.c(83): Error -26612: HTTP Status-Code=500 (Internal Server Error) for "http://localhost:1080/cgi-bin/itinerary.pl"  	[MsgId: MERR-26612]
Action.c(83): Error -26377: No match found for the requested parameter "fl_id". Either the specified boundaries were not found in the response or the matched text is longer than current max html parameter size of 256 bytes. The total length of the response is 4029 bytes. You can use "web_set_max_html_param_len" to increase the max parameter size.  	[MsgId: MERR-26377]
End auto log messages stack.	[MsgId: MMSG-10544]


Start auto log messages stack - Iteration 35.	[MsgId: MMSG-10545]
Action.c(118): web_submit_form("web_submit_form") started  	[MsgId: MMSG-26355]
Action.c(118): Submitting form to "http://localhost:1080/cgi-bin/itinerary.pl", Target Frame=""  	[MsgId: MMSG-27978]
Action.c(118): Downloading resource "http://localhost:1080/cgi-bin/itinerary.pl" (specified by argument number 13)  	[MsgId: MMSG-26577]
Action.c(118): Registered web_reg_find successful for "Text=A total of" (count=1)  	[MsgId: MMSG-26364]
Action.c(118): Warning -26373: Parameter "flights_numbers" saved from a resource (URL="http://localhost:1080/cgi-bin/itinerary.pl")  	[MsgId: MWAR-26373]
Action.c(118): web_submit_form("web_submit_form") highest severity level was "warning", 631947 body bytes, 512 header bytes, 1199 chunking overhead bytes  	[MsgId: MMSG-26387]
Action.c(130): Error: itinerary not deleted	[MsgId: MERR-17999]
End auto log messages stack.	[MsgId: MMSG-10544]


Start auto log messages stack - Iteration 36.	[MsgId: MMSG-10545]
Action.c(118): web_submit_form("web_submit_form") started  	[MsgId: MMSG-26355]
Action.c(118): Submitting form to "http://localhost:1080/cgi-bin/itinerary.pl", Target Frame=""  	[MsgId: MMSG-27978]
Action.c(118): Downloading resource "http://localhost:1080/cgi-bin/itinerary.pl" (specified by argument number 13)  	[MsgId: MMSG-26577]
Action.c(118): Registered web_reg_find successful for "Text=A total of" (count=1)  	[MsgId: MMSG-26364]
Action.c(118): Warning -26373: Parameter "flights_numbers" saved from a resource (URL="http://localhost:1080/cgi-bin/itinerary.pl")  	[MsgId: MWAR-26373]
Action.c(118): web_submit_form("web_submit_form") highest severity level was "warning", 614153 body bytes, 512 header bytes, 1167 chunking overhead bytes  	[MsgId: MMSG-26387]
Action.c(130): Error: itinerary not deleted	[MsgId: MERR-17999]
End auto log messages stack.	[MsgId: MMSG-10544]


Start auto log messages stack - Iteration 37.	[MsgId: MMSG-10545]
Action.c(118): web_submit_form("web_submit_form") started  	[MsgId: MMSG-26355]
Action.c(118): Submitting form to "http://localhost:1080/cgi-bin/itinerary.pl", Target Frame=""  	[MsgId: MMSG-27978]
Action.c(118): Downloading resource "http://localhost:1080/cgi-bin/itinerary.pl" (specified by argument number 13)  	[MsgId: MMSG-26577]
Action.c(118): Registered web_reg_find successful for "Text=A total of" (count=1)  	[MsgId: MMSG-26364]
Action.c(118): Warning -26373: Parameter "flights_numbers" saved from a resource (URL="http://localhost:1080/cgi-bin/itinerary.pl")  	[MsgId: MWAR-26373]
Action.c(118): web_submit_form("web_submit_form") highest severity level was "warning", 590669 body bytes, 512 header bytes, 1126 chunking overhead bytes  	[MsgId: MMSG-26387]
Action.c(130): Error: itinerary not deleted	[MsgId: MERR-17999]
End auto log messages stack.	[MsgId: MMSG-10544]


Start auto log messages stack - Iteration 37.	[MsgId: MMSG-10545]
Action.c(118): web_submit_form("web_submit_form") started  	[MsgId: MMSG-26355]
Action.c(118): Submitting form to "http://localhost:1080/cgi-bin/itinerary.pl", Target Frame=""  	[MsgId: MMSG-27978]
Action.c(118): Downloading resource "http://localhost:1080/cgi-bin/itinerary.pl" (specified by argument number 13)  	[MsgId: MMSG-26577]
Action.c(118): Registered web_reg_find successful for "Text=A total of" (count=1)  	[MsgId: MMSG-26364]
Action.c(118): Warning -26373: Parameter "flights_numbers" saved from a resource (URL="http://localhost:1080/cgi-bin/itinerary.pl")  	[MsgId: MWAR-26373]
Action.c(118): web_submit_form("web_submit_form") highest severity level was "warning", 591804 body bytes, 512 header bytes, 1127 chunking overhead bytes  	[MsgId: MMSG-26387]
Action.c(130): Error: itinerary not deleted	[MsgId: MERR-17999]
End auto log messages stack.	[MsgId: MMSG-10544]


Start auto log messages stack - Iteration 41.	[MsgId: MMSG-10545]
Action.c(118): web_submit_form("web_submit_form") started  	[MsgId: MMSG-26355]
Action.c(118): Submitting form to "http://localhost:1080/cgi-bin/itinerary.pl", Target Frame=""  	[MsgId: MMSG-27978]
Action.c(118): Downloading resource "http://localhost:1080/cgi-bin/itinerary.pl" (specified by argument number 13)  	[MsgId: MMSG-26577]
Action.c(118): Registered web_reg_find successful for "Text=A total of" (count=1)  	[MsgId: MMSG-26364]
Action.c(118): Warning -26373: Parameter "flights_numbers" saved from a resource (URL="http://localhost:1080/cgi-bin/itinerary.pl")  	[MsgId: MWAR-26373]
Action.c(118): web_submit_form("web_submit_form") highest severity level was "warning", 214053 body bytes, 512 header bytes, 422 chunking overhead bytes  	[MsgId: MMSG-26387]
Action.c(130): Error: itinerary not deleted	[MsgId: MERR-17999]
End auto log messages stack.	[MsgId: MMSG-10544]


Start auto log messages stack - Iteration 42.	[MsgId: MMSG-10545]
Action.c(118): web_submit_form("web_submit_form") started  	[MsgId: MMSG-26355]
Action.c(118): Submitting form to "http://localhost:1080/cgi-bin/itinerary.pl", Target Frame=""  	[MsgId: MMSG-27978]
Action.c(118): Downloading resource "http://localhost:1080/cgi-bin/itinerary.pl" (specified by argument number 13)  	[MsgId: MMSG-26577]
Action.c(118): Registered web_reg_find successful for "Text=A total of" (count=1)  	[MsgId: MMSG-26364]
Action.c(118): Warning -26373: Parameter "flights_numbers" saved from a resource (URL="http://localhost:1080/cgi-bin/itinerary.pl")  	[MsgId: MWAR-26373]
Action.c(118): web_submit_form("web_submit_form") highest severity level was "warning", 652445 body bytes, 512 header bytes, 1247 chunking overhead bytes  	[MsgId: MMSG-26387]
Action.c(130): Error: itinerary not deleted	[MsgId: MERR-17999]
End auto log messages stack.	[MsgId: MMSG-10544]


Start auto log messages stack - Iteration 42.	[MsgId: MMSG-10545]
Action.c(118): web_submit_form("web_submit_form") started  	[MsgId: MMSG-26355]
Action.c(118): Submitting form to "http://localhost:1080/cgi-bin/itinerary.pl", Target Frame=""  	[MsgId: MMSG-27978]
Action.c(118): Downloading resource "http://localhost:1080/cgi-bin/itinerary.pl" (specified by argument number 13)  	[MsgId: MMSG-26577]
Action.c(118): Registered web_reg_find successful for "Text=A total of" (count=1)  	[MsgId: MMSG-26364]
Action.c(118): Warning -26373: Parameter "flights_numbers" saved from a resource (URL="http://localhost:1080/cgi-bin/itinerary.pl")  	[MsgId: MWAR-26373]
Action.c(118): web_submit_form("web_submit_form") highest severity level was "warning", 653590 body bytes, 512 header bytes, 1239 chunking overhead bytes  	[MsgId: MMSG-26387]
Action.c(130): Error: itinerary not deleted	[MsgId: MERR-17999]
End auto log messages stack.	[MsgId: MMSG-10544]


Start auto log messages stack - Iteration 42.	[MsgId: MMSG-10545]
Action.c(118): web_submit_form("web_submit_form") started  	[MsgId: MMSG-26355]
Action.c(118): Submitting form to "http://localhost:1080/cgi-bin/itinerary.pl", Target Frame=""  	[MsgId: MMSG-27978]
Action.c(118): Downloading resource "http://localhost:1080/cgi-bin/itinerary.pl" (specified by argument number 13)  	[MsgId: MMSG-26577]
Action.c(118): Registered web_reg_find successful for "Text=A total of" (count=1)  	[MsgId: MMSG-26364]
Action.c(118): Warning -26373: Parameter "flights_numbers" saved from a resource (URL="http://localhost:1080/cgi-bin/itinerary.pl")  	[MsgId: MWAR-26373]
Action.c(118): web_submit_form("web_submit_form") highest severity level was "warning", 654735 body bytes, 512 header bytes, 1247 chunking overhead bytes  	[MsgId: MMSG-26387]
Action.c(130): Error: itinerary not deleted	[MsgId: MERR-17999]
End auto log messages stack.	[MsgId: MMSG-10544]


Start auto log messages stack - Iteration 43.	[MsgId: MMSG-10545]
Action.c(118): web_submit_form("web_submit_form") started  	[MsgId: MMSG-26355]
Action.c(118): Submitting form to "http://localhost:1080/cgi-bin/itinerary.pl", Target Frame=""  	[MsgId: MMSG-27978]
Action.c(118): Downloading resource "http://localhost:1080/cgi-bin/itinerary.pl" (specified by argument number 13)  	[MsgId: MMSG-26577]
Action.c(118): Registered web_reg_find successful for "Text=A total of" (count=1)  	[MsgId: MMSG-26364]
Action.c(118): Warning -26373: Parameter "flights_numbers" saved from a resource (URL="http://localhost:1080/cgi-bin/itinerary.pl")  	[MsgId: MWAR-26373]
Action.c(118): web_submit_form("web_submit_form") highest severity level was "warning", 645749 body bytes, 512 header bytes, 1223 chunking overhead bytes  	[MsgId: MMSG-26387]
Action.c(130): Error: itinerary not deleted	[MsgId: MERR-17999]
End auto log messages stack.	[MsgId: MMSG-10544]


Start auto log messages stack - Iteration 42.	[MsgId: MMSG-10545]
Action.c(118): web_submit_form("web_submit_form") started  	[MsgId: MMSG-26355]
Action.c(118): Submitting form to "http://localhost:1080/cgi-bin/itinerary.pl", Target Frame=""  	[MsgId: MMSG-27978]
Action.c(118): Downloading resource "http://localhost:1080/cgi-bin/itinerary.pl" (specified by argument number 13)  	[MsgId: MMSG-26577]
Action.c(118): Registered web_reg_find successful for "Text=A total of" (count=1)  	[MsgId: MMSG-26364]
Action.c(118): Warning -26373: Parameter "flights_numbers" saved from a resource (URL="http://localhost:1080/cgi-bin/itinerary.pl")  	[MsgId: MWAR-26373]
Action.c(118): web_submit_form("web_submit_form") highest severity level was "warning", 655880 body bytes, 512 header bytes, 1255 chunking overhead bytes  	[MsgId: MMSG-26387]
Action.c(130): Error: itinerary not deleted	[MsgId: MERR-17999]
End auto log messages stack.	[MsgId: MMSG-10544]


Start auto log messages stack - Iteration 43.	[MsgId: MMSG-10545]
Action.c(118): web_submit_form("web_submit_form") started  	[MsgId: MMSG-26355]
Action.c(118): Submitting form to "http://localhost:1080/cgi-bin/itinerary.pl", Target Frame=""  	[MsgId: MMSG-27978]
Action.c(118): Downloading resource "http://localhost:1080/cgi-bin/itinerary.pl" (specified by argument number 13)  	[MsgId: MMSG-26577]
Action.c(118): Registered web_reg_find successful for "Text=A total of" (count=1)  	[MsgId: MMSG-26364]
Action.c(118): Warning -26373: Parameter "flights_numbers" saved from a resource (URL="http://localhost:1080/cgi-bin/itinerary.pl")  	[MsgId: MWAR-26373]
Action.c(118): web_submit_form("web_submit_form") highest severity level was "warning", 646889 body bytes, 512 header bytes, 1231 chunking overhead bytes  	[MsgId: MMSG-26387]
Action.c(130): Error: itinerary not deleted	[MsgId: MERR-17999]
End auto log messages stack.	[MsgId: MMSG-10544]


Start auto log messages stack - Iteration 42.	[MsgId: MMSG-10545]
Action.c(118): web_submit_form("web_submit_form") started  	[MsgId: MMSG-26355]
Action.c(118): Submitting form to "http://localhost:1080/cgi-bin/itinerary.pl", Target Frame=""  	[MsgId: MMSG-27978]
Action.c(118): Downloading resource "http://localhost:1080/cgi-bin/itinerary.pl" (specified by argument number 13)  	[MsgId: MMSG-26577]
Action.c(118): Registered web_reg_find successful for "Text=A total of" (count=1)  	[MsgId: MMSG-26364]
Action.c(118): Warning -26373: Parameter "flights_numbers" saved from a resource (URL="http://localhost:1080/cgi-bin/itinerary.pl")  	[MsgId: MWAR-26373]
Action.c(118): web_submit_form("web_submit_form") highest severity level was "warning", 657025 body bytes, 512 header bytes, 1255 chunking overhead bytes  	[MsgId: MMSG-26387]
Action.c(130): Error: itinerary not deleted	[MsgId: MERR-17999]
End auto log messages stack.	[MsgId: MMSG-10544]


Start auto log messages stack - Iteration 43.	[MsgId: MMSG-10545]
Action.c(118): web_submit_form("web_submit_form") started  	[MsgId: MMSG-26355]
Action.c(118): Submitting form to "http://localhost:1080/cgi-bin/itinerary.pl", Target Frame=""  	[MsgId: MMSG-27978]
Action.c(118): Downloading resource "http://localhost:1080/cgi-bin/itinerary.pl" (specified by argument number 13)  	[MsgId: MMSG-26577]
Action.c(118): Registered web_reg_find successful for "Text=A total of" (count=1)  	[MsgId: MMSG-26364]
Action.c(118): Warning -26373: Parameter "flights_numbers" saved from a resource (URL="http://localhost:1080/cgi-bin/itinerary.pl")  	[MsgId: MWAR-26373]
Action.c(118): web_submit_form("web_submit_form") highest severity level was "warning", 648029 body bytes, 512 header bytes, 1230 chunking overhead bytes  	[MsgId: MMSG-26387]
Action.c(130): Error: itinerary not deleted	[MsgId: MERR-17999]
End auto log messages stack.	[MsgId: MMSG-10544]


Start auto log messages stack - Iteration 43.	[MsgId: MMSG-10545]
Action.c(118): web_submit_form("web_submit_form") started  	[MsgId: MMSG-26355]
Action.c(118): Submitting form to "http://localhost:1080/cgi-bin/itinerary.pl", Target Frame=""  	[MsgId: MMSG-27978]
Action.c(118): Downloading resource "http://localhost:1080/cgi-bin/itinerary.pl" (specified by argument number 13)  	[MsgId: MMSG-26577]
Action.c(118): Registered web_reg_find successful for "Text=A total of" (count=1)  	[MsgId: MMSG-26364]
Action.c(118): Warning -26373: Parameter "flights_numbers" saved from a resource (URL="http://localhost:1080/cgi-bin/itinerary.pl")  	[MsgId: MWAR-26373]
Action.c(118): web_submit_form("web_submit_form") highest severity level was "warning", 649169 body bytes, 512 header bytes, 1231 chunking overhead bytes  	[MsgId: MMSG-26387]
Action.c(130): Error: itinerary not deleted	[MsgId: MERR-17999]
End auto log messages stack.	[MsgId: MMSG-10544]


Start auto log messages stack - Iteration 44.	[MsgId: MMSG-10545]
Action.c(118): web_submit_form("web_submit_form") started  	[MsgId: MMSG-26355]
Action.c(118): Submitting form to "http://localhost:1080/cgi-bin/itinerary.pl", Target Frame=""  	[MsgId: MMSG-27978]
Action.c(118): Downloading resource "http://localhost:1080/cgi-bin/itinerary.pl" (specified by argument number 13)  	[MsgId: MMSG-26577]
Action.c(118): Registered web_reg_find successful for "Text=A total of" (count=1)  	[MsgId: MMSG-26364]
Action.c(118): Warning -26373: Parameter "flights_numbers" saved from a resource (URL="http://localhost:1080/cgi-bin/itinerary.pl")  	[MsgId: MWAR-26373]
Action.c(118): web_submit_form("web_submit_form") highest severity level was "warning", 633412 body bytes, 512 header bytes, 1207 chunking overhead bytes  	[MsgId: MMSG-26387]
Action.c(130): Error: itinerary not deleted	[MsgId: MERR-17999]
End auto log messages stack.	[MsgId: MMSG-10544]


Start auto log messages stack - Iteration 43.	[MsgId: MMSG-10545]
Action.c(118): web_submit_form("web_submit_form") started  	[MsgId: MMSG-26355]
Action.c(118): Submitting form to "http://localhost:1080/cgi-bin/itinerary.pl", Target Frame=""  	[MsgId: MMSG-27978]
Action.c(118): Downloading resource "http://localhost:1080/cgi-bin/itinerary.pl" (specified by argument number 13)  	[MsgId: MMSG-26577]
Action.c(118): Registered web_reg_find successful for "Text=A total of" (count=1)  	[MsgId: MMSG-26364]
Action.c(118): Warning -26373: Parameter "flights_numbers" saved from a resource (URL="http://localhost:1080/cgi-bin/itinerary.pl")  	[MsgId: MWAR-26373]
Action.c(118): web_submit_form("web_submit_form") highest severity level was "warning", 650309 body bytes, 512 header bytes, 1239 chunking overhead bytes  	[MsgId: MMSG-26387]
Action.c(130): Error: itinerary not deleted	[MsgId: MERR-17999]
End auto log messages stack.	[MsgId: MMSG-10544]


Start auto log messages stack - Iteration 44.	[MsgId: MMSG-10545]
Action.c(118): web_submit_form("web_submit_form") started  	[MsgId: MMSG-26355]
Action.c(118): Submitting form to "http://localhost:1080/cgi-bin/itinerary.pl", Target Frame=""  	[MsgId: MMSG-27978]
Action.c(118): Downloading resource "http://localhost:1080/cgi-bin/itinerary.pl" (specified by argument number 13)  	[MsgId: MMSG-26577]
Action.c(118): Registered web_reg_find successful for "Text=A total of" (count=1)  	[MsgId: MMSG-26364]
Action.c(118): Warning -26373: Parameter "flights_numbers" saved from a resource (URL="http://localhost:1080/cgi-bin/itinerary.pl")  	[MsgId: MWAR-26373]
Action.c(118): web_submit_form("web_submit_form") highest severity level was "warning", 634554 body bytes, 512 header bytes, 1207 chunking overhead bytes  	[MsgId: MMSG-26387]
Action.c(130): Error: itinerary not deleted	[MsgId: MERR-17999]
End auto log messages stack.	[MsgId: MMSG-10544]


Start auto log messages stack - Iteration 43.	[MsgId: MMSG-10545]
Action.c(118): web_submit_form("web_submit_form") started  	[MsgId: MMSG-26355]
Action.c(118): Submitting form to "http://localhost:1080/cgi-bin/itinerary.pl", Target Frame=""  	[MsgId: MMSG-27978]
Action.c(118): Downloading resource "http://localhost:1080/cgi-bin/itinerary.pl" (specified by argument number 13)  	[MsgId: MMSG-26577]
Action.c(118): Registered web_reg_find successful for "Text=A total of" (count=1)  	[MsgId: MMSG-26364]
Action.c(118): Warning -26373: Parameter "flights_numbers" saved from a resource (URL="http://localhost:1080/cgi-bin/itinerary.pl")  	[MsgId: MWAR-26373]
Action.c(118): web_submit_form("web_submit_form") highest severity level was "warning", 651449 body bytes, 512 header bytes, 1247 chunking overhead bytes  	[MsgId: MMSG-26387]
Action.c(130): Error: itinerary not deleted	[MsgId: MERR-17999]
End auto log messages stack.	[MsgId: MMSG-10544]


Start auto log messages stack - Iteration 44.	[MsgId: MMSG-10545]
Action.c(118): web_submit_form("web_submit_form") started  	[MsgId: MMSG-26355]
Action.c(118): Submitting form to "http://localhost:1080/cgi-bin/itinerary.pl", Target Frame=""  	[MsgId: MMSG-27978]
Action.c(118): Downloading resource "http://localhost:1080/cgi-bin/itinerary.pl" (specified by argument number 13)  	[MsgId: MMSG-26577]
Action.c(118): Registered web_reg_find successful for "Text=A total of" (count=1)  	[MsgId: MMSG-26364]
Action.c(118): Warning -26373: Parameter "flights_numbers" saved from a resource (URL="http://localhost:1080/cgi-bin/itinerary.pl")  	[MsgId: MWAR-26373]
Action.c(118): web_submit_form("web_submit_form") highest severity level was "warning", 635696 body bytes, 512 header bytes, 1208 chunking overhead bytes  	[MsgId: MMSG-26387]
Action.c(130): Error: itinerary not deleted	[MsgId: MERR-17999]
End auto log messages stack.	[MsgId: MMSG-10544]


Start auto log messages stack - Iteration 44.	[MsgId: MMSG-10545]
Action.c(118): web_submit_form("web_submit_form") started  	[MsgId: MMSG-26355]
Action.c(118): Submitting form to "http://localhost:1080/cgi-bin/itinerary.pl", Target Frame=""  	[MsgId: MMSG-27978]
Action.c(118): Downloading resource "http://localhost:1080/cgi-bin/itinerary.pl" (specified by argument number 13)  	[MsgId: MMSG-26577]
Action.c(118): Registered web_reg_find successful for "Text=A total of" (count=1)  	[MsgId: MMSG-26364]
Action.c(118): Warning -26373: Parameter "flights_numbers" saved from a resource (URL="http://localhost:1080/cgi-bin/itinerary.pl")  	[MsgId: MWAR-26373]
Action.c(118): web_submit_form("web_submit_form") highest severity level was "warning", 636838 body bytes, 512 header bytes, 1207 chunking overhead bytes  	[MsgId: MMSG-26387]
Action.c(130): Error: itinerary not deleted	[MsgId: MERR-17999]
End auto log messages stack.	[MsgId: MMSG-10544]


Start auto log messages stack - Iteration 44.	[MsgId: MMSG-10545]
Action.c(118): web_submit_form("web_submit_form") started  	[MsgId: MMSG-26355]
Action.c(118): Submitting form to "http://localhost:1080/cgi-bin/itinerary.pl", Target Frame=""  	[MsgId: MMSG-27978]
Action.c(118): Downloading resource "http://localhost:1080/cgi-bin/itinerary.pl" (specified by argument number 13)  	[MsgId: MMSG-26577]
Action.c(118): Registered web_reg_find successful for "Text=A total of" (count=1)  	[MsgId: MMSG-26364]
Action.c(118): Warning -26373: Parameter "flights_numbers" saved from a resource (URL="http://localhost:1080/cgi-bin/itinerary.pl")  	[MsgId: MWAR-26373]
Action.c(118): web_submit_form("web_submit_form") highest severity level was "warning", 637980 body bytes, 512 header bytes, 1215 chunking overhead bytes  	[MsgId: MMSG-26387]
Action.c(130): Error: itinerary not deleted	[MsgId: MERR-17999]
End auto log messages stack.	[MsgId: MMSG-10544]


