Start auto log messages stack - Iteration 2.	[MsgId: MMSG-10545]
Action.c(118): web_submit_form("web_submit_form") started  	[MsgId: MMSG-26355]
Action.c(118): Submitting form to "http://localhost:1080/cgi-bin/itinerary.pl", Target Frame=""  	[MsgId: MMSG-27978]
Action.c(118): Downloading resource "http://localhost:1080/cgi-bin/itinerary.pl" (specified by argument number 13)  	[MsgId: MMSG-26577]
Action.c(118): Registered web_reg_find successful for "Text=A total of" (count=1)  	[MsgId: MMSG-26364]
Action.c(118): Warning -26373: Parameter "flights_numbers" saved from a resource (URL="http://localhost:1080/cgi-bin/itinerary.pl")  	[MsgId: MWAR-26373]
Action.c(118): web_submit_form("web_submit_form") highest severity level was "warning", 417810 body bytes, 512 header bytes, 807 chunking overhead bytes  	[MsgId: MMSG-26387]
Action.c(130): Error: itinerary not deleted	[MsgId: MERR-17999]
End auto log messages stack.	[MsgId: MMSG-10544]


Start auto log messages stack - Iteration 10.	[MsgId: MMSG-10545]
Action.c(118): web_submit_form("web_submit_form") started  	[MsgId: MMSG-26355]
Action.c(118): Submitting form to "http://localhost:1080/cgi-bin/itinerary.pl", Target Frame=""  	[MsgId: MMSG-27978]
Action.c(118): Downloading resource "http://localhost:1080/cgi-bin/itinerary.pl" (specified by argument number 13)  	[MsgId: MMSG-26577]
Action.c(118): Registered web_reg_find successful for "Text=A total of" (count=1)  	[MsgId: MMSG-26364]
Action.c(118): Warning -26373: Parameter "flights_numbers" saved from a resource (URL="http://localhost:1080/cgi-bin/itinerary.pl")  	[MsgId: MWAR-26373]
Action.c(118): web_submit_form("web_submit_form") highest severity level was "warning", 345688 body bytes, 512 header bytes, 671 chunking overhead bytes  	[MsgId: MMSG-26387]
Action.c(130): Error: itinerary not deleted	[MsgId: MERR-17999]
End auto log messages stack.	[MsgId: MMSG-10544]


Start auto log messages stack - Iteration 11.	[MsgId: MMSG-10545]
Action.c(118): web_submit_form("web_submit_form") started  	[MsgId: MMSG-26355]
Action.c(118): Submitting form to "http://localhost:1080/cgi-bin/itinerary.pl", Target Frame=""  	[MsgId: MMSG-27978]
Action.c(118): Downloading resource "http://localhost:1080/cgi-bin/itinerary.pl" (specified by argument number 13)  	[MsgId: MMSG-26577]
Action.c(118): Registered web_reg_find successful for "Text=A total of" (count=1)  	[MsgId: MMSG-26364]
Action.c(118): Warning -26373: Parameter "flights_numbers" saved from a resource (URL="http://localhost:1080/cgi-bin/itinerary.pl")  	[MsgId: MWAR-26373]
Action.c(118): web_submit_form("web_submit_form") highest severity level was "warning", 18292 body bytes, 512 header bytes, 55 chunking overhead bytes  	[MsgId: MMSG-26387]
Action.c(130): Error: itinerary not deleted	[MsgId: MERR-17999]
End auto log messages stack.	[MsgId: MMSG-10544]


Start auto log messages stack - Iteration 12.	[MsgId: MMSG-10545]
Action.c(118): web_submit_form("web_submit_form") started  	[MsgId: MMSG-26355]
Action.c(118): Submitting form to "http://localhost:1080/cgi-bin/itinerary.pl", Target Frame=""  	[MsgId: MMSG-27978]
Action.c(118): Downloading resource "http://localhost:1080/cgi-bin/itinerary.pl" (specified by argument number 13)  	[MsgId: MMSG-26577]
Action.c(118): Registered web_reg_find successful for "Text=A total of" (count=1)  	[MsgId: MMSG-26364]
Action.c(118): Warning -26373: Parameter "flights_numbers" saved from a resource (URL="http://localhost:1080/cgi-bin/itinerary.pl")  	[MsgId: MWAR-26373]
Action.c(118): web_submit_form("web_submit_form") highest severity level was "warning", 438278 body bytes, 512 header bytes, 839 chunking overhead bytes  	[MsgId: MMSG-26387]
Action.c(130): Error: itinerary not deleted	[MsgId: MERR-17999]
End auto log messages stack.	[MsgId: MMSG-10544]


Start auto log messages stack - Iteration 11.	[MsgId: MMSG-10545]
Action.c(118): web_submit_form("web_submit_form") started  	[MsgId: MMSG-26355]
Action.c(118): Submitting form to "http://localhost:1080/cgi-bin/itinerary.pl", Target Frame=""  	[MsgId: MMSG-27978]
Action.c(118): Downloading resource "http://localhost:1080/cgi-bin/itinerary.pl" (specified by argument number 13)  	[MsgId: MMSG-26577]
Action.c(118): Registered web_reg_find successful for "Text=A total of" (count=1)  	[MsgId: MMSG-26364]
Action.c(118): Warning -26373: Parameter "flights_numbers" saved from a resource (URL="http://localhost:1080/cgi-bin/itinerary.pl")  	[MsgId: MWAR-26373]
Action.c(118): web_submit_form("web_submit_form") highest severity level was "warning", 19409 body bytes, 512 header bytes, 55 chunking overhead bytes  	[MsgId: MMSG-26387]
Action.c(130): Error: itinerary not deleted	[MsgId: MERR-17999]
End auto log messages stack.	[MsgId: MMSG-10544]


Start auto log messages stack - Iteration 11.	[MsgId: MMSG-10545]
Action.c(118): web_submit_form("web_submit_form") started  	[MsgId: MMSG-26355]
Action.c(118): Submitting form to "http://localhost:1080/cgi-bin/itinerary.pl", Target Frame=""  	[MsgId: MMSG-27978]
Action.c(118): Downloading resource "http://localhost:1080/cgi-bin/itinerary.pl" (specified by argument number 13)  	[MsgId: MMSG-26577]
Action.c(118): Registered web_reg_find successful for "Text=A total of" (count=1)  	[MsgId: MMSG-26364]
Action.c(118): Warning -26373: Parameter "flights_numbers" saved from a resource (URL="http://localhost:1080/cgi-bin/itinerary.pl")  	[MsgId: MWAR-26373]
Action.c(118): web_submit_form("web_submit_form") highest severity level was "warning", 20527 body bytes, 512 header bytes, 55 chunking overhead bytes  	[MsgId: MMSG-26387]
Action.c(130): Error: itinerary not deleted	[MsgId: MERR-17999]
End auto log messages stack.	[MsgId: MMSG-10544]


Start auto log messages stack - Iteration 12.	[MsgId: MMSG-10545]
Action.c(118): web_submit_form("web_submit_form") started  	[MsgId: MMSG-26355]
Action.c(118): Submitting form to "http://localhost:1080/cgi-bin/itinerary.pl", Target Frame=""  	[MsgId: MMSG-27978]
Action.c(118): Downloading resource "http://localhost:1080/cgi-bin/itinerary.pl" (specified by argument number 13)  	[MsgId: MMSG-26577]
Action.c(118): Registered web_reg_find successful for "Text=A total of" (count=1)  	[MsgId: MMSG-26364]
Action.c(118): Warning -26373: Parameter "flights_numbers" saved from a resource (URL="http://localhost:1080/cgi-bin/itinerary.pl")  	[MsgId: MWAR-26373]
Action.c(118): web_submit_form("web_submit_form") highest severity level was "warning", 439417 body bytes, 512 header bytes, 847 chunking overhead bytes  	[MsgId: MMSG-26387]
Action.c(130): Error: itinerary not deleted	[MsgId: MERR-17999]
End auto log messages stack.	[MsgId: MMSG-10544]


Start auto log messages stack - Iteration 12.	[MsgId: MMSG-10545]
Action.c(118): web_submit_form("web_submit_form") started  	[MsgId: MMSG-26355]
Action.c(118): Submitting form to "http://localhost:1080/cgi-bin/itinerary.pl", Target Frame=""  	[MsgId: MMSG-27978]
Action.c(118): Downloading resource "http://localhost:1080/cgi-bin/itinerary.pl" (specified by argument number 13)  	[MsgId: MMSG-26577]
Action.c(118): Registered web_reg_find successful for "Text=A total of" (count=1)  	[MsgId: MMSG-26364]
Action.c(118): Warning -26373: Parameter "flights_numbers" saved from a resource (URL="http://localhost:1080/cgi-bin/itinerary.pl")  	[MsgId: MWAR-26373]
Action.c(118): web_submit_form("web_submit_form") highest severity level was "warning", 440554 body bytes, 512 header bytes, 847 chunking overhead bytes  	[MsgId: MMSG-26387]
Action.c(130): Error: itinerary not deleted	[MsgId: MERR-17999]
End auto log messages stack.	[MsgId: MMSG-10544]


Start auto log messages stack - Iteration 13.	[MsgId: MMSG-10545]
Action.c(118): web_submit_form("web_submit_form") started  	[MsgId: MMSG-26355]
Action.c(118): Submitting form to "http://localhost:1080/cgi-bin/itinerary.pl", Target Frame=""  	[MsgId: MMSG-27978]
Action.c(118): Downloading resource "http://localhost:1080/cgi-bin/itinerary.pl" (specified by argument number 13)  	[MsgId: MMSG-26577]
Action.c(118): Registered web_reg_find successful for "Text=A total of" (count=1)  	[MsgId: MMSG-26364]
Action.c(118): Warning -26373: Parameter "flights_numbers" saved from a resource (URL="http://localhost:1080/cgi-bin/itinerary.pl")  	[MsgId: MWAR-26373]
Action.c(118): web_submit_form("web_submit_form") highest severity level was "warning", 424365 body bytes, 512 header bytes, 815 chunking overhead bytes  	[MsgId: MMSG-26387]
Action.c(130): Error: itinerary not deleted	[MsgId: MERR-17999]
End auto log messages stack.	[MsgId: MMSG-10544]


Start auto log messages stack - Iteration 18.	[MsgId: MMSG-10545]
Action.c(118): web_submit_form("web_submit_form") started  	[MsgId: MMSG-26355]
Action.c(118): Submitting form to "http://localhost:1080/cgi-bin/itinerary.pl", Target Frame=""  	[MsgId: MMSG-27978]
Action.c(118): Downloading resource "http://localhost:1080/cgi-bin/itinerary.pl" (specified by argument number 13)  	[MsgId: MMSG-26577]
Action.c(118): Registered web_reg_find successful for "Text=A total of" (count=1)  	[MsgId: MMSG-26364]
Action.c(118): Warning -26373: Parameter "flights_numbers" saved from a resource (URL="http://localhost:1080/cgi-bin/itinerary.pl")  	[MsgId: MWAR-26373]
Action.c(118): web_submit_form("web_submit_form") highest severity level was "warning", 377656 body bytes, 512 header bytes, 726 chunking overhead bytes  	[MsgId: MMSG-26387]
Action.c(130): Error: itinerary not deleted	[MsgId: MERR-17999]
End auto log messages stack.	[MsgId: MMSG-10544]


Start auto log messages stack - Iteration 18.	[MsgId: MMSG-10545]
Action.c(118): web_submit_form("web_submit_form") started  	[MsgId: MMSG-26355]
Action.c(118): Submitting form to "http://localhost:1080/cgi-bin/itinerary.pl", Target Frame=""  	[MsgId: MMSG-27978]
Action.c(118): Downloading resource "http://localhost:1080/cgi-bin/itinerary.pl" (specified by argument number 13)  	[MsgId: MMSG-26577]
Action.c(118): Registered web_reg_find successful for "Text=A total of" (count=1)  	[MsgId: MMSG-26364]
Action.c(118): Warning -26373: Parameter "flights_numbers" saved from a resource (URL="http://localhost:1080/cgi-bin/itinerary.pl")  	[MsgId: MWAR-26373]
Action.c(118): web_submit_form("web_submit_form") highest severity level was "warning", 381088 body bytes, 512 header bytes, 735 chunking overhead bytes  	[MsgId: MMSG-26387]
Action.c(130): Error: itinerary not deleted	[MsgId: MERR-17999]
End auto log messages stack.	[MsgId: MMSG-10544]


Start auto log messages stack - Iteration 18.	[MsgId: MMSG-10545]
Action.c(118): web_submit_form("web_submit_form") started  	[MsgId: MMSG-26355]
Action.c(118): Submitting form to "http://localhost:1080/cgi-bin/itinerary.pl", Target Frame=""  	[MsgId: MMSG-27978]
Action.c(118): Downloading resource "http://localhost:1080/cgi-bin/itinerary.pl" (specified by argument number 13)  	[MsgId: MMSG-26577]
Action.c(118): Registered web_reg_find successful for "Text=A total of" (count=1)  	[MsgId: MMSG-26364]
Action.c(118): Warning -26373: Parameter "flights_numbers" saved from a resource (URL="http://localhost:1080/cgi-bin/itinerary.pl")  	[MsgId: MWAR-26373]
Action.c(118): web_submit_form("web_submit_form") highest severity level was "warning", 383378 body bytes, 512 header bytes, 743 chunking overhead bytes  	[MsgId: MMSG-26387]
Action.c(130): Error: itinerary not deleted	[MsgId: MERR-17999]
End auto log messages stack.	[MsgId: MMSG-10544]


Start auto log messages stack - Iteration 18.	[MsgId: MMSG-10545]
Action.c(118): web_submit_form("web_submit_form") started  	[MsgId: MMSG-26355]
Action.c(118): Submitting form to "http://localhost:1080/cgi-bin/itinerary.pl", Target Frame=""  	[MsgId: MMSG-27978]
Action.c(118): Downloading resource "http://localhost:1080/cgi-bin/itinerary.pl" (specified by argument number 13)  	[MsgId: MMSG-26577]
Action.c(118): Registered web_reg_find successful for "Text=A total of" (count=1)  	[MsgId: MMSG-26364]
Action.c(118): Warning -26373: Parameter "flights_numbers" saved from a resource (URL="http://localhost:1080/cgi-bin/itinerary.pl")  	[MsgId: MWAR-26373]
Action.c(118): web_submit_form("web_submit_form") highest severity level was "warning", 385668 body bytes, 512 header bytes, 743 chunking overhead bytes  	[MsgId: MMSG-26387]
Action.c(130): Error: itinerary not deleted	[MsgId: MERR-17999]
End auto log messages stack.	[MsgId: MMSG-10544]


Start auto log messages stack - Iteration 19.	[MsgId: MMSG-10545]
Action.c(118): web_submit_form("web_submit_form") started  	[MsgId: MMSG-26355]
Action.c(118): Submitting form to "http://localhost:1080/cgi-bin/itinerary.pl", Target Frame=""  	[MsgId: MMSG-27978]
Action.c(118): Downloading resource "http://localhost:1080/cgi-bin/itinerary.pl" (specified by argument number 13)  	[MsgId: MMSG-26577]
Action.c(118): Registered web_reg_find successful for "Text=A total of" (count=1)  	[MsgId: MMSG-26364]
Action.c(118): Warning -26373: Parameter "flights_numbers" saved from a resource (URL="http://localhost:1080/cgi-bin/itinerary.pl")  	[MsgId: MWAR-26373]
Action.c(118): web_submit_form("web_submit_form") highest severity level was "warning", 370973 body bytes, 512 header bytes, 727 chunking overhead bytes  	[MsgId: MMSG-26387]
Action.c(130): Error: itinerary not deleted	[MsgId: MERR-17999]
End auto log messages stack.	[MsgId: MMSG-10544]


Start auto log messages stack - Iteration 19.	[MsgId: MMSG-10545]
Action.c(118): web_submit_form("web_submit_form") started  	[MsgId: MMSG-26355]
Action.c(118): Submitting form to "http://localhost:1080/cgi-bin/itinerary.pl", Target Frame=""  	[MsgId: MMSG-27978]
Action.c(118): Downloading resource "http://localhost:1080/cgi-bin/itinerary.pl" (specified by argument number 13)  	[MsgId: MMSG-26577]
Action.c(118): Registered web_reg_find successful for "Text=A total of" (count=1)  	[MsgId: MMSG-26364]
Action.c(118): Warning -26373: Parameter "flights_numbers" saved from a resource (URL="http://localhost:1080/cgi-bin/itinerary.pl")  	[MsgId: MWAR-26373]
Action.c(118): web_submit_form("web_submit_form") highest severity level was "warning", 373258 body bytes, 512 header bytes, 743 chunking overhead bytes  	[MsgId: MMSG-26387]
Action.c(130): Error: itinerary not deleted	[MsgId: MERR-17999]
End auto log messages stack.	[MsgId: MMSG-10544]


Start auto log messages stack - Iteration 21.	[MsgId: MMSG-10545]
Action.c(118): web_submit_form("web_submit_form") started  	[MsgId: MMSG-26355]
Action.c(118): Submitting form to "http://localhost:1080/cgi-bin/itinerary.pl", Target Frame=""  	[MsgId: MMSG-27978]
Action.c(118): Downloading resource "http://localhost:1080/cgi-bin/itinerary.pl" (specified by argument number 13)  	[MsgId: MMSG-26577]
Action.c(118): Registered web_reg_find successful for "Text=A total of" (count=1)  	[MsgId: MMSG-26364]
Action.c(118): Warning -26373: Parameter "flights_numbers" saved from a resource (URL="http://localhost:1080/cgi-bin/itinerary.pl")  	[MsgId: MWAR-26373]
Action.c(118): web_submit_form("web_submit_form") highest severity level was "warning", 24031 body bytes, 512 header bytes, 63 chunking overhead bytes  	[MsgId: MMSG-26387]
Action.c(130): Error: itinerary not deleted	[MsgId: MERR-17999]
End auto log messages stack.	[MsgId: MMSG-10544]


Start auto log messages stack - Iteration 32.	[MsgId: MMSG-10545]
Action.c(118): web_submit_form("web_submit_form") started  	[MsgId: MMSG-26355]
Action.c(118): Submitting form to "http://localhost:1080/cgi-bin/itinerary.pl", Target Frame=""  	[MsgId: MMSG-27978]
Action.c(118): Downloading resource "http://localhost:1080/cgi-bin/itinerary.pl" (specified by argument number 13)  	[MsgId: MMSG-26577]
Action.c(118): Registered web_reg_find successful for "Text=A total of" (count=1)  	[MsgId: MMSG-26364]
Action.c(118): Warning -26373: Parameter "flights_numbers" saved from a resource (URL="http://localhost:1080/cgi-bin/itinerary.pl")  	[MsgId: MWAR-26373]
Action.c(118): web_submit_form("web_submit_form") highest severity level was "warning", 466736 body bytes, 512 header bytes, 895 chunking overhead bytes  	[MsgId: MMSG-26387]
Action.c(130): Error: itinerary not deleted	[MsgId: MERR-17999]
End auto log messages stack.	[MsgId: MMSG-10544]


Start auto log messages stack - Iteration 32.	[MsgId: MMSG-10545]
Action.c(118): web_submit_form("web_submit_form") started  	[MsgId: MMSG-26355]
Action.c(118): Submitting form to "http://localhost:1080/cgi-bin/itinerary.pl", Target Frame=""  	[MsgId: MMSG-27978]
Action.c(118): Downloading resource "http://localhost:1080/cgi-bin/itinerary.pl" (specified by argument number 13)  	[MsgId: MMSG-26577]
Action.c(118): Registered web_reg_find successful for "Text=A total of" (count=1)  	[MsgId: MMSG-26364]
Action.c(118): Warning -26373: Parameter "flights_numbers" saved from a resource (URL="http://localhost:1080/cgi-bin/itinerary.pl")  	[MsgId: MWAR-26373]
Action.c(118): web_submit_form("web_submit_form") highest severity level was "warning", 467872 body bytes, 512 header bytes, 894 chunking overhead bytes  	[MsgId: MMSG-26387]
Action.c(130): Error: itinerary not deleted	[MsgId: MERR-17999]
End auto log messages stack.	[MsgId: MMSG-10544]


Start auto log messages stack - Iteration 33.	[MsgId: MMSG-10545]
Action.c(118): web_submit_form("web_submit_form") started  	[MsgId: MMSG-26355]
Action.c(118): Submitting form to "http://localhost:1080/cgi-bin/itinerary.pl", Target Frame=""  	[MsgId: MMSG-27978]
Action.c(118): Downloading resource "http://localhost:1080/cgi-bin/itinerary.pl" (specified by argument number 13)  	[MsgId: MMSG-26577]
Action.c(118): Registered web_reg_find successful for "Text=A total of" (count=1)  	[MsgId: MMSG-26364]
Action.c(118): Warning -26373: Parameter "flights_numbers" saved from a resource (URL="http://localhost:1080/cgi-bin/itinerary.pl")  	[MsgId: MWAR-26373]
Action.c(118): web_submit_form("web_submit_form") highest severity level was "warning", 450465 body bytes, 512 header bytes, 863 chunking overhead bytes  	[MsgId: MMSG-26387]
Action.c(130): Error: itinerary not deleted	[MsgId: MERR-17999]
End auto log messages stack.	[MsgId: MMSG-10544]


Start auto log messages stack - Iteration 33.	[MsgId: MMSG-10545]
Action.c(118): web_submit_form("web_submit_form") started  	[MsgId: MMSG-26355]
Action.c(118): Submitting form to "http://localhost:1080/cgi-bin/itinerary.pl", Target Frame=""  	[MsgId: MMSG-27978]
Action.c(118): Downloading resource "http://localhost:1080/cgi-bin/itinerary.pl" (specified by argument number 13)  	[MsgId: MMSG-26577]
Action.c(118): Registered web_reg_find successful for "Text=A total of" (count=1)  	[MsgId: MMSG-26364]
Action.c(118): Warning -26373: Parameter "flights_numbers" saved from a resource (URL="http://localhost:1080/cgi-bin/itinerary.pl")  	[MsgId: MWAR-26373]
Action.c(118): web_submit_form("web_submit_form") highest severity level was "warning", 451598 body bytes, 512 header bytes, 862 chunking overhead bytes  	[MsgId: MMSG-26387]
Action.c(130): Error: itinerary not deleted	[MsgId: MERR-17999]
End auto log messages stack.	[MsgId: MMSG-10544]


Start auto log messages stack - Iteration 34.	[MsgId: MMSG-10545]
Action.c(118): web_submit_form("web_submit_form") started  	[MsgId: MMSG-26355]
Action.c(118): Submitting form to "http://localhost:1080/cgi-bin/itinerary.pl", Target Frame=""  	[MsgId: MMSG-27978]
Action.c(118): Downloading resource "http://localhost:1080/cgi-bin/itinerary.pl" (specified by argument number 13)  	[MsgId: MMSG-26577]
Action.c(118): Registered web_reg_find successful for "Text=A total of" (count=1)  	[MsgId: MMSG-26364]
Action.c(118): Warning -26373: Parameter "flights_numbers" saved from a resource (URL="http://localhost:1080/cgi-bin/itinerary.pl")  	[MsgId: MWAR-26373]
Action.c(118): web_submit_form("web_submit_form") highest severity level was "warning", 443739 body bytes, 512 header bytes, 863 chunking overhead bytes  	[MsgId: MMSG-26387]
Action.c(130): Error: itinerary not deleted	[MsgId: MERR-17999]
End auto log messages stack.	[MsgId: MMSG-10544]


Start auto log messages stack - Iteration 33.	[MsgId: MMSG-10545]
Action.c(118): web_submit_form("web_submit_form") started  	[MsgId: MMSG-26355]
Action.c(118): Submitting form to "http://localhost:1080/cgi-bin/itinerary.pl", Target Frame=""  	[MsgId: MMSG-27978]
Action.c(118): Downloading resource "http://localhost:1080/cgi-bin/itinerary.pl" (specified by argument number 13)  	[MsgId: MMSG-26577]
Action.c(118): Registered web_reg_find successful for "Text=A total of" (count=1)  	[MsgId: MMSG-26364]
Action.c(118): Warning -26373: Parameter "flights_numbers" saved from a resource (URL="http://localhost:1080/cgi-bin/itinerary.pl")  	[MsgId: MWAR-26373]
Action.c(118): web_submit_form("web_submit_form") highest severity level was "warning", 452731 body bytes, 512 header bytes, 871 chunking overhead bytes  	[MsgId: MMSG-26387]
Action.c(130): Error: itinerary not deleted	[MsgId: MERR-17999]
End auto log messages stack.	[MsgId: MMSG-10544]


Start auto log messages stack - Iteration 34.	[MsgId: MMSG-10545]
Action.c(118): web_submit_form("web_submit_form") started  	[MsgId: MMSG-26355]
Action.c(118): Submitting form to "http://localhost:1080/cgi-bin/itinerary.pl", Target Frame=""  	[MsgId: MMSG-27978]
Action.c(118): Downloading resource "http://localhost:1080/cgi-bin/itinerary.pl" (specified by argument number 13)  	[MsgId: MMSG-26577]
Action.c(118): Registered web_reg_find successful for "Text=A total of" (count=1)  	[MsgId: MMSG-26364]
Action.c(118): Warning -26373: Parameter "flights_numbers" saved from a resource (URL="http://localhost:1080/cgi-bin/itinerary.pl")  	[MsgId: MWAR-26373]
Action.c(118): web_submit_form("web_submit_form") highest severity level was "warning", 444876 body bytes, 512 header bytes, 855 chunking overhead bytes  	[MsgId: MMSG-26387]
Action.c(130): Error: itinerary not deleted	[MsgId: MERR-17999]
End auto log messages stack.	[MsgId: MMSG-10544]


Start auto log messages stack - Iteration 33.	[MsgId: MMSG-10545]
Action.c(118): web_submit_form("web_submit_form") started  	[MsgId: MMSG-26355]
Action.c(118): Submitting form to "http://localhost:1080/cgi-bin/itinerary.pl", Target Frame=""  	[MsgId: MMSG-27978]
Action.c(118): Downloading resource "http://localhost:1080/cgi-bin/itinerary.pl" (specified by argument number 13)  	[MsgId: MMSG-26577]
Action.c(118): Registered web_reg_find successful for "Text=A total of" (count=1)  	[MsgId: MMSG-26364]
Action.c(118): Warning -26373: Parameter "flights_numbers" saved from a resource (URL="http://localhost:1080/cgi-bin/itinerary.pl")  	[MsgId: MWAR-26373]
Action.c(118): web_submit_form("web_submit_form") highest severity level was "warning", 453864 body bytes, 512 header bytes, 871 chunking overhead bytes  	[MsgId: MMSG-26387]
Action.c(130): Error: itinerary not deleted	[MsgId: MERR-17999]
End auto log messages stack.	[MsgId: MMSG-10544]


Start auto log messages stack - Iteration 35.	[MsgId: MMSG-10545]
Action.c(118): web_submit_form("web_submit_form") started  	[MsgId: MMSG-26355]
Action.c(118): Submitting form to "http://localhost:1080/cgi-bin/itinerary.pl", Target Frame=""  	[MsgId: MMSG-27978]
Action.c(118): Downloading resource "http://localhost:1080/cgi-bin/itinerary.pl" (specified by argument number 13)  	[MsgId: MMSG-26577]
Action.c(118): Registered web_reg_find successful for "Text=A total of" (count=1)  	[MsgId: MMSG-26364]
Action.c(118): Warning -26373: Parameter "flights_numbers" saved from a resource (URL="http://localhost:1080/cgi-bin/itinerary.pl")  	[MsgId: MWAR-26373]
Action.c(118): web_submit_form("web_submit_form") highest severity level was "warning", 438334 body bytes, 512 header bytes, 839 chunking overhead bytes  	[MsgId: MMSG-26387]
Action.c(130): Error: itinerary not deleted	[MsgId: MERR-17999]
End auto log messages stack.	[MsgId: MMSG-10544]


Start auto log messages stack - Iteration 34.	[MsgId: MMSG-10545]
Action.c(118): web_submit_form("web_submit_form") started  	[MsgId: MMSG-26355]
Action.c(118): Submitting form to "http://localhost:1080/cgi-bin/itinerary.pl", Target Frame=""  	[MsgId: MMSG-27978]
Action.c(118): Downloading resource "http://localhost:1080/cgi-bin/itinerary.pl" (specified by argument number 13)  	[MsgId: MMSG-26577]
Action.c(118): Registered web_reg_find successful for "Text=A total of" (count=1)  	[MsgId: MMSG-26364]
Action.c(118): Warning -26373: Parameter "flights_numbers" saved from a resource (URL="http://localhost:1080/cgi-bin/itinerary.pl")  	[MsgId: MWAR-26373]
Action.c(118): web_submit_form("web_submit_form") highest severity level was "warning", 446013 body bytes, 512 header bytes, 855 chunking overhead bytes  	[MsgId: MMSG-26387]
Action.c(130): Error: itinerary not deleted	[MsgId: MERR-17999]
End auto log messages stack.	[MsgId: MMSG-10544]


Start auto log messages stack - Iteration 35.	[MsgId: MMSG-10545]
Action.c(118): web_submit_form("web_submit_form") started  	[MsgId: MMSG-26355]
Action.c(118): Submitting form to "http://localhost:1080/cgi-bin/itinerary.pl", Target Frame=""  	[MsgId: MMSG-27978]
Action.c(118): Downloading resource "http://localhost:1080/cgi-bin/itinerary.pl" (specified by argument number 13)  	[MsgId: MMSG-26577]
Action.c(118): Registered web_reg_find successful for "Text=A total of" (count=1)  	[MsgId: MMSG-26364]
Action.c(118): Warning -26373: Parameter "flights_numbers" saved from a resource (URL="http://localhost:1080/cgi-bin/itinerary.pl")  	[MsgId: MWAR-26373]
Action.c(118): web_submit_form("web_submit_form") highest severity level was "warning", 439473 body bytes, 512 header bytes, 847 chunking overhead bytes  	[MsgId: MMSG-26387]
Action.c(130): Error: itinerary not deleted	[MsgId: MERR-17999]
End auto log messages stack.	[MsgId: MMSG-10544]


Start auto log messages stack - Iteration 34.	[MsgId: MMSG-10545]
Action.c(118): web_submit_form("web_submit_form") started  	[MsgId: MMSG-26355]
Action.c(118): Submitting form to "http://localhost:1080/cgi-bin/itinerary.pl", Target Frame=""  	[MsgId: MMSG-27978]
Action.c(118): Downloading resource "http://localhost:1080/cgi-bin/itinerary.pl" (specified by argument number 13)  	[MsgId: MMSG-26577]
Action.c(118): Registered web_reg_find successful for "Text=A total of" (count=1)  	[MsgId: MMSG-26364]
Action.c(118): Warning -26373: Parameter "flights_numbers" saved from a resource (URL="http://localhost:1080/cgi-bin/itinerary.pl")  	[MsgId: MWAR-26373]
Action.c(118): web_submit_form("web_submit_form") highest severity level was "warning", 447150 body bytes, 512 header bytes, 855 chunking overhead bytes  	[MsgId: MMSG-26387]
Action.c(130): Error: itinerary not deleted	[MsgId: MERR-17999]
End auto log messages stack.	[MsgId: MMSG-10544]


Start auto log messages stack - Iteration 35.	[MsgId: MMSG-10545]
Action.c(118): web_submit_form("web_submit_form") started  	[MsgId: MMSG-26355]
Action.c(118): Submitting form to "http://localhost:1080/cgi-bin/itinerary.pl", Target Frame=""  	[MsgId: MMSG-27978]
Action.c(118): Downloading resource "http://localhost:1080/cgi-bin/itinerary.pl" (specified by argument number 13)  	[MsgId: MMSG-26577]
Action.c(118): Registered web_reg_find successful for "Text=A total of" (count=1)  	[MsgId: MMSG-26364]
Action.c(118): Warning -26373: Parameter "flights_numbers" saved from a resource (URL="http://localhost:1080/cgi-bin/itinerary.pl")  	[MsgId: MWAR-26373]
Action.c(118): web_submit_form("web_submit_form") highest severity level was "warning", 441751 body bytes, 512 header bytes, 847 chunking overhead bytes  	[MsgId: MMSG-26387]
Action.c(130): Error: itinerary not deleted	[MsgId: MERR-17999]
End auto log messages stack.	[MsgId: MMSG-10544]


Start auto log messages stack - Iteration 34.	[MsgId: MMSG-10545]
Action.c(118): web_submit_form("web_submit_form") started  	[MsgId: MMSG-26355]
Action.c(118): Submitting form to "http://localhost:1080/cgi-bin/itinerary.pl", Target Frame=""  	[MsgId: MMSG-27978]
Action.c(118): Downloading resource "http://localhost:1080/cgi-bin/itinerary.pl" (specified by argument number 13)  	[MsgId: MMSG-26577]
Action.c(118): Registered web_reg_find successful for "Text=A total of" (count=1)  	[MsgId: MMSG-26364]
Action.c(118): Warning -26373: Parameter "flights_numbers" saved from a resource (URL="http://localhost:1080/cgi-bin/itinerary.pl")  	[MsgId: MWAR-26373]
Action.c(118): web_submit_form("web_submit_form") highest severity level was "warning", 448287 body bytes, 512 header bytes, 863 chunking overhead bytes  	[MsgId: MMSG-26387]
Action.c(130): Error: itinerary not deleted	[MsgId: MERR-17999]
End auto log messages stack.	[MsgId: MMSG-10544]


Start auto log messages stack - Iteration 35.	[MsgId: MMSG-10545]
Action.c(118): web_submit_form("web_submit_form") started  	[MsgId: MMSG-26355]
Action.c(118): Submitting form to "http://localhost:1080/cgi-bin/itinerary.pl", Target Frame=""  	[MsgId: MMSG-27978]
Action.c(118): Downloading resource "http://localhost:1080/cgi-bin/itinerary.pl" (specified by argument number 13)  	[MsgId: MMSG-26577]
Action.c(118): Registered web_reg_find successful for "Text=A total of" (count=1)  	[MsgId: MMSG-26364]
Action.c(118): Warning -26373: Parameter "flights_numbers" saved from a resource (URL="http://localhost:1080/cgi-bin/itinerary.pl")  	[MsgId: MWAR-26373]
Action.c(118): web_submit_form("web_submit_form") highest severity level was "warning", 442890 body bytes, 512 header bytes, 847 chunking overhead bytes  	[MsgId: MMSG-26387]
Action.c(130): Error: itinerary not deleted	[MsgId: MERR-17999]
End auto log messages stack.	[MsgId: MMSG-10544]


Start auto log messages stack - Iteration 34.	[MsgId: MMSG-10545]
Action.c(118): web_submit_form("web_submit_form") started  	[MsgId: MMSG-26355]
Action.c(118): Submitting form to "http://localhost:1080/cgi-bin/itinerary.pl", Target Frame=""  	[MsgId: MMSG-27978]
Action.c(118): Downloading resource "http://localhost:1080/cgi-bin/itinerary.pl" (specified by argument number 13)  	[MsgId: MMSG-26577]
Action.c(118): Registered web_reg_find successful for "Text=A total of" (count=1)  	[MsgId: MMSG-26364]
Action.c(118): Warning -26373: Parameter "flights_numbers" saved from a resource (URL="http://localhost:1080/cgi-bin/itinerary.pl")  	[MsgId: MWAR-26373]
Action.c(118): web_submit_form("web_submit_form") highest severity level was "warning", 449424 body bytes, 512 header bytes, 863 chunking overhead bytes  	[MsgId: MMSG-26387]
Action.c(130): Error: itinerary not deleted	[MsgId: MERR-17999]
End auto log messages stack.	[MsgId: MMSG-10544]


Start auto log messages stack - Iteration 35.	[MsgId: MMSG-10545]
Action.c(118): web_submit_form("web_submit_form") started  	[MsgId: MMSG-26355]
Action.c(118): Submitting form to "http://localhost:1080/cgi-bin/itinerary.pl", Target Frame=""  	[MsgId: MMSG-27978]
Action.c(118): Downloading resource "http://localhost:1080/cgi-bin/itinerary.pl" (specified by argument number 13)  	[MsgId: MMSG-26577]
Action.c(118): Registered web_reg_find successful for "Text=A total of" (count=1)  	[MsgId: MMSG-26364]
Action.c(118): Warning -26373: Parameter "flights_numbers" saved from a resource (URL="http://localhost:1080/cgi-bin/itinerary.pl")  	[MsgId: MWAR-26373]
Action.c(118): web_submit_form("web_submit_form") highest severity level was "warning", 444029 body bytes, 512 header bytes, 855 chunking overhead bytes  	[MsgId: MMSG-26387]
Action.c(130): Error: itinerary not deleted	[MsgId: MERR-17999]
End auto log messages stack.	[MsgId: MMSG-10544]


Start auto log messages stack - Iteration 35.	[MsgId: MMSG-10545]
Action.c(118): web_submit_form("web_submit_form") started  	[MsgId: MMSG-26355]
Action.c(118): Submitting form to "http://localhost:1080/cgi-bin/itinerary.pl", Target Frame=""  	[MsgId: MMSG-27978]
Action.c(118): Downloading resource "http://localhost:1080/cgi-bin/itinerary.pl" (specified by argument number 13)  	[MsgId: MMSG-26577]
Action.c(118): Registered web_reg_find successful for "Text=A total of" (count=1)  	[MsgId: MMSG-26364]
Action.c(118): Warning -26373: Parameter "flights_numbers" saved from a resource (URL="http://localhost:1080/cgi-bin/itinerary.pl")  	[MsgId: MWAR-26373]
Action.c(118): web_submit_form("web_submit_form") highest severity level was "warning", 445168 body bytes, 512 header bytes, 855 chunking overhead bytes  	[MsgId: MMSG-26387]
Action.c(130): Error: itinerary not deleted	[MsgId: MERR-17999]
End auto log messages stack.	[MsgId: MMSG-10544]


Start auto log messages stack - Iteration 35.	[MsgId: MMSG-10545]
Action.c(118): web_submit_form("web_submit_form") started  	[MsgId: MMSG-26355]
Action.c(118): Submitting form to "http://localhost:1080/cgi-bin/itinerary.pl", Target Frame=""  	[MsgId: MMSG-27978]
Action.c(118): Downloading resource "http://localhost:1080/cgi-bin/itinerary.pl" (specified by argument number 13)  	[MsgId: MMSG-26577]
Action.c(118): Registered web_reg_find successful for "Text=A total of" (count=1)  	[MsgId: MMSG-26364]
Action.c(118): Warning -26373: Parameter "flights_numbers" saved from a resource (URL="http://localhost:1080/cgi-bin/itinerary.pl")  	[MsgId: MWAR-26373]
Action.c(118): web_submit_form("web_submit_form") highest severity level was "warning", 446307 body bytes, 512 header bytes, 855 chunking overhead bytes  	[MsgId: MMSG-26387]
Action.c(130): Error: itinerary not deleted	[MsgId: MERR-17999]
End auto log messages stack.	[MsgId: MMSG-10544]


Start auto log messages stack - Iteration 35.	[MsgId: MMSG-10545]
Action.c(118): web_submit_form("web_submit_form") started  	[MsgId: MMSG-26355]
Action.c(118): Submitting form to "http://localhost:1080/cgi-bin/itinerary.pl", Target Frame=""  	[MsgId: MMSG-27978]
Action.c(118): Downloading resource "http://localhost:1080/cgi-bin/itinerary.pl" (specified by argument number 13)  	[MsgId: MMSG-26577]
Action.c(118): Registered web_reg_find successful for "Text=A total of" (count=1)  	[MsgId: MMSG-26364]
Action.c(118): Warning -26373: Parameter "flights_numbers" saved from a resource (URL="http://localhost:1080/cgi-bin/itinerary.pl")  	[MsgId: MWAR-26373]
Action.c(118): web_submit_form("web_submit_form") highest severity level was "warning", 447446 body bytes, 512 header bytes, 854 chunking overhead bytes  	[MsgId: MMSG-26387]
Action.c(130): Error: itinerary not deleted	[MsgId: MERR-17999]
End auto log messages stack.	[MsgId: MMSG-10544]


Start auto log messages stack - Iteration 43.	[MsgId: MMSG-10545]
Action.c(118): web_submit_form("web_submit_form") started  	[MsgId: MMSG-26355]
Action.c(118): Submitting form to "http://localhost:1080/cgi-bin/itinerary.pl", Target Frame=""  	[MsgId: MMSG-27978]
Action.c(118): Downloading resource "http://localhost:1080/cgi-bin/itinerary.pl" (specified by argument number 13)  	[MsgId: MMSG-26577]
Action.c(118): Registered web_reg_find successful for "Text=A total of" (count=1)  	[MsgId: MMSG-26364]
Action.c(118): Warning -26373: Parameter "flights_numbers" saved from a resource (URL="http://localhost:1080/cgi-bin/itinerary.pl")  	[MsgId: MWAR-26373]
Action.c(118): web_submit_form("web_submit_form") highest severity level was "warning", 466356 body bytes, 512 header bytes, 895 chunking overhead bytes  	[MsgId: MMSG-26387]
Action.c(130): Error: itinerary not deleted	[MsgId: MERR-17999]
End auto log messages stack.	[MsgId: MMSG-10544]


Start auto log messages stack - Iteration 44.	[MsgId: MMSG-10545]
Action.c(118): web_submit_form("web_submit_form") started  	[MsgId: MMSG-26355]
Action.c(118): Submitting form to "http://localhost:1080/cgi-bin/itinerary.pl", Target Frame=""  	[MsgId: MMSG-27978]
Action.c(118): Downloading resource "http://localhost:1080/cgi-bin/itinerary.pl" (specified by argument number 13)  	[MsgId: MMSG-26577]
Action.c(118): Registered web_reg_find successful for "Text=A total of" (count=1)  	[MsgId: MMSG-26364]
Action.c(118): Warning -26373: Parameter "flights_numbers" saved from a resource (URL="http://localhost:1080/cgi-bin/itinerary.pl")  	[MsgId: MWAR-26373]
Action.c(118): web_submit_form("web_submit_form") highest severity level was "warning", 463054 body bytes, 512 header bytes, 887 chunking overhead bytes  	[MsgId: MMSG-26387]
Action.c(130): Error: itinerary not deleted	[MsgId: MERR-17999]
End auto log messages stack.	[MsgId: MMSG-10544]


