Virtual User Script started at: 20.09.2020 20:57:15
Starting action vuser_init.
Web Turbo Replay of LoadRunner 12.55.0 for Windows 10; build 911 (июл 24 2017 19:46:00)  	[MsgId: MMSG-26983]
Run mode: HTML  	[MsgId: MMSG-26993]
Replay user agent: Mozilla/5.0 (Windows NT 10.0; WOW64; Trident/7.0; rv:11.0) like Gecko  	[MsgId: MMSG-26988]
Run-Time Settings file: "C:\Users\alex\Desktop\IBS_НТ\LR\5 скриптов\Скрипты\UC4_Delete\\default.cfg"  	[MsgId: MMSG-27141]
Ending action vuser_init.
Running Vuser...
Starting iteration 1.
Maximum number of concurrent connections per server: 6  	[MsgId: MMSG-26989]
Starting action Action.
Action.c(6): Notify: Transaction "UC4_Cancel_reserv" started.
Action.c(7): Notify: Transaction "goToSite" started.
Action.c(25): web_reg_save_param started  	[MsgId: MMSG-26355]
Action.c(25): Registering web_reg_save_param was successful  	[MsgId: MMSG-26390]
Action.c(31): web_reg_find started  	[MsgId: MMSG-26355]
Action.c(31): Registering web_reg_find was successful  	[MsgId: MMSG-26390]
Action.c(34): web_url("WebTours") started  	[MsgId: MMSG-26355]
Action.c(34): Detected non-resource "http://localhost:1080/WebTours/header.html" in "http://localhost:1080/WebTours/"  	[MsgId: MMSG-26574]
Action.c(34): Detected non-resource "http://localhost:1080/cgi-bin/welcome.pl?signOff=true" in "http://localhost:1080/WebTours/"  	[MsgId: MMSG-26574]
Action.c(34): Found resource "http://localhost:1080/WebTours/images/hp_logo.png" in HTML "http://localhost:1080/WebTours/header.html"  	[MsgId: MMSG-26659]
Action.c(34): Found resource "http://localhost:1080/WebTours/images/webtours.png" in HTML "http://localhost:1080/WebTours/header.html"  	[MsgId: MMSG-26659]
Action.c(34): Detected non-resource "http://localhost:1080/cgi-bin/nav.pl?in=home" in "http://localhost:1080/cgi-bin/welcome.pl?signOff=true"  	[MsgId: MMSG-26574]
Action.c(34): Detected non-resource "http://localhost:1080/WebTours/home.html" in "http://localhost:1080/cgi-bin/welcome.pl?signOff=true"  	[MsgId: MMSG-26574]
Action.c(34): Found resource "http://localhost:1080/WebTours/images/mer_login.gif" in HTML "http://localhost:1080/cgi-bin/nav.pl?in=home"  	[MsgId: MMSG-26659]
Action.c(34): Registered web_reg_find successful for "Text=Welcome to the Web Tours site" (count=1)  	[MsgId: MMSG-26364]
Action.c(34): web_url("WebTours") was successful, 10076 body bytes, 2371 header bytes, 24 chunking overhead bytes  	[MsgId: MMSG-26385]
Action.c(44): Notify: Transaction "goToSite" ended with a "Pass" status (Duration: 9.0978 Wasted Time: 0.2367).
Action.c(47): lr_think_time: 5.00 seconds.
Action.c(48): Notify: Transaction "login" started.
Action.c(50): web_reg_find started  	[MsgId: MMSG-26355]
Action.c(50): Registering web_reg_find was successful  	[MsgId: MMSG-26390]
Action.c(52): web_reg_find started  	[MsgId: MMSG-26355]
Action.c(52): Registering web_reg_find was successful  	[MsgId: MMSG-26390]
Action.c(55): web_submit_data("login.pl") started  	[MsgId: MMSG-26355]
Action.c(55): Detected non-resource "http://localhost:1080/cgi-bin/nav.pl?page=menu&in=home" in "http://localhost:1080/cgi-bin/login.pl"  	[MsgId: MMSG-26574]
Action.c(55): Detected non-resource "http://localhost:1080/cgi-bin/login.pl?intro=true" in "http://localhost:1080/cgi-bin/login.pl"  	[MsgId: MMSG-26574]
Action.c(55): Found resource "http://localhost:1080/WebTours/images/flights.gif" in HTML "http://localhost:1080/cgi-bin/nav.pl?page=menu&in=home"  	[MsgId: MMSG-26659]
Action.c(55): Found resource "http://localhost:1080/WebTours/images/itinerary.gif" in HTML "http://localhost:1080/cgi-bin/nav.pl?page=menu&in=home"  	[MsgId: MMSG-26659]
Action.c(55): Found resource "http://localhost:1080/WebTours/images/in_home.gif" in HTML "http://localhost:1080/cgi-bin/nav.pl?page=menu&in=home"  	[MsgId: MMSG-26659]
Action.c(55): Found resource "http://localhost:1080/WebTours/images/signoff.gif" in HTML "http://localhost:1080/cgi-bin/nav.pl?page=menu&in=home"  	[MsgId: MMSG-26659]
Action.c(55): Registered web_reg_find successful for "Text=Welcome" (count=2)  	[MsgId: MMSG-26364]
Action.c(55): Registered web_reg_find successful for "Text=nina" (count=1)  	[MsgId: MMSG-26364]
Action.c(55): web_submit_data("login.pl") was successful, 5779 body bytes, 2035 header bytes, 36 chunking overhead bytes  	[MsgId: MMSG-26385]
Action.c(71): Notify: Transaction "login" ended with a "Pass" status (Duration: 0.3531 Wasted Time: 0.0091).
Action.c(72): Notify: Transaction "click itinerary" started.
Action.c(77): web_reg_save_param started  	[MsgId: MMSG-26355]
Action.c(77): Registering web_reg_save_param was successful  	[MsgId: MMSG-26390]
Action.c(83): web_url("Itinerary Button") started  	[MsgId: MMSG-26355]
Action.c(83): Detected non-resource "http://localhost:1080/cgi-bin/nav.pl?page=menu&in=itinerary" in "http://localhost:1080/cgi-bin/welcome.pl?page=itinerary"  	[MsgId: MMSG-26574]
Action.c(83): Detected non-resource "http://localhost:1080/cgi-bin/itinerary.pl" in "http://localhost:1080/cgi-bin/welcome.pl?page=itinerary"  	[MsgId: MMSG-26574]
Action.c(83): Resource "http://localhost:1080/WebTours/images/flights.gif" is in the cache already and will not be downloaded again  	[MsgId: MMSG-26655]
Action.c(83): Found resource "http://localhost:1080/WebTours/images/in_itinerary.gif" in HTML "http://localhost:1080/cgi-bin/nav.pl?page=menu&in=itinerary"  	[MsgId: MMSG-26659]
Action.c(83): Found resource "http://localhost:1080/WebTours/images/home.gif" in HTML "http://localhost:1080/cgi-bin/nav.pl?page=menu&in=itinerary"  	[MsgId: MMSG-26659]
Action.c(83): Resource "http://localhost:1080/WebTours/images/signoff.gif" is in the cache already and will not be downloaded again  	[MsgId: MMSG-26655]
Action.c(83): Found resource "http://localhost:1080/WebTours/images/cancelreservation.gif" in HTML "http://localhost:1080/cgi-bin/itinerary.pl"  	[MsgId: MMSG-26659]
Action.c(83): Found resource "http://localhost:1080/WebTours/images/cancelallreservations.gif" in HTML "http://localhost:1080/cgi-bin/itinerary.pl"  	[MsgId: MMSG-26659]
Action.c(83): web_url("Itinerary Button") was successful, 48345 body bytes, 1913 header bytes, 115 chunking overhead bytes  	[MsgId: MMSG-26385]
Action.c(96): Notify: Transaction "click itinerary" ended with a "Pass" status (Duration: 0.2527 Wasted Time: 0.0096).
Action.c(98): lr_think_time: 5.00 seconds.
Action.c(100): Notify: Transaction "Cancel" started.
Action.c(102): web_reg_find started  	[MsgId: MMSG-26355]
Action.c(102): Registering web_reg_find was successful  	[MsgId: MMSG-26390]
Action.c(112): web_reg_save_param started  	[MsgId: MMSG-26355]
Action.c(112): Registering web_reg_save_param was successful  	[MsgId: MMSG-26390]
Action.c(118): web_submit_form("web_submit_form") started  	[MsgId: MMSG-26355]
Action.c(118): Submitting form to "http://localhost:1080/cgi-bin/itinerary.pl", Target Frame=""  	[MsgId: MMSG-27978]
Action.c(118): Downloading resource "http://localhost:1080/cgi-bin/itinerary.pl" (specified by argument number 13)  	[MsgId: MMSG-26577]
Action.c(118): Resource "http://localhost:1080/WebTours/images/cancelreservation.gif" is in the cache already and will not be downloaded again  	[MsgId: MMSG-26655]
Action.c(118): Resource "http://localhost:1080/WebTours/images/cancelallreservations.gif" is in the cache already and will not be downloaded again  	[MsgId: MMSG-26655]
Action.c(118): Registered web_reg_find successful for "Text=A total of" (count=2)  	[MsgId: MMSG-26364]
Action.c(118): Warning -26376: Requested parameter "flights_numbers" found in 2 different pages/frames. Use "web_reg_save_param" with more restrictive LB/RB/RelFrameId  	[MsgId: MWAR-26376]
Action.c(118): Warning -26373: Parameter "flights_numbers" saved from a resource (URL="http://localhost:1080/cgi-bin/itinerary.pl")  	[MsgId: MWAR-26373]
Action.c(118): web_submit_form("web_submit_form") highest severity level was "warning", 77044 body bytes, 512 header bytes, 166 chunking overhead bytes  	[MsgId: MMSG-26387]
Action.c(128): itinerary deleted successfull
Action.c(171): Notify: Transaction "Cancel" ended with a "Pass" status (Duration: 0.4701 Wasted Time: 0.0121).
Action.c(174): web_reg_find started  	[MsgId: MMSG-26355]
Action.c(174): Registering web_reg_find was successful  	[MsgId: MMSG-26390]
Action.c(177): Notify: Transaction "logout" started.
Action.c(178): web_url("SignOff Button") started  	[MsgId: MMSG-26355]
Action.c(178): Detected non-resource "http://localhost:1080/cgi-bin/nav.pl?in=home" in "http://localhost:1080/cgi-bin/welcome.pl?signOff=1"  	[MsgId: MMSG-26574]
Action.c(178): Detected non-resource "http://localhost:1080/WebTours/home.html" in "http://localhost:1080/cgi-bin/welcome.pl?signOff=1"  	[MsgId: MMSG-26574]
Action.c(178): Retrieving data from cache for "http://localhost:1080/WebTours/home.html"  	[MsgId: MMSG-26558]
Action.c(178): Resource "http://localhost:1080/WebTours/images/mer_login.gif" is in the cache already and will not be downloaded again  	[MsgId: MMSG-26655]
Action.c(178): Registered web_reg_find successful for "Text=To make reservations,please enter your account information to the left" (count=1)  	[MsgId: MMSG-26364]
Action.c(178): web_url("SignOff Button") was successful, 2176 body bytes, 582 header bytes, 24 chunking overhead bytes  	[MsgId: MMSG-26385]
Action.c(187): Notify: Transaction "logout" ended with a "Pass" status (Duration: 0.2447 Wasted Time: 0.0100).
Action.c(189): Notify: Transaction "UC4_Cancel_reserv" ended with a "Pass" status (Duration: 20.4437 Think Time: 9.9993 Wasted Time: 0.2775).
Ending action Action.
Ending iteration 1.
Ending Vuser...
Starting action vuser_end.
Ending action vuser_end.
Vuser Terminated.
