Start auto log messages stack - Iteration 2.	[MsgId: MMSG-10545]
Action.c(118): web_submit_form("web_submit_form") started  	[MsgId: MMSG-26355]
Action.c(118): Submitting form to "http://localhost:1080/cgi-bin/itinerary.pl", Target Frame=""  	[MsgId: MMSG-27978]
Action.c(118): Downloading resource "http://localhost:1080/cgi-bin/itinerary.pl" (specified by argument number 13)  	[MsgId: MMSG-26577]
Action.c(118): Registered web_reg_find successful for "Text=A total of" (count=1)  	[MsgId: MMSG-26364]
Action.c(118): Warning -26373: Parameter "flights_numbers" saved from a resource (URL="http://localhost:1080/cgi-bin/itinerary.pl")  	[MsgId: MWAR-26373]
Action.c(118): web_submit_form("web_submit_form") highest severity level was "warning", 5827 body bytes, 512 header bytes, 31 chunking overhead bytes  	[MsgId: MMSG-26387]
Action.c(130): Error: itinerary not deleted	[MsgId: MERR-17999]
End auto log messages stack.	[MsgId: MMSG-10544]


Start auto log messages stack - Iteration 7.	[MsgId: MMSG-10545]
Action.c(98): lr_think_time: 5,00 seconds.	[MsgId: MMSG-15948]
Action.c(100): Notify: Transaction "Cancel" started.	[MsgId: MMSG-16999]
Action.c(102): web_reg_find started  	[MsgId: MMSG-26355]
Action.c(102): Registering web_reg_find was successful  	[MsgId: MMSG-26390]
Action.c(112): web_reg_save_param started  	[MsgId: MMSG-26355]
Action.c(112): Registering web_reg_save_param was successful  	[MsgId: MMSG-26390]
Action.c(118): web_submit_form("web_submit_form") started  	[MsgId: MMSG-26355]
Action.c(118): Submitting form to "http://localhost:1080/cgi-bin/itinerary.pl", Target Frame=""  	[MsgId: MMSG-27978]
Action.c(118): Downloading resource "http://localhost:1080/cgi-bin/itinerary.pl" (specified by argument number 13)  	[MsgId: MMSG-26577]
Action.c(118): Error -26366: "Text=A total of" not found for web_reg_find  	[MsgId: MERR-26366]
Action.c(118): Error -26377: No match found for the requested parameter "flights_numbers". Either the specified boundaries were not found in the response or the matched text is longer than current max html parameter size of 256 bytes. The total length of the response is 1774 bytes. You can use "web_set_max_html_param_len" to increase the max parameter size.  	[MsgId: MERR-26377]
End auto log messages stack.	[MsgId: MMSG-10544]


Start auto log messages stack - Iteration 8.	[MsgId: MMSG-10545]
Action.c(98): lr_think_time: 5,00 seconds.	[MsgId: MMSG-15948]
Action.c(100): Notify: Transaction "Cancel" started.	[MsgId: MMSG-16999]
Action.c(102): web_reg_find started  	[MsgId: MMSG-26355]
Action.c(102): Registering web_reg_find was successful  	[MsgId: MMSG-26390]
Action.c(112): web_reg_save_param started  	[MsgId: MMSG-26355]
Action.c(112): Registering web_reg_save_param was successful  	[MsgId: MMSG-26390]
Action.c(118): web_submit_form("web_submit_form") started  	[MsgId: MMSG-26355]
Action.c(118): Submitting form to "http://localhost:1080/cgi-bin/itinerary.pl", Target Frame=""  	[MsgId: MMSG-27978]
Action.c(118): Downloading resource "http://localhost:1080/cgi-bin/itinerary.pl" (specified by argument number 13)  	[MsgId: MMSG-26577]
Action.c(118): Error -26366: "Text=A total of" not found for web_reg_find  	[MsgId: MERR-26366]
Action.c(118): Error -26377: No match found for the requested parameter "flights_numbers". Either the specified boundaries were not found in the response or the matched text is longer than current max html parameter size of 256 bytes. The total length of the response is 1774 bytes. You can use "web_set_max_html_param_len" to increase the max parameter size.  	[MsgId: MERR-26377]
End auto log messages stack.	[MsgId: MMSG-10544]


