Action.c(268):           <b>&nbsp;&nbsp;A Business class ticket for :</b><br/>\n
Action.c(268):           <center><table border="0" width="85%"><tr><td>\n
Action.c(268):           <li><i>nina8 nina8\n
Action.c(268):           <li><i></i>\n
Action.c(268):           </td></tr></table></center>\n
Action.c(268):       </TD>\n
Action.c(268):       <TD width="5%" >.<br/>.<br/>.<br/>.</TD>\n
Action.c(268):       <TD width="45%" valign=top><b>Invoice sent to:</b><br/>\n
Action.c(268):           <center>\n
Action.c(268):           <Table width="80%" cellspacing="0" > <tr> <td>\n
Action.c(268):               nina8 nina8\n
Action.c(268):     <br/>\n
Action.c(268):               Moryakov<br/>\n
Action.c(268):               Vologda<br/>\n
Action.c(268):               <br/>\n
Action.c(268):               Total Charge: $ 149 <BR/> (CC: x-4556)\n
Action.c(268):           </td> </tr> </table>\n
Action.c(268):           </center>\n
Action.c(268):       </TD>\n
Action.c(268):     </TR>\n
Action.c(268):     <TR bgcolor="#EFF2F7">\n
Action.c(268):       <TD COLSPAN="3">\n
Action.c(268):       <b>Flight Details:</b><BR/>  <center>\n
Action.c(268):       09/26/2020\n
Action.c(268):      :  5pm : Flight 242 leaves London  for Paris.<br>  </center>\n
Action.c(268):       </TD>\n
Action.c(268):     </TR>\n
Action.c(268):     \n
Action.c(268):     <TR bgcolor="#EFF2F7">\n
Action.c(268):       <TD COLSPAN="4">\n
Action.c(268):       <hr/>\n
Action.c(268):       </TD>\n
Action.c(268):     </TR>\n
Action.c(268):     \n
Action.c(268):     <!-- Flight #1 -->\n
Action.c(268):     <TR bgcolor="#EFF2F7">\n
Action.c(268):       <TD width="5%" rowspan="2" align="left" valign="top">\n
Action.c(268):     <b>\n
Action.c(268):     <label><input type="checkbox" name="354" value="on" /></label></font></b>\n
Action.c(268):     <input type="hidden" name="flightID" value="330078984-272352-nn"  />\n
Action.c(268):       </TD>\n
Action.c(268):       <TD width="45%" valign="top">\n
Action.c(268):           <b>&nbsp;&nbsp;A First class ticket for :</b><br/>\n
Action.c(268):           <center><table border="0" width="85%"><tr><td>\n
Action.c(268):           <li><i>nina8 nina8\n
Action.c(268):           <li><i></i>\n
Action.c(268):           </td></tr></table></center>\n
Action.c(268):       </TD>\n
Action.c(268):       <TD width="5%" >.<br/>.<br/>.<br/>.</TD>\n
Action.c(268):       <TD width="45%" valign=top><b>Invoice sent to:</b><br/>\n
Action.c(268):           <center>\n
Action.c(268):           <Table width="80%" cellspacing="0" > <tr> <td>\n
Action.c(268):               nina8 nina8\n
Action.c(268):     <br/>\n
Action.c(268):               Moryakov<br/>\n
Action.c(268):               Vologda<br/>\n
Action.c(268):               <br/>\n
Action.c(268):               Total Charge: $ 577 <BR/> (CC: x-8912)\n
Action.c(268):           </td> </tr> </table>\n
Action.c(268):           </center>\n
Action.c(268):       </TD>\n
Action.c(268):     </TR>\n
Action.c(268):     <TR bgcolor="#EFF2F7">\n
Action.c(268):       <TD COLSPAN="3">\n
Action.c(268):       <b>Flight Details:</b><BR/>  <center>\n
Action.c(268):       09/26/2020\n
Action.c(268):      :  5pm : Flight 132 leaves Frankfurt  for Los Angeles.<br>  </center>\n
Action.c(268):       </TD>\n
Action.c(268):     </TR>\n
Action.c(268):     \n
Action.c(268):     <TR bgcolor="#EFF2F7">\n
Action.c(268):       <TD COLSPAN="4">\n
Action.c(268):       <hr/>\n
Action.c(268):       </TD>\n
Action.c(268):     </TR>\n
Action.c(268):     \n
Action.c(268):     <!-- Flight #1 -->\n
Action.c(268):     <TR bgcolor="#EFF2F7">\n
Action.c(268):       <TD width="5%" rowspan="2" align="left" valign="top">\n
Action.c(268):     <b>\n
Action.c(268):     <label><input type="checkbox" name="355" value="on" /></label></font></b>\n
Action.c(268):     <input type="hidden" name="flightID" value="330078984-273121-nn"  />\n
Action.c(268):       </TD>\n
Action.c(268):       <TD width="45%" valign="top">\n
Action.c(268):           <b>&nbsp;&nbsp;A First class ticket for :</b><br/>\n
Action.c(268):           <center><table border="0" width="85%"><tr><td>\n
Action.c(268):           <li><i>nina8 nina8\n
Action.c(268):           <li><i></i>\n
Action.c(268):           </td></tr></table></center>\n
Action.c(268):       </TD>\n
Action.c(268):       <TD width="5%" >.<br/>.<br/>.<br/>.</TD>\n
Action.c(268):       <TD width="45%" valign=top><b>Invoice sent to:</b><br/>\n
Action.c(268):           <center>\n
Action.c(268):           <Table width="80%" cellspacing="0" > <tr> <td>\n
Action.c(268):               nina8 nina8\n
Action.c(268):     <br/>\n
Action.c(268):               Moryakov<br/>\n
Action.c(268):               Vologda<br/>\n
Action.c(268):               <br/>\n
Action.c(268):               Total Charge: $ 577 <BR/> (CC: x-8912)\n
Action.c(268):           </td> </tr> </table>\n
Action.c(268):           </center>\n
Action.c(268):       </TD>\n
Action.c(268):     </TR>\n
Action.c(268):     <TR bgcolor="#EFF2F7">\n
Action.c(268):       <TD COLSPAN="3">\n
Action.c(268):       <b>Flight Details:</b><BR/>  <center>\n
Action.c(268):       09/26/2020\n
Action.c(268):      :  5pm : Flight 132 leaves Frankfurt  for Los Angeles.<br>  </center>\n
Action.c(268):       </TD>\n
Action.c(268):     </TR>\n
Action.c(268):     \n
Action.c(268):     <TR bgcolor="#EFF2F7">\n
Action.c(268):       <TD COLSPAN="4">\n
Action.c(268):       <hr/>\n
Action.c(268):       </TD>\n
Action.c(268):     </TR>\n
Action.c(268):     \n
Action.c(268):     <!-- Flight #1 -->\n
Action.c(268):     <TR bgcolor="#EFF2F7">\n
Action.c(268):       <TD width="5%" rowspan="2" align="left" valign="top">\n
Action.c(268):     <b>\n
Action.c(268):     <label><input type="checkbox" name="356" value="on" /></label></font></b>\n
Action.c(268):     <input type="hidden" name="flightID" value="168749709-273857-nn"  />\n
Action.c(268):       </TD>\n
Action.c(268):       <TD width="45%" valign="top">\n
Action.c(268):           <b>&nbsp;&nbsp;A Business class ticket for :</b><br/>\n
Action.c(268):           <center><table border="0" width="85%"><tr><td>\n
Action.c(268):           <li><i>nina8 nina8\n
Action.c(268):           <li><i></i>\n
Action.c(268):           </td></tr></table></center>\n
Action.c(268):       </TD>\n
Action.c(268):       <TD width="5%" >.<br/>.<br/>.<br/>.</TD>\n
Action.c(268):       <TD width="45%" valign=top><b>Invoice sent to:</b><br/>\n
Action.c(268):           <center>\n
Action.c(268):           <Table width="80%" cellspacing="0" > <tr> <td>\n
Action.c(268):               nina8 nina8\n
Action.c(268):     <br/>\n
Action.c(268):               Moryakov<br/>\n
Action.c(268):               Vologda<br/>\n
Action.c(268):               <br/>\n
Action.c(268):               Total Charge: $ 149 <BR/> (CC: x-4556)\n
Action.c(268):           </td> </tr> </table>\n
Action.c(268):           </center>\n
Action.c(268):       </TD>\n
Action.c(268):     </TR>\n
Action.c(268):     <TR bgcolor="#EFF2F7">\n
Action.c(268):       <TD COLSPAN="3">\n
Action.c(268):       <b>Flight Details:</b><BR/>  <center>\n
Action.c(268):       09/26/2020\n
Action.c(268):      :  5pm : Flight 242 leaves London  for Paris.<br>  </center>\n
Action.c(268):       </TD>\n
Action.c(268):     </TR>\n
Action.c(268):     \n
Action.c(268):     <TR bgcolor="#EFF2F7">\n
Action.c(268):       <TD COLSPAN="4">\n
Action.c(268):       <hr/>\n
Action.c(268):       </TD>\n
Action.c(268):     </TR>\n
Action.c(268):     \n
Action.c(268):     <!-- Flight #1 -->\n
Action.c(268):     <TR bgcolor="#EFF2F7">\n
Action.c(268):       <TD width="5%" rowspan="2" align="lef
Action.c(268): t=3933383ms: 8-byte chunked response overhead for "http://localhost:1080/cgi-bin/itinerary.pl" (RelFrameId=1.2, Internal ID=659)
Action.c(268):     \r\n
Action.c(268):     1000\r\n
Action.c(268): t=3933383ms: 8-byte chunked response overhead for "http://localhost:1080/cgi-bin/itinerary.pl" (RelFrameId=1.2, Internal ID=659)
Action.c(268):     \r\n
Action.c(268):     2000\r\n
Action.c(268): t=3933383ms: 12271-byte chunked response body for "http://localhost:1080/cgi-bin/itinerary.pl" (RelFrameId=1.2, Internal ID=659)
Action.c(268):     t" valign="top">\n
Action.c(268):     <b>\n
Action.c(268):     <label><input type="checkbox" name="357" value="on" /></label></font></b>\n
Action.c(268):     <input type="hidden" name="flightID" value="330078984-274659-nn"  />\n
Action.c(268):       </TD>\n
Action.c(268):       <TD width="45%" valign="top">\n
Action.c(268):           <b>&nbsp;&nbsp;A First class ticket for :</b><br/>\n
Action.c(268):           <center><table border="0" width="85%"><tr><td>\n
Action.c(268):           <li><i>nina8 nina8\n
Action.c(268):           <li><i></i>\n
Action.c(268):           </td></tr></table></center>\n
Action.c(268):       </TD>\n
Action.c(268):       <TD width="5%" >.<br/>.<br/>.<br/>.</TD>\n
Action.c(268):       <TD width="45%" valign=top><b>Invoice sent to:</b><br/>\n
Action.c(268):           <center>\n
Action.c(268):           <Table width="80%" cellspacing="0" > <tr> <td>\n
Action.c(268):               nina8 nina8\n
Action.c(268):     <br/>\n
Action.c(268):               Moryakov<br/>\n
Action.c(268):               Vologda<br/>\n
Action.c(268):               <br/>\n
Action.c(268):               Total Charge: $ 577 <BR/> (CC: x-8912)\n
Action.c(268):           </td> </tr> </table>\n
Action.c(268):           </center>\n
Action.c(268):       </TD>\n
Action.c(268):     </TR>\n
Action.c(268):     <TR bgcolor="#EFF2F7">\n
Action.c(268):       <TD COLSPAN="3">\n
Action.c(268):       <b>Flight Details:</b><BR/>  <center>\n
Action.c(268):       09/26/2020\n
Action.c(268):      :  5pm : Flight 132 leaves Frankfurt  for Los Angeles.<br>  </center>\n
Action.c(268):       </TD>\n
Action.c(268):     </TR>\n
Action.c(268):     \n
Action.c(268):     <TR bgcolor="#EFF2F7">\n
Action.c(268):       <TD COLSPAN="4">\n
Action.c(268):       <hr/>\n
Action.c(268):       </TD>\n
Action.c(268):     </TR>\n
Action.c(268):     \n
Action.c(268):     <!-- Flight #1 -->\n
Action.c(268):     <TR bgcolor="#EFF2F7">\n
Action.c(268):       <TD width="5%" rowspan="2" align="left" valign="top">\n
Action.c(268):     <b>\n
Action.c(268):     <label><input type="checkbox" name="358" value="on" /></label></font></b>\n
Action.c(268):     <input type="hidden" name="flightID" value="168749709-275396-nn"  />\n
Action.c(268):       </TD>\n
Action.c(268):       <TD width="45%" valign="top">\n
Action.c(268):           <b>&nbsp;&nbsp;A Business class ticket for :</b><br/>\n
Action.c(268):           <center><table border="0" width="85%"><tr><td>\n
Action.c(268):           <li><i>nina8 nina8\n
Action.c(268):           <li><i></i>\n
Action.c(268):           </td></tr></table></center>\n
Action.c(268):       </TD>\n
Action.c(268):       <TD width="5%" >.<br/>.<br/>.<br/>.</TD>\n
Action.c(268):       <TD width="45%" valign=top><b>Invoice sent to:</b><br/>\n
Action.c(268):           <center>\n
Action.c(268):           <Table width="80%" cellspacing="0" > <tr> <td>\n
Action.c(268):               nina8 nina8\n
Action.c(268):     <br/>\n
Action.c(268):               Moryakov<br/>\n
Action.c(268):               Vologda<br/>\n
Action.c(268):               <br/>\n
Action.c(268):               Total Charge: $ 149 <BR/> (CC: x-4556)\n
Action.c(268):           </td> </tr> </table>\n
Action.c(268):           </center>\n
Action.c(268):       </TD>\n
Action.c(268):     </TR>\n
Action.c(268):     <TR bgcolor="#EFF2F7">\n
Action.c(268):       <TD COLSPAN="3">\n
Action.c(268):       <b>Flight Details:</b><BR/>  <center>\n
Action.c(268):       09/26/2020\n
Action.c(268):      :  5pm : Flight 242 leaves London  for Paris.<br>  </center>\n
Action.c(268):       </TD>\n
Action.c(268):     </TR>\n
Action.c(268):     \n
Action.c(268):     <TR bgcolor="#EFF2F7">\n
Action.c(268):       <TD COLSPAN="4">\n
Action.c(268):       <hr/>\n
Action.c(268):       </TD>\n
Action.c(268):     </TR>\n
Action.c(268):     \n
Action.c(268):     <!-- Flight #1 -->\n
Action.c(268):     <TR bgcolor="#EFF2F7">\n
Action.c(268):       <TD width="5%" rowspan="2" align="left" valign="top">\n
Action.c(268):     <b>\n
Action.c(268):     <label><input type="checkbox" name="359" value="on" /></label></font></b>\n
Action.c(268):     <input type="hidden" name="flightID" value="330078984-276198-nn"  />\n
Action.c(268):       </TD>\n
Action.c(268):       <TD width="45%" valign="top">\n
Action.c(268):           <b>&nbsp;&nbsp;A First class ticket for :</b><br/>\n
Action.c(268):           <center><table border="0" width="85%"><tr><td>\n
Action.c(268):           <li><i>nina8 nina8\n
Action.c(268):           <li><i></i>\n
Action.c(268):           </td></tr></table></center>\n
Action.c(268):       </TD>\n
Action.c(268):       <TD width="5%" >.<br/>.<br/>.<br/>.</TD>\n
Action.c(268):       <TD width="45%" valign=top><b>Invoice sent to:</b><br/>\n
Action.c(268):           <center>\n
Action.c(268):           <Table width="80%" cellspacing="0" > <tr> <td>\n
Action.c(268):               nina8 nina8\n
Action.c(268):     <br/>\n
Action.c(268):               Moryakov<br/>\n
Action.c(268):               Vologda<br/>\n
Action.c(268):               <br/>\n
Action.c(268):               Total Charge: $ 577 <BR/> (CC: x-8912)\n
Action.c(268):           </td> </tr> </table>\n
Action.c(268):           </center>\n
Action.c(268):       </TD>\n
Action.c(268):     </TR>\n
Action.c(268):     <TR bgcolor="#EFF2F7">\n
Action.c(268):       <TD COLSPAN="3">\n
Action.c(268):       <b>Flight Details:</b><BR/>  <center>\n
Action.c(268):       09/26/2020\n
Action.c(268):      :  5pm : Flight 132 leaves Frankfurt  for Los Angeles.<br>  </center>\n
Action.c(268):       </TD>\n
Action.c(268):     </TR>\n
Action.c(268):     \n
Action.c(268):     <TR bgcolor="#EFF2F7">\n
Action.c(268):       <TD COLSPAN="4">\n
Action.c(268):       <hr/>\n
Action.c(268):       </TD>\n
Action.c(268):     </TR>\n
Action.c(268):     \n
Action.c(268):     <!-- Flight #1 -->\n
Action.c(268):     <TR bgcolor="#EFF2F7">\n
Action.c(268):       <TD width="5%" rowspan="2" align="left" valign="top">\n
Action.c(268):     <b>\n
Action.c(268):     <label><input type="checkbox" name="360" value="on" /></label></font></b>\n
Action.c(268):     <input type="hidden" name="flightID" value="330078984-276967-nn"  />\n
Action.c(268):       </TD>\n
Action.c(268):       <TD width="45%" valign="top">\n
Action.c(268):           <b>&nbsp;&nbsp;A First class ticket for :</b><br/>\n
Action.c(268):           <center><table border="0" width="85%"><tr><td>\n
Action.c(268):           <li><i>nina8 nina8\n
Action.c(268):           <li><i></i>\n
Action.c(268):           </td></tr></table></center>\n
Action.c(268):       </TD>\n
Action.c(268):       <TD width="5%" >.<br/>.<br/>.<br/>.</TD>\n
Action.c(268):       <TD width="45%" valign=top><b>Invoice sent to:</b><br/>\n
Action.c(268):           <center>\n
Action.c(268):           <Table width="80%" cellspacing="0" > <tr> <td>\n
Action.c(268):               nina8 nina8\n
Action.c(268):     <br/>\n
Action.c(268):               Moryakov<br/>\n
Action.c(268):               Vologda<br/>\n
Action.c(268):               <br/>\n
Action.c(268):               Total Charge: $ 577 <BR/> (CC: x-8912)\n
Action.c(268):           </td> </tr> </table>\n
Action.c(268):           </center>\n
Action.c(268):       </TD>\n
Action.c(268):     </TR>\n
Action.c(268):     <TR bgcolor="#EFF2F7">\n
Action.c(268):       <TD COLSPAN="3">\n
Action.c(268):       <b>Flight Details:</b><BR/>  <center>\n
Action.c(268):       09/26/2020\n
Action.c(268):      :  5pm : Flight 132 leaves Frankfurt  for Los Angeles.<br>  </center>\n
Action.c(268):       </TD>\n
Action.c(268):     </TR>\n
Action.c(268):     \n
Action.c(268):     <TR bgcolor="#EFF2F7">\n
Action.c(268):       <TD COLSPAN="4">\n
Action.c(268):       <hr/>\n
Action.c(268):       </TD>\n
Action.c(268):     </TR>\n
Action.c(268):     \n
Action.c(268):     <!-- Flight #1 -->\n
Action.c(268):     <TR bgcolor="#EFF2F7">\n
Action.c(268):       <TD width="5%" rowspan="2" align="left" valign="top">\n
Action.c(268):     <b>\n
Action.c(268):     <label><input type="checkbox" name="361" value="on" /></label></font></b>\n
Action.c(268):     <input type="hidden" name="flightID" value="330078984-277736-nn"  />\n
Action.c(268):       </TD>\n
Action.c(268):       <TD width="45%" valign="top">\n
Action.c(268):           <b>&nbsp;&nbsp;A First class ticket for :</b><br/>\n
Action.c(268):           <center><table border="0" width="85%"><tr><td>\n
Action.c(268):           <li><i>nina8 nina8\n
Action.c(268):           <li><i></i>\n
Action.c(268):           </td></tr></table></center>\n
Action.c(268):       </TD>\n
Action.c(268):       <TD width="5%" >.<br/>.<br/>.<br/>.</TD>\n
Action.c(268):       <TD width="45%" valign=top><b>Invoice sent to:</b><br/>\n
Action.c(268):           <center>\n
Action.c(268):           <Table width="80%" cellspacing="0" > <tr> <td>\n
Action.c(268):               nina8 nina8\n
Action.c(268):     <br/>\n
Action.c(268):               Moryakov<br/>\n
Action.c(268):               Vologda<br/>\n
Action.c(268):               <br/>\n
Action.c(268):               Total Charge: $ 577 <BR/> (CC: x-8912)\n
Action.c(268):           </td> </tr> </table>\n
Action.c(268):           </center>\n
Action.c(268):       </TD>\n
Action.c(268):     </TR>\n
Action.c(268):     <TR bgcolor="#EFF2F7">\n
Action.c(268):       <TD COLSPAN="3">\n
Action.c(268):       <b>Flight Details:</b><BR/>  <center>\n
Action.c(268):       09/26/2020\n
Action.c(268):      :  5pm : Flight 132 leaves Frankfurt  for Los Angeles.<br>  </center>\n
Action.c(268):       </TD>\n
Action.c(268):     </TR>\n
Action.c(268):     \n
Action.c(268):     <TR bgcolor="#EFF2F7">\n
Action.c(268):       <TD COLSPAN="4">\n
Action.c(268):       <hr/>\n
Action.c(268):       </TD>\n
Action.c(268):     </TR>\n
Action.c(268):     \n
Action.c(268):     <!-- Flight #1 -->\n
Action.c(268):     <TR bgcolor="#EFF2F7">\n
Action.c(268):       <TD width="5%" rowspan="2" align="left" valign="top">\n
Action.c(268):     <b>\n
Action.c(268):     <label><input type="checkbox" name="362" value="on" /></label></font></b>\n
Action.c(268):     <input type="hidden" name="flightID" value="330078984-278505-nn"  />\n
Action.c(268):       </TD>\n
Action.c(268):       <TD width="45%" valign="top">\n
Action.c(268):           <b>&nbsp;&nbsp;A First class ticket for :</b><br/>\n
Action.c(268):           <center><table border="0" width="85%"><tr><td>\n
Action.c(268):           <li><i>nina8 nina8\n
Action.c(268):           <li><i></i>\n
Action.c(268):           </td></tr></table></center>\n
Action.c(268):       </TD>\n
Action.c(268):       <TD width="5%" >.<br/>.<br/>.<br/>.</TD>\n
Action.c(268):       <TD width="45%" valign=top><b>Invoice sent to:</b><br/>\n
Action.c(268):           <center>\n
Action.c(268):           <Table width="80%" cellspacing="0" > <tr> <td>\n
Action.c(268):               nina8 nina8\n
Action.c(268):     <br/>\n
Action.c(268):               Moryakov<br/>\n
Action.c(268):               Vologda<br/>\n
Action.c(268):               <br/>\n
Action.c(268):               Total Charge: $ 577 <BR/> (CC: x-8912)\n
Action.c(268):           </td> </tr> </table>\n
Action.c(268):           </center>\n
Action.c(268):       </TD>\n
Action.c(268):     </TR>\n
Action.c(268):     <TR bgcolor="#EFF2F7">\n
Action.c(268):       <TD COLSPAN="3">\n
Action.c(268):       <b>Flight Details:</b><BR/>  <center>\n
Action.c(268):       09/26/2020\n
Action.c(268):      :  5pm : Flight 132 leaves Frankfurt  for Los Angeles.<br>  </center>\n
Action.c(268):       </TD>\n
Action.c(268):     </TR>\n
Action.c(268):     \n
Action.c(268):     <TR bgcolor="#EFF2F7">\n
Action.c(268):       <TD COLSPAN="4">\n
Action.c(268):       <hr/>\n
Action.c(268):       </TD>\n
Action.c(268):     </TR>\n
Action.c(268):     <TR>\n
Action.c(268):        <TD align="center" COLSPAN="4">\n
Action.c(268):        <b>A total of 362 scheduled flights.</font></b>\n
Action.c(268):        </TD>\n
Action.c(268):     </TR>\n
Action.c(268):     </TABLE>\n
Action.c(268):     \n
Action.c(268):     <TABLE WIDTH="87%" BORDER="0" CELLSPACING="0">\n
Action.c(268):     <TR>\n
Action.c(268):     <TD align="left" width="50%" >\n
Action.c(268):     <input type="image" name="removeFlights" src="/WebTours/images/cancelreservation.gif" bord
Action.c(268):     er="0" /></TD>\n
Action.c(268):     <TD align="right" width="50%" >\n
Action.c(268):     <input type="image" name="removeAllFlights" src="/WebTours/images/cancelallreservations.gi
Action.c(268):     f" border="0" /></TD>\n
Action.c(268):     </TABLE>\n
Action.c(268):     \n
Action.c(268):     <div><input type="hidden" name=".cgifields" value="127"  /><input type="hidden" name=".cgi
Action.c(268):     fields" value="32"  /><input type="hidden" name=".cgifields" value="276"  /><input type="h
Action.c(268):     idden" name=".cgifields" value="90"  /><input type="hidden" name=".cgifields" value="206" 
Action.c(268):      /><input type="hidden" name=".cgifields" value="118"  /><input type="hidden" name=".cgifi
Action.c(268):     elds" value="71"  /><input type="hidden" name=".cgifields" value="102"  /><input type="hid
Action.c(268):     den" name=".cgifields" value="358"  /><input type="hidden" name=".cgifields" value="331"  
Action.c(268):     /><input type="hidden" name=".cgifields" value="16"  /><input type="hidden" name=".cgifiel
Action.c(268):     ds" value="55"  /><input type="hidden" name=".cgifields" value="84"  /><input type="hidden
Action.c(268):     " name=".cgifields" value="233"  /><input type="hidden" name=".cgifields" value="259"  /><
Action.c(268):     input type="hidden" name=".cgifields" value="194"  /><input type="hidden" name=".cgifields
Action.c(268):     " value="57"  /><input type="hidden" name=".cgifields" value="220"  /><input type="hidden"
Action.c(268):      name=".cgifields" value="316"  /><input type="hidden" name=".cgifields" value="163"  /><i
Action.c(268):     nput type="hidden" name=".cgifields" value="89"  /><input type="hidden" name=".cgifields" 
Action.c(268):     value="175"  /><input type="hidden" name=".cgifields" value="31"  /><input type="hidden" n
Action.c(268):     ame=".cgifields" value="35"  /><input type="hidden" name=".cgifields" value="11"  /><input
Action.c(268):      type="hidden" name=".cgifields" value="347"  /><input type="hidden" name=".cgifields" val
Action.c(268):     ue="208"  /><input type="hidden" name=".cgifields" value="93"  /><input type="hidden" name
Action.c(268):     =".cgifields" value="292"  /><input type="hidden" name=".cgifields" value="325"  /><input 
Action.c(268):     type="hidden" name=".cgifields" value="29"  /><input type="hidden" name=".cgifields" value
Action.c(268):     ="350"  /><input type="hidden" name=".cgifields" value="291"  /><input type="hidden" name=
Action.c(268):     ".cgifields" value="199"  /><input type="hidden" name=".cgifields" value="114"  /><input t
Action.c(268):     ype="hidden" name=".cgifields" value="226"  /><input type="hidden" name=".cgifields" value
Action.c(268):     ="58"  /><input type="hidden" name=".cgifields" value="211"  /><input type="hidden" name="
Action.c(268):     .cgifields" value="153"  /><input type="hidden" name=".cgifields" value="15"  /><input typ
Action.c(268):     e="hidden" name=".cgifields" value="337"  /><input type="hidden" name=".cgifields" value="
Action.c(268):     101"  /><input type="hidden" name=".cgifields" value="73"  /><input type="hidden" name=".c
Action.c(268):     gifields" value="340"  /><input type="hidden" name=".cgifields" value="76"  /><input type=
Action.c(268):     "hidden" name=".cgifields" value="311"  /><input type="hidden" name=".cgifields" value="62
Action.c(268):     "  /><input type="hidden" name=".cgifields" value="67"  /><input type="hidden" name=".cgif
Action.c(268):     ields" value="241"  /><input type="hidden" name=".cgifields" value="198"  /><input type="h
Action.c(268):     idden" name=".cgifields" value="139"  /><input type="hidden" name=".cgifields" value="129"
Action.c(268):       /><input type="hidden" name=".cgifields" value="327"  /><input type="hidden" name=".cgif
Action.c(268):     ields" value="320"  /><input type="hidden" name=".cgifields" value="280"  /><input type="h
Action.c(268):     idden" name=".cgifields" value="273"  /><input type="hidden" name=".cgifields" value="236"
Action.c(268):       /><input type="hidden" name=".cgifields" value="361"  /><input type="hidden" name=".cgif
Action.c(268):     ields" value="249"  /><input type="hidden" name=".cgifields" value="218"  /><input type="h
Action.c(268):     idden" name=".cgifields" value="202"  /><input type="hidden" name=".cgifields" value="168"
Action.c(268):       /><input type="hidden" name=".cgifields" value="184"  /><input type="hidden" name=".cgif
Action.c(268):     ields" value="135"  /><input type="hidden" name=".cgifields" value="14"  /><input type="hi
Action.c(268):     dden" name=".cgifields" value="348"  /><input type="hidden" name=".cgifields" value="145" 
Action.c(268):      /><input type="hidden" name=".cgifields" value="49"  /><input type="hidden" name=".cgifie
Action.c(268):     lds" value="178"  /><input type="hidden" name=".cgifields" value="24"  /><input type="hidd
Action.c(268):     en" name=".cgifields" value="285"  /><input type="hidden" name=".cgifields" value="140"  /
Action.c(268):     ><input type="hidden" name=".cgifields" value="124"  /><input type="hidden" name=".cgifiel
Action.c(268):     ds" value="104"  /><input type="hidden" name=".cgifields" value="131"  /><input type="hidd
Action.c(268):     en" name=".cgifields" value="181"  /><input type="hidden" name=".cgifields" value="234"  /
Action.c(268):     ><input type="hidden" name=".cgifields" value="314"  /><input type="hidden" name=".cgifiel
Action.c(268):     ds" value="307"  /><input type="hidden" name=".cgifields" value="154"  /><input type="hidd
Action.c(268):     en" name=".cgifields" value="23"  /><input type="hidden" name=".cgifields" value="96"  /><
Action.c(268):     input type="hidden" name=".cgifields" value="355"  /><input type="hidden" name=".cgifields
Action.c(268):     " value="159"  /><input type="hidden" name=".cgifields" value="326"  /><input type="hidden
Action.c(268):     " name=".cgifields" value="160"  /><input type="hidden" name=".cgifields" value="47"  /><i
Action.c(268):     nput type="hidden" name=".cgifields" value="8"  /><input type="hidden" name=".cgifields" v
Action.c(268):     alue="98"  /><input type="hidden" name=".cgifields" value="335"  /><input type="hidden" na
Action.c(268):     me=".cgifields" value="37"  /><input type="hidden" name=".cgifields" value="43"  /><input 
Action.c(268):     type="hidden" name=".cgifields" value="270"  /><input type="hidden" name=".cgifields" valu
Action.c(268):     e="195"  /><input type="hidden" name=".cgifields" value="5"  /><input type="hidden" name="
Action.c(268):     .cgifields" value="21"  /><input type="hidden" name=".cgifields" value="288"  /><input typ
Action.c(268):     e="hidden" name=".cgifields" value="193"  /><input type="hidden" name=".cgifields" value="
Action.c(268):     119"  /><input type="hidden" name=".cgi
Action.c(268): Found resource "http://localhost:1080/WebTours/images/cancelreservation.gif" in HTML "http://localhost:1080/cgi-bin/itinerary.pl"  	[MsgId: MMSG-26659]
Action.c(268): Found resource "http://localhost:1080/WebTours/images/cancelallreservations.gif" in HTML "http://localhost:1080/cgi-bin/itinerary.pl"  	[MsgId: MMSG-26659]
Action.c(268): t=3933390ms: 8-byte chunked response overhead for "http://localhost:1080/cgi-bin/itinerary.pl" (RelFrameId=1.2, Internal ID=659)
Action.c(268):     \r\n
Action.c(268):     3000\r\n
Action.c(268): t=3933390ms: 12279-byte chunked response body for "http://localhost:1080/cgi-bin/itinerary.pl" (RelFrameId=1.2, Internal ID=659)
Action.c(268):     fields" value="324"  /><input type="hidden" name=".cgifields" value="180"  /><input type="
Action.c(268):     hidden" name=".cgifields" value="244"  /><input type="hidden" name=".cgifields" value="162
Action.c(268):     "  /><input type="hidden" name=".cgifields" value="351"  /><input type="hidden" name=".cgi
Action.c(268):     fields" value="246"  /><input type="hidden" name=".cgifields" value="240"  /><input type="
Action.c(268):     hidden" name=".cgifields" value="74"  /><input type="hidden" name=".cgifields" value="334"
Action.c(268):       /><input type="hidden" name=".cgifields" value="61"  /><input type="hidden" name=".cgifi
Action.c(268):     elds" value="230"  /><input type="hidden" name=".cgifields" value="299"  /><input type="hi
Action.c(268):     dden" name=".cgifields" value="115"  /><input type="hidden" name=".cgifields" value="103" 
Action.c(268):      /><input type="hidden" name=".cgifields" value="201"  /><input type="hidden" name=".cgifi
Action.c(268):     elds" value="113"  /><input type="hidden" name=".cgifields" value="152"  /><input type="hi
Action.c(268):     dden" name=".cgifields" value="189"  /><input type="hidden" name=".cgifields" value="342" 
Action.c(268):      /><input type="hidden" name=".cgifields" value="295"  /><input type="hidden" name=".cgifi
Action.c(268):     elds" value="266"  /><input type="hidden" name=".cgifields" value="91"  /><input type="hid
Action.c(268):     den" name=".cgifields" value="341"  /><input type="hidden" name=".cgifields" value="107"  
Action.c(268):     /><input type="hidden" name=".cgifields" value="87"  /><input type="hidden" name=".cgifiel
Action.c(268):     ds" value="174"  /><input type="hidden" name=".cgifields" value="77"  /><input type="hidde
Action.c(268):     n" name=".cgifields" value="214"  /><input type="hidden" name=".cgifields" value="221"  />
Action.c(268):     <input type="hidden" name=".cgifields" value="39"  /><input type="hidden" name=".cgifields
Action.c(268):     " value="64"  /><input type="hidden" name=".cgifields" value="97"  /><input type="hidden" 
Action.c(268):     name=".cgifields" value="12"  /><input type="hidden" name=".cgifields" value="41"  /><inpu
Action.c(268):     t type="hidden" name=".cgifields" value="52"  /><input type="hidden" name=".cgifields" val
Action.c(268):     ue="312"  /><input type="hidden" name=".cgifields" value="302"  /><input type="hidden" nam
Action.c(268):     e=".cgifields" value="229"  /><input type="hidden" name=".cgifields" value="45"  /><input 
Action.c(268):     type="hidden" name=".cgifields" value="260"  /><input type="hidden" name=".cgifields" valu
Action.c(268):     e="237"  /><input type="hidden" name=".cgifields" value="309"  /><input type="hidden" name
Action.c(268):     =".cgifields" value="188"  /><input type="hidden" name=".cgifields" value="68"  /><input t
Action.c(268):     ype="hidden" name=".cgifields" value="315"  /><input type="hidden" name=".cgifields" value
Action.c(268):     ="1"  /><input type="hidden" name=".cgifields" value="136"  /><input type="hidden" name=".
Action.c(268):     cgifields" value="116"  /><input type="hidden" name=".cgifields" value="338"  /><input typ
Action.c(268):     e="hidden" name=".cgifields" value="144"  /><input type="hidden" name=".cgifields" value="
Action.c(268):     100"  /><input type="hidden" name=".cgifields" value="300"  /><input type="hidden" name=".
Action.c(268):     cgifields" value="222"  /><input type="hidden" name=".cgifields" value="25"  /><input type
Action.c(268):     ="hidden" name=".cgifields" value="286"  /><input type="hidden" name=".cgifields" value="1
Action.c(268):     20"  /><input type="hidden" name=".cgifields" value="83"  /><input type="hidden" name=".cg
Action.c(268):     ifields" value="305"  /><input type="hidden" name=".cgifields" value="308"  /><input type=
Action.c(268):     "hidden" name=".cgifields" value="254"  /><input type="hidden" name=".cgifields" value="17
Action.c(268):     7"  /><input type="hidden" name=".cgifields" value="217"  /><input type="hidden" name=".cg
Action.c(268):     ifields" value="328"  /><input type="hidden" name=".cgifields" value="239"  /><input type=
Action.c(268):     "hidden" name=".cgifields" value="122"  /><input type="hidden" name=".cgifields" value="14
Action.c(268):     3"  /><input type="hidden" name=".cgifields" value="281"  /><input type="hidden" name=".cg
Action.c(268):     ifields" value="269"  /><input type="hidden" name=".cgifields" value="205"  /><input type=
Action.c(268):     "hidden" name=".cgifields" value="158"  /><input type="hidden" name=".cgifields" value="42
Action.c(268):     "  /><input type="hidden" name=".cgifields" value="22"  /><input type="hidden" name=".cgif
Action.c(268):     ields" value="46"  /><input type="hidden" name=".cgifields" value="235"  /><input type="hi
Action.c(268):     dden" name=".cgifields" value="301"  /><input type="hidden" name=".cgifields" value="6"  /
Action.c(268):     ><input type="hidden" name=".cgifields" value="36"  /><input type="hidden" name=".cgifield
Action.c(268):     s" value="213"  /><input type="hidden" name=".cgifields" value="183"  /><input type="hidde
Action.c(268):     n" name=".cgifields" value="94"  /><input type="hidden" name=".cgifields" value="51"  /><i
Action.c(268):     nput type="hidden" name=".cgifields" value="362"  /><input type="hidden" name=".cgifields"
Action.c(268):      value="317"  /><input type="hidden" name=".cgifields" value="296"  /><input type="hidden"
Action.c(268):      name=".cgifields" value="265"  /><input type="hidden" name=".cgifields" value="169"  /><i
Action.c(268):     nput type="hidden" name=".cgifields" value="132"  /><input type="hidden" name=".cgifields"
Action.c(268):      value="171"  /><input type="hidden" name=".cgifields" value="200"  /><input type="hidden"
Action.c(268):      name=".cgifields" value="18"  /><input type="hidden" name=".cgifields" value="125"  /><in
Action.c(268):     put type="hidden" name=".cgifields" value="329"  /><input type="hidden" name=".cgifields" 
Action.c(268):     value="44"  /><input type="hidden" name=".cgifields" value="27"  /><input type="hidden" na
Action.c(268):     me=".cgifields" value="272"  /><input type="hidden" name=".cgifields" value="161"  /><inpu
Action.c(268):     t type="hidden" name=".cgifields" value="190"  /><input type="hidden" name=".cgifields" va
Action.c(268):     lue="298"  /><input type="hidden" name=".cgifields" value="95"  /><input type="hidden" nam
Action.c(268):     e=".cgifields" value="313"  /><input type="hidden" name=".cgifields" value="20"  /><input 
Action.c(268):     type="hidden" name=".cgifields" value="109"  /><input type="hidden" name=".cgifields" valu
Action.c(268):     e="231"  /><input type="hidden" name=".cgifields" value="243"  /><input type="hidden" name
Action.c(268):     =".cgifields" value="151"  /><input type="hidden" name=".cgifields" value="148"  /><input 
Action.c(268):     type="hidden" name=".cgifields" value="343"  /><input type="hidden" name=".cgifields" valu
Action.c(268):     e="287"  /><input type="hidden" name=".cgifields" value="78"  /><input type="hidden" name=
Action.c(268):     ".cgifields" value="294"  /><input type="hidden" name=".cgifields" value="349"  /><input t
Action.c(268):     ype="hidden" name=".cgifields" value="106"  /><input type="hidden" name=".cgifields" value
Action.c(268):     ="275"  /><input type="hidden" name=".cgifields" value="157"  /><input type="hidden" name=
Action.c(268):     ".cgifields" value="65"  /><input type="hidden" name=".cgifields" value="197"  /><input ty
Action.c(268):     pe="hidden" name=".cgifields" value="203"  /><input type="hidden" name=".cgifields" value=
Action.c(268):     "261"  /><input type="hidden" name=".cgifields" value="138"  /><input type="hidden" name="
Action.c(268):     .cgifields" value="81"  /><input type="hidden" name=".cgifields" value="137"  /><input typ
Action.c(268):     e="hidden" name=".cgifields" value="60"  /><input type="hidden" name=".cgifields" value="3
Action.c(268):     21"  /><input type="hidden" name=".cgifields" value="284"  /><input type="hidden" name=".c
Action.c(268):     gifields" value="86"  /><input type="hidden" name=".cgifields" value="247"  /><input type=
Action.c(268):     "hidden" name=".cgifields" value="204"  /><input type="hidden" name=".cgifields" value="28
Action.c(268):     9"  /><input type="hidden" name=".cgifields" value="165"  /><input type="hidden" name=".cg
Action.c(268):     ifields" value="346"  /><input type="hidden" name=".cgifields" value="17"  /><input type="
Action.c(268):     hidden" name=".cgifields" value="2"  /><input type="hidden" name=".cgifields" value="186" 
Action.c(268):      /><input type="hidden" name=".cgifields" value="82"  /><input type="hidden" name=".cgifie
Action.c(268):     lds" value="110"  /><input type="hidden" name=".cgifields" value="147"  /><input type="hid
Action.c(268):     den" name=".cgifields" value="333"  /><input type="hidden" name=".cgifields" value="339"  
Action.c(268):     /><input type="hidden" name=".cgifields" value="228"  /><input type="hidden" name=".cgifie
Action.c(268):     lds" value="323"  /><input type="hidden" name=".cgifields" value="268"  /><input type="hid
Action.c(268):     den" name=".cgifields" value="345"  /><input type="hidden" name=".cgifields" value="69"  /
Action.c(268):     ><input type="hidden" name=".cgifields" value="112"  /><input type="hidden" name=".cgifiel
Action.c(268):     ds" value="319"  /><input type="hidden" name=".cgifields" value="172"  /><input type="hidd
Action.c(268):     en" name=".cgifields" value="191"  /><input type="hidden" name=".cgifields" value="224"  /
Action.c(268):     ><input type="hidden" name=".cgifields" value="187"  /><input type="hidden" name=".cgifiel
Action.c(268):     ds" value="223"  /><input type="hidden" name=".cgifields" value="282"  /><input type="hidd
Action.c(268):     en" name=".cgifields" value="262"  /><input type="hidden" name=".cgifields" value="79"  />
Action.c(268):     <input type="hidden" name=".cgifields" value="121"  /><input type="hidden" name=".cgifield
Action.c(268):     s" value="212"  /><input type="hidden" name=".cgifields" value="352"  /><input type="hidde
Action.c(268):     n" name=".cgifields" value="344"  /><input type="hidden" name=".cgifields" value="126"  />
Action.c(268):     <input type="hidden" name=".cgifields" value="238"  /><input type="hidden" name=".cgifield
Action.c(268):     s" value="251"  /><input type="hidden" name=".cgifields" value="253"  /><input type="hidde
Action.c(268):     n" name=".cgifields" value="279"  /><input type="hidden" name=".cgifields" value="176"  />
Action.c(268):     <input type="hidden" name=".cgifields" value="209"  /><input type="hidden" name=".cgifield
Action.c(268):     s" value="357"  /><input type="hidden" name=".cgifields" value="216"  /><input type="hidde
Action.c(268):     n" name=".cgifields" value="256"  /><input type="hidden" name=".cgifields" value="117"  />
Action.c(268):     <input type="hidden" name=".cgifields" value="170"  /><input type="hidden" name=".cgifield
Action.c(268):     s" value="33"  /><input type="hidden" name=".cgifields" value="63"  /><input type="hidden"
Action.c(268):      name=".cgifields" value="7"  /><input type="hidden" name=".cgifields" value="80"  /><inpu
Action.c(268):     t type="hidden" name=".cgifields" value="26"  /><input type="hidden" name=".cgifields" val
Action.c(268):     ue="227"  /><input type="hidden" name=".cgifields" value="336"  /><input type="hidden" nam
Action.c(268):     e=".cgifields" value="99"  /><input type="hidden" name=".cgifields" value="72"  /><input t
Action.c(268):     ype="hidden" name=".cgifields" value="179"  /><input type="hidden" name=".cgifields" value
Action.c(268):     ="264"  /><input type="hidden" name=".cgifields" value="255"  /><input type="hidden" name=
Action.c(268):     ".cgifields" value="297"  /><input type="hidden" name=".cgifields" value="359"  /><input t
Action.c(268):     ype="hidden" name=".cgifields" value="182"  /><input type="hidden" name=".cgifields" value
Action.c(268):     ="108"  /><input type="hidden" name=".cgifields" value="277"  /><input type="hidden" name=
Action.c(268):     ".cgifields" value="92"  /><input type="hidden" name=".cgifields" value="232"  /><input ty
Action.c(268):     pe="hidden" name=".cgifields" value="10"  /><input type="hidden" name=".cgifields" value="
Action.c(268):     225"  /><input type="hidden" name=".cgifields" value="330"  /><input type="hidden" name=".
Action.c(268):     cgifields" value="142"  /><input type="hidden" name=".cgifields" value="207"  /><input typ
Action.c(268):     e="hidden" name=".cgifields" value="263"  /><input type="hidden" name=".cgifields" value="
Action.c(268):     167"  /><input type="hidden" name=".cgifields" value="48"  /><input type="hidden" name=".c
Action.c(268):     gifields" value="360"  /><input type="hidden" name=".cgifields" value="133"  /><input type
Action.c(268):     ="hidden" name=".cgifields" value="290"  /><input type="hidden" name=".cgifields" value="1
Action.c(268):     23"  /><input type="hidden" name=".cgifields" value="149"  /><input type="hidden" name=".c
Action.c(268):     gifields" value="304"  /><input type="hidden" name=".cgifields" value="50"  /><input type=
Action.c(268):     "hidden" name=".cgifields" value="210"  /><input type="hidden" name=".cgifields" value="25
Action.c(268):     8"  /><input type="hidden" name=".cgifields" value="173"  /><input type="hidden" name=".cg
Action.c(268):     ifields" value="56"  /><input type="hidden" name=".cgifields" value="66"  /><input type="h
Action.c(268):     idden" name=".cgifields" value="19"  /><input type="hidden" name=".cgifields" value="293" 
Action.c(268):      /><input type="hidden" name=".cgifields" value="54"  /><input type="hidden" name=".cgifie
Action.c(268):     lds" value="274"  /><input type="hidden" name=".cgifields" value="306"  /><input type="hid
Action.c(268):     den" name=".cgifields" value="70"  /><input type="hidden" name=".cgifields" value="322"  /
Action.c(268):     ><input type="hidden" name=".cgifields" value="353"  /><input type="hidden" name=".cgifiel
Action.c(268):     ds" value="166"  /><input type="hidden" name=".cgifields" value="88"  /><input type="hidde
Action.c(268):     n" name=".cgifields" value="30"  /><input type="hidden" name=".cgifields" value="141"  /><
Action.c(268):     input type="hidden" name=".cgifields" value="128"  /><input type="hidden" name=".cgifields
Action.c(268):     " value="252"  /><input type="hidden" name=".cgifields" value="28"  /><input type="hidden"
Action.c(268):      name=".cgifields" value="310"  /><input type="hidden" name=".cgifields" value="283"  /><i
Action.c(268):     nput type="hidden" name=".cgifields" value="75"  /><input type="hidden" name=".cgifields" 
Action.c(268):     value="40"  /><input type="hidden" name=".cgifields" value="134"  /><input type="hidden" n
Action.c(268):     ame=".cgifields" value="156"  /><input 
Action.c(268): t=3933393ms: 7-byte chunked response overhead for "http://localhost:1080/cgi-bin/itinerary.pl" (RelFrameId=1.2, Internal ID=659)
Action.c(268):     \r\n
Action.c(268):     423\r\n
Action.c(268): t=3933393ms: 7-byte chunked response overhead for "http://localhost:1080/cgi-bin/itinerary.pl" (RelFrameId=1.2, Internal ID=659)
Action.c(268):     \r\n
Action.c(268):     0\r\n
Action.c(268):     \r\n
Action.c(268): t=3933393ms: 1858-byte chunked response body for "http://localhost:1080/cgi-bin/itinerary.pl" (RelFrameId=1.2, Internal ID=659)
Action.c(268):     type="hidden" name=".cgifields" value="303"  /><input type="hidden" name=".cgifields" valu
Action.c(268):     e="192"  /><input type="hidden" name=".cgifields" value="250"  /><input type="hidden" name
Action.c(268):     =".cgifields" value="59"  /><input type="hidden" name=".cgifields" value="215"  /><input t
Action.c(268):     ype="hidden" name=".cgifields" value="278"  /><input type="hidden" name=".cgifields" value
Action.c(268):     ="150"  /><input type="hidden" name=".cgifields" value="271"  /><input type="hidden" name=
Action.c(268):     ".cgifields" value="130"  /><input type="hidden" name=".cgifields" value="155"  /><input t
Action.c(268):     ype="hidden" name=".cgifields" value="53"  /><input type="hidden" name=".cgifields" value=
Action.c(268):     "245"  /><input type="hidden" name=".cgifields" value="267"  /><input type="hidden" name="
Action.c(268):     .cgifields" value="354"  /><input type="hidden" name=".cgifields" value="219"  /><input ty
Action.c(268):     pe="hidden" name=".cgifields" value="318"  /><input type="hidden" name=".cgifields" value=
Action.c(268):     "13"  /><input type="hidden" name=".cgifields" value="257"  /><input type="hidden" name=".
Action.c(268):     cgifields" value="105"  /><input type="hidden" name=".cgifields" value="85"  /><input type
Action.c(268):     ="hidden" name=".cgifields" value="3"  /><input type="hidden" name=".cgifields" value="185
Action.c(268):     "  /><input type="hidden" name=".cgifields" value="332"  /><input type="hidden" name=".cgi
Action.c(268):     fields" value="248"  /><input type="hidden" name=".cgifields" value="111"  /><input type="
Action.c(268):     hidden" name=".cgifields" value="9"  /><input type="hidden" name=".cgifields" value="146" 
Action.c(268):      /><input type="hidden" name=".cgifields" value="356"  /><input type="hidden" name=".cgifi
Action.c(268):     elds" value="38"  /><input type="hidden" name=".cgifields" value="4"  /><input type="hidde
Action.c(268):     n" name=".cgifields" value="34"  /><input type="hidden" name=".cgifields" value="164"  /><
Action.c(268):     input type="hidden" name=".cgifields" value="196"  /><input type="hidden" name=".cgifields
Action.c(268):     " value="242"  /></div></form>\n
Action.c(268):     \n
Action.c(268):     </center>\n
Action.c(268):     \n
Action.c(268):     </body>\n
Action.c(268):     </html>
Action.c(268): t=3933394ms: 297-byte response headers for "http://localhost:1080/WebTours/images/cancelreservation.gif" (RelFrameId=, Internal ID=661)
Action.c(268):     HTTP/1.1 200 OK\r\n
Action.c(268):     Date: Sat, 26 Sep 2020 05:54:26 GMT\r\n
Action.c(268):     Server: Apache/2.2.21 (Win32)\r\n
Action.c(268):     Last-Modified: Thu, 12 Jan 2012 13:30:27 GMT\r\n
Action.c(268):     ETag: "30000000d39fd-33f-4b654c052c2c0"\r\n
Action.c(268):     Accept-Ranges: bytes\r\n
Action.c(268):     Content-Length: 831\r\n
Action.c(268):     Keep-Alive: timeout=5, max=95\r\n
Action.c(268):     Connection: Keep-Alive\r\n
Action.c(268):     Content-Type: image/gif\r\n
Action.c(268):     \r\n
Action.c(268): t=3933394ms: 831-byte response body for "http://localhost:1080/WebTours/images/cancelreservation.gif" (RelFrameId=, Internal ID=661)
Action.c(268): t=3933394ms: 297-byte response headers for "http://localhost:1080/WebTours/images/cancelallreservations.gif" (RelFrameId=, Internal ID=662)
Action.c(268):     HTTP/1.1 200 OK\r\n
Action.c(268):     Date: Sat, 26 Sep 2020 05:54:26 GMT\r\n
Action.c(268):     Server: Apache/2.2.21 (Win32)\r\n
Action.c(268):     Last-Modified: Thu, 12 Jan 2012 13:30:27 GMT\r\n
Action.c(268):     ETag: "30000000d39fc-2e6-4b654c052c2c0"\r\n
Action.c(268):     Accept-Ranges: bytes\r\n
Action.c(268):     Content-Length: 742\r\n
Action.c(268):     Keep-Alive: timeout=5, max=99\r\n
Action.c(268):     Connection: Keep-Alive\r\n
Action.c(268):     Content-Type: image/gif\r\n
Action.c(268):     \r\n
Action.c(268): t=3933395ms: 742-byte response body for "http://localhost:1080/WebTours/images/cancelallreservations.gif" (RelFrameId=, Internal ID=662)
Action.c(268): Registered web_reg_find successful for "Text=Itinerary" (count=3)  	[MsgId: MMSG-26364]
Action.c(268): web_url("welcome.pl") was successful, 419010 body bytes, 1618 header bytes, 819 chunking overhead bytes  	[MsgId: MMSG-26385]
Action.c(278): Notify: Transaction "click itinerary" ended with a "Pass" status (Duration: 0,5027 Wasted Time: 0,0007).	[MsgId: MMSG-16871]
Action.c(280): lr_think_time: 5,00 seconds.	[MsgId: MMSG-15948]
Action.c(283): Notify: Transaction "logout" started.	[MsgId: MMSG-16999]
Action.c(285): web_reg_find started  	[MsgId: MMSG-26355]
Action.c(285): Registering web_reg_find was successful  	[MsgId: MMSG-26390]
Action.c(288): web_url("SignOff Button") started  	[MsgId: MMSG-26355]
Action.c(288): t=3938489ms: 328-byte response headers for "http://localhost:1080/cgi-bin/welcome.pl?signOff=1" (RelFrameId=1, Internal ID=663)
Action.c(288):     HTTP/1.1 200 OK\r\n
Action.c(288):     Date: Sat, 26 Sep 2020 05:54:31 GMT\r\n
Action.c(288):     Server: Apache/2.2.21 (Win32)\r\n
Action.c(288):     Set-Cookie: MSO=SID&1601099671; path=/\r\n
Action.c(288):     Set-Cookie: MTUserInfo=; path=/; expires=Fri, 25-Sep-2020 05:54:31 GMT\r\n
Action.c(288):     Keep-Alive: timeout=5, max=100\r\n
Action.c(288):     Connection: Keep-Alive\r\n
Action.c(288):     Transfer-Encoding: chunked\r\n
Action.c(288):     Content-Type: text/html; charset=ISO-8859-1\r\n
Action.c(288):     \r\n
Action.c(288): t=3938489ms: 5-byte chunked response overhead for "http://localhost:1080/cgi-bin/welcome.pl?signOff=1" (RelFrameId=1, Internal ID=663)
Action.c(288):     2ae\r\n
Action.c(288): t=3938489ms: 2-byte chunked response overhead for "http://localhost:1080/cgi-bin/welcome.pl?signOff=1" (RelFrameId=1, Internal ID=663)
Action.c(288):     \r\n
Action.c(288): t=3938489ms: 686-byte chunked response body for "http://localhost:1080/cgi-bin/welcome.pl?signOff=1" (RelFrameId=1, Internal ID=663)
Action.c(288):     <!-- \n
Action.c(288):      A Session ID has been created and loaded into a cookie called MSO.\n
Action.c(288):      Also, the server options have been loaded into the cookie called\n
Action.c(288):      MSO as well.  The server options can be set via the Admin page.\n
Action.c(288):      --->\n
Action.c(288):     \n
Action.c(288):     <html>\n
Action.c(288):     <title>Web Tours</title>\n
Action.c(288):        <!-- Frame Set -->\n
Action.c(288):        <frameset cols="160,*" border="1" frameborder="1">\n
Action.c(288):           <!-- Navigation Frame -->\n
Action.c(288):           <frame src="nav.pl?in=home" name="navbar" marginheight="2" marginwidth="2" \n
Action.c(288):                 noresize="noresize" scrolling="auto"/>\n
Action.c(288):           <!-- Home Frame -->\n
Action.c(288):           <frame src="/WebTours/home.html" name="info" marginheight="2" marginwidth="2" \n
Action.c(288):                 noresize="noresize" scrolling="auto"/>\n
Action.c(288):        </frameset>\n
Action.c(288):     </html>\n
Action.c(288):     \n
Action.c(288):     </body>\n
Action.c(288):     </html>
Action.c(288): Detected non-resource "http://localhost:1080/cgi-bin/nav.pl?in=home" in "http://localhost:1080/cgi-bin/welcome.pl?signOff=1"  	[MsgId: MMSG-26574]
Action.c(288): Detected non-resource "http://localhost:1080/WebTours/home.html" in "http://localhost:1080/cgi-bin/welcome.pl?signOff=1"  	[MsgId: MMSG-26574]
Action.c(288): Retrieving data from cache for "http://localhost:1080/WebTours/home.html"  	[MsgId: MMSG-26558]
Action.c(288): t=3938490ms: 1361-byte response body retrieved from cache for "http://localhost:1080/WebTours/home.html" (RelFrameId=1.2, Internal ID=665)
Action.c(288):     <HTML>\n
Action.c(288):     <HEAD>\n
Action.c(288):     \t<title>Web Tours</title>\n
Action.c(288):     </HEAD>\n
Action.c(288):     <style>\n
Action.c(288):     \tblockquote {font-family: tahoma; font-size : 10pt}\n
Action.c(288):     \tH1 {font-family: tahoma; font-size : 22pt; color: #003366}\n
Action.c(288):     \tsmall {font-family: tahoma; font-size : 8pt}\n
Action.c(288):     \tH3{font-family: tahoma; font-size : 10pt; color: black}\n
Action.c(288):     \tA {FONT-WEIGHT: bold; FONT-SIZE: 10pt; COLOR: black; FONT-FAMILY: Tahoma; TEXT-DECORATIO
Action.c(288):     N: none}\n
Action.c(288):     \tA:hover{ FONT-WEIGHT: bold; FONT-SIZE: 10pt; COLOR: #993333; FONT-FAMILY: Tahoma;TEXT-DE
Action.c(288):     CORATION: underline}\n
Action.c(288):     \tTD {font-family: tahoma; font-size : 10pt; color: black}\n
Action.c(288):     </style>\n
Action.c(288):     <body bgcolor="#e0e7f1">\n
Action.c(288):     <BR/>\n
Action.c(288):     <BR/>\n
Action.c(288):     <BR/>\n
Action.c(288):     <br/>\n
Action.c(288):     <table border="0">\n
Action.c(288):     <tr><td></td></tr>\n
Action.c(288):     <TR><TD></TD></TR>\n
Action.c(288):     <TR><TD>\n
Action.c(288):     <blockquote>\n
Action.c(288):     <H1><b>Web Tours</b></H1>\n
Action.c(288):     Welcome to the Web Tours site.\n
Action.c(288):     <br/>\n
Action.c(288):     To make reservations,please enter your account information to the left.\n
Action.c(288):     <br/>\n
Action.c(288):     If you haven't registered yet, <A href="/cgi-bin/login.pl?username=&amp;password=&amp;getI
Action.c(288):     nfo=true" ><B>sign up now</B></A> to get access to all our resources.\n
Action.c(288):     <br/>\n
Action.c(288):     To configure the server options, use <A href="/cgi-bin/admin.pl" target="body" ><b>adminis
Action.c(288):     tration</b></A> link.\n
Action.c(288):     <br/><br/><br/><br/><br/><br/>\n
Action.c(288):     <br/><small>\n
Action.c(288):     This product uses parts of the SMT Kernel, Copyright (c) 1991-99 <A href="http://www.imati
Action.c(288):     x.com" target="new"><B><small>iMatix Corporation</small></B></A> \n
Action.c(288):     </small>\n
Action.c(288):     </blockquote></TD>\n
Action.c(288):     <TD></TD></TR>\n
Action.c(288):     </table>\n
Action.c(288):     </body>\n
Action.c(288):     </HTML>\n
Action.c(288): t=3938493ms: 5-byte chunked response overhead for "http://localhost:1080/cgi-bin/welcome.pl?signOff=1" (RelFrameId=1, Internal ID=663)
Action.c(288):     0\r\n
Action.c(288):     \r\n
Action.c(288): t=3938542ms: 256-byte response headers for "http://localhost:1080/cgi-bin/nav.pl?in=home" (RelFrameId=1.1, Internal ID=664)
Action.c(288):     HTTP/1.1 200 OK\r\n
Action.c(288):     Date: Sat, 26 Sep 2020 05:54:31 GMT\r\n
Action.c(288):     Server: Apache/2.2.21 (Win32)\r\n
Action.c(288):     Expires: Fri, 25 Sep 2020 05:54:31 GMT\r\n
Action.c(288):     Keep-Alive: timeout=5, max=100\r\n
Action.c(288):     Connection: Keep-Alive\r\n
Action.c(288):     Transfer-Encoding: chunked\r\n
Action.c(288):     Content-Type: text/html; charset=ISO-8859-1\r\n
Action.c(288):     \r\n
Action.c(288): t=3938543ms: 5-byte chunked response overhead for "http://localhost:1080/cgi-bin/nav.pl?in=home" (RelFrameId=1.1, Internal ID=664)
Action.c(288):     5d2\r\n
Action.c(288): t=3938543ms: 2-byte chunked response overhead for "http://localhost:1080/cgi-bin/nav.pl?in=home" (RelFrameId=1.1, Internal ID=664)
Action.c(288):     \r\n
Action.c(288): t=3938543ms: 1490-byte chunked response body for "http://localhost:1080/cgi-bin/nav.pl?in=home" (RelFrameId=1.1, Internal ID=664)
Action.c(288):     <!DOCTYPE html\n
Action.c(288):     \tPUBLIC "-//W3C//DTD XHTML 1.0 Transitional//EN"\n
Action.c(288):     \t "http://www.w3.org/TR/xhtml1/DTD/xhtml1-transitional.dtd">\n
Action.c(288):     <html xmlns="http://www.w3.org/1999/xhtml" lang="en-US" xml:lang="en-US">\n
Action.c(288):     <head>\n
Action.c(288):     <title>Web Tours Navigation Bar</title>\n
Action.c(288):     <meta http-equiv="Content-Type" content="text/html; charset=iso-8859-1" />\n
Action.c(288):     </head>\n
Action.c(288):     <body bgcolor="#E0E7F1">\n
Action.c(288):     <style>\n
Action.c(288):     blockquote {font-family: tahoma; font-size : 10pt}\n
Action.c(288):     H1 {font-family: tahoma; font-size : 22pt; color: #993333}\n
Action.c(288):     H3 {font-family: tahoma; font-size : 10pt; color: black}\n
Action.c(288):     small {font-family: tahoma; font-size : 8pt}\n
Action.c(288):     </style>\n
Action.c(288):     <form method="post" action="/cgi-bin/login.pl" target="body">\n
Action.c(288):     <input type="hidden" name="userSession" value="129696.206642365zzHVctipzcQVzzzHtAAcHptQVHH
Action.c(288):     f"/>\n
Action.c(288):     <table border="0"><tr><td>&nbsp;</td>\n
Action.c(288):     <td>&nbsp;</td></tr>\n
Action.c(288):     <tr><td>&nbsp;</td>\n
Action.c(288):     <td>&nbsp;</td></tr>\n
Action.c(288):     <tr><td>&nbsp;</td>\n
Action.c(288):     <td><small>&nbsp;Username</small></td></tr>\n
Action.c(288):     <tr><td>&nbsp;</td>\n
Action.c(288):     <td><input type="text" name="username" value="" size="14" maxlength="14"/></td></tr>\n
Action.c(288):     <tr><td>&nbsp;</td>\n
Action.c(288):     <td><small>&nbsp;Password</small></td>\n
Action.c(288):     <tr><td>&nbsp;</td>\n
Action.c(288):     <td><input type="password" name="password" value="" size="14" maxlength="14"/></td></tr>\n
Action.c(288):     <tr><td>&nbsp;</td>\n
Action.c(288):     <td>&nbsp;</td></tr>\n
Action.c(288):     <tr><td>&nbsp;</td>\n
Action.c(288):     <td><input type="image" name="login" value="Login" alt="Login" border="1" \n
Action.c(288):     src="/WebTours/images/mer_login.gif"/></td></tr>\n
Action.c(288):     <tr><td>&nbsp;</td><td>&nbsp;</td></tr>\n
Action.c(288):     </table><input type="hidden" name="JSFormSubmit" value="off"/>\n
Action.c(288):     </form>\n
Action.c(288):     \n
Action.c(288):     </body>\n
Action.c(288):     </html>\n
Action.c(288): Resource "http://localhost:1080/WebTours/images/mer_login.gif" is in the cache already and will not be downloaded again  	[MsgId: MMSG-26655]
Action.c(288): t=3938545ms: 5-byte chunked response overhead for "http://localhost:1080/cgi-bin/nav.pl?in=home" (RelFrameId=1.1, Internal ID=664)
Action.c(288):     0\r\n
Action.c(288):     \r\n
Action.c(288): Registered web_reg_find successful for "Text=To make reservations,please enter your account information to the left" (count=1)  	[MsgId: MMSG-26364]
Action.c(288): web_url("SignOff Button") was successful, 2176 body bytes, 584 header bytes, 24 chunking overhead bytes  	[MsgId: MMSG-26385]
Action.c(298): Notify: Transaction "logout" ended with a "Pass" status (Duration: 0,1500 Wasted Time: 0,0000).	[MsgId: MMSG-16871]
Action.c(300): Notify: Transaction "UC1_Buy_and_view" ended with a "Pass" status (Duration: 41,5326 Think Time: 40,0036 Wasted Time: 0,0024).	[MsgId: MMSG-16870]
Ending action Action.	[MsgId: MMSG-15918]
Ending iteration 19.	[MsgId: MMSG-15965]
Waiting 165,4650 seconds for iteration pacing.	[MsgId: MMSG-15996]
Action was aborted.	[MsgId: MMSG-10694]
Ending Vuser...	[MsgId: MMSG-15966]
Starting action vuser_end.	[MsgId: MMSG-15919]
Ending action vuser_end.	[MsgId: MMSG-15918]
Vuser Terminated.	[MsgId: MMSG-15963]
Vuser 1 (thread 29116), ended OK."	[MsgId: MMSG-10695]
Action was aborted.	[MsgId: MMSG-10694]
Ending Vuser...	[MsgId: MMSG-15966]
Starting action vuser_end.	[MsgId: MMSG-15919]
Ending action vuser_end.	[MsgId: MMSG-15918]
Vuser Terminated.	[MsgId: MMSG-15963]
Vuser 2 (thread 21048), ended OK."	[MsgId: MMSG-10695]
Action was aborted.	[MsgId: MMSG-10694]
Ending Vuser...	[MsgId: MMSG-15966]
Starting action vuser_end.	[MsgId: MMSG-15919]
Ending action vuser_end.	[MsgId: MMSG-15918]
Vuser Terminated.	[MsgId: MMSG-15963]
Vuser 3 (thread 30080), ended OK."	[MsgId: MMSG-10695]
Action was aborted.	[MsgId: MMSG-10694]
Ending Vuser...	[MsgId: MMSG-15966]
Starting action vuser_end.	[MsgId: MMSG-15919]
Ending action vuser_end.	[MsgId: MMSG-15918]
Vuser Terminated.	[MsgId: MMSG-15963]
Vuser 4 (thread 30916), ended OK."	[MsgId: MMSG-10695]
Action was aborted.	[MsgId: MMSG-10694]
Ending Vuser...	[MsgId: MMSG-15966]
Starting action vuser_end.	[MsgId: MMSG-15919]
Ending action vuser_end.	[MsgId: MMSG-15918]
Vuser Terminated.	[MsgId: MMSG-15963]
Vuser 5 (thread 16692), ended OK."	[MsgId: MMSG-10695]
Action was aborted.	[MsgId: MMSG-10694]
Ending Vuser...	[MsgId: MMSG-15966]
Starting action vuser_end.	[MsgId: MMSG-15919]
Ending action vuser_end.	[MsgId: MMSG-15918]
Vuser Terminated.	[MsgId: MMSG-15963]
Vuser 6 (thread 17552), ended OK."	[MsgId: MMSG-10695]
Action was aborted.	[MsgId: MMSG-10694]
Ending Vuser...	[MsgId: MMSG-15966]
Starting action vuser_end.	[MsgId: MMSG-15919]
Ending action vuser_end.	[MsgId: MMSG-15918]
Vuser Terminated.	[MsgId: MMSG-15963]
Vuser 7 (thread 27768), ended OK."	[MsgId: MMSG-10695]
