Virtual User Script started at: 24.09.2020 19:18:39	[MsgId: MMSG-15967]
Starting action vuser_init.	[MsgId: MMSG-15919]
Web Turbo Replay of LoadRunner 2020.0.0 for Windows 10; build 793 (ноя 27 2019 19:51:20)  	[MsgId: MMSG-26983]
Run mode: HTML  	[MsgId: MMSG-26993]
Replay user agent: Mozilla/5.0 (Windows NT 10.0; WOW64; Trident/7.0; rv:11.0) like Gecko  	[MsgId: MMSG-26988]
Runtime Settings file: "C:\Users\alex\AppData\Local\Temp\lr5tmpdirqkv.234\lrcfgTuP.260\cfg8ff.269"  	[MsgId: MMSG-27141]
Ending action vuser_init.	[MsgId: MMSG-15918]
Running Vuser...	[MsgId: MMSG-15964]
Starting iteration 1.	[MsgId: MMSG-15968]
Maximum number of concurrent connections per server: 6  	[MsgId: MMSG-26989]
Starting action Action.	[MsgId: MMSG-15919]
Action.c(2): Notify: Transaction "UC3_Buy_Ticket" started.	[MsgId: MMSG-16999]
Action.c(3): Notify: Transaction "goToSite" started.	[MsgId: MMSG-16999]
Action.c(22): web_reg_save_param started  	[MsgId: MMSG-26355]
Action.c(22): Registering web_reg_save_param was successful  	[MsgId: MMSG-26390]
Action.c(28): web_reg_find started  	[MsgId: MMSG-26355]
Action.c(28): Registering web_reg_find was successful  	[MsgId: MMSG-26390]
Action.c(31): web_url("WebTours") started  	[MsgId: MMSG-26355]
Action.c(31): Error -27792: Failed to connect to server "localhost:1080": [10061] Connection refused  	[MsgId: MERR-27792]
Action.c(31): Error -26377: No match found for the requested parameter "userSession". Either the specified boundaries were not found in the response or the matched text is longer than current max html parameter size of 256 bytes. The total length of the response is 0 bytes. You can use "web_set_max_html_param_len" to increase the max parameter size.  	[MsgId: MERR-26377]
Action.c(31): Notify: Saving Parameter "userSession = ".	[MsgId: MMSG-13798]
Action.c(31): Error -26366: "Text=Welcome to the Web Tours site" not found for web_reg_find  	[MsgId: MERR-26366]
Action.c(31): Error -26374: The above "not found" error(s) may be explained by header and body byte counts being 0 and 0, respectively.  	[MsgId: MERR-26374]
Action.c(31): web_url("WebTours") highest severity level was "ERROR", 0 body bytes, 0 header bytes  	[MsgId: MMSG-26388]
Action.c(31): Notify: Transaction "goToSite" ended with a "Fail" status (Duration: 2,0092).	[MsgId: MMSG-16873]
Action.c(31): Notify: Transaction "goToSite" has 4 error message(s).	[MsgId: MMSG-16818]
Action.c(31): Notify: The 1st error message associated with transaction "goToSite" is "Error -27792: Failed to connect to server "localhost:1080": [10061] Connection refused"	[MsgId: MMSG-16819]
Action.c(31): Notify: The 2nd error message associated with transaction "goToSite" is "Error -26377: No match found for the requested parameter "userSession". Either the specified boundaries were not found in the response or the matched text is longer than current max html parameter size of 256 bytes. The total length of the response is 0 bytes. You can use "web_set_max_html_param_len" to increase the max parameter size."	[MsgId: MMSG-16819]
Action.c(31): Notify: The 3rd error message associated with transaction "goToSite" is "Error -26366: "Text=Welcome to the Web Tours site" not found for web_reg_find"	[MsgId: MMSG-16819]
Action.c(31): Notify: The 4th error message associated with transaction "goToSite" is "Error -26374: The above "not found" error(s) may be explained by header and body byte counts being 0 and 0, respectively."	[MsgId: MMSG-16819]
Action.c(31): Notify: Transaction "UC3_Buy_Ticket" ended with a "Fail" status (Duration: 2,0093).	[MsgId: MMSG-16873]
Action.c(31): Notify: Transaction "UC3_Buy_Ticket" has 4 error message(s).	[MsgId: MMSG-16818]
Action.c(31): Notify: The 1st error message associated with transaction "UC3_Buy_Ticket" is "Error -27792: Failed to connect to server "localhost:1080": [10061] Connection refused"	[MsgId: MMSG-16819]
Action.c(31): Notify: The 2nd error message associated with transaction "UC3_Buy_Ticket" is "Error -26377: No match found for the requested parameter "userSession". Either the specified boundaries were not found in the response or the matched text is longer than current max html parameter size of 256 bytes. The total length of the response is 0 bytes. You can use "web_set_max_html_param_len" to increase the max parameter size."	[MsgId: MMSG-16819]
Action.c(31): Notify: The 3rd error message associated with transaction "UC3_Buy_Ticket" is "Error -26366: "Text=Welcome to the Web Tours site" not found for web_reg_find"	[MsgId: MMSG-16819]
Action.c(31): Notify: The 4th error message associated with transaction "UC3_Buy_Ticket" is "Error -26374: The above "not found" error(s) may be explained by header and body byte counts being 0 and 0, respectively."	[MsgId: MMSG-16819]
Ending action Action.	[MsgId: MMSG-15918]
Ending iteration 1.	[MsgId: MMSG-15965]
Waiting 42,9880 seconds for iteration pacing.	[MsgId: MMSG-15996]
Starting iteration 2.	[MsgId: MMSG-15968]
Notify: Next row for parameter type = 2 [table  = type].	[MsgId: MMSG-13876]
Notify: Getting new value for parameter 'type': table = '..\Parameters\type.dat' column = '0' row = '2'.	[MsgId: MMSG-13877]
Notify: Next row for parameter address1 = 2 [table  = address1].	[MsgId: MMSG-13876]
Notify: Getting new value for parameter 'address1': table = '..\Parameters\address1.dat' column = '0' row = '2'.	[MsgId: MMSG-13877]
Notify: Next row for parameter seat = 2 [table  = seat].	[MsgId: MMSG-13876]
Notify: Getting new value for parameter 'seat': table = '..\Parameters\seat.dat' column = '0' row = '2'.	[MsgId: MMSG-13877]
Notify: Next row for parameter Arrive = 2 [table  = Arrive].	[MsgId: MMSG-13876]
Notify: Getting new value for parameter 'Arrive': table = '..\Parameters\depart.dat' column = '1' row = '2'.	[MsgId: MMSG-13877]
Notify: Next row for parameter address2 = 2 [table  = address2].	[MsgId: MMSG-13876]
Notify: Getting new value for parameter 'address2': table = '..\Parameters\address2.dat' column = '0' row = '2'.	[MsgId: MMSG-13877]
Notify: Next row for parameter depart = 2 [table  = depart].	[MsgId: MMSG-13876]
Notify: Getting new value for parameter 'depart': table = '..\Parameters\depart.dat' column = '0' row = '2'.	[MsgId: MMSG-13877]
Notify: Next row for parameter credit = 2 [table  = credit].	[MsgId: MMSG-13876]
Notify: Getting new value for parameter 'credit': table = '..\Parameters\credit.dat' column = '0' row = '2'.	[MsgId: MMSG-13877]
Notify: Next row for parameter login = 2 [table  = login].	[MsgId: MMSG-13876]
Notify: Getting new value for parameter 'login': table = '..\Parameters\login.dat' column = '0' row = '2'.	[MsgId: MMSG-13877]
Notify: Next row for parameter password = 2 [table  = password].	[MsgId: MMSG-13876]
Notify: Getting new value for parameter 'password': table = '..\Parameters\password.dat' column = '0' row = '2'.	[MsgId: MMSG-13877]
Starting action Action.	[MsgId: MMSG-15919]
Action.c(2): Notify: Transaction "UC3_Buy_Ticket" started.	[MsgId: MMSG-16999]
Action.c(3): Notify: Transaction "goToSite" started.	[MsgId: MMSG-16999]
Action.c(22): web_reg_save_param started  	[MsgId: MMSG-26355]
Action.c(22): Registering web_reg_save_param was successful  	[MsgId: MMSG-26390]
Action.c(28): web_reg_find started  	[MsgId: MMSG-26355]
Action.c(28): Registering web_reg_find was successful  	[MsgId: MMSG-26390]
Action.c(31): web_url("WebTours") started  	[MsgId: MMSG-26355]
Action.c(31): Error -27792: Failed to connect to server "localhost:1080": [10061] Connection refused  	[MsgId: MERR-27792]
Action.c(31): Error -26377: No match found for the requested parameter "userSession". Either the specified boundaries were not found in the response or the matched text is longer than current max html parameter size of 256 bytes. The total length of the response is 0 bytes. You can use "web_set_max_html_param_len" to increase the max parameter size.  	[MsgId: MERR-26377]
Action.c(31): Notify: Saving Parameter "userSession = ".	[MsgId: MMSG-13798]
Action.c(31): Error -26366: "Text=Welcome to the Web Tours site" not found for web_reg_find  	[MsgId: MERR-26366]
Action.c(31): Error -26374: The above "not found" error(s) may be explained by header and body byte counts being 0 and 0, respectively.  	[MsgId: MERR-26374]
Action.c(31): web_url("WebTours") highest severity level was "ERROR", 0 body bytes, 0 header bytes  	[MsgId: MMSG-26388]
Action.c(31): Notify: Transaction "goToSite" ended with a "Fail" status (Duration: 2,0068).	[MsgId: MMSG-16873]
Action.c(31): Notify: Transaction "goToSite" has 4 error message(s).	[MsgId: MMSG-16818]
Action.c(31): Notify: The 1st error message associated with transaction "goToSite" is "Error -27792: Failed to connect to server "localhost:1080": [10061] Connection refused"	[MsgId: MMSG-16819]
Action.c(31): Notify: The 2nd error message associated with transaction "goToSite" is "Error -26377: No match found for the requested parameter "userSession". Either the specified boundaries were not found in the response or the matched text is longer than current max html parameter size of 256 bytes. The total length of the response is 0 bytes. You can use "web_set_max_html_param_len" to increase the max parameter size."	[MsgId: MMSG-16819]
Action.c(31): Notify: The 3rd error message associated with transaction "goToSite" is "Error -26366: "Text=Welcome to the Web Tours site" not found for web_reg_find"	[MsgId: MMSG-16819]
Action.c(31): Notify: The 4th error message associated with transaction "goToSite" is "Error -26374: The above "not found" error(s) may be explained by header and body byte counts being 0 and 0, respectively."	[MsgId: MMSG-16819]
Action.c(31): Notify: Transaction "UC3_Buy_Ticket" ended with a "Fail" status (Duration: 2,0068).	[MsgId: MMSG-16873]
Action.c(31): Notify: Transaction "UC3_Buy_Ticket" has 4 error message(s).	[MsgId: MMSG-16818]
Action.c(31): Notify: The 1st error message associated with transaction "UC3_Buy_Ticket" is "Error -27792: Failed to connect to server "localhost:1080": [10061] Connection refused"	[MsgId: MMSG-16819]
Action.c(31): Notify: The 2nd error message associated with transaction "UC3_Buy_Ticket" is "Error -26377: No match found for the requested parameter "userSession". Either the specified boundaries were not found in the response or the matched text is longer than current max html parameter size of 256 bytes. The total length of the response is 0 bytes. You can use "web_set_max_html_param_len" to increase the max parameter size."	[MsgId: MMSG-16819]
Action.c(31): Notify: The 3rd error message associated with transaction "UC3_Buy_Ticket" is "Error -26366: "Text=Welcome to the Web Tours site" not found for web_reg_find"	[MsgId: MMSG-16819]
Action.c(31): Notify: The 4th error message associated with transaction "UC3_Buy_Ticket" is "Error -26374: The above "not found" error(s) may be explained by header and body byte counts being 0 and 0, respectively."	[MsgId: MMSG-16819]
Ending action Action.	[MsgId: MMSG-15918]
Ending iteration 2.	[MsgId: MMSG-15965]
Waiting 42,9910 seconds for iteration pacing.	[MsgId: MMSG-15996]
Virtual User Script started at: 24.09.2020 19:19:54	[MsgId: MMSG-15967]
Starting action vuser_init.	[MsgId: MMSG-15919]
Web Turbo Replay of LoadRunner 2020.0.0 for Windows 10; build 793 (ноя 27 2019 19:51:20)  	[MsgId: MMSG-26983]
Run mode: HTML  	[MsgId: MMSG-26993]
Replay user agent: Mozilla/5.0 (Windows NT 10.0; WOW64; Trident/7.0; rv:11.0) like Gecko  	[MsgId: MMSG-26988]
Runtime Settings file: "C:\Users\alex\AppData\Local\Temp\lr5tmpdirqkv.234\lrcfgTuP.260\cfg8ff.269"  	[MsgId: MMSG-27141]
Ending action vuser_init.	[MsgId: MMSG-15918]
Running Vuser...	[MsgId: MMSG-15964]
Starting iteration 1.	[MsgId: MMSG-15968]
Maximum number of concurrent connections per server: 6  	[MsgId: MMSG-26989]
Starting action Action.	[MsgId: MMSG-15919]
Action.c(2): Notify: Transaction "UC3_Buy_Ticket" started.	[MsgId: MMSG-16999]
Action.c(3): Notify: Transaction "goToSite" started.	[MsgId: MMSG-16999]
Action.c(22): web_reg_save_param started  	[MsgId: MMSG-26355]
Action.c(22): Registering web_reg_save_param was successful  	[MsgId: MMSG-26390]
Action.c(28): web_reg_find started  	[MsgId: MMSG-26355]
Action.c(28): Registering web_reg_find was successful  	[MsgId: MMSG-26390]
Action.c(31): web_url("WebTours") started  	[MsgId: MMSG-26355]
Action.c(31): Error -27792: Failed to connect to server "localhost:1080": [10061] Connection refused  	[MsgId: MERR-27792]
Action.c(31): Error -26377: No match found for the requested parameter "userSession". Either the specified boundaries were not found in the response or the matched text is longer than current max html parameter size of 256 bytes. The total length of the response is 0 bytes. You can use "web_set_max_html_param_len" to increase the max parameter size.  	[MsgId: MERR-26377]
Action.c(31): Notify: Saving Parameter "userSession = ".	[MsgId: MMSG-13798]
Action.c(31): Error -26366: "Text=Welcome to the Web Tours site" not found for web_reg_find  	[MsgId: MERR-26366]
Action.c(31): Error -26374: The above "not found" error(s) may be explained by header and body byte counts being 0 and 0, respectively.  	[MsgId: MERR-26374]
Action.c(31): web_url("WebTours") highest severity level was "ERROR", 0 body bytes, 0 header bytes  	[MsgId: MMSG-26388]
Action.c(31): Notify: Transaction "goToSite" ended with a "Fail" status (Duration: 2,0138).	[MsgId: MMSG-16873]
Action.c(31): Notify: Transaction "goToSite" has 4 error message(s).	[MsgId: MMSG-16818]
Action.c(31): Notify: The 1st error message associated with transaction "goToSite" is "Error -27792: Failed to connect to server "localhost:1080": [10061] Connection refused"	[MsgId: MMSG-16819]
Action.c(31): Notify: The 2nd error message associated with transaction "goToSite" is "Error -26377: No match found for the requested parameter "userSession". Either the specified boundaries were not found in the response or the matched text is longer than current max html parameter size of 256 bytes. The total length of the response is 0 bytes. You can use "web_set_max_html_param_len" to increase the max parameter size."	[MsgId: MMSG-16819]
Action.c(31): Notify: The 3rd error message associated with transaction "goToSite" is "Error -26366: "Text=Welcome to the Web Tours site" not found for web_reg_find"	[MsgId: MMSG-16819]
Action.c(31): Notify: The 4th error message associated with transaction "goToSite" is "Error -26374: The above "not found" error(s) may be explained by header and body byte counts being 0 and 0, respectively."	[MsgId: MMSG-16819]
Action.c(31): Notify: Transaction "UC3_Buy_Ticket" ended with a "Fail" status (Duration: 2,0139).	[MsgId: MMSG-16873]
Action.c(31): Notify: Transaction "UC3_Buy_Ticket" has 4 error message(s).	[MsgId: MMSG-16818]
Action.c(31): Notify: The 1st error message associated with transaction "UC3_Buy_Ticket" is "Error -27792: Failed to connect to server "localhost:1080": [10061] Connection refused"	[MsgId: MMSG-16819]
Action.c(31): Notify: The 2nd error message associated with transaction "UC3_Buy_Ticket" is "Error -26377: No match found for the requested parameter "userSession". Either the specified boundaries were not found in the response or the matched text is longer than current max html parameter size of 256 bytes. The total length of the response is 0 bytes. You can use "web_set_max_html_param_len" to increase the max parameter size."	[MsgId: MMSG-16819]
Action.c(31): Notify: The 3rd error message associated with transaction "UC3_Buy_Ticket" is "Error -26366: "Text=Welcome to the Web Tours site" not found for web_reg_find"	[MsgId: MMSG-16819]
Action.c(31): Notify: The 4th error message associated with transaction "UC3_Buy_Ticket" is "Error -26374: The above "not found" error(s) may be explained by header and body byte counts being 0 and 0, respectively."	[MsgId: MMSG-16819]
Ending action Action.	[MsgId: MMSG-15918]
Ending iteration 1.	[MsgId: MMSG-15965]
Waiting 42,9850 seconds for iteration pacing.	[MsgId: MMSG-15996]
Starting iteration 3.	[MsgId: MMSG-15968]
Notify: Next row for parameter type = 3 [table  = type].	[MsgId: MMSG-13876]
Notify: Getting new value for parameter 'type': table = '..\Parameters\type.dat' column = '0' row = '3'.	[MsgId: MMSG-13877]
Notify: Next row for parameter address1 = 3 [table  = address1].	[MsgId: MMSG-13876]
Notify: Getting new value for parameter 'address1': table = '..\Parameters\address1.dat' column = '0' row = '3'.	[MsgId: MMSG-13877]
Notify: Next row for parameter seat = 3 [table  = seat].	[MsgId: MMSG-13876]
Notify: Getting new value for parameter 'seat': table = '..\Parameters\seat.dat' column = '0' row = '3'.	[MsgId: MMSG-13877]
Notify: Next row for parameter Arrive = 3 [table  = Arrive].	[MsgId: MMSG-13876]
Notify: Getting new value for parameter 'Arrive': table = '..\Parameters\depart.dat' column = '1' row = '3'.	[MsgId: MMSG-13877]
Notify: Next row for parameter address2 = 3 [table  = address2].	[MsgId: MMSG-13876]
Notify: Getting new value for parameter 'address2': table = '..\Parameters\address2.dat' column = '0' row = '3'.	[MsgId: MMSG-13877]
Notify: Next row for parameter depart = 3 [table  = depart].	[MsgId: MMSG-13876]
Notify: Getting new value for parameter 'depart': table = '..\Parameters\depart.dat' column = '0' row = '3'.	[MsgId: MMSG-13877]
Notify: Next row for parameter credit = 3 [table  = credit].	[MsgId: MMSG-13876]
Notify: Getting new value for parameter 'credit': table = '..\Parameters\credit.dat' column = '0' row = '3'.	[MsgId: MMSG-13877]
Notify: Next row for parameter login = 3 [table  = login].	[MsgId: MMSG-13876]
Notify: Getting new value for parameter 'login': table = '..\Parameters\login.dat' column = '0' row = '3'.	[MsgId: MMSG-13877]
Notify: Next row for parameter password = 3 [table  = password].	[MsgId: MMSG-13876]
Notify: Getting new value for parameter 'password': table = '..\Parameters\password.dat' column = '0' row = '3'.	[MsgId: MMSG-13877]
Starting action Action.	[MsgId: MMSG-15919]
Action.c(2): Notify: Transaction "UC3_Buy_Ticket" started.	[MsgId: MMSG-16999]
Action.c(3): Notify: Transaction "goToSite" started.	[MsgId: MMSG-16999]
Action.c(22): web_reg_save_param started  	[MsgId: MMSG-26355]
Action.c(22): Registering web_reg_save_param was successful  	[MsgId: MMSG-26390]
Action.c(28): web_reg_find started  	[MsgId: MMSG-26355]
Action.c(28): Registering web_reg_find was successful  	[MsgId: MMSG-26390]
Action.c(31): web_url("WebTours") started  	[MsgId: MMSG-26355]
Action.c(31): Error -27792: Failed to connect to server "localhost:1080": [10061] Connection refused  	[MsgId: MERR-27792]
Action.c(31): Error -26377: No match found for the requested parameter "userSession". Either the specified boundaries were not found in the response or the matched text is longer than current max html parameter size of 256 bytes. The total length of the response is 0 bytes. You can use "web_set_max_html_param_len" to increase the max parameter size.  	[MsgId: MERR-26377]
Action.c(31): Notify: Saving Parameter "userSession = ".	[MsgId: MMSG-13798]
Action.c(31): Error -26366: "Text=Welcome to the Web Tours site" not found for web_reg_find  	[MsgId: MERR-26366]
Action.c(31): Error -26374: The above "not found" error(s) may be explained by header and body byte counts being 0 and 0, respectively.  	[MsgId: MERR-26374]
Action.c(31): web_url("WebTours") highest severity level was "ERROR", 0 body bytes, 0 header bytes  	[MsgId: MMSG-26388]
Action.c(31): Notify: Transaction "goToSite" ended with a "Fail" status (Duration: 2,0063).	[MsgId: MMSG-16873]
Action.c(31): Notify: Transaction "goToSite" has 4 error message(s).	[MsgId: MMSG-16818]
Action.c(31): Notify: The 1st error message associated with transaction "goToSite" is "Error -27792: Failed to connect to server "localhost:1080": [10061] Connection refused"	[MsgId: MMSG-16819]
Action.c(31): Notify: The 2nd error message associated with transaction "goToSite" is "Error -26377: No match found for the requested parameter "userSession". Either the specified boundaries were not found in the response or the matched text is longer than current max html parameter size of 256 bytes. The total length of the response is 0 bytes. You can use "web_set_max_html_param_len" to increase the max parameter size."	[MsgId: MMSG-16819]
Action.c(31): Notify: The 3rd error message associated with transaction "goToSite" is "Error -26366: "Text=Welcome to the Web Tours site" not found for web_reg_find"	[MsgId: MMSG-16819]
Action.c(31): Notify: The 4th error message associated with transaction "goToSite" is "Error -26374: The above "not found" error(s) may be explained by header and body byte counts being 0 and 0, respectively."	[MsgId: MMSG-16819]
Action.c(31): Notify: Transaction "UC3_Buy_Ticket" ended with a "Fail" status (Duration: 2,0064).	[MsgId: MMSG-16873]
Action.c(31): Notify: Transaction "UC3_Buy_Ticket" has 4 error message(s).	[MsgId: MMSG-16818]
Action.c(31): Notify: The 1st error message associated with transaction "UC3_Buy_Ticket" is "Error -27792: Failed to connect to server "localhost:1080": [10061] Connection refused"	[MsgId: MMSG-16819]
Action.c(31): Notify: The 2nd error message associated with transaction "UC3_Buy_Ticket" is "Error -26377: No match found for the requested parameter "userSession". Either the specified boundaries were not found in the response or the matched text is longer than current max html parameter size of 256 bytes. The total length of the response is 0 bytes. You can use "web_set_max_html_param_len" to increase the max parameter size."	[MsgId: MMSG-16819]
Action.c(31): Notify: The 3rd error message associated with transaction "UC3_Buy_Ticket" is "Error -26366: "Text=Welcome to the Web Tours site" not found for web_reg_find"	[MsgId: MMSG-16819]
Action.c(31): Notify: The 4th error message associated with transaction "UC3_Buy_Ticket" is "Error -26374: The above "not found" error(s) may be explained by header and body byte counts being 0 and 0, respectively."	[MsgId: MMSG-16819]
Ending action Action.	[MsgId: MMSG-15918]
Ending iteration 3.	[MsgId: MMSG-15965]
Waiting 42,9910 seconds for iteration pacing.	[MsgId: MMSG-15996]
Starting iteration 2.	[MsgId: MMSG-15968]
Notify: Next row for parameter type = 2 [table  = type].	[MsgId: MMSG-13876]
Notify: Getting new value for parameter 'type': table = '..\Parameters\type.dat' column = '0' row = '2'.	[MsgId: MMSG-13877]
Notify: Next row for parameter address1 = 2 [table  = address1].	[MsgId: MMSG-13876]
Notify: Getting new value for parameter 'address1': table = '..\Parameters\address1.dat' column = '0' row = '2'.	[MsgId: MMSG-13877]
Notify: Next row for parameter seat = 2 [table  = seat].	[MsgId: MMSG-13876]
Notify: Getting new value for parameter 'seat': table = '..\Parameters\seat.dat' column = '0' row = '2'.	[MsgId: MMSG-13877]
Notify: Next row for parameter Arrive = 2 [table  = Arrive].	[MsgId: MMSG-13876]
Notify: Getting new value for parameter 'Arrive': table = '..\Parameters\depart.dat' column = '1' row = '2'.	[MsgId: MMSG-13877]
Notify: Next row for parameter address2 = 2 [table  = address2].	[MsgId: MMSG-13876]
Notify: Getting new value for parameter 'address2': table = '..\Parameters\address2.dat' column = '0' row = '2'.	[MsgId: MMSG-13877]
Notify: Next row for parameter depart = 2 [table  = depart].	[MsgId: MMSG-13876]
Notify: Getting new value for parameter 'depart': table = '..\Parameters\depart.dat' column = '0' row = '2'.	[MsgId: MMSG-13877]
Notify: Next row for parameter credit = 2 [table  = credit].	[MsgId: MMSG-13876]
Notify: Getting new value for parameter 'credit': table = '..\Parameters\credit.dat' column = '0' row = '2'.	[MsgId: MMSG-13877]
Notify: Next row for parameter login = 2 [table  = login].	[MsgId: MMSG-13876]
Notify: Getting new value for parameter 'login': table = '..\Parameters\login.dat' column = '0' row = '2'.	[MsgId: MMSG-13877]
Notify: Next row for parameter password = 2 [table  = password].	[MsgId: MMSG-13876]
Notify: Getting new value for parameter 'password': table = '..\Parameters\password.dat' column = '0' row = '2'.	[MsgId: MMSG-13877]
Starting action Action.	[MsgId: MMSG-15919]
Action.c(2): Notify: Transaction "UC3_Buy_Ticket" started.	[MsgId: MMSG-16999]
Action.c(3): Notify: Transaction "goToSite" started.	[MsgId: MMSG-16999]
Action.c(22): web_reg_save_param started  	[MsgId: MMSG-26355]
Action.c(22): Registering web_reg_save_param was successful  	[MsgId: MMSG-26390]
Action.c(28): web_reg_find started  	[MsgId: MMSG-26355]
Action.c(28): Registering web_reg_find was successful  	[MsgId: MMSG-26390]
Action.c(31): web_url("WebTours") started  	[MsgId: MMSG-26355]
Action.c(31): Error -27792: Failed to connect to server "localhost:1080": [10061] Connection refused  	[MsgId: MERR-27792]
Action.c(31): Error -26377: No match found for the requested parameter "userSession". Either the specified boundaries were not found in the response or the matched text is longer than current max html parameter size of 256 bytes. The total length of the response is 0 bytes. You can use "web_set_max_html_param_len" to increase the max parameter size.  	[MsgId: MERR-26377]
Action.c(31): Notify: Saving Parameter "userSession = ".	[MsgId: MMSG-13798]
Action.c(31): Error -26366: "Text=Welcome to the Web Tours site" not found for web_reg_find  	[MsgId: MERR-26366]
Action.c(31): Error -26374: The above "not found" error(s) may be explained by header and body byte counts being 0 and 0, respectively.  	[MsgId: MERR-26374]
Action.c(31): web_url("WebTours") highest severity level was "ERROR", 0 body bytes, 0 header bytes  	[MsgId: MMSG-26388]
Action.c(31): Notify: Transaction "goToSite" ended with a "Fail" status (Duration: 2,0047).	[MsgId: MMSG-16873]
Action.c(31): Notify: Transaction "goToSite" has 4 error message(s).	[MsgId: MMSG-16818]
Action.c(31): Notify: The 1st error message associated with transaction "goToSite" is "Error -27792: Failed to connect to server "localhost:1080": [10061] Connection refused"	[MsgId: MMSG-16819]
Action.c(31): Notify: The 2nd error message associated with transaction "goToSite" is "Error -26377: No match found for the requested parameter "userSession". Either the specified boundaries were not found in the response or the matched text is longer than current max html parameter size of 256 bytes. The total length of the response is 0 bytes. You can use "web_set_max_html_param_len" to increase the max parameter size."	[MsgId: MMSG-16819]
Action.c(31): Notify: The 3rd error message associated with transaction "goToSite" is "Error -26366: "Text=Welcome to the Web Tours site" not found for web_reg_find"	[MsgId: MMSG-16819]
Action.c(31): Notify: The 4th error message associated with transaction "goToSite" is "Error -26374: The above "not found" error(s) may be explained by header and body byte counts being 0 and 0, respectively."	[MsgId: MMSG-16819]
Action.c(31): Notify: Transaction "UC3_Buy_Ticket" ended with a "Fail" status (Duration: 2,0048).	[MsgId: MMSG-16873]
Action.c(31): Notify: Transaction "UC3_Buy_Ticket" has 4 error message(s).	[MsgId: MMSG-16818]
Action.c(31): Notify: The 1st error message associated with transaction "UC3_Buy_Ticket" is "Error -27792: Failed to connect to server "localhost:1080": [10061] Connection refused"	[MsgId: MMSG-16819]
Action.c(31): Notify: The 2nd error message associated with transaction "UC3_Buy_Ticket" is "Error -26377: No match found for the requested parameter "userSession". Either the specified boundaries were not found in the response or the matched text is longer than current max html parameter size of 256 bytes. The total length of the response is 0 bytes. You can use "web_set_max_html_param_len" to increase the max parameter size."	[MsgId: MMSG-16819]
Action.c(31): Notify: The 3rd error message associated with transaction "UC3_Buy_Ticket" is "Error -26366: "Text=Welcome to the Web Tours site" not found for web_reg_find"	[MsgId: MMSG-16819]
Action.c(31): Notify: The 4th error message associated with transaction "UC3_Buy_Ticket" is "Error -26374: The above "not found" error(s) may be explained by header and body byte counts being 0 and 0, respectively."	[MsgId: MMSG-16819]
Ending action Action.	[MsgId: MMSG-15918]
Ending iteration 2.	[MsgId: MMSG-15965]
Waiting 42,9930 seconds for iteration pacing.	[MsgId: MMSG-15996]
Starting iteration 4.	[MsgId: MMSG-15968]
Notify: Next row for parameter type = 1 [table  = type].	[MsgId: MMSG-13876]
Notify: Getting new value for parameter 'type': table = '..\Parameters\type.dat' column = '0' row = '1'.	[MsgId: MMSG-13877]
Notify: Next row for parameter address1 = 4 [table  = address1].	[MsgId: MMSG-13876]
Notify: Getting new value for parameter 'address1': table = '..\Parameters\address1.dat' column = '0' row = '4'.	[MsgId: MMSG-13877]
Notify: Next row for parameter seat = 1 [table  = seat].	[MsgId: MMSG-13876]
Notify: Getting new value for parameter 'seat': table = '..\Parameters\seat.dat' column = '0' row = '1'.	[MsgId: MMSG-13877]
Notify: Next row for parameter Arrive = 4 [table  = Arrive].	[MsgId: MMSG-13876]
Notify: Getting new value for parameter 'Arrive': table = '..\Parameters\depart.dat' column = '1' row = '4'.	[MsgId: MMSG-13877]
Notify: Next row for parameter address2 = 4 [table  = address2].	[MsgId: MMSG-13876]
Notify: Getting new value for parameter 'address2': table = '..\Parameters\address2.dat' column = '0' row = '4'.	[MsgId: MMSG-13877]
Notify: Next row for parameter depart = 4 [table  = depart].	[MsgId: MMSG-13876]
Notify: Getting new value for parameter 'depart': table = '..\Parameters\depart.dat' column = '0' row = '4'.	[MsgId: MMSG-13877]
Notify: Next row for parameter credit = 4 [table  = credit].	[MsgId: MMSG-13876]
Notify: Getting new value for parameter 'credit': table = '..\Parameters\credit.dat' column = '0' row = '4'.	[MsgId: MMSG-13877]
Notify: Next row for parameter login = 4 [table  = login].	[MsgId: MMSG-13876]
Notify: Getting new value for parameter 'login': table = '..\Parameters\login.dat' column = '0' row = '4'.	[MsgId: MMSG-13877]
Notify: Next row for parameter password = 4 [table  = password].	[MsgId: MMSG-13876]
Notify: Getting new value for parameter 'password': table = '..\Parameters\password.dat' column = '0' row = '4'.	[MsgId: MMSG-13877]
Starting action Action.	[MsgId: MMSG-15919]
Action.c(2): Notify: Transaction "UC3_Buy_Ticket" started.	[MsgId: MMSG-16999]
Action.c(3): Notify: Transaction "goToSite" started.	[MsgId: MMSG-16999]
Action.c(22): web_reg_save_param started  	[MsgId: MMSG-26355]
Action.c(22): Registering web_reg_save_param was successful  	[MsgId: MMSG-26390]
Action.c(28): web_reg_find started  	[MsgId: MMSG-26355]
Action.c(28): Registering web_reg_find was successful  	[MsgId: MMSG-26390]
Action.c(31): web_url("WebTours") started  	[MsgId: MMSG-26355]
Action.c(31): Error -27792: Failed to connect to server "localhost:1080": [10061] Connection refused  	[MsgId: MERR-27792]
Action.c(31): Error -26377: No match found for the requested parameter "userSession". Either the specified boundaries were not found in the response or the matched text is longer than current max html parameter size of 256 bytes. The total length of the response is 0 bytes. You can use "web_set_max_html_param_len" to increase the max parameter size.  	[MsgId: MERR-26377]
Action.c(31): Notify: Saving Parameter "userSession = ".	[MsgId: MMSG-13798]
Action.c(31): Error -26366: "Text=Welcome to the Web Tours site" not found for web_reg_find  	[MsgId: MERR-26366]
Action.c(31): Error -26374: The above "not found" error(s) may be explained by header and body byte counts being 0 and 0, respectively.  	[MsgId: MERR-26374]
Action.c(31): web_url("WebTours") highest severity level was "ERROR", 0 body bytes, 0 header bytes  	[MsgId: MMSG-26388]
Action.c(31): Notify: Transaction "goToSite" ended with a "Fail" status (Duration: 2,0061).	[MsgId: MMSG-16873]
Action.c(31): Notify: Transaction "goToSite" has 4 error message(s).	[MsgId: MMSG-16818]
Action.c(31): Notify: The 1st error message associated with transaction "goToSite" is "Error -27792: Failed to connect to server "localhost:1080": [10061] Connection refused"	[MsgId: MMSG-16819]
Action.c(31): Notify: The 2nd error message associated with transaction "goToSite" is "Error -26377: No match found for the requested parameter "userSession". Either the specified boundaries were not found in the response or the matched text is longer than current max html parameter size of 256 bytes. The total length of the response is 0 bytes. You can use "web_set_max_html_param_len" to increase the max parameter size."	[MsgId: MMSG-16819]
Action.c(31): Notify: The 3rd error message associated with transaction "goToSite" is "Error -26366: "Text=Welcome to the Web Tours site" not found for web_reg_find"	[MsgId: MMSG-16819]
Action.c(31): Notify: The 4th error message associated with transaction "goToSite" is "Error -26374: The above "not found" error(s) may be explained by header and body byte counts being 0 and 0, respectively."	[MsgId: MMSG-16819]
Action.c(31): Notify: Transaction "UC3_Buy_Ticket" ended with a "Fail" status (Duration: 2,0063).	[MsgId: MMSG-16873]
Action.c(31): Notify: Transaction "UC3_Buy_Ticket" has 4 error message(s).	[MsgId: MMSG-16818]
Action.c(31): Notify: The 1st error message associated with transaction "UC3_Buy_Ticket" is "Error -27792: Failed to connect to server "localhost:1080": [10061] Connection refused"	[MsgId: MMSG-16819]
Action.c(31): Notify: The 2nd error message associated with transaction "UC3_Buy_Ticket" is "Error -26377: No match found for the requested parameter "userSession". Either the specified boundaries were not found in the response or the matched text is longer than current max html parameter size of 256 bytes. The total length of the response is 0 bytes. You can use "web_set_max_html_param_len" to increase the max parameter size."	[MsgId: MMSG-16819]
Action.c(31): Notify: The 3rd error message associated with transaction "UC3_Buy_Ticket" is "Error -26366: "Text=Welcome to the Web Tours site" not found for web_reg_find"	[MsgId: MMSG-16819]
Action.c(31): Notify: The 4th error message associated with transaction "UC3_Buy_Ticket" is "Error -26374: The above "not found" error(s) may be explained by header and body byte counts being 0 and 0, respectively."	[MsgId: MMSG-16819]
Ending action Action.	[MsgId: MMSG-15918]
Ending iteration 4.	[MsgId: MMSG-15965]
Waiting 42,9890 seconds for iteration pacing.	[MsgId: MMSG-15996]
Starting iteration 3.	[MsgId: MMSG-15968]
Notify: Next row for parameter type = 3 [table  = type].	[MsgId: MMSG-13876]
Notify: Getting new value for parameter 'type': table = '..\Parameters\type.dat' column = '0' row = '3'.	[MsgId: MMSG-13877]
Notify: Next row for parameter address1 = 3 [table  = address1].	[MsgId: MMSG-13876]
Notify: Getting new value for parameter 'address1': table = '..\Parameters\address1.dat' column = '0' row = '3'.	[MsgId: MMSG-13877]
Notify: Next row for parameter seat = 3 [table  = seat].	[MsgId: MMSG-13876]
Notify: Getting new value for parameter 'seat': table = '..\Parameters\seat.dat' column = '0' row = '3'.	[MsgId: MMSG-13877]
Notify: Next row for parameter Arrive = 3 [table  = Arrive].	[MsgId: MMSG-13876]
Notify: Getting new value for parameter 'Arrive': table = '..\Parameters\depart.dat' column = '1' row = '3'.	[MsgId: MMSG-13877]
Notify: Next row for parameter address2 = 3 [table  = address2].	[MsgId: MMSG-13876]
Notify: Getting new value for parameter 'address2': table = '..\Parameters\address2.dat' column = '0' row = '3'.	[MsgId: MMSG-13877]
Notify: Next row for parameter depart = 3 [table  = depart].	[MsgId: MMSG-13876]
Notify: Getting new value for parameter 'depart': table = '..\Parameters\depart.dat' column = '0' row = '3'.	[MsgId: MMSG-13877]
Notify: Next row for parameter credit = 3 [table  = credit].	[MsgId: MMSG-13876]
Notify: Getting new value for parameter 'credit': table = '..\Parameters\credit.dat' column = '0' row = '3'.	[MsgId: MMSG-13877]
Notify: Next row for parameter login = 3 [table  = login].	[MsgId: MMSG-13876]
Notify: Getting new value for parameter 'login': table = '..\Parameters\login.dat' column = '0' row = '3'.	[MsgId: MMSG-13877]
Notify: Next row for parameter password = 3 [table  = password].	[MsgId: MMSG-13876]
Notify: Getting new value for parameter 'password': table = '..\Parameters\password.dat' column = '0' row = '3'.	[MsgId: MMSG-13877]
Starting action Action.	[MsgId: MMSG-15919]
Action.c(2): Notify: Transaction "UC3_Buy_Ticket" started.	[MsgId: MMSG-16999]
Action.c(3): Notify: Transaction "goToSite" started.	[MsgId: MMSG-16999]
Action.c(22): web_reg_save_param started  	[MsgId: MMSG-26355]
Action.c(22): Registering web_reg_save_param was successful  	[MsgId: MMSG-26390]
Action.c(28): web_reg_find started  	[MsgId: MMSG-26355]
Action.c(28): Registering web_reg_find was successful  	[MsgId: MMSG-26390]
Action.c(31): web_url("WebTours") started  	[MsgId: MMSG-26355]
Action.c(31): Error -27792: Failed to connect to server "localhost:1080": [10061] Connection refused  	[MsgId: MERR-27792]
Action.c(31): Error -26377: No match found for the requested parameter "userSession". Either the specified boundaries were not found in the response or the matched text is longer than current max html parameter size of 256 bytes. The total length of the response is 0 bytes. You can use "web_set_max_html_param_len" to increase the max parameter size.  	[MsgId: MERR-26377]
Action.c(31): Notify: Saving Parameter "userSession = ".	[MsgId: MMSG-13798]
Action.c(31): Error -26366: "Text=Welcome to the Web Tours site" not found for web_reg_find  	[MsgId: MERR-26366]
Action.c(31): Error -26374: The above "not found" error(s) may be explained by header and body byte counts being 0 and 0, respectively.  	[MsgId: MERR-26374]
Action.c(31): web_url("WebTours") highest severity level was "ERROR", 0 body bytes, 0 header bytes  	[MsgId: MMSG-26388]
Action.c(31): Notify: Transaction "goToSite" ended with a "Fail" status (Duration: 2,0039).	[MsgId: MMSG-16873]
Action.c(31): Notify: Transaction "goToSite" has 4 error message(s).	[MsgId: MMSG-16818]
Action.c(31): Notify: The 1st error message associated with transaction "goToSite" is "Error -27792: Failed to connect to server "localhost:1080": [10061] Connection refused"	[MsgId: MMSG-16819]
Action.c(31): Notify: The 2nd error message associated with transaction "goToSite" is "Error -26377: No match found for the requested parameter "userSession". Either the specified boundaries were not found in the response or the matched text is longer than current max html parameter size of 256 bytes. The total length of the response is 0 bytes. You can use "web_set_max_html_param_len" to increase the max parameter size."	[MsgId: MMSG-16819]
Action.c(31): Notify: The 3rd error message associated with transaction "goToSite" is "Error -26366: "Text=Welcome to the Web Tours site" not found for web_reg_find"	[MsgId: MMSG-16819]
Action.c(31): Notify: The 4th error message associated with transaction "goToSite" is "Error -26374: The above "not found" error(s) may be explained by header and body byte counts being 0 and 0, respectively."	[MsgId: MMSG-16819]
Action.c(31): Notify: Transaction "UC3_Buy_Ticket" ended with a "Fail" status (Duration: 2,0040).	[MsgId: MMSG-16873]
Action.c(31): Notify: Transaction "UC3_Buy_Ticket" has 4 error message(s).	[MsgId: MMSG-16818]
Action.c(31): Notify: The 1st error message associated with transaction "UC3_Buy_Ticket" is "Error -27792: Failed to connect to server "localhost:1080": [10061] Connection refused"	[MsgId: MMSG-16819]
Action.c(31): Notify: The 2nd error message associated with transaction "UC3_Buy_Ticket" is "Error -26377: No match found for the requested parameter "userSession". Either the specified boundaries were not found in the response or the matched text is longer than current max html parameter size of 256 bytes. The total length of the response is 0 bytes. You can use "web_set_max_html_param_len" to increase the max parameter size."	[MsgId: MMSG-16819]
Action.c(31): Notify: The 3rd error message associated with transaction "UC3_Buy_Ticket" is "Error -26366: "Text=Welcome to the Web Tours site" not found for web_reg_find"	[MsgId: MMSG-16819]
Action.c(31): Notify: The 4th error message associated with transaction "UC3_Buy_Ticket" is "Error -26374: The above "not found" error(s) may be explained by header and body byte counts being 0 and 0, respectively."	[MsgId: MMSG-16819]
Ending action Action.	[MsgId: MMSG-15918]
Ending iteration 3.	[MsgId: MMSG-15965]
Waiting 42,9940 seconds for iteration pacing.	[MsgId: MMSG-15996]
Starting iteration 5.	[MsgId: MMSG-15968]
Notify: Next row for parameter type = 2 [table  = type].	[MsgId: MMSG-13876]
Notify: Getting new value for parameter 'type': table = '..\Parameters\type.dat' column = '0' row = '2'.	[MsgId: MMSG-13877]
Notify: Next row for parameter address1 = 5 [table  = address1].	[MsgId: MMSG-13876]
Notify: Getting new value for parameter 'address1': table = '..\Parameters\address1.dat' column = '0' row = '5'.	[MsgId: MMSG-13877]
Notify: Next row for parameter seat = 2 [table  = seat].	[MsgId: MMSG-13876]
Notify: Getting new value for parameter 'seat': table = '..\Parameters\seat.dat' column = '0' row = '2'.	[MsgId: MMSG-13877]
Notify: Next row for parameter Arrive = 5 [table  = Arrive].	[MsgId: MMSG-13876]
Notify: Getting new value for parameter 'Arrive': table = '..\Parameters\depart.dat' column = '1' row = '5'.	[MsgId: MMSG-13877]
Notify: Next row for parameter address2 = 5 [table  = address2].	[MsgId: MMSG-13876]
Notify: Getting new value for parameter 'address2': table = '..\Parameters\address2.dat' column = '0' row = '5'.	[MsgId: MMSG-13877]
Notify: Next row for parameter depart = 5 [table  = depart].	[MsgId: MMSG-13876]
Notify: Getting new value for parameter 'depart': table = '..\Parameters\depart.dat' column = '0' row = '5'.	[MsgId: MMSG-13877]
Notify: Next row for parameter credit = 5 [table  = credit].	[MsgId: MMSG-13876]
Notify: Getting new value for parameter 'credit': table = '..\Parameters\credit.dat' column = '0' row = '5'.	[MsgId: MMSG-13877]
Notify: Next row for parameter login = 5 [table  = login].	[MsgId: MMSG-13876]
Notify: Getting new value for parameter 'login': table = '..\Parameters\login.dat' column = '0' row = '5'.	[MsgId: MMSG-13877]
Notify: Next row for parameter password = 5 [table  = password].	[MsgId: MMSG-13876]
Notify: Getting new value for parameter 'password': table = '..\Parameters\password.dat' column = '0' row = '5'.	[MsgId: MMSG-13877]
Starting action Action.	[MsgId: MMSG-15919]
Action.c(2): Notify: Transaction "UC3_Buy_Ticket" started.	[MsgId: MMSG-16999]
Action.c(3): Notify: Transaction "goToSite" started.	[MsgId: MMSG-16999]
Action.c(22): web_reg_save_param started  	[MsgId: MMSG-26355]
Action.c(22): Registering web_reg_save_param was successful  	[MsgId: MMSG-26390]
Action.c(28): web_reg_find started  	[MsgId: MMSG-26355]
Action.c(28): Registering web_reg_find was successful  	[MsgId: MMSG-26390]
Action.c(31): web_url("WebTours") started  	[MsgId: MMSG-26355]
Action.c(31): Error -27792: Failed to connect to server "localhost:1080": [10061] Connection refused  	[MsgId: MERR-27792]
Action.c(31): Error -26377: No match found for the requested parameter "userSession". Either the specified boundaries were not found in the response or the matched text is longer than current max html parameter size of 256 bytes. The total length of the response is 0 bytes. You can use "web_set_max_html_param_len" to increase the max parameter size.  	[MsgId: MERR-26377]
Action.c(31): Notify: Saving Parameter "userSession = ".	[MsgId: MMSG-13798]
Action.c(31): Error -26366: "Text=Welcome to the Web Tours site" not found for web_reg_find  	[MsgId: MERR-26366]
Action.c(31): Error -26374: The above "not found" error(s) may be explained by header and body byte counts being 0 and 0, respectively.  	[MsgId: MERR-26374]
Action.c(31): web_url("WebTours") highest severity level was "ERROR", 0 body bytes, 0 header bytes  	[MsgId: MMSG-26388]
Action.c(31): Notify: Transaction "goToSite" ended with a "Fail" status (Duration: 2,0040).	[MsgId: MMSG-16873]
Action.c(31): Notify: Transaction "goToSite" has 4 error message(s).	[MsgId: MMSG-16818]
Action.c(31): Notify: The 1st error message associated with transaction "goToSite" is "Error -27792: Failed to connect to server "localhost:1080": [10061] Connection refused"	[MsgId: MMSG-16819]
Action.c(31): Notify: The 2nd error message associated with transaction "goToSite" is "Error -26377: No match found for the requested parameter "userSession". Either the specified boundaries were not found in the response or the matched text is longer than current max html parameter size of 256 bytes. The total length of the response is 0 bytes. You can use "web_set_max_html_param_len" to increase the max parameter size."	[MsgId: MMSG-16819]
Action.c(31): Notify: The 3rd error message associated with transaction "goToSite" is "Error -26366: "Text=Welcome to the Web Tours site" not found for web_reg_find"	[MsgId: MMSG-16819]
Action.c(31): Notify: The 4th error message associated with transaction "goToSite" is "Error -26374: The above "not found" error(s) may be explained by header and body byte counts being 0 and 0, respectively."	[MsgId: MMSG-16819]
Action.c(31): Notify: Transaction "UC3_Buy_Ticket" ended with a "Fail" status (Duration: 2,0041).	[MsgId: MMSG-16873]
Action.c(31): Notify: Transaction "UC3_Buy_Ticket" has 4 error message(s).	[MsgId: MMSG-16818]
Action.c(31): Notify: The 1st error message associated with transaction "UC3_Buy_Ticket" is "Error -27792: Failed to connect to server "localhost:1080": [10061] Connection refused"	[MsgId: MMSG-16819]
Action.c(31): Notify: The 2nd error message associated with transaction "UC3_Buy_Ticket" is "Error -26377: No match found for the requested parameter "userSession". Either the specified boundaries were not found in the response or the matched text is longer than current max html parameter size of 256 bytes. The total length of the response is 0 bytes. You can use "web_set_max_html_param_len" to increase the max parameter size."	[MsgId: MMSG-16819]
Action.c(31): Notify: The 3rd error message associated with transaction "UC3_Buy_Ticket" is "Error -26366: "Text=Welcome to the Web Tours site" not found for web_reg_find"	[MsgId: MMSG-16819]
Action.c(31): Notify: The 4th error message associated with transaction "UC3_Buy_Ticket" is "Error -26374: The above "not found" error(s) may be explained by header and body byte counts being 0 and 0, respectively."	[MsgId: MMSG-16819]
Ending action Action.	[MsgId: MMSG-15918]
Ending iteration 5.	[MsgId: MMSG-15965]
Waiting 42,9930 seconds for iteration pacing.	[MsgId: MMSG-15996]
Starting iteration 4.	[MsgId: MMSG-15968]
Notify: Next row for parameter type = 1 [table  = type].	[MsgId: MMSG-13876]
Notify: Getting new value for parameter 'type': table = '..\Parameters\type.dat' column = '0' row = '1'.	[MsgId: MMSG-13877]
Notify: Next row for parameter address1 = 4 [table  = address1].	[MsgId: MMSG-13876]
Notify: Getting new value for parameter 'address1': table = '..\Parameters\address1.dat' column = '0' row = '4'.	[MsgId: MMSG-13877]
Notify: Next row for parameter seat = 1 [table  = seat].	[MsgId: MMSG-13876]
Notify: Getting new value for parameter 'seat': table = '..\Parameters\seat.dat' column = '0' row = '1'.	[MsgId: MMSG-13877]
Notify: Next row for parameter Arrive = 4 [table  = Arrive].	[MsgId: MMSG-13876]
Notify: Getting new value for parameter 'Arrive': table = '..\Parameters\depart.dat' column = '1' row = '4'.	[MsgId: MMSG-13877]
Notify: Next row for parameter address2 = 4 [table  = address2].	[MsgId: MMSG-13876]
Notify: Getting new value for parameter 'address2': table = '..\Parameters\address2.dat' column = '0' row = '4'.	[MsgId: MMSG-13877]
Notify: Next row for parameter depart = 4 [table  = depart].	[MsgId: MMSG-13876]
Notify: Getting new value for parameter 'depart': table = '..\Parameters\depart.dat' column = '0' row = '4'.	[MsgId: MMSG-13877]
Notify: Next row for parameter credit = 4 [table  = credit].	[MsgId: MMSG-13876]
Notify: Getting new value for parameter 'credit': table = '..\Parameters\credit.dat' column = '0' row = '4'.	[MsgId: MMSG-13877]
Notify: Next row for parameter login = 4 [table  = login].	[MsgId: MMSG-13876]
Notify: Getting new value for parameter 'login': table = '..\Parameters\login.dat' column = '0' row = '4'.	[MsgId: MMSG-13877]
Notify: Next row for parameter password = 4 [table  = password].	[MsgId: MMSG-13876]
Notify: Getting new value for parameter 'password': table = '..\Parameters\password.dat' column = '0' row = '4'.	[MsgId: MMSG-13877]
Starting action Action.	[MsgId: MMSG-15919]
Action.c(2): Notify: Transaction "UC3_Buy_Ticket" started.	[MsgId: MMSG-16999]
Action.c(3): Notify: Transaction "goToSite" started.	[MsgId: MMSG-16999]
Action.c(22): web_reg_save_param started  	[MsgId: MMSG-26355]
Action.c(22): Registering web_reg_save_param was successful  	[MsgId: MMSG-26390]
Action.c(28): web_reg_find started  	[MsgId: MMSG-26355]
Action.c(28): Registering web_reg_find was successful  	[MsgId: MMSG-26390]
Action.c(31): web_url("WebTours") started  	[MsgId: MMSG-26355]
Action was aborted.	[MsgId: MMSG-10694]
Ending Vuser...	[MsgId: MMSG-15966]
Starting action vuser_end.	[MsgId: MMSG-15919]
Ending action vuser_end.	[MsgId: MMSG-15918]
Vuser Terminated.	[MsgId: MMSG-15963]
Vuser 0 (thread 20176), ended OK."	[MsgId: MMSG-10695]
Action.c(31): Error -27792: Failed to connect to server "localhost:1080": [10061] Connection refused  	[MsgId: MERR-27792]
Action.c(31): Error -26377: No match found for the requested parameter "userSession". Either the specified boundaries were not found in the response or the matched text is longer than current max html parameter size of 256 bytes. The total length of the response is 0 bytes. You can use "web_set_max_html_param_len" to increase the max parameter size.  	[MsgId: MERR-26377]
Action.c(31): Notify: Saving Parameter "userSession = ".	[MsgId: MMSG-13798]
Action.c(31): Error -26366: "Text=Welcome to the Web Tours site" not found for web_reg_find  	[MsgId: MERR-26366]
Action.c(31): Error -26374: The above "not found" error(s) may be explained by header and body byte counts being 0 and 0, respectively.  	[MsgId: MERR-26374]
Action.c(31): web_url("WebTours") highest severity level was "ERROR", 0 body bytes, 0 header bytes  	[MsgId: MMSG-26388]
Action.c(31): Notify: Transaction "goToSite" ended with a "Fail" status (Duration: 2,0040).	[MsgId: MMSG-16873]
Action.c(31): Notify: Transaction "goToSite" has 4 error message(s).	[MsgId: MMSG-16818]
Action.c(31): Notify: The 1st error message associated with transaction "goToSite" is "Error -27792: Failed to connect to server "localhost:1080": [10061] Connection refused"	[MsgId: MMSG-16819]
Action.c(31): Notify: The 2nd error message associated with transaction "goToSite" is "Error -26377: No match found for the requested parameter "userSession". Either the specified boundaries were not found in the response or the matched text is longer than current max html parameter size of 256 bytes. The total length of the response is 0 bytes. You can use "web_set_max_html_param_len" to increase the max parameter size."	[MsgId: MMSG-16819]
Action.c(31): Notify: The 3rd error message associated with transaction "goToSite" is "Error -26366: "Text=Welcome to the Web Tours site" not found for web_reg_find"	[MsgId: MMSG-16819]
Action.c(31): Notify: The 4th error message associated with transaction "goToSite" is "Error -26374: The above "not found" error(s) may be explained by header and body byte counts being 0 and 0, respectively."	[MsgId: MMSG-16819]
Action.c(31): Notify: Transaction "UC3_Buy_Ticket" ended with a "Fail" status (Duration: 2,0041).	[MsgId: MMSG-16873]
Action.c(31): Notify: Transaction "UC3_Buy_Ticket" has 4 error message(s).	[MsgId: MMSG-16818]
Action.c(31): Notify: The 1st error message associated with transaction "UC3_Buy_Ticket" is "Error -27792: Failed to connect to server "localhost:1080": [10061] Connection refused"	[MsgId: MMSG-16819]
Action.c(31): Notify: The 2nd error message associated with transaction "UC3_Buy_Ticket" is "Error -26377: No match found for the requested parameter "userSession". Either the specified boundaries were not found in the response or the matched text is longer than current max html parameter size of 256 bytes. The total length of the response is 0 bytes. You can use "web_set_max_html_param_len" to increase the max parameter size."	[MsgId: MMSG-16819]
Action.c(31): Notify: The 3rd error message associated with transaction "UC3_Buy_Ticket" is "Error -26366: "Text=Welcome to the Web Tours site" not found for web_reg_find"	[MsgId: MMSG-16819]
Action.c(31): Notify: The 4th error message associated with transaction "UC3_Buy_Ticket" is "Error -26374: The above "not found" error(s) may be explained by header and body byte counts being 0 and 0, respectively."	[MsgId: MMSG-16819]
Ending action Action.	[MsgId: MMSG-15918]
Action was aborted.	[MsgId: MMSG-10694]
Ending Vuser...	[MsgId: MMSG-15966]
Starting action vuser_end.	[MsgId: MMSG-15919]
Ending action vuser_end.	[MsgId: MMSG-15918]
Vuser Terminated.	[MsgId: MMSG-15963]
Vuser 1 (thread 14764), ended OK."	[MsgId: MMSG-10695]
