Virtual User Script started at: 22.09.2020 10:04:57	[MsgId: MMSG-15967]
Starting action vuser_init.	[MsgId: MMSG-15919]
Web Turbo Replay of LoadRunner 12.55.0 for Windows 10; build 911 (èþë 24 2017 19:46:00)  	[MsgId: MMSG-26983]
Run mode: HTML  	[MsgId: MMSG-26993]
Replay user agent: Mozilla/5.0 (Windows NT 10.0; WOW64; Trident/7.0; rv:11.0) like Gecko  	[MsgId: MMSG-26988]
Run-Time Settings file: "C:\Users\alex\AppData\Local\Temp\lr5tmpdirSAB.712\lrcfgIKO.728\cfgPCg.737"  	[MsgId: MMSG-27141]
Ending action vuser_init.	[MsgId: MMSG-15918]
Running Vuser...	[MsgId: MMSG-15964]
Starting iteration 1.	[MsgId: MMSG-15968]
Maximum number of concurrent connections per server: 6  	[MsgId: MMSG-26989]
Starting action Action.	[MsgId: MMSG-15919]
Action.c(2): Notify: Transaction "UC3_Buy_Ticket" started.	[MsgId: MMSG-16999]
Action.c(3): Notify: Transaction "goToSite" started.	[MsgId: MMSG-16999]
Action.c(22): web_reg_save_param started  	[MsgId: MMSG-26355]
Action.c(22): Registering web_reg_save_param was successful  	[MsgId: MMSG-26390]
Action.c(28): web_reg_find started  	[MsgId: MMSG-26355]
Action.c(28): Registering web_reg_find was successful  	[MsgId: MMSG-26390]
Action.c(31): web_url("WebTours") started  	[MsgId: MMSG-26355]
Action.c(31): Detected non-resource "http://localhost:1080/WebTours/header.html" in "http://localhost:1080/WebTours/"  	[MsgId: MMSG-26574]
Action.c(31): Detected non-resource "http://localhost:1080/cgi-bin/welcome.pl?signOff=true" in "http://localhost:1080/WebTours/"  	[MsgId: MMSG-26574]
Action.c(31): Found resource "http://localhost:1080/WebTours/images/hp_logo.png" in HTML "http://localhost:1080/WebTours/header.html"  	[MsgId: MMSG-26659]
Action.c(31): Found resource "http://localhost:1080/WebTours/images/webtours.png" in HTML "http://localhost:1080/WebTours/header.html"  	[MsgId: MMSG-26659]
Action.c(31): Detected non-resource "http://localhost:1080/cgi-bin/nav.pl?in=home" in "http://localhost:1080/cgi-bin/welcome.pl?signOff=true"  	[MsgId: MMSG-26574]
Action.c(31): Detected non-resource "http://localhost:1080/WebTours/home.html" in "http://localhost:1080/cgi-bin/welcome.pl?signOff=true"  	[MsgId: MMSG-26574]
Action.c(31): Notify: Saving Parameter "userSession = 129667.970595383zzzQHQzpcDHftAAVipHHHtcf".	[MsgId: MMSG-13798]
Action.c(31): Found resource "http://localhost:1080/WebTours/images/mer_login.gif" in HTML "http://localhost:1080/cgi-bin/nav.pl?in=home"  	[MsgId: MMSG-26659]
Action.c(31): Registered web_reg_find successful for "Text=Welcome to the Web Tours site" (count=1)  	[MsgId: MMSG-26364]
Action.c(31): web_url("WebTours") was successful, 10076 body bytes, 2371 header bytes, 24 chunking overhead bytes  	[MsgId: MMSG-26385]
Action.c(41): Notify: Transaction "goToSite" ended with a "Pass" status (Duration: 0,1185 Wasted Time: 0,0002).	[MsgId: MMSG-16871]
Action.c(47): Notify: Transaction "Login" started.	[MsgId: MMSG-16999]
Action.c(49): web_reg_find started  	[MsgId: MMSG-26355]
Action.c(49): Registering web_reg_find was successful  	[MsgId: MMSG-26390]
Action.c(52): web_submit_data("login.pl") started  	[MsgId: MMSG-26355]
Action.c(52): Notify: Parameter Substitution: parameter "userSession" =  "129667.970595383zzzQHQzpcDHftAAVipHHHtcf"	[MsgId: MMSG-13992]
Action.c(52): Notify: Parameter Substitution: parameter "login" =  "nina"	[MsgId: MMSG-13992]
Action.c(52): Notify: Parameter Substitution: parameter "password" =  "dvde"	[MsgId: MMSG-13992]
Action.c(52): Detected non-resource "http://localhost:1080/cgi-bin/nav.pl?page=menu&in=home" in "http://localhost:1080/cgi-bin/login.pl"  	[MsgId: MMSG-26574]
Action.c(52): Detected non-resource "http://localhost:1080/cgi-bin/login.pl?intro=true" in "http://localhost:1080/cgi-bin/login.pl"  	[MsgId: MMSG-26574]
Action.c(52): Found resource "http://localhost:1080/WebTours/images/flights.gif" in HTML "http://localhost:1080/cgi-bin/nav.pl?page=menu&in=home"  	[MsgId: MMSG-26659]
Action.c(52): Found resource "http://localhost:1080/WebTours/images/itinerary.gif" in HTML "http://localhost:1080/cgi-bin/nav.pl?page=menu&in=home"  	[MsgId: MMSG-26659]
Action.c(52): Found resource "http://localhost:1080/WebTours/images/in_home.gif" in HTML "http://localhost:1080/cgi-bin/nav.pl?page=menu&in=home"  	[MsgId: MMSG-26659]
Action.c(52): Found resource "http://localhost:1080/WebTours/images/signoff.gif" in HTML "http://localhost:1080/cgi-bin/nav.pl?page=menu&in=home"  	[MsgId: MMSG-26659]
Action.c(52): Registered web_reg_find successful for "Text=Welcome" (count=2)  	[MsgId: MMSG-26364]
Action.c(52): web_submit_data("login.pl") was successful, 5779 body bytes, 2031 header bytes, 36 chunking overhead bytes  	[MsgId: MMSG-26385]
Action.c(69): Notify: Transaction "Login" ended with a "Pass" status (Duration: 0,1724 Wasted Time: 0,0000).	[MsgId: MMSG-16871]
Action.c(73): Notify: Transaction "click_flights" started.	[MsgId: MMSG-16999]
Action.c(75): web_reg_find started  	[MsgId: MMSG-26355]
Action.c(75): Registering web_reg_find was successful  	[MsgId: MMSG-26390]
Action.c(78): web_url("Search Flights Button") started  	[MsgId: MMSG-26355]
Action.c(78): Detected non-resource "http://localhost:1080/cgi-bin/nav.pl?page=menu&in=flights" in "http://localhost:1080/cgi-bin/welcome.pl?page=search"  	[MsgId: MMSG-26574]
Action.c(78): Detected non-resource "http://localhost:1080/cgi-bin/reservations.pl?page=welcome" in "http://localhost:1080/cgi-bin/welcome.pl?page=search"  	[MsgId: MMSG-26574]
Action.c(78): Found resource "http://localhost:1080/WebTours/images/in_flights.gif" in HTML "http://localhost:1080/cgi-bin/nav.pl?page=menu&in=flights"  	[MsgId: MMSG-26659]
Action.c(78): Resource "http://localhost:1080/WebTours/images/itinerary.gif" is in the cache already and will not be downloaded again  	[MsgId: MMSG-26655]
Action.c(78): Found resource "http://localhost:1080/WebTours/images/home.gif" in HTML "http://localhost:1080/cgi-bin/nav.pl?page=menu&in=flights"  	[MsgId: MMSG-26659]
Action.c(78): Resource "http://localhost:1080/WebTours/images/signoff.gif" is in the cache already and will not be downloaded again  	[MsgId: MMSG-26655]
Action.c(78): Found resource "http://localhost:1080/WebTours/images/button_next.gif" in HTML "http://localhost:1080/cgi-bin/reservations.pl?page=welcome"  	[MsgId: MMSG-26659]
Action.c(78): Registered web_reg_find successful for "Text=Departure City" (count=1)  	[MsgId: MMSG-26364]
Action.c(78): web_url("Search Flights Button") was successful, 8516 body bytes, 1616 header bytes, 43 chunking overhead bytes  	[MsgId: MMSG-26385]
Action.c(90): web_custom_request("FormDateUpdate.class") started  	[MsgId: MMSG-26355]
Action.c(90): web_custom_request("FormDateUpdate.class") was successful, 0 body bytes, 308 header bytes  	[MsgId: MMSG-26386]
Action.c(99): Notify: Transaction "click_flights" ended with a "Pass" status (Duration: 0,1428 Wasted Time: 0,0000).	[MsgId: MMSG-16871]
Action.c(103): Notify: Transaction "fill_find_flight" started.	[MsgId: MMSG-16999]
Action.c(111): web_reg_save_param_attrib started  	[MsgId: MMSG-26355]
Action.c(111): Registering web_reg_save_param_attrib was successful  	[MsgId: MMSG-26390]
Action.c(126): web_reg_save_param started  	[MsgId: MMSG-26355]
Action.c(126): Registering web_reg_save_param was successful  	[MsgId: MMSG-26390]
Action.c(132): web_reg_save_param started  	[MsgId: MMSG-26355]
Action.c(132): Registering web_reg_save_param was successful  	[MsgId: MMSG-26390]
Action.c(138): web_reg_find started  	[MsgId: MMSG-26355]
Action.c(138): Registering web_reg_find was successful  	[MsgId: MMSG-26390]
Action.c(142): web_reg_find started  	[MsgId: MMSG-26355]
Action.c(142): Notify: Parameter Substitution: parameter "depart" =  "Denver"	[MsgId: MMSG-13992]
Action.c(142): Notify: Parameter Substitution: parameter "Arrive" =  "London"	[MsgId: MMSG-13992]
Action.c(142): Registering web_reg_find was successful  	[MsgId: MMSG-26390]
Action.c(146): web_submit_data("reservations.pl") started  	[MsgId: MMSG-26355]
Action.c(146): Notify: Parameter Substitution: parameter "depart" =  "Denver"	[MsgId: MMSG-13992]
Action.c(146): Notify: Parameter Substitution: parameter "departDate" =  "09/22/2020"	[MsgId: MMSG-13992]
Action.c(146): Notify: Parameter Substitution: parameter "Arrive" =  "London"	[MsgId: MMSG-13992]
Action.c(146): Notify: Parameter Substitution: parameter "returnDate" =  "09/29/2020"	[MsgId: MMSG-13992]
Action.c(146): Notify: Parameter Substitution: parameter "seat" =  "Aisle"	[MsgId: MMSG-13992]
Action.c(146): Notify: Parameter Substitution: parameter "type" =  "First"	[MsgId: MMSG-13992]
Action.c(146): Notify: Saving Parameter "flight_id_1 = 020".	[MsgId: MMSG-13798]
Action.c(146): Notify: Saving Parameter "flight_time_1 = 8a".	[MsgId: MMSG-13798]
Action.c(146): Notify: Saving Parameter "flight_id_2 = 021".	[MsgId: MMSG-13798]
Action.c(146): Notify: Saving Parameter "flight_time_2 = 1p".	[MsgId: MMSG-13798]
Action.c(146): Notify: Saving Parameter "flight_id_3 = 022".	[MsgId: MMSG-13798]
Action.c(146): Notify: Saving Parameter "flight_time_3 = 5p".	[MsgId: MMSG-13798]
Action.c(146): Notify: Saving Parameter "flight_id_4 = 023".	[MsgId: MMSG-13798]
Action.c(146): Notify: Saving Parameter "flight_time_4 = 11p".	[MsgId: MMSG-13798]
Action.c(146): Resource "http://localhost:1080/WebTours/images/button_next.gif" is in the cache already and will not be downloaded again  	[MsgId: MMSG-26655]
Action.c(146): Notify: Saving Parameter "outboundFlight_1 = 020;635;09/22/2020".	[MsgId: MMSG-13798]
Action.c(146): Notify: Saving Parameter "outboundFlight_2 = 021;565;09/22/2020".	[MsgId: MMSG-13798]
Action.c(146): Notify: Saving Parameter "outboundFlight_3 = 022;600;09/22/2020".	[MsgId: MMSG-13798]
Action.c(146): Notify: Saving Parameter "outboundFlight_4 = 023;519;09/22/2020".	[MsgId: MMSG-13798]
Action.c(146): Notify: Saving Parameter "outboundFlight_count = 4".	[MsgId: MMSG-13798]
Action.c(146): Notify: Saving Parameter "flight_id_count = 4".	[MsgId: MMSG-13798]
Action.c(146): Notify: Saving Parameter "flight_time_count = 4".	[MsgId: MMSG-13798]
Action.c(146): Registered web_reg_find successful for "Text=Flight departing from" (count=1)  	[MsgId: MMSG-26364]
Action.c(146): Registered web_reg_find successful for "Text=<B>Denver</B> to <B>London</B>" (count=1)  	[MsgId: MMSG-26364]
Action.c(146): web_submit_data("reservations.pl") was successful, 2437 body bytes, 255 header bytes, 12 chunking overhead bytes  	[MsgId: MMSG-26385]
Action.c(172): Notify: Transaction "fill_find_flight" ended with a "Pass" status (Duration: 0,1276 Wasted Time: 0,0395).	[MsgId: MMSG-16871]
Action.c(176): Notify: Transaction "choose_flight" started.	[MsgId: MMSG-16999]
Action.c(178): web_reg_find started  	[MsgId: MMSG-26355]
Action.c(178): Registering web_reg_find was successful  	[MsgId: MMSG-26390]
Action.c(182): web_reg_find started  	[MsgId: MMSG-26355]
Action.c(182): Notify: Parameter Substitution: parameter "type" =  "First"	[MsgId: MMSG-13992]
Action.c(182): Registering web_reg_find was successful  	[MsgId: MMSG-26390]
Action.c(185): web_submit_data("reservations.pl_2") started  	[MsgId: MMSG-26355]
Action.c(185): Warning: The string 'outboundFlight' with parameter delimiters is not a parameter.	[MsgId: MWAR-13987]
Action.c(185): Notify: Parameter Substitution: parameter "type" =  "First"	[MsgId: MMSG-13992]
Action.c(185): Notify: Parameter Substitution: parameter "seat" =  "Aisle"	[MsgId: MMSG-13992]
Action.c(185): Resource "http://localhost:1080/WebTours/images/button_next.gif" is in the cache already and will not be downloaded again  	[MsgId: MMSG-26655]
Action.c(185): Registered web_reg_find successful for "Text=Flight Reservation" (count=1)  	[MsgId: MMSG-26364]
Action.c(185): Registered web_reg_find successful for "Text=First" (count=2)  	[MsgId: MMSG-26364]
Action.c(185): web_submit_data("reservations.pl_2") was successful, 2695 body bytes, 255 header bytes, 12 chunking overhead bytes  	[MsgId: MMSG-26385]
Action.c(203): Notify: Transaction "choose_flight" ended with a "Pass" status (Duration: 0,1023 Wasted Time: 0,0003).	[MsgId: MMSG-16871]
Action.c(207): Notify: Transaction "fill_payment" started.	[MsgId: MMSG-16999]
Action.c(212): web_reg_find started  	[MsgId: MMSG-26355]
Action.c(212): Notify: Parameter Substitution: parameter "departDate" =  "09/22/2020"	[MsgId: MMSG-13992]
Action.c(212): Notify: Parameter Substitution: parameter "flight_time_3" =  "5p"	[MsgId: MMSG-13992]
Action.c(212): Notify: Parameter Substitution: parameter "flight_id_3" =  "022"	[MsgId: MMSG-13992]
Action.c(212): Notify: Parameter Substitution: parameter "depart" =  "Denver"	[MsgId: MMSG-13992]
Action.c(212): Notify: Parameter Substitution: parameter "Arrive" =  "London"	[MsgId: MMSG-13992]
Action.c(212): Registering web_reg_find was successful  	[MsgId: MMSG-26390]
Action.c(215): web_reg_find started  	[MsgId: MMSG-26355]
Action.c(215): Registering web_reg_find was successful  	[MsgId: MMSG-26390]
Action.c(219): web_reg_find started  	[MsgId: MMSG-26355]
Action.c(219): Notify: Parameter Substitution: parameter "type" =  "First"	[MsgId: MMSG-13992]
Action.c(219): Registering web_reg_find was successful  	[MsgId: MMSG-26390]
Action.c(222): web_submit_data("reservations.pl_3") started  	[MsgId: MMSG-26355]
Action.c(222): Notify: Parameter Substitution: parameter "login" =  "nina"	[MsgId: MMSG-13992]
Action.c(222): Notify: Parameter Substitution: parameter "login" =  "nina"	[MsgId: MMSG-13992]
Action.c(222): Notify: Parameter Substitution: parameter "address1" =  "Lenina"	[MsgId: MMSG-13992]
Action.c(222): Notify: Parameter Substitution: parameter "address2" =  "Moscow"	[MsgId: MMSG-13992]
Action.c(222): Notify: Parameter Substitution: parameter "login" =  "nina"	[MsgId: MMSG-13992]
Action.c(222): Notify: Parameter Substitution: parameter "login" =  "nina"	[MsgId: MMSG-13992]
Action.c(222): Notify: Parameter Substitution: parameter "credit" =  "12334556"	[MsgId: MMSG-13992]
Action.c(222): Notify: Parameter Substitution: parameter "randomMonth" =  "2"	[MsgId: MMSG-13992]
Action.c(222): Notify: Parameter Substitution: parameter "randomYear" =  "14"	[MsgId: MMSG-13992]
Action.c(222): Notify: Parameter Substitution: parameter "type" =  "First"	[MsgId: MMSG-13992]
Action.c(222): Notify: Parameter Substitution: parameter "seat" =  "Aisle"	[MsgId: MMSG-13992]
Action.c(222): Notify: Parameter Substitution: parameter "outboundFlight_3" =  "022;600;09/22/2020"	[MsgId: MMSG-13992]
Action.c(222): Found resource "http://localhost:1080/WebTours/images/bookanother.gif" in HTML "http://localhost:1080/cgi-bin/reservations.pl"  	[MsgId: MMSG-26659]
Action.c(222): Registered web_reg_find successful for "Text=09/22/2020 :  5pm : Flight 022 leaves Denver  for London" (count=1)  	[MsgId: MMSG-26364]
Action.c(222): Registered web_reg_find successful for "Text=Reservation Made!" (count=1)  	[MsgId: MMSG-26364]
Action.c(222): Registered web_reg_find successful for "Text= A First Class ticket" (count=1)  	[MsgId: MMSG-26364]
Action.c(222): web_submit_data("reservations.pl_3") was successful, 3275 body bytes, 658 header bytes, 12 chunking overhead bytes  	[MsgId: MMSG-26385]
Action.c(251): Notify: Transaction "fill_payment" ended with a "Pass" status (Duration: 0,1335 Wasted Time: 0,0000).	[MsgId: MMSG-16871]
Action.c(255): Notify: Transaction "logout" started.	[MsgId: MMSG-16999]
Action.c(257): web_reg_find started  	[MsgId: MMSG-26355]
Action.c(257): Registering web_reg_find was successful  	[MsgId: MMSG-26390]
Action.c(260): web_url("welcome.pl") started  	[MsgId: MMSG-26355]
Action.c(260): Detected non-resource "http://localhost:1080/cgi-bin/nav.pl?in=home" in "http://localhost:1080/cgi-bin/welcome.pl?signOff=1"  	[MsgId: MMSG-26574]
Action.c(260): Detected non-resource "http://localhost:1080/WebTours/home.html" in "http://localhost:1080/cgi-bin/welcome.pl?signOff=1"  	[MsgId: MMSG-26574]
Action.c(260): Retrieving data from cache for "http://localhost:1080/WebTours/home.html"  	[MsgId: MMSG-26558]
Action.c(260): Resource "http://localhost:1080/WebTours/images/mer_login.gif" is in the cache already and will not be downloaded again  	[MsgId: MMSG-26655]
Action.c(260): Registered web_reg_find successful for "Text=To make reservations,please enter your account information to the left" (count=1)  	[MsgId: MMSG-26364]
Action.c(260): web_url("welcome.pl") was successful, 2175 body bytes, 582 header bytes, 24 chunking overhead bytes  	[MsgId: MMSG-26385]
Action.c(270): Notify: Transaction "logout" ended with a "Pass" status (Duration: 0,1679 Wasted Time: 0,0000).	[MsgId: MMSG-16871]
Action.c(272): Notify: Transaction "UC3_Buy_Ticket" ended with a "Pass" status (Duration: 0,9655 Wasted Time: 0,0402).	[MsgId: MMSG-16871]
Ending action Action.	[MsgId: MMSG-15918]
Ending iteration 1.	[MsgId: MMSG-15965]
Waiting 44,0340 seconds for iteration pacing.	[MsgId: MMSG-15996]
Action was aborted.	[MsgId: MMSG-10694]
Ending Vuser...	[MsgId: MMSG-15966]
Starting action vuser_end.	[MsgId: MMSG-15919]
Ending action vuser_end.	[MsgId: MMSG-15918]
Vuser Terminated.	[MsgId: MMSG-15963]
Vuser 0 (thread 21308), ended OK."	[MsgId: MMSG-10695]
