Action.c(260): web_url("welcome.pl") started  	[MsgId: MMSG-26355]
Action.c(260): Detected non-resource "http://localhost:1080/cgi-bin/nav.pl?in=home" in "http://localhost:1080/cgi-bin/welcome.pl?signOff=1"  	[MsgId: MMSG-26574]
Action.c(260): Detected non-resource "http://localhost:1080/WebTours/home.html" in "http://localhost:1080/cgi-bin/welcome.pl?signOff=1"  	[MsgId: MMSG-26574]
Action.c(260): Retrieving data from cache for "http://localhost:1080/WebTours/home.html"  	[MsgId: MMSG-26558]
Action.c(260): Resource "http://localhost:1080/WebTours/images/mer_login.gif" is in the cache already and will not be downloaded again  	[MsgId: MMSG-26655]
Action.c(260): Registered web_reg_find successful for "Text=To make reservations,please enter your account information to the left" (count=1)  	[MsgId: MMSG-26364]
Action.c(260): web_url("welcome.pl") was successful, 2176 body bytes, 583 header bytes, 24 chunking overhead bytes  	[MsgId: MMSG-26385]
Action.c(270): Notify: Transaction "logout" ended with a "Pass" status (Duration: 0,1490 Wasted Time: 0,0000).	[MsgId: MMSG-16871]
Action.c(272): Notify: Transaction "UC3_Buy_Ticket" ended with a "Pass" status (Duration: 35,9315 Think Time: 35,0016 Wasted Time: 0,0029).	[MsgId: MMSG-16870]
Ending action Action.	[MsgId: MMSG-15918]
Action was aborted.	[MsgId: MMSG-10694]
Ending Vuser...	[MsgId: MMSG-15966]
Starting action vuser_end.	[MsgId: MMSG-15919]
Ending action vuser_end.	[MsgId: MMSG-15918]
Vuser Terminated.	[MsgId: MMSG-15963]
Vuser 6 (thread 31776), ended OK."	[MsgId: MMSG-10695]
Action.c(90): web_custom_request("FormDateUpdate.class") started  	[MsgId: MMSG-26355]
Action.c(90): web_custom_request("FormDateUpdate.class") was successful, 0 body bytes, 309 header bytes  	[MsgId: MMSG-26386]
Action.c(99): Notify: Transaction "click_flights" ended with a "Pass" status (Duration: 5,2108 Think Time: 5,0001 Wasted Time: 0,0001).	[MsgId: MMSG-16870]
Action.c(101): lr_think_time: 5,00 seconds.	[MsgId: MMSG-15948]
Action.c(103): Notify: Transaction "fill_find_flight" started.	[MsgId: MMSG-16999]
Action.c(111): web_reg_save_param_attrib started  	[MsgId: MMSG-26355]
Action.c(111): Registering web_reg_save_param_attrib was successful  	[MsgId: MMSG-26390]
Action.c(126): web_reg_save_param started  	[MsgId: MMSG-26355]
Action.c(126): Registering web_reg_save_param was successful  	[MsgId: MMSG-26390]
Action.c(132): web_reg_save_param started  	[MsgId: MMSG-26355]
Action.c(132): Registering web_reg_save_param was successful  	[MsgId: MMSG-26390]
Action.c(138): web_reg_find started  	[MsgId: MMSG-26355]
Action.c(138): Registering web_reg_find was successful  	[MsgId: MMSG-26390]
Action.c(142): web_reg_find started  	[MsgId: MMSG-26355]
Action.c(142): Notify: Parameter Substitution: parameter "depart" =  "Seattle"	[MsgId: MMSG-13992]
Action.c(142): Notify: Parameter Substitution: parameter "Arrive" =  "Zurich"	[MsgId: MMSG-13992]
Action.c(142): Registering web_reg_find was successful  	[MsgId: MMSG-26390]
Action.c(146): web_submit_data("reservations.pl") started  	[MsgId: MMSG-26355]
Action.c(146): Notify: Parameter Substitution: parameter "depart" =  "Seattle"	[MsgId: MMSG-13992]
Action.c(146): Notify: Parameter Substitution: parameter "departDate" =  "09/26/2020"	[MsgId: MMSG-13992]
Action.c(146): Notify: Parameter Substitution: parameter "Arrive" =  "Zurich"	[MsgId: MMSG-13992]
Action.c(146): Notify: Parameter Substitution: parameter "returnDate" =  "10/03/2020"	[MsgId: MMSG-13992]
Action.c(146): Notify: Parameter Substitution: parameter "seat" =  "None"	[MsgId: MMSG-13992]
Action.c(146): Notify: Parameter Substitution: parameter "type" =  "Coach"	[MsgId: MMSG-13992]
Action.c(146): Notify: Saving Parameter "flight_id_1 = 790".	[MsgId: MMSG-13798]
Action.c(146): Notify: Saving Parameter "flight_time_1 = 8a".	[MsgId: MMSG-13798]
Action.c(146): Notify: Saving Parameter "flight_id_2 = 791".	[MsgId: MMSG-13798]
Action.c(146): Notify: Saving Parameter "flight_time_2 = 1p".	[MsgId: MMSG-13798]
Action.c(146): Notify: Saving Parameter "flight_id_3 = 792".	[MsgId: MMSG-13798]
Action.c(146): Notify: Saving Parameter "flight_time_3 = 5p".	[MsgId: MMSG-13798]
Action.c(146): Notify: Saving Parameter "flight_id_4 = 793".	[MsgId: MMSG-13798]
Action.c(146): Notify: Saving Parameter "flight_time_4 = 11p".	[MsgId: MMSG-13798]
Action.c(146): Resource "http://localhost:1080/WebTours/images/button_next.gif" is in the cache already and will not be downloaded again  	[MsgId: MMSG-26655]
Action.c(146): Notify: Saving Parameter "outboundFlight_1 = 790;447;09/26/2020".	[MsgId: MMSG-13798]
Action.c(146): Notify: Saving Parameter "outboundFlight_2 = 791;398;09/26/2020".	[MsgId: MMSG-13798]
Action.c(146): Notify: Saving Parameter "outboundFlight_3 = 792;423;09/26/2020".	[MsgId: MMSG-13798]
Action.c(146): Notify: Saving Parameter "outboundFlight_4 = 793;366;09/26/2020".	[MsgId: MMSG-13798]
Action.c(146): Notify: Saving Parameter "outboundFlight_count = 4".	[MsgId: MMSG-13798]
Action.c(146): Notify: Saving Parameter "flight_id_count = 4".	[MsgId: MMSG-13798]
Action.c(146): Notify: Saving Parameter "flight_time_count = 4".	[MsgId: MMSG-13798]
Action.c(146): Registered web_reg_find successful for "Text=Flight departing from" (count=1)  	[MsgId: MMSG-26364]
Action.c(146): Registered web_reg_find successful for "Text=<B>Seattle</B> to <B>Zurich</B>" (count=1)  	[MsgId: MMSG-26364]
Action.c(146): web_submit_data("reservations.pl") was successful, 2438 body bytes, 256 header bytes, 12 chunking overhead bytes  	[MsgId: MMSG-26385]
Action.c(172): Notify: Transaction "fill_find_flight" ended with a "Pass" status (Duration: 0,1272 Wasted Time: 0,0019).	[MsgId: MMSG-16871]
Action.c(174): lr_think_time: 5,00 seconds.	[MsgId: MMSG-15948]
Action.c(176): Notify: Transaction "choose_flight" started.	[MsgId: MMSG-16999]
Action.c(178): web_reg_find started  	[MsgId: MMSG-26355]
Action.c(178): Registering web_reg_find was successful  	[MsgId: MMSG-26390]
Action.c(182): web_reg_find started  	[MsgId: MMSG-26355]
Action.c(182): Notify: Parameter Substitution: parameter "type" =  "Coach"	[MsgId: MMSG-13992]
Action.c(182): Registering web_reg_find was successful  	[MsgId: MMSG-26390]
Action.c(185): web_submit_data("reservations.pl_2") started  	[MsgId: MMSG-26355]
Action.c(185): Warning: The string 'outboundFlight' with parameter delimiters is not a parameter.	[MsgId: MWAR-13987]
Action.c(185): Notify: Parameter Substitution: parameter "type" =  "Coach"	[MsgId: MMSG-13992]
Action.c(185): Notify: Parameter Substitution: parameter "seat" =  "None"	[MsgId: MMSG-13992]
Action.c(185): Resource "http://localhost:1080/WebTours/images/button_next.gif" is in the cache already and will not be downloaded again  	[MsgId: MMSG-26655]
Action.c(185): Registered web_reg_find successful for "Text=Flight Reservation" (count=1)  	[MsgId: MMSG-26364]
Action.c(185): Registered web_reg_find successful for "Text=Coach" (count=1)  	[MsgId: MMSG-26364]
Action.c(185): web_submit_data("reservations.pl_2") was successful, 2698 body bytes, 255 header bytes, 12 chunking overhead bytes  	[MsgId: MMSG-26385]
Action.c(203): Notify: Transaction "choose_flight" ended with a "Pass" status (Duration: 0,1167 Wasted Time: 0,0000).	[MsgId: MMSG-16871]
Action.c(205): lr_think_time: 5,00 seconds.	[MsgId: MMSG-15948]
Action.c(207): Notify: Transaction "fill_payment" started.	[MsgId: MMSG-16999]
Action.c(212): web_reg_find started  	[MsgId: MMSG-26355]
Action.c(212): Notify: Parameter Substitution: parameter "departDate" =  "09/26/2020"	[MsgId: MMSG-13992]
Action.c(212): Notify: Parameter Substitution: parameter "flight_time_3" =  "5p"	[MsgId: MMSG-13992]
Action.c(212): Notify: Parameter Substitution: parameter "flight_id_3" =  "792"	[MsgId: MMSG-13992]
Action.c(212): Notify: Parameter Substitution: parameter "depart" =  "Seattle"	[MsgId: MMSG-13992]
Action.c(212): Notify: Parameter Substitution: parameter "Arrive" =  "Zurich"	[MsgId: MMSG-13992]
Action.c(212): Registering web_reg_find was successful  	[MsgId: MMSG-26390]
Action.c(215): web_reg_find started  	[MsgId: MMSG-26355]
Action.c(215): Registering web_reg_find was successful  	[MsgId: MMSG-26390]
Action.c(219): web_reg_find started  	[MsgId: MMSG-26355]
Action.c(219): Notify: Parameter Substitution: parameter "type" =  "Coach"	[MsgId: MMSG-13992]
Action.c(219): Registering web_reg_find was successful  	[MsgId: MMSG-26390]
Action.c(222): web_submit_data("reservations.pl_3") started  	[MsgId: MMSG-26355]
Action.c(222): Notify: Parameter Substitution: parameter "login" =  "nina5"	[MsgId: MMSG-13992]
Action.c(222): Notify: Parameter Substitution: parameter "login" =  "nina5"	[MsgId: MMSG-13992]
Action.c(222): Notify: Parameter Substitution: parameter "address1" =  "Vitte"	[MsgId: MMSG-13992]
Action.c(222): Notify: Parameter Substitution: parameter "address2" =  "Biysk"	[MsgId: MMSG-13992]
Action.c(222): Notify: Parameter Substitution: parameter "login" =  "nina5"	[MsgId: MMSG-13992]
Action.c(222): Notify: Parameter Substitution: parameter "login" =  "nina5"	[MsgId: MMSG-13992]
Action.c(222): Notify: Parameter Substitution: parameter "credit" =  "45987856"	[MsgId: MMSG-13992]
Action.c(222): Notify: Parameter Substitution: parameter "randomMonth" =  "9"	[MsgId: MMSG-13992]
Action.c(222): Notify: Parameter Substitution: parameter "randomYear" =  "46"	[MsgId: MMSG-13992]
Action.c(222): Notify: Parameter Substitution: parameter "type" =  "Coach"	[MsgId: MMSG-13992]
Action.c(222): Notify: Parameter Substitution: parameter "seat" =  "None"	[MsgId: MMSG-13992]
Action.c(222): Notify: Parameter Substitution: parameter "outboundFlight_3" =  "792;423;09/26/2020"	[MsgId: MMSG-13992]
Action.c(222): Found resource "http://localhost:1080/WebTours/images/bookanother.gif" in HTML "http://localhost:1080/cgi-bin/reservations.pl"  	[MsgId: MMSG-26659]
Action.c(222): Registered web_reg_find successful for "Text=09/26/2020 :  5pm : Flight 792 leaves Seattle  for Zurich" (count=1)  	[MsgId: MMSG-26364]
Action.c(222): Registered web_reg_find successful for "Text=Reservation Made!" (count=1)  	[MsgId: MMSG-26364]
Action.c(222): Registered web_reg_find successful for "Text= A Coach Class ticket" (count=1)  	[MsgId: MMSG-26364]
Action.c(222): web_submit_data("reservations.pl_3") was successful, 3279 body bytes, 662 header bytes, 12 chunking overhead bytes  	[MsgId: MMSG-26385]
Action.c(251): Notify: Transaction "fill_payment" ended with a "Pass" status (Duration: 0,1265 Wasted Time: 0,0000).	[MsgId: MMSG-16871]
Action.c(253): lr_think_time: 5,00 seconds.	[MsgId: MMSG-15948]
Action.c(255): Notify: Transaction "logout" started.	[MsgId: MMSG-16999]
Action.c(257): web_reg_find started  	[MsgId: MMSG-26355]
Action.c(257): Registering web_reg_find was successful  	[MsgId: MMSG-26390]
Action.c(260): web_url("welcome.pl") started  	[MsgId: MMSG-26355]
Action.c(260): Detected non-resource "http://localhost:1080/cgi-bin/nav.pl?in=home" in "http://localhost:1080/cgi-bin/welcome.pl?signOff=1"  	[MsgId: MMSG-26574]
Action.c(260): Detected non-resource "http://localhost:1080/WebTours/home.html" in "http://localhost:1080/cgi-bin/welcome.pl?signOff=1"  	[MsgId: MMSG-26574]
Action.c(260): Retrieving data from cache for "http://localhost:1080/WebTours/home.html"  	[MsgId: MMSG-26558]
Action.c(260): Resource "http://localhost:1080/WebTours/images/mer_login.gif" is in the cache already and will not be downloaded again  	[MsgId: MMSG-26655]
Action.c(260): Registered web_reg_find successful for "Text=To make reservations,please enter your account information to the left" (count=1)  	[MsgId: MMSG-26364]
Action.c(260): web_url("welcome.pl") was successful, 2176 body bytes, 583 header bytes, 24 chunking overhead bytes  	[MsgId: MMSG-26385]
Action.c(270): Notify: Transaction "logout" ended with a "Pass" status (Duration: 0,1473 Wasted Time: 0,0000).	[MsgId: MMSG-16871]
Action.c(272): Notify: Transaction "UC3_Buy_Ticket" ended with a "Pass" status (Duration: 36,0192 Think Time: 35,0194 Wasted Time: 0,0023).	[MsgId: MMSG-16870]
Ending action Action.	[MsgId: MMSG-15918]
Action was aborted.	[MsgId: MMSG-10694]
Ending Vuser...	[MsgId: MMSG-15966]
Starting action vuser_end.	[MsgId: MMSG-15919]
Ending action vuser_end.	[MsgId: MMSG-15918]
Vuser Terminated.	[MsgId: MMSG-15963]
Vuser 7 (thread 32004), ended OK."	[MsgId: MMSG-10695]
