Virtual User Script started at: 18.09.2020 13:54:48
Starting action vuser_init.
Web Turbo Replay of LoadRunner 2020.0.0 for Windows 10; build 793 (ноя 27 2019 19:51:20)  	[MsgId: MMSG-26983]
Run mode: HTML  	[MsgId: MMSG-26993]
Replay user agent: Mozilla/5.0 (Windows NT 10.0; WOW64; Trident/7.0; rv:11.0) like Gecko  	[MsgId: MMSG-26988]
Runtime Settings file: "C:\Users\alex\Desktop\IBS_НТ\LR\5 скриптов\Итоговые скрипты\UC3_Buy_Ticket\\default.cfg"  	[MsgId: MMSG-27141]
Ending action vuser_init.
Running Vuser...
Starting iteration 1.
Maximum number of concurrent connections per server: 6  	[MsgId: MMSG-26989]
Starting action Action.
Action.c(2): Notify: Transaction "UC3_Buy_Ticket" started.
Action.c(3): Notify: Transaction "goToSite" started.
Action.c(12): web_reg_save_param_attrib started  	[MsgId: MMSG-26355]
Action.c(12): Registering web_reg_save_param_attrib was successful  	[MsgId: MMSG-26390]
Action.c(22): web_reg_find started  	[MsgId: MMSG-26355]
Action.c(22): Registering web_reg_find was successful  	[MsgId: MMSG-26390]
Action.c(25): web_url("WebTours") started  	[MsgId: MMSG-26355]
Action.c(25): Detected non-resource "http://localhost:1080/WebTours/header.html" in "http://localhost:1080/WebTours/"  	[MsgId: MMSG-26574]
Action.c(25): Detected non-resource "http://localhost:1080/cgi-bin/welcome.pl?signOff=true" in "http://localhost:1080/WebTours/"  	[MsgId: MMSG-26574]
Action.c(25): Found resource "http://localhost:1080/WebTours/images/hp_logo.png" in HTML "http://localhost:1080/WebTours/header.html"  	[MsgId: MMSG-26659]
Action.c(25): Found resource "http://localhost:1080/WebTours/images/webtours.png" in HTML "http://localhost:1080/WebTours/header.html"  	[MsgId: MMSG-26659]
Action.c(25): Detected non-resource "http://localhost:1080/cgi-bin/nav.pl?in=home" in "http://localhost:1080/cgi-bin/welcome.pl?signOff=true"  	[MsgId: MMSG-26574]
Action.c(25): Detected non-resource "http://localhost:1080/WebTours/home.html" in "http://localhost:1080/cgi-bin/welcome.pl?signOff=true"  	[MsgId: MMSG-26574]
Action.c(25): Found resource "http://localhost:1080/WebTours/images/mer_login.gif" in HTML "http://localhost:1080/cgi-bin/nav.pl?in=home"  	[MsgId: MMSG-26659]
Action.c(25): Notify: Saving Parameter "userSession = 129641.092588092zzzitVDpHtAAVApticc".
Action.c(25): Registered web_reg_find successful for "Text=Welcome to the Web Tours site" (count=1)  	[MsgId: MMSG-26364]
Action.c(25): web_url("WebTours") was successful, 10071 body bytes, 2371 header bytes, 24 chunking overhead bytes  	[MsgId: MMSG-26385]
Action.c(35): Notify: Transaction "goToSite" ended with a "Pass" status (Duration: 1.4926 Wasted Time: 0.1690).
Action.c(41): Notify: Transaction "Login" started.
Action.c(43): web_reg_find started  	[MsgId: MMSG-26355]
Action.c(43): Registering web_reg_find was successful  	[MsgId: MMSG-26390]
Action.c(46): web_submit_data("login.pl") started  	[MsgId: MMSG-26355]
Action.c(46): Notify: Parameter Substitution: parameter "userSession" =  "129641.092588092zzzitVDpHtAAVApticc"
Action.c(46): Notify: Parameter Substitution: parameter "login" =  "nina"
Action.c(46): Notify: Parameter Substitution: parameter "password" =  "dvde"
Action.c(46): Detected non-resource "http://localhost:1080/cgi-bin/nav.pl?page=menu&in=home" in "http://localhost:1080/cgi-bin/login.pl"  	[MsgId: MMSG-26574]
Action.c(46): Detected non-resource "http://localhost:1080/cgi-bin/login.pl?intro=true" in "http://localhost:1080/cgi-bin/login.pl"  	[MsgId: MMSG-26574]
Action.c(46): Found resource "http://localhost:1080/WebTours/images/flights.gif" in HTML "http://localhost:1080/cgi-bin/nav.pl?page=menu&in=home"  	[MsgId: MMSG-26659]
Action.c(46): Found resource "http://localhost:1080/WebTours/images/itinerary.gif" in HTML "http://localhost:1080/cgi-bin/nav.pl?page=menu&in=home"  	[MsgId: MMSG-26659]
Action.c(46): Found resource "http://localhost:1080/WebTours/images/in_home.gif" in HTML "http://localhost:1080/cgi-bin/nav.pl?page=menu&in=home"  	[MsgId: MMSG-26659]
Action.c(46): Found resource "http://localhost:1080/WebTours/images/signoff.gif" in HTML "http://localhost:1080/cgi-bin/nav.pl?page=menu&in=home"  	[MsgId: MMSG-26659]
Action.c(46): Registered web_reg_find successful for "Text=Welcome" (count=2)  	[MsgId: MMSG-26364]
Action.c(46): web_submit_data("login.pl") was successful, 5779 body bytes, 2031 header bytes, 36 chunking overhead bytes  	[MsgId: MMSG-26385]
Action.c(63): Notify: Transaction "Login" ended with a "Pass" status (Duration: 0,2259 Wasted Time: 0,0104).
Action.c(67): Notify: Transaction "click_flights" started.
Action.c(69): web_reg_find started  	[MsgId: MMSG-26355]
Action.c(69): Registering web_reg_find was successful  	[MsgId: MMSG-26390]
Action.c(72): web_url("Search Flights Button") started  	[MsgId: MMSG-26355]
Action.c(72): Detected non-resource "http://localhost:1080/cgi-bin/nav.pl?page=menu&in=flights" in "http://localhost:1080/cgi-bin/welcome.pl?page=search"  	[MsgId: MMSG-26574]
Action.c(72): Detected non-resource "http://localhost:1080/cgi-bin/reservations.pl?page=welcome" in "http://localhost:1080/cgi-bin/welcome.pl?page=search"  	[MsgId: MMSG-26574]
Action.c(72): Found resource "http://localhost:1080/WebTours/images/in_flights.gif" in HTML "http://localhost:1080/cgi-bin/nav.pl?page=menu&in=flights"  	[MsgId: MMSG-26659]
Action.c(72): Resource "http://localhost:1080/WebTours/images/itinerary.gif" is in the cache already and will not be downloaded again  	[MsgId: MMSG-26655]
Action.c(72): Found resource "http://localhost:1080/WebTours/images/home.gif" in HTML "http://localhost:1080/cgi-bin/nav.pl?page=menu&in=flights"  	[MsgId: MMSG-26659]
Action.c(72): Resource "http://localhost:1080/WebTours/images/signoff.gif" is in the cache already and will not be downloaded again  	[MsgId: MMSG-26655]
Action.c(72): Found resource "http://localhost:1080/WebTours/images/button_next.gif" in HTML "http://localhost:1080/cgi-bin/reservations.pl?page=welcome"  	[MsgId: MMSG-26659]
Action.c(72): Registered web_reg_find successful for "Text=Departure City" (count=1)  	[MsgId: MMSG-26364]
Action.c(72): web_url("Search Flights Button") was successful, 8516 body bytes, 1616 header bytes, 43 chunking overhead bytes  	[MsgId: MMSG-26385]
Action.c(84): web_custom_request("FormDateUpdate.class") started  	[MsgId: MMSG-26355]
Action.c(84): web_custom_request("FormDateUpdate.class") was successful, 0 body bytes, 308 header bytes  	[MsgId: MMSG-26386]
Action.c(93): Notify: Transaction "click_flights" ended with a "Pass" status (Duration: 0.5629 Wasted Time: 0.0210).
Action.c(97): Notify: Transaction "fill_find_flight" started.
Action.c(105): web_reg_save_param_attrib started  	[MsgId: MMSG-26355]
Action.c(105): Registering web_reg_save_param_attrib was successful  	[MsgId: MMSG-26390]
Action.c(115): web_reg_save_param started  	[MsgId: MMSG-26355]
Action.c(115): Registering web_reg_save_param was successful  	[MsgId: MMSG-26390]
Action.c(121): web_reg_save_param started  	[MsgId: MMSG-26355]
Action.c(121): Registering web_reg_save_param was successful  	[MsgId: MMSG-26390]
Action.c(127): web_reg_find started  	[MsgId: MMSG-26355]
Action.c(127): Registering web_reg_find was successful  	[MsgId: MMSG-26390]
Action.c(131): web_reg_find started  	[MsgId: MMSG-26355]
Action.c(131): Notify: Parameter Substitution: parameter "depart" =  "Denver"
Action.c(131): Notify: Parameter Substitution: parameter "Arrive" =  "London"
Action.c(131): Registering web_reg_find was successful  	[MsgId: MMSG-26390]
Action.c(135): web_submit_data("reservations.pl") started  	[MsgId: MMSG-26355]
Action.c(135): Notify: Parameter Substitution: parameter "depart" =  "Denver"
Action.c(135): Notify: Parameter Substitution: parameter "departDate" =  "09/18/2020"
Action.c(135): Notify: Parameter Substitution: parameter "Arrive" =  "London"
Action.c(135): Notify: Parameter Substitution: parameter "returnDate" =  "09/25/2020"
Action.c(135): Notify: Parameter Substitution: parameter "seat" =  "Aisle"
Action.c(135): Notify: Parameter Substitution: parameter "type" =  "First"
Action.c(135): Notify: Saving Parameter "flight_id_1 = 020".
Action.c(135): Notify: Saving Parameter "flight_time_1 = 8a".
Action.c(135): Notify: Saving Parameter "flight_id_2 = 021".
Action.c(135): Notify: Saving Parameter "flight_time_2 = 1p".
Action.c(135): Notify: Saving Parameter "flight_id_3 = 022".
Action.c(135): Notify: Saving Parameter "flight_time_3 = 5p".
Action.c(135): Notify: Saving Parameter "flight_id_4 = 023".
Action.c(135): Notify: Saving Parameter "flight_time_4 = 11p".
Action.c(135): Resource "http://localhost:1080/WebTours/images/button_next.gif" is in the cache already and will not be downloaded again  	[MsgId: MMSG-26655]
Action.c(135): Notify: Saving Parameter "outboundFlight_1 = 020;635;09/18/2020".
Action.c(135): Notify: Saving Parameter "outboundFlight_2 = 021;565;09/18/2020".
Action.c(135): Notify: Saving Parameter "outboundFlight_3 = 022;600;09/18/2020".
Action.c(135): Notify: Saving Parameter "outboundFlight_4 = 023;519;09/18/2020".
Action.c(135): Notify: Saving Parameter "outboundFlight_count = 4".
Action.c(135): Notify: Saving Parameter "flight_id_count = 4".
Action.c(135): Notify: Saving Parameter "flight_time_count = 4".
Action.c(135): Registered web_reg_find successful for "Text=Flight departing from" (count=1)  	[MsgId: MMSG-26364]
Action.c(135): Registered web_reg_find successful for "Text=<B>Denver</B> to <B>London</B>" (count=1)  	[MsgId: MMSG-26364]
Action.c(135): web_submit_data("reservations.pl") was successful, 2437 body bytes, 255 header bytes, 12 chunking overhead bytes  	[MsgId: MMSG-26385]
Action.c(161): Notify: Transaction "fill_find_flight" ended with a "Pass" status (Duration: 0.8415 Wasted Time: 0.0161).
Action.c(165): Notify: Transaction "choose_flight" started.
Action.c(167): web_reg_find started  	[MsgId: MMSG-26355]
Action.c(167): Registering web_reg_find was successful  	[MsgId: MMSG-26390]
Action.c(171): web_reg_find started  	[MsgId: MMSG-26355]
Action.c(171): Notify: Parameter Substitution: parameter "type" =  "First"
Action.c(171): Registering web_reg_find was successful  	[MsgId: MMSG-26390]
Action.c(174): web_submit_data("reservations.pl_2") started  	[MsgId: MMSG-26355]
Action.c(174): Warning: The string 'outboundFlight' with parameter delimiters is not a parameter.
Action.c(174): Notify: Parameter Substitution: parameter "type" =  "First"
Action.c(174): Notify: Parameter Substitution: parameter "seat" =  "Aisle"
Action.c(174): Resource "http://localhost:1080/WebTours/images/button_next.gif" is in the cache already and will not be downloaded again  	[MsgId: MMSG-26655]
Action.c(174): Registered web_reg_find successful for "Text=Flight Reservation" (count=1)  	[MsgId: MMSG-26364]
Action.c(174): Registered web_reg_find successful for "Text=First" (count=2)  	[MsgId: MMSG-26364]
Action.c(174): web_submit_data("reservations.pl_2") was successful, 2695 body bytes, 255 header bytes, 12 chunking overhead bytes  	[MsgId: MMSG-26385]
Action.c(192): Notify: Transaction "choose_flight" ended with a "Pass" status (Duration: 0.2710 Wasted Time: 0.0065).
Action.c(196): Notify: Transaction "fill_payment" started.
Action.c(201): web_reg_find started  	[MsgId: MMSG-26355]
Action.c(201): Notify: Parameter Substitution: parameter "departDate" =  "09/18/2020"
Action.c(201): Notify: Parameter Substitution: parameter "flight_time_3" =  "5p"
Action.c(201): Notify: Parameter Substitution: parameter "flight_id_3" =  "022"
Action.c(201): Notify: Parameter Substitution: parameter "depart" =  "Denver"
Action.c(201): Notify: Parameter Substitution: parameter "Arrive" =  "London"
Action.c(201): Registering web_reg_find was successful  	[MsgId: MMSG-26390]
Action.c(204): web_reg_find started  	[MsgId: MMSG-26355]
Action.c(204): Registering web_reg_find was successful  	[MsgId: MMSG-26390]
Action.c(208): web_reg_find started  	[MsgId: MMSG-26355]
Action.c(208): Notify: Parameter Substitution: parameter "type" =  "First"
Action.c(208): Registering web_reg_find was successful  	[MsgId: MMSG-26390]
Action.c(211): web_submit_data("reservations.pl_3") started  	[MsgId: MMSG-26355]
Action.c(211): Notify: Parameter Substitution: parameter "login" =  "nina"
Action.c(211): Notify: Parameter Substitution: parameter "login" =  "nina"
Action.c(211): Notify: Parameter Substitution: parameter "address1" =  "Lenina"
Action.c(211): Notify: Parameter Substitution: parameter "address2" =  "Moscow"
Action.c(211): Notify: Parameter Substitution: parameter "login" =  "nina"
Action.c(211): Notify: Parameter Substitution: parameter "login" =  "nina"
Action.c(211): Notify: Parameter Substitution: parameter "credit" =  "12334556"
Action.c(211): Notify: Parameter Substitution: parameter "randomMonth" =  "5"
Action.c(211): Notify: Parameter Substitution: parameter "randomYear" =  "34"
Action.c(211): Notify: Parameter Substitution: parameter "type" =  "First"
Action.c(211): Notify: Parameter Substitution: parameter "seat" =  "Aisle"
Action.c(211): Notify: Parameter Substitution: parameter "outboundFlight_3" =  "022;600;09/18/2020"
Action.c(211): Found resource "http://localhost:1080/WebTours/images/bookanother.gif" in HTML "http://localhost:1080/cgi-bin/reservations.pl"  	[MsgId: MMSG-26659]
Action.c(211): Registered web_reg_find successful for "Text=09/18/2020 :  5pm : Flight 022 leaves Denver  for London" (count=1)  	[MsgId: MMSG-26364]
Action.c(211): Registered web_reg_find successful for "Text=Reservation Made!" (count=1)  	[MsgId: MMSG-26364]
Action.c(211): Registered web_reg_find successful for "Text= A First Class ticket" (count=1)  	[MsgId: MMSG-26364]
Action.c(211): web_submit_data("reservations.pl_3") was successful, 3275 body bytes, 658 header bytes, 12 chunking overhead bytes  	[MsgId: MMSG-26385]
Action.c(240): Notify: Transaction "fill_payment" ended with a "Pass" status (Duration: 0.2414 Wasted Time: 0.0077).
Action.c(244): Notify: Transaction "logout" started.
Action.c(246): web_reg_find started  	[MsgId: MMSG-26355]
Action.c(246): Registering web_reg_find was successful  	[MsgId: MMSG-26390]
Action.c(249): web_url("welcome.pl") started  	[MsgId: MMSG-26355]
Action.c(249): Detected non-resource "http://localhost:1080/cgi-bin/nav.pl?in=home" in "http://localhost:1080/cgi-bin/welcome.pl?signOff=1"  	[MsgId: MMSG-26574]
Action.c(249): Detected non-resource "http://localhost:1080/WebTours/home.html" in "http://localhost:1080/cgi-bin/welcome.pl?signOff=1"  	[MsgId: MMSG-26574]
Action.c(249): Retrieving data from cache for "http://localhost:1080/WebTours/home.html"  	[MsgId: MMSG-26558]
Action.c(249): Resource "http://localhost:1080/WebTours/images/mer_login.gif" is in the cache already and will not be downloaded again  	[MsgId: MMSG-26655]
Action.c(249): Registered web_reg_find successful for "Text=To make reservations,please enter your account information to the left" (count=1)  	[MsgId: MMSG-26364]
Action.c(249): web_url("welcome.pl") was successful, 2173 body bytes, 582 header bytes, 24 chunking overhead bytes  	[MsgId: MMSG-26385]
Action.c(259): Notify: Transaction "logout" ended with a "Pass" status (Duration: 0,3024 Wasted Time: 0,0072).
Action.c(261): Notify: Transaction "UC3_Buy_Ticket" ended with a "Pass" status (Duration: 4,0071 Wasted Time: 0,2380).
Ending action Action.
Ending iteration 1.
Starting iteration 2.
Notify: Next row for parameter type = 2 [table  = type].
Notify: Getting new value for parameter 'type': table = '..\Parameters\type.dat' column = '0' row = '2'.
Notify: Next row for parameter address1 = 2 [table  = address1].
Notify: Getting new value for parameter 'address1': table = '..\Parameters\address1.dat' column = '0' row = '2'.
Notify: Next row for parameter seat = 2 [table  = seat].
Notify: Getting new value for parameter 'seat': table = '..\Parameters\seat.dat' column = '0' row = '2'.
Notify: Next row for parameter Arrive = 2 [table  = Arrive].
Notify: Getting new value for parameter 'Arrive': table = '..\Parameters\depart.dat' column = '1' row = '2'.
Notify: Next row for parameter address2 = 2 [table  = address2].
Notify: Getting new value for parameter 'address2': table = '..\Parameters\address2.dat' column = '0' row = '2'.
Notify: Next row for parameter depart = 2 [table  = depart].
Notify: Getting new value for parameter 'depart': table = '..\Parameters\depart.dat' column = '0' row = '2'.
Notify: Next row for parameter credit = 2 [table  = credit].
Notify: Getting new value for parameter 'credit': table = '..\Parameters\credit.dat' column = '0' row = '2'.
Notify: Next row for parameter login = 2 [table  = login].
Notify: Getting new value for parameter 'login': table = '..\Parameters\login.dat' column = '0' row = '2'.
Notify: Next row for parameter password = 2 [table  = password].
Notify: Getting new value for parameter 'password': table = '..\Parameters\password.dat' column = '0' row = '2'.
Starting action Action.
Action.c(2): Notify: Transaction "UC3_Buy_Ticket" started.
Action.c(3): Notify: Transaction "goToSite" started.
Action.c(12): web_reg_save_param_attrib started  	[MsgId: MMSG-26355]
Action.c(12): Registering web_reg_save_param_attrib was successful  	[MsgId: MMSG-26390]
Action.c(22): web_reg_find started  	[MsgId: MMSG-26355]
Action.c(22): Registering web_reg_find was successful  	[MsgId: MMSG-26390]
Action.c(25): web_url("WebTours") started  	[MsgId: MMSG-26355]
Action.c(25): Detected non-resource "http://localhost:1080/WebTours/header.html" in "http://localhost:1080/WebTours/"  	[MsgId: MMSG-26574]
Action.c(25): Detected non-resource "http://localhost:1080/cgi-bin/welcome.pl?signOff=true" in "http://localhost:1080/WebTours/"  	[MsgId: MMSG-26574]
Action.c(25): Found resource "http://localhost:1080/WebTours/images/hp_logo.png" in HTML "http://localhost:1080/WebTours/header.html"  	[MsgId: MMSG-26659]
Action.c(25): Found resource "http://localhost:1080/WebTours/images/webtours.png" in HTML "http://localhost:1080/WebTours/header.html"  	[MsgId: MMSG-26659]
Action.c(25): Detected non-resource "http://localhost:1080/cgi-bin/nav.pl?in=home" in "http://localhost:1080/cgi-bin/welcome.pl?signOff=true"  	[MsgId: MMSG-26574]
Action.c(25): Detected non-resource "http://localhost:1080/WebTours/home.html" in "http://localhost:1080/cgi-bin/welcome.pl?signOff=true"  	[MsgId: MMSG-26574]
Action.c(25): Found resource "http://localhost:1080/WebTours/images/mer_login.gif" in HTML "http://localhost:1080/cgi-bin/nav.pl?in=home"  	[MsgId: MMSG-26659]
Action.c(25): Notify: Saving Parameter "userSession = 129641.09291211zzzitVDpHVzzzzzHtAAVApticD".
Action.c(25): Registered web_reg_find successful for "Text=Welcome to the Web Tours site" (count=1)  	[MsgId: MMSG-26364]
Action.c(25): web_url("WebTours") was successful, 10077 body bytes, 2371 header bytes, 24 chunking overhead bytes  	[MsgId: MMSG-26385]
Action.c(35): Notify: Transaction "goToSite" ended with a "Pass" status (Duration: 0,3212 Wasted Time: 0,0223).
Action.c(41): Notify: Transaction "Login" started.
Action.c(43): web_reg_find started  	[MsgId: MMSG-26355]
Action.c(43): Registering web_reg_find was successful  	[MsgId: MMSG-26390]
Action.c(46): web_submit_data("login.pl") started  	[MsgId: MMSG-26355]
Action.c(46): Notify: Parameter Substitution: parameter "userSession" =  "129641.09291211zzzitVDpHVzzzzzHtAAVApticD"
Action.c(46): Notify: Parameter Substitution: parameter "login" =  "nina1"
Action.c(46): Notify: Parameter Substitution: parameter "password" =  "dvde1"
Action.c(46): Detected non-resource "http://localhost:1080/cgi-bin/nav.pl?page=menu&in=home" in "http://localhost:1080/cgi-bin/login.pl"  	[MsgId: MMSG-26574]
Action.c(46): Detected non-resource "http://localhost:1080/cgi-bin/login.pl?intro=true" in "http://localhost:1080/cgi-bin/login.pl"  	[MsgId: MMSG-26574]
Action.c(46): Found resource "http://localhost:1080/WebTours/images/flights.gif" in HTML "http://localhost:1080/cgi-bin/nav.pl?page=menu&in=home"  	[MsgId: MMSG-26659]
Action.c(46): Found resource "http://localhost:1080/WebTours/images/itinerary.gif" in HTML "http://localhost:1080/cgi-bin/nav.pl?page=menu&in=home"  	[MsgId: MMSG-26659]
Action.c(46): Found resource "http://localhost:1080/WebTours/images/in_home.gif" in HTML "http://localhost:1080/cgi-bin/nav.pl?page=menu&in=home"  	[MsgId: MMSG-26659]
Action.c(46): Found resource "http://localhost:1080/WebTours/images/signoff.gif" in HTML "http://localhost:1080/cgi-bin/nav.pl?page=menu&in=home"  	[MsgId: MMSG-26659]
Action.c(46): Registered web_reg_find successful for "Text=Welcome" (count=2)  	[MsgId: MMSG-26364]
Action.c(46): web_submit_data("login.pl") was successful, 5780 body bytes, 2034 header bytes, 36 chunking overhead bytes  	[MsgId: MMSG-26385]
Action.c(63): Notify: Transaction "Login" ended with a "Pass" status (Duration: 0.3061 Wasted Time: 0.0172).
Action.c(67): Notify: Transaction "click_flights" started.
Action.c(69): web_reg_find started  	[MsgId: MMSG-26355]
Action.c(69): Registering web_reg_find was successful  	[MsgId: MMSG-26390]
Action.c(72): web_url("Search Flights Button") started  	[MsgId: MMSG-26355]
Action.c(72): Detected non-resource "http://localhost:1080/cgi-bin/nav.pl?page=menu&in=flights" in "http://localhost:1080/cgi-bin/welcome.pl?page=search"  	[MsgId: MMSG-26574]
Action.c(72): Detected non-resource "http://localhost:1080/cgi-bin/reservations.pl?page=welcome" in "http://localhost:1080/cgi-bin/welcome.pl?page=search"  	[MsgId: MMSG-26574]
Action.c(72): Found resource "http://localhost:1080/WebTours/images/in_flights.gif" in HTML "http://localhost:1080/cgi-bin/nav.pl?page=menu&in=flights"  	[MsgId: MMSG-26659]
Action.c(72): Resource "http://localhost:1080/WebTours/images/itinerary.gif" is in the cache already and will not be downloaded again  	[MsgId: MMSG-26655]
Action.c(72): Found resource "http://localhost:1080/WebTours/images/home.gif" in HTML "http://localhost:1080/cgi-bin/nav.pl?page=menu&in=flights"  	[MsgId: MMSG-26659]
Action.c(72): Resource "http://localhost:1080/WebTours/images/signoff.gif" is in the cache already and will not be downloaded again  	[MsgId: MMSG-26655]
Action.c(72): Found resource "http://localhost:1080/WebTours/images/button_next.gif" in HTML "http://localhost:1080/cgi-bin/reservations.pl?page=welcome"  	[MsgId: MMSG-26659]
Action.c(72): Registered web_reg_find successful for "Text=Departure City" (count=1)  	[MsgId: MMSG-26364]
Action.c(72): web_url("Search Flights Button") was successful, 8516 body bytes, 1616 header bytes, 43 chunking overhead bytes  	[MsgId: MMSG-26385]
Action.c(84): web_custom_request("FormDateUpdate.class") started  	[MsgId: MMSG-26355]
Action.c(84): web_custom_request("FormDateUpdate.class") was successful, 0 body bytes, 308 header bytes  	[MsgId: MMSG-26386]
Action.c(93): Notify: Transaction "click_flights" ended with a "Pass" status (Duration: 0,3577 Wasted Time: 0,0302).
Action.c(97): Notify: Transaction "fill_find_flight" started.
Action.c(105): web_reg_save_param_attrib started  	[MsgId: MMSG-26355]
Action.c(105): Registering web_reg_save_param_attrib was successful  	[MsgId: MMSG-26390]
Action.c(115): web_reg_save_param started  	[MsgId: MMSG-26355]
Action.c(115): Registering web_reg_save_param was successful  	[MsgId: MMSG-26390]
Action.c(121): web_reg_save_param started  	[MsgId: MMSG-26355]
Action.c(121): Registering web_reg_save_param was successful  	[MsgId: MMSG-26390]
Action.c(127): web_reg_find started  	[MsgId: MMSG-26355]
Action.c(127): Registering web_reg_find was successful  	[MsgId: MMSG-26390]
Action.c(131): web_reg_find started  	[MsgId: MMSG-26355]
Action.c(131): Notify: Parameter Substitution: parameter "depart" =  "Portland"
Action.c(131): Notify: Parameter Substitution: parameter "Arrive" =  "Denver"
Action.c(131): Registering web_reg_find was successful  	[MsgId: MMSG-26390]
Action.c(135): web_submit_data("reservations.pl") started  	[MsgId: MMSG-26355]
Action.c(135): Notify: Parameter Substitution: parameter "depart" =  "Portland"
Action.c(135): Notify: Parameter Substitution: parameter "departDate" =  "09/18/2020"
Action.c(135): Notify: Parameter Substitution: parameter "Arrive" =  "Denver"
Action.c(135): Notify: Parameter Substitution: parameter "returnDate" =  "09/25/2020"
Action.c(135): Notify: Parameter Substitution: parameter "seat" =  "Window"
Action.c(135): Notify: Parameter Substitution: parameter "type" =  "Business"
Action.c(135): Notify: Saving Parameter "flight_id_1 = 500".
Action.c(135): Notify: Saving Parameter "flight_time_1 = 8a".
Action.c(135): Notify: Saving Parameter "flight_id_2 = 501".
Action.c(135): Notify: Saving Parameter "flight_time_2 = 1p".
Action.c(135): Notify: Saving Parameter "flight_id_3 = 502".
Action.c(135): Notify: Saving Parameter "flight_time_3 = 5p".
Action.c(135): Notify: Saving Parameter "flight_id_4 = 503".
Action.c(135): Notify: Saving Parameter "flight_time_4 = 11p".
Action.c(135): Resource "http://localhost:1080/WebTours/images/button_next.gif" is in the cache already and will not be downloaded again  	[MsgId: MMSG-26655]
Action.c(135): Notify: Saving Parameter "outboundFlight_1 = 500;398;09/18/2020".
Action.c(135): Notify: Saving Parameter "outboundFlight_2 = 501;355;09/18/2020".
Action.c(135): Notify: Saving Parameter "outboundFlight_3 = 502;377;09/18/2020".
Action.c(135): Notify: Saving Parameter "outboundFlight_4 = 503;326;09/18/2020".
Action.c(135): Notify: Saving Parameter "outboundFlight_count = 4".
Action.c(135): Notify: Saving Parameter "flight_id_count = 4".
Action.c(135): Notify: Saving Parameter "flight_time_count = 4".
Action.c(135): Registered web_reg_find successful for "Text=Flight departing from" (count=1)  	[MsgId: MMSG-26364]
Action.c(135): Registered web_reg_find successful for "Text=<B>Portland</B> to <B>Denver</B>" (count=1)  	[MsgId: MMSG-26364]
Action.c(135): web_submit_data("reservations.pl") was successful, 2445 body bytes, 255 header bytes, 12 chunking overhead bytes  	[MsgId: MMSG-26385]
Action.c(161): Notify: Transaction "fill_find_flight" ended with a "Pass" status (Duration: 0,2566 Wasted Time: 0,0191).
Action.c(165): Notify: Transaction "choose_flight" started.
Action.c(167): web_reg_find started  	[MsgId: MMSG-26355]
Action.c(167): Registering web_reg_find was successful  	[MsgId: MMSG-26390]
Action.c(171): web_reg_find started  	[MsgId: MMSG-26355]
Action.c(171): Notify: Parameter Substitution: parameter "type" =  "Business"
Action.c(171): Registering web_reg_find was successful  	[MsgId: MMSG-26390]
Action.c(174): web_submit_data("reservations.pl_2") started  	[MsgId: MMSG-26355]
Action.c(174): Warning: The string 'outboundFlight' with parameter delimiters is not a parameter.
Action.c(174): Notify: Parameter Substitution: parameter "type" =  "Business"
Action.c(174): Notify: Parameter Substitution: parameter "seat" =  "Window"
Action.c(174): Resource "http://localhost:1080/WebTours/images/button_next.gif" is in the cache already and will not be downloaded again  	[MsgId: MMSG-26655]
Action.c(174): Registered web_reg_find successful for "Text=Flight Reservation" (count=1)  	[MsgId: MMSG-26364]
Action.c(174): Registered web_reg_find successful for "Text=Business" (count=1)  	[MsgId: MMSG-26364]
Action.c(174): web_submit_data("reservations.pl_2") was successful, 2703 body bytes, 255 header bytes, 12 chunking overhead bytes  	[MsgId: MMSG-26385]
Action.c(192): Notify: Transaction "choose_flight" ended with a "Pass" status (Duration: 0,3795 Wasted Time: 0,0132).
Action.c(196): Notify: Transaction "fill_payment" started.
Action.c(201): web_reg_find started  	[MsgId: MMSG-26355]
Action.c(201): Notify: Parameter Substitution: parameter "departDate" =  "09/18/2020"
Action.c(201): Notify: Parameter Substitution: parameter "flight_time_3" =  "5p"
Action.c(201): Notify: Parameter Substitution: parameter "flight_id_3" =  "502"
Action.c(201): Notify: Parameter Substitution: parameter "depart" =  "Portland"
Action.c(201): Notify: Parameter Substitution: parameter "Arrive" =  "Denver"
Action.c(201): Registering web_reg_find was successful  	[MsgId: MMSG-26390]
Action.c(204): web_reg_find started  	[MsgId: MMSG-26355]
Action.c(204): Registering web_reg_find was successful  	[MsgId: MMSG-26390]
Action.c(208): web_reg_find started  	[MsgId: MMSG-26355]
Action.c(208): Notify: Parameter Substitution: parameter "type" =  "Business"
Action.c(208): Registering web_reg_find was successful  	[MsgId: MMSG-26390]
Action.c(211): web_submit_data("reservations.pl_3") started  	[MsgId: MMSG-26355]
Action.c(211): Notify: Parameter Substitution: parameter "login" =  "nina1"
Action.c(211): Notify: Parameter Substitution: parameter "login" =  "nina1"
Action.c(211): Notify: Parameter Substitution: parameter "address1" =  "Pushkina"
Action.c(211): Notify: Parameter Substitution: parameter "address2" =  "Perm"
Action.c(211): Notify: Parameter Substitution: parameter "login" =  "nina1"
Action.c(211): Notify: Parameter Substitution: parameter "login" =  "nina1"
Action.c(211): Notify: Parameter Substitution: parameter "credit" =  "89651475"
Action.c(211): Notify: Parameter Substitution: parameter "randomMonth" =  "6"
Action.c(211): Notify: Parameter Substitution: parameter "randomYear" =  "31"
Action.c(211): Notify: Parameter Substitution: parameter "type" =  "Business"
Action.c(211): Notify: Parameter Substitution: parameter "seat" =  "Window"
Action.c(211): Notify: Parameter Substitution: parameter "outboundFlight_3" =  "502;377;09/18/2020"
Action.c(211): Found resource "http://localhost:1080/WebTours/images/bookanother.gif" in HTML "http://localhost:1080/cgi-bin/reservations.pl"  	[MsgId: MMSG-26659]
Action.c(211): Registered web_reg_find successful for "Text=09/18/2020 :  5pm : Flight 502 leaves Portland  for Denver" (count=1)  	[MsgId: MMSG-26364]
Action.c(211): Registered web_reg_find successful for "Text=Reservation Made!" (count=1)  	[MsgId: MMSG-26364]
Action.c(211): Registered web_reg_find successful for "Text= A Business Class ticket" (count=1)  	[MsgId: MMSG-26364]
Action.c(211): web_submit_data("reservations.pl_3") was successful, 3284 body bytes, 661 header bytes, 12 chunking overhead bytes  	[MsgId: MMSG-26385]
Action.c(240): Notify: Transaction "fill_payment" ended with a "Pass" status (Duration: 0.2836 Wasted Time: 0.0149).
Action.c(244): Notify: Transaction "logout" started.
Action.c(246): web_reg_find started  	[MsgId: MMSG-26355]
Action.c(246): Registering web_reg_find was successful  	[MsgId: MMSG-26390]
Action.c(249): web_url("welcome.pl") started  	[MsgId: MMSG-26355]
Action.c(249): Detected non-resource "http://localhost:1080/cgi-bin/nav.pl?in=home" in "http://localhost:1080/cgi-bin/welcome.pl?signOff=1"  	[MsgId: MMSG-26574]
Action.c(249): Detected non-resource "http://localhost:1080/WebTours/home.html" in "http://localhost:1080/cgi-bin/welcome.pl?signOff=1"  	[MsgId: MMSG-26574]
Action.c(249): Retrieving data from cache for "http://localhost:1080/WebTours/home.html"  	[MsgId: MMSG-26558]
Action.c(249): Resource "http://localhost:1080/WebTours/images/mer_login.gif" is in the cache already and will not be downloaded again  	[MsgId: MMSG-26655]
Action.c(249): Registered web_reg_find successful for "Text=To make reservations,please enter your account information to the left" (count=1)  	[MsgId: MMSG-26364]
Action.c(249): web_url("welcome.pl") was successful, 2170 body bytes, 582 header bytes, 24 chunking overhead bytes  	[MsgId: MMSG-26385]
Action.c(259): Notify: Transaction "logout" ended with a "Pass" status (Duration: 0,4089 Wasted Time: 0,0139).
Action.c(261): Notify: Transaction "UC3_Buy_Ticket" ended with a "Pass" status (Duration: 2,3739 Wasted Time: 0,1308).
Ending action Action.
Ending iteration 2.
Starting iteration 3.
Notify: Next row for parameter type = 3 [table  = type].
Notify: Getting new value for parameter 'type': table = '..\Parameters\type.dat' column = '0' row = '3'.
Notify: Next row for parameter address1 = 3 [table  = address1].
Notify: Getting new value for parameter 'address1': table = '..\Parameters\address1.dat' column = '0' row = '3'.
Notify: Next row for parameter seat = 3 [table  = seat].
Notify: Getting new value for parameter 'seat': table = '..\Parameters\seat.dat' column = '0' row = '3'.
Notify: Next row for parameter Arrive = 3 [table  = Arrive].
Notify: Getting new value for parameter 'Arrive': table = '..\Parameters\depart.dat' column = '1' row = '3'.
Notify: Next row for parameter address2 = 3 [table  = address2].
Notify: Getting new value for parameter 'address2': table = '..\Parameters\address2.dat' column = '0' row = '3'.
Notify: Next row for parameter depart = 3 [table  = depart].
Notify: Getting new value for parameter 'depart': table = '..\Parameters\depart.dat' column = '0' row = '3'.
Notify: Next row for parameter credit = 3 [table  = credit].
Notify: Getting new value for parameter 'credit': table = '..\Parameters\credit.dat' column = '0' row = '3'.
Notify: Next row for parameter login = 3 [table  = login].
Notify: Getting new value for parameter 'login': table = '..\Parameters\login.dat' column = '0' row = '3'.
Notify: Next row for parameter password = 3 [table  = password].
Notify: Getting new value for parameter 'password': table = '..\Parameters\password.dat' column = '0' row = '3'.
Starting action Action.
Action.c(2): Notify: Transaction "UC3_Buy_Ticket" started.
Action.c(3): Notify: Transaction "goToSite" started.
Action.c(12): web_reg_save_param_attrib started  	[MsgId: MMSG-26355]
Action.c(12): Registering web_reg_save_param_attrib was successful  	[MsgId: MMSG-26390]
Action.c(22): web_reg_find started  	[MsgId: MMSG-26355]
Action.c(22): Registering web_reg_find was successful  	[MsgId: MMSG-26390]
Action.c(25): web_url("WebTours") started  	[MsgId: MMSG-26355]
Action.c(25): Detected non-resource "http://localhost:1080/WebTours/header.html" in "http://localhost:1080/WebTours/"  	[MsgId: MMSG-26574]
Action.c(25): Detected non-resource "http://localhost:1080/cgi-bin/welcome.pl?signOff=true" in "http://localhost:1080/WebTours/"  	[MsgId: MMSG-26574]
Action.c(25): Found resource "http://localhost:1080/WebTours/images/hp_logo.png" in HTML "http://localhost:1080/WebTours/header.html"  	[MsgId: MMSG-26659]
Action.c(25): Found resource "http://localhost:1080/WebTours/images/webtours.png" in HTML "http://localhost:1080/WebTours/header.html"  	[MsgId: MMSG-26659]
Action.c(25): Detected non-resource "http://localhost:1080/cgi-bin/nav.pl?in=home" in "http://localhost:1080/cgi-bin/welcome.pl?signOff=true"  	[MsgId: MMSG-26574]
Action.c(25): Detected non-resource "http://localhost:1080/WebTours/home.html" in "http://localhost:1080/cgi-bin/welcome.pl?signOff=true"  	[MsgId: MMSG-26574]
Action.c(25): Found resource "http://localhost:1080/WebTours/images/mer_login.gif" in HTML "http://localhost:1080/cgi-bin/nav.pl?in=home"  	[MsgId: MMSG-26659]
Action.c(25): Notify: Saving Parameter "userSession = 129641.093155124zzzitVDpHcQVzzzHtAAVApticDHf".
Action.c(25): Registered web_reg_find successful for "Text=Welcome to the Web Tours site" (count=1)  	[MsgId: MMSG-26364]
Action.c(25): web_url("WebTours") was successful, 10080 body bytes, 2371 header bytes, 24 chunking overhead bytes  	[MsgId: MMSG-26385]
Action.c(35): Notify: Transaction "goToSite" ended with a "Pass" status (Duration: 0.3858 Wasted Time: 0.0277).
Action.c(41): Notify: Transaction "Login" started.
Action.c(43): web_reg_find started  	[MsgId: MMSG-26355]
Action.c(43): Registering web_reg_find was successful  	[MsgId: MMSG-26390]
Action.c(46): web_submit_data("login.pl") started  	[MsgId: MMSG-26355]
Action.c(46): Notify: Parameter Substitution: parameter "userSession" =  "129641.093155124zzzitVDpHcQVzzzHtAAVApticDHf"
Action.c(46): Notify: Parameter Substitution: parameter "login" =  "nina2"
Action.c(46): Notify: Parameter Substitution: parameter "password" =  "dvde2"
Action.c(46): Detected non-resource "http://localhost:1080/cgi-bin/nav.pl?page=menu&in=home" in "http://localhost:1080/cgi-bin/login.pl"  	[MsgId: MMSG-26574]
Action.c(46): Detected non-resource "http://localhost:1080/cgi-bin/login.pl?intro=true" in "http://localhost:1080/cgi-bin/login.pl"  	[MsgId: MMSG-26574]
Action.c(46): Found resource "http://localhost:1080/WebTours/images/flights.gif" in HTML "http://localhost:1080/cgi-bin/nav.pl?page=menu&in=home"  	[MsgId: MMSG-26659]
Action.c(46): Found resource "http://localhost:1080/WebTours/images/itinerary.gif" in HTML "http://localhost:1080/cgi-bin/nav.pl?page=menu&in=home"  	[MsgId: MMSG-26659]
Action.c(46): Found resource "http://localhost:1080/WebTours/images/in_home.gif" in HTML "http://localhost:1080/cgi-bin/nav.pl?page=menu&in=home"  	[MsgId: MMSG-26659]
Action.c(46): Found resource "http://localhost:1080/WebTours/images/signoff.gif" in HTML "http://localhost:1080/cgi-bin/nav.pl?page=menu&in=home"  	[MsgId: MMSG-26659]
Action.c(46): Registered web_reg_find successful for "Text=Welcome" (count=2)  	[MsgId: MMSG-26364]
Action.c(46): web_submit_data("login.pl") was successful, 5780 body bytes, 2034 header bytes, 36 chunking overhead bytes  	[MsgId: MMSG-26385]
Action.c(63): Notify: Transaction "Login" ended with a "Pass" status (Duration: 0.3010 Wasted Time: 0.0294).
Action.c(67): Notify: Transaction "click_flights" started.
Action.c(69): web_reg_find started  	[MsgId: MMSG-26355]
Action.c(69): Registering web_reg_find was successful  	[MsgId: MMSG-26390]
Action.c(72): web_url("Search Flights Button") started  	[MsgId: MMSG-26355]
Action.c(72): Detected non-resource "http://localhost:1080/cgi-bin/nav.pl?page=menu&in=flights" in "http://localhost:1080/cgi-bin/welcome.pl?page=search"  	[MsgId: MMSG-26574]
Action.c(72): Detected non-resource "http://localhost:1080/cgi-bin/reservations.pl?page=welcome" in "http://localhost:1080/cgi-bin/welcome.pl?page=search"  	[MsgId: MMSG-26574]
Action.c(72): Found resource "http://localhost:1080/WebTours/images/in_flights.gif" in HTML "http://localhost:1080/cgi-bin/nav.pl?page=menu&in=flights"  	[MsgId: MMSG-26659]
Action.c(72): Resource "http://localhost:1080/WebTours/images/itinerary.gif" is in the cache already and will not be downloaded again  	[MsgId: MMSG-26655]
Action.c(72): Found resource "http://localhost:1080/WebTours/images/home.gif" in HTML "http://localhost:1080/cgi-bin/nav.pl?page=menu&in=flights"  	[MsgId: MMSG-26659]
Action.c(72): Resource "http://localhost:1080/WebTours/images/signoff.gif" is in the cache already and will not be downloaded again  	[MsgId: MMSG-26655]
Action.c(72): Found resource "http://localhost:1080/WebTours/images/button_next.gif" in HTML "http://localhost:1080/cgi-bin/reservations.pl?page=welcome"  	[MsgId: MMSG-26659]
Action.c(72): Registered web_reg_find successful for "Text=Departure City" (count=1)  	[MsgId: MMSG-26364]
Action.c(72): web_url("Search Flights Button") was successful, 8516 body bytes, 1616 header bytes, 43 chunking overhead bytes  	[MsgId: MMSG-26385]
Action.c(84): web_custom_request("FormDateUpdate.class") started  	[MsgId: MMSG-26355]
Action.c(84): web_custom_request("FormDateUpdate.class") was successful, 0 body bytes, 308 header bytes  	[MsgId: MMSG-26386]
Action.c(93): Notify: Transaction "click_flights" ended with a "Pass" status (Duration: 0,6312 Wasted Time: 0,0413).
Action.c(97): Notify: Transaction "fill_find_flight" started.
Action.c(105): web_reg_save_param_attrib started  	[MsgId: MMSG-26355]
Action.c(105): Registering web_reg_save_param_attrib was successful  	[MsgId: MMSG-26390]
Action.c(115): web_reg_save_param started  	[MsgId: MMSG-26355]
Action.c(115): Registering web_reg_save_param was successful  	[MsgId: MMSG-26390]
Action.c(121): web_reg_save_param started  	[MsgId: MMSG-26355]
Action.c(121): Registering web_reg_save_param was successful  	[MsgId: MMSG-26390]
Action.c(127): web_reg_find started  	[MsgId: MMSG-26355]
Action.c(127): Registering web_reg_find was successful  	[MsgId: MMSG-26390]
Action.c(131): web_reg_find started  	[MsgId: MMSG-26355]
Action.c(131): Notify: Parameter Substitution: parameter "depart" =  "London"
Action.c(131): Notify: Parameter Substitution: parameter "Arrive" =  "Portland"
Action.c(131): Registering web_reg_find was successful  	[MsgId: MMSG-26390]
Action.c(135): web_submit_data("reservations.pl") started  	[MsgId: MMSG-26355]
Action.c(135): Notify: Parameter Substitution: parameter "depart" =  "London"
Action.c(135): Notify: Parameter Substitution: parameter "departDate" =  "09/18/2020"
Action.c(135): Notify: Parameter Substitution: parameter "Arrive" =  "Portland"
Action.c(135): Notify: Parameter Substitution: parameter "returnDate" =  "09/25/2020"
Action.c(135): Notify: Parameter Substitution: parameter "seat" =  "None"
Action.c(135): Notify: Parameter Substitution: parameter "type" =  "Coach"
Action.c(135): Notify: Saving Parameter "flight_id_1 = 250".
Action.c(135): Notify: Saving Parameter "flight_time_1 = 8a".
Action.c(135): Notify: Saving Parameter "flight_id_2 = 251".
Action.c(135): Notify: Saving Parameter "flight_time_2 = 1p".
Action.c(135): Notify: Saving Parameter "flight_id_3 = 252".
Action.c(135): Notify: Saving Parameter "flight_time_3 = 5p".
Action.c(135): Notify: Saving Parameter "flight_id_4 = 253".
Action.c(135): Notify: Saving Parameter "flight_time_4 = 11p".
Action.c(135): Resource "http://localhost:1080/WebTours/images/button_next.gif" is in the cache already and will not be downloaded again  	[MsgId: MMSG-26655]
Action.c(135): Notify: Saving Parameter "outboundFlight_1 = 250;555;09/18/2020".
Action.c(135): Notify: Saving Parameter "outboundFlight_2 = 251;494;09/18/2020".
Action.c(135): Notify: Saving Parameter "outboundFlight_3 = 252;525;09/18/2020".
Action.c(135): Notify: Saving Parameter "outboundFlight_4 = 253;454;09/18/2020".
Action.c(135): Notify: Saving Parameter "outboundFlight_count = 4".
Action.c(135): Notify: Saving Parameter "flight_id_count = 4".
Action.c(135): Notify: Saving Parameter "flight_time_count = 4".
Action.c(135): Registered web_reg_find successful for "Text=Flight departing from" (count=1)  	[MsgId: MMSG-26364]
Action.c(135): Registered web_reg_find successful for "Text=<B>London</B> to <B>Portland</B>" (count=1)  	[MsgId: MMSG-26364]
Action.c(135): web_submit_data("reservations.pl") was successful, 2440 body bytes, 255 header bytes, 12 chunking overhead bytes  	[MsgId: MMSG-26385]
Action.c(161): Notify: Transaction "fill_find_flight" ended with a "Pass" status (Duration: 0,4437 Wasted Time: 0,0254).
Action.c(165): Notify: Transaction "choose_flight" started.
Action.c(167): web_reg_find started  	[MsgId: MMSG-26355]
Action.c(167): Registering web_reg_find was successful  	[MsgId: MMSG-26390]
Action.c(171): web_reg_find started  	[MsgId: MMSG-26355]
Action.c(171): Notify: Parameter Substitution: parameter "type" =  "Coach"
Action.c(171): Registering web_reg_find was successful  	[MsgId: MMSG-26390]
Action.c(174): web_submit_data("reservations.pl_2") started  	[MsgId: MMSG-26355]
Action.c(174): Warning: The string 'outboundFlight' with parameter delimiters is not a parameter.
Action.c(174): Notify: Parameter Substitution: parameter "type" =  "Coach"
Action.c(174): Notify: Parameter Substitution: parameter "seat" =  "None"
Action.c(174): Resource "http://localhost:1080/WebTours/images/button_next.gif" is in the cache already and will not be downloaded again  	[MsgId: MMSG-26655]
Action.c(174): Registered web_reg_find successful for "Text=Flight Reservation" (count=1)  	[MsgId: MMSG-26364]
Action.c(174): Registered web_reg_find successful for "Text=Coach" (count=1)  	[MsgId: MMSG-26364]
Action.c(174): web_submit_data("reservations.pl_2") was successful, 2698 body bytes, 255 header bytes, 12 chunking overhead bytes  	[MsgId: MMSG-26385]
Action.c(192): Notify: Transaction "choose_flight" ended with a "Pass" status (Duration: 0,3195 Wasted Time: 0,0190).
Action.c(196): Notify: Transaction "fill_payment" started.
Action.c(201): web_reg_find started  	[MsgId: MMSG-26355]
Action.c(201): Notify: Parameter Substitution: parameter "departDate" =  "09/18/2020"
Action.c(201): Notify: Parameter Substitution: parameter "flight_time_3" =  "5p"
Action.c(201): Notify: Parameter Substitution: parameter "flight_id_3" =  "252"
Action.c(201): Notify: Parameter Substitution: parameter "depart" =  "London"
Action.c(201): Notify: Parameter Substitution: parameter "Arrive" =  "Portland"
Action.c(201): Registering web_reg_find was successful  	[MsgId: MMSG-26390]
Action.c(204): web_reg_find started  	[MsgId: MMSG-26355]
Action.c(204): Registering web_reg_find was successful  	[MsgId: MMSG-26390]
Action.c(208): web_reg_find started  	[MsgId: MMSG-26355]
Action.c(208): Notify: Parameter Substitution: parameter "type" =  "Coach"
Action.c(208): Registering web_reg_find was successful  	[MsgId: MMSG-26390]
Action.c(211): web_submit_data("reservations.pl_3") started  	[MsgId: MMSG-26355]
Action.c(211): Notify: Parameter Substitution: parameter "login" =  "nina2"
Action.c(211): Notify: Parameter Substitution: parameter "login" =  "nina2"
Action.c(211): Notify: Parameter Substitution: parameter "address1" =  "Soldat"
Action.c(211): Notify: Parameter Substitution: parameter "address2" =  "Kiev"
Action.c(211): Notify: Parameter Substitution: parameter "login" =  "nina2"
Action.c(211): Notify: Parameter Substitution: parameter "login" =  "nina2"
Action.c(211): Notify: Parameter Substitution: parameter "credit" =  "15984513"
Action.c(211): Notify: Parameter Substitution: parameter "randomMonth" =  "4"
Action.c(211): Notify: Parameter Substitution: parameter "randomYear" =  "9"
Action.c(211): Notify: Parameter Substitution: parameter "type" =  "Coach"
Action.c(211): Notify: Parameter Substitution: parameter "seat" =  "None"
Action.c(211): Notify: Parameter Substitution: parameter "outboundFlight_3" =  "252;525;09/18/2020"
Action.c(211): Found resource "http://localhost:1080/WebTours/images/bookanother.gif" in HTML "http://localhost:1080/cgi-bin/reservations.pl"  	[MsgId: MMSG-26659]
Action.c(211): Registered web_reg_find successful for "Text=09/18/2020 :  5pm : Flight 252 leaves London  for Portland" (count=1)  	[MsgId: MMSG-26364]
Action.c(211): Registered web_reg_find successful for "Text=Reservation Made!" (count=1)  	[MsgId: MMSG-26364]
Action.c(211): Registered web_reg_find successful for "Text= A Coach Class ticket" (count=1)  	[MsgId: MMSG-26364]
Action.c(211): web_submit_data("reservations.pl_3") was successful, 3281 body bytes, 661 header bytes, 12 chunking overhead bytes  	[MsgId: MMSG-26385]
Action.c(240): Notify: Transaction "fill_payment" ended with a "Pass" status (Duration: 0,2718 Wasted Time: 0,0183).
Action.c(244): Notify: Transaction "logout" started.
Action.c(246): web_reg_find started  	[MsgId: MMSG-26355]
Action.c(246): Registering web_reg_find was successful  	[MsgId: MMSG-26390]
Action.c(249): web_url("welcome.pl") started  	[MsgId: MMSG-26355]
Action.c(249): Detected non-resource "http://localhost:1080/cgi-bin/nav.pl?in=home" in "http://localhost:1080/cgi-bin/welcome.pl?signOff=1"  	[MsgId: MMSG-26574]
Action.c(249): Detected non-resource "http://localhost:1080/WebTours/home.html" in "http://localhost:1080/cgi-bin/welcome.pl?signOff=1"  	[MsgId: MMSG-26574]
Action.c(249): Retrieving data from cache for "http://localhost:1080/WebTours/home.html"  	[MsgId: MMSG-26558]
Action.c(249): Resource "http://localhost:1080/WebTours/images/mer_login.gif" is in the cache already and will not be downloaded again  	[MsgId: MMSG-26655]
Action.c(249): Registered web_reg_find successful for "Text=To make reservations,please enter your account information to the left" (count=1)  	[MsgId: MMSG-26364]
Action.c(249): web_url("welcome.pl") was successful, 2172 body bytes, 582 header bytes, 24 chunking overhead bytes  	[MsgId: MMSG-26385]
Action.c(259): Notify: Transaction "logout" ended with a "Pass" status (Duration: 0.3228 Wasted Time: 0.0228).
Action.c(261): Notify: Transaction "UC3_Buy_Ticket" ended with a "Pass" status (Duration: 2.7432 Wasted Time: 0.1839).
Ending action Action.
Ending iteration 3.
Ending Vuser...
Starting action vuser_end.
Ending action vuser_end.
Vuser Terminated.
Vuser 0 (thread 27104), ended OK."
