Virtual User Script started at: 18.09.2020 22:39:49
Starting action vuser_init.
Web Turbo Replay of LoadRunner 2020.0.0 for Windows 10; build 793 (ноя 27 2019 19:51:20)  	[MsgId: MMSG-26983]
Run mode: HTML  	[MsgId: MMSG-26993]
Replay user agent: Mozilla/5.0 (Windows NT 10.0; WOW64; Trident/7.0; rv:11.0) like Gecko  	[MsgId: MMSG-26988]
Runtime Settings file: "C:\Users\alex\Desktop\IBS_НТ\LR\5 скриптов\Итоговые скрипты\UC1_Buy_ticket_and_view_reserv\\default.cfg"  	[MsgId: MMSG-27141]
Ending action vuser_init.
Running Vuser...
Starting iteration 1.
Maximum number of concurrent connections per server: 6  	[MsgId: MMSG-26989]
Starting action Action.
Action.c(2): Notify: Transaction "UC1_Buy_and_view" started.
Action.c(3): Notify: Transaction "goToSite" started.
Action.c(14): web_reg_save_param_attrib started  	[MsgId: MMSG-26355]
Action.c(14): Registering web_reg_save_param_attrib was successful  	[MsgId: MMSG-26390]
Action.c(24): web_reg_find started  	[MsgId: MMSG-26355]
Action.c(24): Registering web_reg_find was successful  	[MsgId: MMSG-26390]
Action.c(27): web_url("WebTours") started  	[MsgId: MMSG-26355]
Action.c(27): Detected non-resource "http://localhost:1080/WebTours/header.html" in "http://localhost:1080/WebTours/"  	[MsgId: MMSG-26574]
Action.c(27): Detected non-resource "http://localhost:1080/cgi-bin/welcome.pl?signOff=true" in "http://localhost:1080/WebTours/"  	[MsgId: MMSG-26574]
Action.c(27): Found resource "http://localhost:1080/WebTours/images/hp_logo.png" in HTML "http://localhost:1080/WebTours/header.html"  	[MsgId: MMSG-26659]
Action.c(27): Found resource "http://localhost:1080/WebTours/images/webtours.png" in HTML "http://localhost:1080/WebTours/header.html"  	[MsgId: MMSG-26659]
Action.c(27): Detected non-resource "http://localhost:1080/cgi-bin/nav.pl?in=home" in "http://localhost:1080/cgi-bin/welcome.pl?signOff=true"  	[MsgId: MMSG-26574]
Action.c(27): Detected non-resource "http://localhost:1080/WebTours/home.html" in "http://localhost:1080/cgi-bin/welcome.pl?signOff=true"  	[MsgId: MMSG-26574]
Action.c(27): Found resource "http://localhost:1080/WebTours/images/mer_login.gif" in HTML "http://localhost:1080/cgi-bin/nav.pl?in=home"  	[MsgId: MMSG-26659]
Action.c(27): Notify: Saving Parameter "userSession = 129643.644309437zzzifttpQftVzzzHtAAVVpczQHcf".
Action.c(27): Registered web_reg_find successful for "Text=Welcome to the Web Tours site" (count=1)  	[MsgId: MMSG-26364]
Action.c(27): web_url("WebTours") was successful, 10080 body bytes, 2371 header bytes, 24 chunking overhead bytes  	[MsgId: MMSG-26385]
Action.c(37): Notify: Transaction "goToSite" ended with a "Pass" status (Duration: 8.7777 Wasted Time: 0.1502).
Action.c(44): Notify: Transaction "login" started.
Action.c(46): web_reg_find started  	[MsgId: MMSG-26355]
Action.c(46): Registering web_reg_find was successful  	[MsgId: MMSG-26390]
Action.c(49): web_submit_data("login.pl") started  	[MsgId: MMSG-26355]
Action.c(49): Notify: Parameter Substitution: parameter "userSession" =  "129643.644309437zzzifttpQftVzzzHtAAVVpczQHcf"
Action.c(49): Notify: Parameter Substitution: parameter "login" =  "nina"
Action.c(49): Notify: Parameter Substitution: parameter "password" =  "dvde"
Action.c(49): Detected non-resource "http://localhost:1080/cgi-bin/nav.pl?page=menu&in=home" in "http://localhost:1080/cgi-bin/login.pl"  	[MsgId: MMSG-26574]
Action.c(49): Detected non-resource "http://localhost:1080/cgi-bin/login.pl?intro=true" in "http://localhost:1080/cgi-bin/login.pl"  	[MsgId: MMSG-26574]
Action.c(49): Found resource "http://localhost:1080/WebTours/images/flights.gif" in HTML "http://localhost:1080/cgi-bin/nav.pl?page=menu&in=home"  	[MsgId: MMSG-26659]
Action.c(49): Found resource "http://localhost:1080/WebTours/images/itinerary.gif" in HTML "http://localhost:1080/cgi-bin/nav.pl?page=menu&in=home"  	[MsgId: MMSG-26659]
Action.c(49): Found resource "http://localhost:1080/WebTours/images/in_home.gif" in HTML "http://localhost:1080/cgi-bin/nav.pl?page=menu&in=home"  	[MsgId: MMSG-26659]
Action.c(49): Found resource "http://localhost:1080/WebTours/images/signoff.gif" in HTML "http://localhost:1080/cgi-bin/nav.pl?page=menu&in=home"  	[MsgId: MMSG-26659]
Action.c(49): Registered web_reg_find successful for "Text=Welcome" (count=2)  	[MsgId: MMSG-26364]
Action.c(49): web_submit_data("login.pl") was successful, 5779 body bytes, 2035 header bytes, 36 chunking overhead bytes  	[MsgId: MMSG-26385]
Action.c(66): Notify: Transaction "login" ended with a "Pass" status (Duration: 0,2447 Wasted Time: 0,0120).
Action.c(70): Notify: Transaction "click_flights" started.
Action.c(72): web_reg_find started  	[MsgId: MMSG-26355]
Action.c(72): Registering web_reg_find was successful  	[MsgId: MMSG-26390]
Action.c(75): web_url("Search Flights Button") started  	[MsgId: MMSG-26355]
Action.c(75): Detected non-resource "http://localhost:1080/cgi-bin/nav.pl?page=menu&in=flights" in "http://localhost:1080/cgi-bin/welcome.pl?page=search"  	[MsgId: MMSG-26574]
Action.c(75): Detected non-resource "http://localhost:1080/cgi-bin/reservations.pl?page=welcome" in "http://localhost:1080/cgi-bin/welcome.pl?page=search"  	[MsgId: MMSG-26574]
Action.c(75): Found resource "http://localhost:1080/WebTours/images/in_flights.gif" in HTML "http://localhost:1080/cgi-bin/nav.pl?page=menu&in=flights"  	[MsgId: MMSG-26659]
Action.c(75): Resource "http://localhost:1080/WebTours/images/itinerary.gif" is in the cache already and will not be downloaded again  	[MsgId: MMSG-26655]
Action.c(75): Found resource "http://localhost:1080/WebTours/images/home.gif" in HTML "http://localhost:1080/cgi-bin/nav.pl?page=menu&in=flights"  	[MsgId: MMSG-26659]
Action.c(75): Resource "http://localhost:1080/WebTours/images/signoff.gif" is in the cache already and will not be downloaded again  	[MsgId: MMSG-26655]
Action.c(75): Found resource "http://localhost:1080/WebTours/images/button_next.gif" in HTML "http://localhost:1080/cgi-bin/reservations.pl?page=welcome"  	[MsgId: MMSG-26659]
Action.c(75): Registered web_reg_find successful for "Text=Departure City" (count=1)  	[MsgId: MMSG-26364]
Action.c(75): web_url("Search Flights Button") was successful, 8516 body bytes, 1616 header bytes, 43 chunking overhead bytes  	[MsgId: MMSG-26385]
Action.c(87): web_custom_request("FormDateUpdate.class") started  	[MsgId: MMSG-26355]
Action.c(87): web_custom_request("FormDateUpdate.class") was successful, 0 body bytes, 308 header bytes  	[MsgId: MMSG-26386]
Action.c(96): Notify: Transaction "click_flights" ended with a "Pass" status (Duration: 0,5951 Wasted Time: 0,0165).
Action.c(100): Notify: Transaction "fill_find_flight" started.
Action.c(108): web_reg_save_param_attrib started  	[MsgId: MMSG-26355]
Action.c(108): Registering web_reg_save_param_attrib was successful  	[MsgId: MMSG-26390]
Action.c(120): web_reg_find started  	[MsgId: MMSG-26355]
Action.c(120): Notify: Parameter Substitution: parameter "seat" =  "Aisle"
Action.c(120): Registering web_reg_find was successful  	[MsgId: MMSG-26390]
Action.c(123): web_submit_data("reservations.pl") started  	[MsgId: MMSG-26355]
Action.c(123): Notify: Parameter Substitution: parameter "depart" =  "Denver"
Action.c(123): Notify: Parameter Substitution: parameter "departDate" =  "09/18/2020"
Action.c(123): Notify: Parameter Substitution: parameter "Arrive" =  "London"
Action.c(123): Notify: Parameter Substitution: parameter "returnDate" =  "09/18/2020"
Action.c(123): Notify: Parameter Substitution: parameter "seat" =  "Aisle"
Action.c(123): Notify: Parameter Substitution: parameter "type" =  "First"
Action.c(123): Resource "http://localhost:1080/WebTours/images/button_next.gif" is in the cache already and will not be downloaded again  	[MsgId: MMSG-26655]
Action.c(123): Notify: Saving Parameter "outboundFlight = 022;600;09/18/2020".
Action.c(123): Registered web_reg_find successful for "Text=Aisle" (count=1)  	[MsgId: MMSG-26364]
Action.c(123): web_submit_data("reservations.pl") was successful, 2437 body bytes, 255 header bytes, 12 chunking overhead bytes  	[MsgId: MMSG-26385]
Action.c(147): Notify: Transaction "fill_find_flight" ended with a "Pass" status (Duration: 0,6163 Wasted Time: 0,0098).
Action.c(151): Notify: Transaction "choose_time" started.
Action.c(153): web_reg_find started  	[MsgId: MMSG-26355]
Action.c(153): Registering web_reg_find was successful  	[MsgId: MMSG-26390]
Action.c(156): web_reg_find started  	[MsgId: MMSG-26355]
Action.c(156): Notify: Parameter Substitution: parameter "type" =  "First"
Action.c(156): Registering web_reg_find was successful  	[MsgId: MMSG-26390]
Action.c(159): web_submit_data("reservations.pl_2") started  	[MsgId: MMSG-26355]
Action.c(159): Notify: Parameter Substitution: parameter "outboundFlight" =  "022;600;09/18/2020"
Action.c(159): Notify: Parameter Substitution: parameter "type" =  "First"
Action.c(159): Notify: Parameter Substitution: parameter "seat" =  "Aisle"
Action.c(159): Resource "http://localhost:1080/WebTours/images/button_next.gif" is in the cache already and will not be downloaded again  	[MsgId: MMSG-26655]
Action.c(159): Registered web_reg_find successful for "Text=Flight Reservation" (count=1)  	[MsgId: MMSG-26364]
Action.c(159): Registered web_reg_find successful for "Text=First" (count=2)  	[MsgId: MMSG-26364]
Action.c(159): web_submit_data("reservations.pl_2") was successful, 2699 body bytes, 255 header bytes, 12 chunking overhead bytes  	[MsgId: MMSG-26385]
Action.c(177): Notify: Transaction "choose_time" ended with a "Pass" status (Duration: 0.6113 Wasted Time: 0.0072).
Action.c(181): Notify: Transaction "fill_payment" started.
Action.c(183): web_reg_find started  	[MsgId: MMSG-26355]
Action.c(183): Registering web_reg_find was successful  	[MsgId: MMSG-26390]
Action.c(186): web_reg_find started  	[MsgId: MMSG-26355]
Action.c(186): Notify: Parameter Substitution: parameter "depart" =  "Denver"
Action.c(186): Notify: Parameter Substitution: parameter "Arrive" =  "London"
Action.c(186): Registering web_reg_find was successful  	[MsgId: MMSG-26390]
Action.c(189): web_submit_data("reservations.pl_3") started  	[MsgId: MMSG-26355]
Action.c(189): Notify: Parameter Substitution: parameter "login" =  "nina"
Action.c(189): Notify: Parameter Substitution: parameter "login" =  "nina"
Action.c(189): Notify: Next row for parameter address1 = 1 [table  = address1].
Action.c(189): Notify: Parameter Substitution: parameter "address1" =  "Lenina"
Action.c(189): Notify: Parameter Substitution: parameter "address2" =  "Moscow"
Action.c(189): Notify: Parameter Substitution: parameter "login" =  "nina"
Action.c(189): Notify: Parameter Substitution: parameter "login" =  "nina"
Action.c(189): Notify: Next row for parameter credit = 1 [table  = credit].
Action.c(189): Notify: Parameter Substitution: parameter "credit" =  "12334556"
Action.c(189): Notify: Parameter Substitution: parameter "randomMonth" =  "3"
Action.c(189): Notify: Parameter Substitution: parameter "randomYear" =  "21"
Action.c(189): Notify: Parameter Substitution: parameter "type" =  "First"
Action.c(189): Notify: Parameter Substitution: parameter "seat" =  "Aisle"
Action.c(189): Notify: Parameter Substitution: parameter "outboundFlight" =  "022;600;09/18/2020"
Action.c(189): Found resource "http://localhost:1080/WebTours/images/bookanother.gif" in HTML "http://localhost:1080/cgi-bin/reservations.pl"  	[MsgId: MMSG-26659]
Action.c(189): Registered web_reg_find successful for "Text=Reservation Made!" (count=1)  	[MsgId: MMSG-26364]
Action.c(189): Registered web_reg_find successful for "Text=from Denver to London" (count=1)  	[MsgId: MMSG-26364]
Action.c(189): web_submit_data("reservations.pl_3") was successful, 3275 body bytes, 658 header bytes, 12 chunking overhead bytes  	[MsgId: MMSG-26385]
Action.c(218): Notify: Transaction "fill_payment" ended with a "Pass" status (Duration: 0.4759 Wasted Time: 0.0057).
Action.c(222): Notify: Transaction "click_itinerary" started.
Action.c(224): web_reg_find started  	[MsgId: MMSG-26355]
Action.c(224): Registering web_reg_find was successful  	[MsgId: MMSG-26390]
Action.c(227): web_url("welcome.pl") started  	[MsgId: MMSG-26355]
Action.c(227): Detected non-resource "http://localhost:1080/cgi-bin/nav.pl?page=menu&in=itinerary" in "http://localhost:1080/cgi-bin/welcome.pl?page=itinerary"  	[MsgId: MMSG-26574]
Action.c(227): Detected non-resource "http://localhost:1080/cgi-bin/itinerary.pl" in "http://localhost:1080/cgi-bin/welcome.pl?page=itinerary"  	[MsgId: MMSG-26574]
Action.c(227): Resource "http://localhost:1080/WebTours/images/flights.gif" is in the cache already and will not be downloaded again  	[MsgId: MMSG-26655]
Action.c(227): Found resource "http://localhost:1080/WebTours/images/in_itinerary.gif" in HTML "http://localhost:1080/cgi-bin/nav.pl?page=menu&in=itinerary"  	[MsgId: MMSG-26659]
Action.c(227): Resource "http://localhost:1080/WebTours/images/home.gif" is in the cache already and will not be downloaded again  	[MsgId: MMSG-26655]
Action.c(227): Resource "http://localhost:1080/WebTours/images/signoff.gif" is in the cache already and will not be downloaded again  	[MsgId: MMSG-26655]
Action.c(227): Found resource "http://localhost:1080/WebTours/images/cancelreservation.gif" in HTML "http://localhost:1080/cgi-bin/itinerary.pl"  	[MsgId: MMSG-26659]
Action.c(227): Found resource "http://localhost:1080/WebTours/images/cancelallreservations.gif" in HTML "http://localhost:1080/cgi-bin/itinerary.pl"  	[MsgId: MMSG-26659]
Action.c(227): Registered web_reg_find successful for "Text=Itinerary" (count=3)  	[MsgId: MMSG-26364]
Action.c(227): web_url("welcome.pl") was successful, 48697 body bytes, 1616 header bytes, 115 chunking overhead bytes  	[MsgId: MMSG-26385]
Action.c(237): Notify: Transaction "click_itinerary" ended with a "Pass" status (Duration: 0,4576 Wasted Time: 0,0102).
Action.c(242): Notify: Transaction "logout" started.
Action.c(244): web_reg_find started  	[MsgId: MMSG-26355]
Action.c(244): Registering web_reg_find was successful  	[MsgId: MMSG-26390]
Action.c(247): web_url("SignOff Button") started  	[MsgId: MMSG-26355]
Action.c(247): Detected non-resource "http://localhost:1080/cgi-bin/nav.pl?in=home" in "http://localhost:1080/cgi-bin/welcome.pl?signOff=1"  	[MsgId: MMSG-26574]
Action.c(247): Detected non-resource "http://localhost:1080/WebTours/home.html" in "http://localhost:1080/cgi-bin/welcome.pl?signOff=1"  	[MsgId: MMSG-26574]
Action.c(247): Retrieving data from cache for "http://localhost:1080/WebTours/home.html"  	[MsgId: MMSG-26558]
Action.c(247): Resource "http://localhost:1080/WebTours/images/mer_login.gif" is in the cache already and will not be downloaded again  	[MsgId: MMSG-26655]
Action.c(247): Registered web_reg_find successful for "Text=To make reservations,please enter your account information to the left" (count=1)  	[MsgId: MMSG-26364]
Action.c(247): web_url("SignOff Button") was successful, 2175 body bytes, 582 header bytes, 24 chunking overhead bytes  	[MsgId: MMSG-26385]
Action.c(257): Notify: Transaction "logout" ended with a "Pass" status (Duration: 0,4775 Wasted Time: 0,0084).
Action.c(259): Notify: Transaction "UC1_Buy_and_view" ended with a "Pass" status (Duration: 12,2919 Wasted Time: 0,2201).
Ending action Action.
Ending iteration 1.
Ending Vuser...
Starting action vuser_end.
Ending action vuser_end.
Vuser Terminated.
Vuser 0 (thread 14652), ended OK."
