Virtual User Script started at: 18.09.2020 21:57:58
Starting action vuser_init.
Web Turbo Replay of LoadRunner 2020.0.0 for Windows 10; build 793 (ноя 27 2019 19:51:20)  	[MsgId: MMSG-26983]
Run mode: HTML  	[MsgId: MMSG-26993]
Replay user agent: Mozilla/5.0 (Windows NT 10.0; WOW64; Trident/7.0; rv:11.0) like Gecko  	[MsgId: MMSG-26988]
Runtime Settings file: "C:\Users\alex\Desktop\IBS_НТ\LR\5 скриптов\Итоговые скрипты\UC4_Delete\\default.cfg"  	[MsgId: MMSG-27141]
Ending action vuser_init.
Running Vuser...
Starting iteration 1.
Maximum number of concurrent connections per server: 6  	[MsgId: MMSG-26989]
Starting action Action.
Action.c(6): Notify: Transaction "UC4_Cancel_reserv" started.
Action.c(7): Notify: Transaction "goToSite" started.
Action.c(15): web_reg_save_param_attrib started  	[MsgId: MMSG-26355]
Action.c(15): Registering web_reg_save_param_attrib was successful  	[MsgId: MMSG-26390]
Action.c(25): web_reg_find started  	[MsgId: MMSG-26355]
Action.c(25): Registering web_reg_find was successful  	[MsgId: MMSG-26390]
Action.c(28): web_url("WebTours") started  	[MsgId: MMSG-26355]
Action.c(28): Detected non-resource "http://localhost:1080/WebTours/header.html" in "http://localhost:1080/WebTours/"  	[MsgId: MMSG-26574]
Action.c(28): Detected non-resource "http://localhost:1080/cgi-bin/welcome.pl?signOff=true" in "http://localhost:1080/WebTours/"  	[MsgId: MMSG-26574]
Action.c(28): Found resource "http://localhost:1080/WebTours/images/hp_logo.png" in HTML "http://localhost:1080/WebTours/header.html"  	[MsgId: MMSG-26659]
Action.c(28): Found resource "http://localhost:1080/WebTours/images/webtours.png" in HTML "http://localhost:1080/WebTours/header.html"  	[MsgId: MMSG-26659]
Action.c(28): Detected non-resource "http://localhost:1080/cgi-bin/nav.pl?in=home" in "http://localhost:1080/cgi-bin/welcome.pl?signOff=true"  	[MsgId: MMSG-26574]
Action.c(28): Detected non-resource "http://localhost:1080/WebTours/home.html" in "http://localhost:1080/cgi-bin/welcome.pl?signOff=true"  	[MsgId: MMSG-26574]
Action.c(28): Found resource "http://localhost:1080/WebTours/images/mer_login.gif" in HTML "http://localhost:1080/cgi-bin/nav.pl?in=home"  	[MsgId: MMSG-26659]
Action.c(28): Registered web_reg_find successful for "Text=Welcome to the Web Tours site" (count=1)  	[MsgId: MMSG-26364]
Action.c(28): web_url("WebTours") was successful, 10080 body bytes, 2371 header bytes, 24 chunking overhead bytes  	[MsgId: MMSG-26385]
Action.c(38): Notify: Transaction "goToSite" ended with a "Pass" status (Duration: 4.0984 Wasted Time: 0.2166).
Action.c(42): Notify: Transaction "login" started.
Action.c(44): web_reg_find started  	[MsgId: MMSG-26355]
Action.c(44): Registering web_reg_find was successful  	[MsgId: MMSG-26390]
Action.c(46): web_reg_find started  	[MsgId: MMSG-26355]
Action.c(46): Registering web_reg_find was successful  	[MsgId: MMSG-26390]
Action.c(49): web_submit_data("login.pl") started  	[MsgId: MMSG-26355]
Action.c(49): Detected non-resource "http://localhost:1080/cgi-bin/nav.pl?page=menu&in=home" in "http://localhost:1080/cgi-bin/login.pl"  	[MsgId: MMSG-26574]
Action.c(49): Detected non-resource "http://localhost:1080/cgi-bin/login.pl?intro=true" in "http://localhost:1080/cgi-bin/login.pl"  	[MsgId: MMSG-26574]
Action.c(49): Found resource "http://localhost:1080/WebTours/images/flights.gif" in HTML "http://localhost:1080/cgi-bin/nav.pl?page=menu&in=home"  	[MsgId: MMSG-26659]
Action.c(49): Found resource "http://localhost:1080/WebTours/images/itinerary.gif" in HTML "http://localhost:1080/cgi-bin/nav.pl?page=menu&in=home"  	[MsgId: MMSG-26659]
Action.c(49): Found resource "http://localhost:1080/WebTours/images/in_home.gif" in HTML "http://localhost:1080/cgi-bin/nav.pl?page=menu&in=home"  	[MsgId: MMSG-26659]
Action.c(49): Found resource "http://localhost:1080/WebTours/images/signoff.gif" in HTML "http://localhost:1080/cgi-bin/nav.pl?page=menu&in=home"  	[MsgId: MMSG-26659]
Action.c(49): Registered web_reg_find successful for "Text=Welcome" (count=2)  	[MsgId: MMSG-26364]
Action.c(49): Registered web_reg_find successful for "Text=nina" (count=1)  	[MsgId: MMSG-26364]
Action.c(49): web_submit_data("login.pl") was successful, 5779 body bytes, 2030 header bytes, 36 chunking overhead bytes  	[MsgId: MMSG-26385]
Action.c(65): Notify: Transaction "login" ended with a "Pass" status (Duration: 0,6750 Wasted Time: 0,0112).
Action.c(66): Notify: Transaction "click_itinerary" started.
Action.c(68): web_reg_save_param started  	[MsgId: MMSG-26355]
Action.c(68): Registering web_reg_save_param was successful  	[MsgId: MMSG-26390]
Action.c(74): web_reg_find started  	[MsgId: MMSG-26355]
Action.c(74): Registering web_reg_find was successful  	[MsgId: MMSG-26390]
Action.c(77): web_url("Itinerary Button") started  	[MsgId: MMSG-26355]
Action.c(77): Detected non-resource "http://localhost:1080/cgi-bin/nav.pl?page=menu&in=itinerary" in "http://localhost:1080/cgi-bin/welcome.pl?page=itinerary"  	[MsgId: MMSG-26574]
Action.c(77): Detected non-resource "http://localhost:1080/cgi-bin/itinerary.pl" in "http://localhost:1080/cgi-bin/welcome.pl?page=itinerary"  	[MsgId: MMSG-26574]
Action.c(77): Resource "http://localhost:1080/WebTours/images/flights.gif" is in the cache already and will not be downloaded again  	[MsgId: MMSG-26655]
Action.c(77): Found resource "http://localhost:1080/WebTours/images/in_itinerary.gif" in HTML "http://localhost:1080/cgi-bin/nav.pl?page=menu&in=itinerary"  	[MsgId: MMSG-26659]
Action.c(77): Found resource "http://localhost:1080/WebTours/images/home.gif" in HTML "http://localhost:1080/cgi-bin/nav.pl?page=menu&in=itinerary"  	[MsgId: MMSG-26659]
Action.c(77): Resource "http://localhost:1080/WebTours/images/signoff.gif" is in the cache already and will not be downloaded again  	[MsgId: MMSG-26655]
Action.c(77): Found resource "http://localhost:1080/WebTours/images/cancelreservation.gif" in HTML "http://localhost:1080/cgi-bin/itinerary.pl"  	[MsgId: MMSG-26659]
Action.c(77): Found resource "http://localhost:1080/WebTours/images/cancelallreservations.gif" in HTML "http://localhost:1080/cgi-bin/itinerary.pl"  	[MsgId: MMSG-26659]
Action.c(77): Registered web_reg_find successful for "Text=Itinerary" (count=3)  	[MsgId: MMSG-26364]
Action.c(77): web_url("Itinerary Button") was successful, 49385 body bytes, 1913 header bytes, 115 chunking overhead bytes  	[MsgId: MMSG-26385]
Action.c(90): Notify: Transaction "click_itinerary" ended with a "Pass" status (Duration: 0.6210 Wasted Time: 0.0115).
Action.c(94): Notify: Transaction "Cancel" started.
Action.c(96): web_reg_save_param started  	[MsgId: MMSG-26355]
Action.c(96): Registering web_reg_save_param was successful  	[MsgId: MMSG-26390]
Action.c(103): web_reg_find started  	[MsgId: MMSG-26355]
Action.c(103): Registering web_reg_find was successful  	[MsgId: MMSG-26390]
Action.c(109): web_submit_form("web_submit_form") started  	[MsgId: MMSG-26355]
Action.c(109): Submitting form to "http://localhost:1080/cgi-bin/itinerary.pl", Target Frame=""  	[MsgId: MMSG-27978]
Action.c(109): Downloading resource "http://localhost:1080/cgi-bin/itinerary.pl" (specified by argument number 13)  	[MsgId: MMSG-26577]
Action.c(109): Resource "http://localhost:1080/WebTours/images/cancelreservation.gif" is in the cache already and will not be downloaded again  	[MsgId: MMSG-26655]
Action.c(109): Resource "http://localhost:1080/WebTours/images/cancelallreservations.gif" is in the cache already and will not be downloaded again  	[MsgId: MMSG-26655]
Action.c(109): Warning -26373: Parameter "fl_id" saved from a resource (URL="http://localhost:1080/cgi-bin/itinerary.pl")  	[MsgId: MWAR-26373]
Action.c(109): Registered web_reg_find successful for "Text=A total of" (count=2)  	[MsgId: MMSG-26364]
Action.c(109): web_submit_form("web_submit_form") highest severity level was "warning", 86380 body bytes, 510 header bytes, 182 chunking overhead bytes  	[MsgId: MMSG-26387]
Action.c(121): Error: itinerary not deleted
Action.c(162): Notify: Transaction "Cancel" ended with a "Pass" status (Duration: 0.5603 Wasted Time: 0.0109).
Action.c(165): web_reg_find started  	[MsgId: MMSG-26355]
Action.c(165): Registering web_reg_find was successful  	[MsgId: MMSG-26390]
Action.c(168): Notify: Transaction "logout" started.
Action.c(169): web_url("SignOff Button") started  	[MsgId: MMSG-26355]
Action.c(169): Detected non-resource "http://localhost:1080/cgi-bin/nav.pl?in=home" in "http://localhost:1080/cgi-bin/welcome.pl?signOff=1"  	[MsgId: MMSG-26574]
Action.c(169): Detected non-resource "http://localhost:1080/WebTours/home.html" in "http://localhost:1080/cgi-bin/welcome.pl?signOff=1"  	[MsgId: MMSG-26574]
Action.c(169): Retrieving data from cache for "http://localhost:1080/WebTours/home.html"  	[MsgId: MMSG-26558]
Action.c(169): Resource "http://localhost:1080/WebTours/images/mer_login.gif" is in the cache already and will not be downloaded again  	[MsgId: MMSG-26655]
Action.c(169): Registered web_reg_find successful for "Text=To make reservations,please enter your account information to the left" (count=1)  	[MsgId: MMSG-26364]
Action.c(169): web_url("SignOff Button") was successful, 2176 body bytes, 582 header bytes, 24 chunking overhead bytes  	[MsgId: MMSG-26385]
Action.c(178): Notify: Transaction "logout" ended with a "Pass" status (Duration: 0,5076 Wasted Time: 0,0086).
Action.c(180): Notify: Transaction "UC4_Cancel_reserv" ended with a "Pass" status (Duration: 6,4873 Wasted Time: 0,2587).
Ending action Action.
Ending iteration 1.
Ending Vuser...
Starting action vuser_end.
Ending action vuser_end.
Vuser Terminated.
